{
  "D:\\Java\\MyOwnProjects\\TruthSeekersOffice\\js\\cssVariables.js": {
    "path": "D:\\Java\\MyOwnProjects\\TruthSeekersOffice\\js\\cssVariables.js",
    "statementMap": {
      "0": {
        "start": {
          "line": 2,
          "column": 19
        },
        "end": {
          "line": 2,
          "column": 61
        }
      },
      "1": {
        "start": {
          "line": 3,
          "column": 34
        },
        "end": {
          "line": 5,
          "column": 9
        }
      },
      "2": {
        "start": {
          "line": 6,
          "column": 47
        },
        "end": {
          "line": 8,
          "column": 9
        }
      },
      "3": {
        "start": {
          "line": 10,
          "column": 32
        },
        "end": {
          "line": 12,
          "column": 9
        }
      }
    },
    "fnMap": {},
    "branchMap": {},
    "s": {
      "0": 16,
      "1": 16,
      "2": 16,
      "3": 16
    },
    "f": {},
    "b": {},
    "_coverageSchema": "1a1c01bbd47fc00a2c39e90264f33305004495a9",
    "hash": "b6d30207ff71a147eef68c6e068b5a9be1911d45"
  },
  "D:\\Java\\MyOwnProjects\\TruthSeekersOffice\\js\\cabinet.js": {
    "path": "D:\\Java\\MyOwnProjects\\TruthSeekersOffice\\js\\cabinet.js",
    "statementMap": {
      "0": {
        "start": {
          "line": 6,
          "column": 0
        },
        "end": {
          "line": 16,
          "column": 3
        }
      },
      "1": {
        "start": {
          "line": 7,
          "column": 2
        },
        "end": {
          "line": 7,
          "column": 37
        }
      },
      "2": {
        "start": {
          "line": 8,
          "column": 15
        },
        "end": {
          "line": 8,
          "column": 58
        }
      },
      "3": {
        "start": {
          "line": 10,
          "column": 2
        },
        "end": {
          "line": 15,
          "column": 3
        }
      },
      "4": {
        "start": {
          "line": 11,
          "column": 4
        },
        "end": {
          "line": 14,
          "column": 7
        }
      },
      "5": {
        "start": {
          "line": 12,
          "column": 17
        },
        "end": {
          "line": 12,
          "column": 37
        }
      },
      "6": {
        "start": {
          "line": 13,
          "column": 6
        },
        "end": {
          "line": 13,
          "column": 21
        }
      },
      "7": {
        "start": {
          "line": 19,
          "column": 38
        },
        "end": {
          "line": 19,
          "column": 58
        }
      },
      "8": {
        "start": {
          "line": 23,
          "column": 22
        },
        "end": {
          "line": 23,
          "column": 65
        }
      },
      "9": {
        "start": {
          "line": 25,
          "column": 2
        },
        "end": {
          "line": 49,
          "column": 3
        }
      },
      "10": {
        "start": {
          "line": 27,
          "column": 32
        },
        "end": {
          "line": 29,
          "column": 5
        }
      },
      "11": {
        "start": {
          "line": 33,
          "column": 4
        },
        "end": {
          "line": 41,
          "column": 5
        }
      },
      "12": {
        "start": {
          "line": 34,
          "column": 6
        },
        "end": {
          "line": 40,
          "column": 7
        }
      },
      "13": {
        "start": {
          "line": 35,
          "column": 34
        },
        "end": {
          "line": 35,
          "column": 78
        }
      },
      "14": {
        "start": {
          "line": 37,
          "column": 8
        },
        "end": {
          "line": 39,
          "column": 9
        }
      },
      "15": {
        "start": {
          "line": 38,
          "column": 10
        },
        "end": {
          "line": 38,
          "column": 51
        }
      },
      "16": {
        "start": {
          "line": 44,
          "column": 4
        },
        "end": {
          "line": 44,
          "column": 39
        }
      },
      "17": {
        "start": {
          "line": 45,
          "column": 4
        },
        "end": {
          "line": 45,
          "column": 76
        }
      },
      "18": {
        "start": {
          "line": 46,
          "column": 4
        },
        "end": {
          "line": 46,
          "column": 67
        }
      },
      "19": {
        "start": {
          "line": 48,
          "column": 4
        },
        "end": {
          "line": 48,
          "column": 72
        }
      },
      "20": {
        "start": {
          "line": 53,
          "column": 25
        },
        "end": {
          "line": 53,
          "column": 72
        }
      },
      "21": {
        "start": {
          "line": 54,
          "column": 31
        },
        "end": {
          "line": 54,
          "column": 48
        }
      },
      "22": {
        "start": {
          "line": 55,
          "column": 37
        },
        "end": {
          "line": 55,
          "column": 61
        }
      },
      "23": {
        "start": {
          "line": 56,
          "column": 34
        },
        "end": {
          "line": 56,
          "column": 54
        }
      },
      "24": {
        "start": {
          "line": 59,
          "column": 0
        },
        "end": {
          "line": 161,
          "column": 1
        }
      },
      "25": {
        "start": {
          "line": 60,
          "column": 2
        },
        "end": {
          "line": 160,
          "column": 5
        }
      },
      "26": {
        "start": {
          "line": 62,
          "column": 19
        },
        "end": {
          "line": 62,
          "column": 37
        }
      },
      "27": {
        "start": {
          "line": 63,
          "column": 20
        },
        "end": {
          "line": 63,
          "column": 35
        }
      },
      "28": {
        "start": {
          "line": 66,
          "column": 4
        },
        "end": {
          "line": 111,
          "column": 7
        }
      },
      "29": {
        "start": {
          "line": 67,
          "column": 6
        },
        "end": {
          "line": 67,
          "column": 29
        }
      },
      "30": {
        "start": {
          "line": 68,
          "column": 27
        },
        "end": {
          "line": 68,
          "column": 71
        }
      },
      "31": {
        "start": {
          "line": 69,
          "column": 28
        },
        "end": {
          "line": 71,
          "column": 7
        }
      },
      "32": {
        "start": {
          "line": 74,
          "column": 6
        },
        "end": {
          "line": 77,
          "column": 7
        }
      },
      "33": {
        "start": {
          "line": 75,
          "column": 8
        },
        "end": {
          "line": 75,
          "column": 49
        }
      },
      "34": {
        "start": {
          "line": 76,
          "column": 8
        },
        "end": {
          "line": 76,
          "column": 59
        }
      },
      "35": {
        "start": {
          "line": 80,
          "column": 6
        },
        "end": {
          "line": 108,
          "column": 7
        }
      },
      "36": {
        "start": {
          "line": 81,
          "column": 8
        },
        "end": {
          "line": 81,
          "column": 62
        }
      },
      "37": {
        "start": {
          "line": 84,
          "column": 8
        },
        "end": {
          "line": 87,
          "column": 38
        }
      },
      "38": {
        "start": {
          "line": 90,
          "column": 8
        },
        "end": {
          "line": 90,
          "column": 51
        }
      },
      "39": {
        "start": {
          "line": 94,
          "column": 10
        },
        "end": {
          "line": 94,
          "column": 54
        }
      },
      "40": {
        "start": {
          "line": 96,
          "column": 8
        },
        "end": {
          "line": 97,
          "column": 60
        }
      },
      "41": {
        "start": {
          "line": 97,
          "column": 10
        },
        "end": {
          "line": 97,
          "column": 60
        }
      },
      "42": {
        "start": {
          "line": 99,
          "column": 36
        },
        "end": {
          "line": 99,
          "column": 75
        }
      },
      "43": {
        "start": {
          "line": 101,
          "column": 8
        },
        "end": {
          "line": 101,
          "column": 77
        }
      },
      "44": {
        "start": {
          "line": 101,
          "column": 33
        },
        "end": {
          "line": 101,
          "column": 77
        }
      },
      "45": {
        "start": {
          "line": 103,
          "column": 8
        },
        "end": {
          "line": 103,
          "column": 62
        }
      },
      "46": {
        "start": {
          "line": 104,
          "column": 8
        },
        "end": {
          "line": 104,
          "column": 51
        }
      },
      "47": {
        "start": {
          "line": 106,
          "column": 36
        },
        "end": {
          "line": 106,
          "column": 75
        }
      },
      "48": {
        "start": {
          "line": 107,
          "column": 8
        },
        "end": {
          "line": 107,
          "column": 77
        }
      },
      "49": {
        "start": {
          "line": 107,
          "column": 33
        },
        "end": {
          "line": 107,
          "column": 77
        }
      },
      "50": {
        "start": {
          "line": 110,
          "column": 6
        },
        "end": {
          "line": 110,
          "column": 40
        }
      },
      "51": {
        "start": {
          "line": 116,
          "column": 4
        },
        "end": {
          "line": 122,
          "column": 5
        }
      },
      "52": {
        "start": {
          "line": 116,
          "column": 17
        },
        "end": {
          "line": 116,
          "column": 18
        }
      },
      "53": {
        "start": {
          "line": 117,
          "column": 6
        },
        "end": {
          "line": 121,
          "column": 7
        }
      },
      "54": {
        "start": {
          "line": 119,
          "column": 8
        },
        "end": {
          "line": 119,
          "column": 35
        }
      },
      "55": {
        "start": {
          "line": 120,
          "column": 8
        },
        "end": {
          "line": 120,
          "column": 14
        }
      },
      "56": {
        "start": {
          "line": 124,
          "column": 4
        },
        "end": {
          "line": 159,
          "column": 5
        }
      },
      "57": {
        "start": {
          "line": 126,
          "column": 6
        },
        "end": {
          "line": 145,
          "column": 9
        }
      },
      "58": {
        "start": {
          "line": 128,
          "column": 29
        },
        "end": {
          "line": 128,
          "column": 79
        }
      },
      "59": {
        "start": {
          "line": 130,
          "column": 8
        },
        "end": {
          "line": 140,
          "column": 9
        }
      },
      "60": {
        "start": {
          "line": 131,
          "column": 10
        },
        "end": {
          "line": 139,
          "column": 11
        }
      },
      "61": {
        "start": {
          "line": 132,
          "column": 31
        },
        "end": {
          "line": 134,
          "column": 28
        }
      },
      "62": {
        "start": {
          "line": 135,
          "column": 34
        },
        "end": {
          "line": 135,
          "column": 72
        }
      },
      "63": {
        "start": {
          "line": 136,
          "column": 12
        },
        "end": {
          "line": 138,
          "column": 13
        }
      },
      "64": {
        "start": {
          "line": 137,
          "column": 14
        },
        "end": {
          "line": 137,
          "column": 58
        }
      },
      "65": {
        "start": {
          "line": 142,
          "column": 8
        },
        "end": {
          "line": 142,
          "column": 49
        }
      },
      "66": {
        "start": {
          "line": 143,
          "column": 8
        },
        "end": {
          "line": 143,
          "column": 68
        }
      },
      "67": {
        "start": {
          "line": 144,
          "column": 8
        },
        "end": {
          "line": 144,
          "column": 54
        }
      },
      "68": {
        "start": {
          "line": 147,
          "column": 6
        },
        "end": {
          "line": 153,
          "column": 9
        }
      },
      "69": {
        "start": {
          "line": 149,
          "column": 8
        },
        "end": {
          "line": 152,
          "column": 9
        }
      },
      "70": {
        "start": {
          "line": 150,
          "column": 10
        },
        "end": {
          "line": 150,
          "column": 54
        }
      },
      "71": {
        "start": {
          "line": 151,
          "column": 10
        },
        "end": {
          "line": 151,
          "column": 56
        }
      },
      "72": {
        "start": {
          "line": 155,
          "column": 6
        },
        "end": {
          "line": 158,
          "column": 9
        }
      },
      "73": {
        "start": {
          "line": 156,
          "column": 8
        },
        "end": {
          "line": 156,
          "column": 52
        }
      },
      "74": {
        "start": {
          "line": 157,
          "column": 8
        },
        "end": {
          "line": 157,
          "column": 54
        }
      },
      "75": {
        "start": {
          "line": 164,
          "column": 21
        },
        "end": {
          "line": 164,
          "column": 71
        }
      },
      "76": {
        "start": {
          "line": 165,
          "column": 0
        },
        "end": {
          "line": 216,
          "column": 1
        }
      },
      "77": {
        "start": {
          "line": 166,
          "column": 2
        },
        "end": {
          "line": 215,
          "column": 5
        }
      },
      "78": {
        "start": {
          "line": 167,
          "column": 4
        },
        "end": {
          "line": 214,
          "column": 7
        }
      },
      "79": {
        "start": {
          "line": 169,
          "column": 36
        },
        "end": {
          "line": 172,
          "column": 44
        }
      },
      "80": {
        "start": {
          "line": 173,
          "column": 27
        },
        "end": {
          "line": 173,
          "column": 71
        }
      },
      "81": {
        "start": {
          "line": 174,
          "column": 30
        },
        "end": {
          "line": 174,
          "column": 77
        }
      },
      "82": {
        "start": {
          "line": 177,
          "column": 6
        },
        "end": {
          "line": 190,
          "column": 7
        }
      },
      "83": {
        "start": {
          "line": 178,
          "column": 8
        },
        "end": {
          "line": 189,
          "column": 9
        }
      },
      "84": {
        "start": {
          "line": 179,
          "column": 10
        },
        "end": {
          "line": 181,
          "column": 12
        }
      },
      "85": {
        "start": {
          "line": 182,
          "column": 10
        },
        "end": {
          "line": 184,
          "column": 12
        }
      },
      "86": {
        "start": {
          "line": 185,
          "column": 10
        },
        "end": {
          "line": 188,
          "column": 12
        }
      },
      "87": {
        "start": {
          "line": 193,
          "column": 6
        },
        "end": {
          "line": 197,
          "column": 7
        }
      },
      "88": {
        "start": {
          "line": 194,
          "column": 8
        },
        "end": {
          "line": 196,
          "column": 9
        }
      },
      "89": {
        "start": {
          "line": 195,
          "column": 10
        },
        "end": {
          "line": 195,
          "column": 78
        }
      },
      "90": {
        "start": {
          "line": 198,
          "column": 6
        },
        "end": {
          "line": 211,
          "column": 7
        }
      },
      "91": {
        "start": {
          "line": 199,
          "column": 8
        },
        "end": {
          "line": 199,
          "column": 44
        }
      },
      "92": {
        "start": {
          "line": 201,
          "column": 8
        },
        "end": {
          "line": 205,
          "column": 9
        }
      },
      "93": {
        "start": {
          "line": 202,
          "column": 10
        },
        "end": {
          "line": 204,
          "column": 36
        }
      },
      "94": {
        "start": {
          "line": 207,
          "column": 8
        },
        "end": {
          "line": 207,
          "column": 68
        }
      },
      "95": {
        "start": {
          "line": 209,
          "column": 8
        },
        "end": {
          "line": 209,
          "column": 79
        }
      },
      "96": {
        "start": {
          "line": 210,
          "column": 8
        },
        "end": {
          "line": 210,
          "column": 72
        }
      },
      "97": {
        "start": {
          "line": 213,
          "column": 6
        },
        "end": {
          "line": 213,
          "column": 47
        }
      },
      "98": {
        "start": {
          "line": 221,
          "column": 33
        },
        "end": {
          "line": 221,
          "column": 78
        }
      },
      "99": {
        "start": {
          "line": 223,
          "column": 2
        },
        "end": {
          "line": 227,
          "column": 3
        }
      },
      "100": {
        "start": {
          "line": 223,
          "column": 15
        },
        "end": {
          "line": 223,
          "column": 16
        }
      },
      "101": {
        "start": {
          "line": 224,
          "column": 4
        },
        "end": {
          "line": 226,
          "column": 5
        }
      },
      "102": {
        "start": {
          "line": 225,
          "column": 6
        },
        "end": {
          "line": 225,
          "column": 41
        }
      },
      "103": {
        "start": {
          "line": 228,
          "column": 2
        },
        "end": {
          "line": 228,
          "column": 16
        }
      },
      "104": {
        "start": {
          "line": 234,
          "column": 33
        },
        "end": {
          "line": 234,
          "column": 78
        }
      },
      "105": {
        "start": {
          "line": 236,
          "column": 2
        },
        "end": {
          "line": 240,
          "column": 3
        }
      },
      "106": {
        "start": {
          "line": 236,
          "column": 15
        },
        "end": {
          "line": 236,
          "column": 16
        }
      },
      "107": {
        "start": {
          "line": 237,
          "column": 4
        },
        "end": {
          "line": 239,
          "column": 5
        }
      },
      "108": {
        "start": {
          "line": 238,
          "column": 6
        },
        "end": {
          "line": 238,
          "column": 55
        }
      },
      "109": {
        "start": {
          "line": 241,
          "column": 2
        },
        "end": {
          "line": 241,
          "column": 16
        }
      },
      "110": {
        "start": {
          "line": 246,
          "column": 16
        },
        "end": {
          "line": 246,
          "column": 62
        }
      },
      "111": {
        "start": {
          "line": 247,
          "column": 31
        },
        "end": {
          "line": 247,
          "column": 34
        }
      },
      "112": {
        "start": {
          "line": 248,
          "column": 35
        },
        "end": {
          "line": 248,
          "column": 50
        }
      },
      "113": {
        "start": {
          "line": 249,
          "column": 35
        },
        "end": {
          "line": 249,
          "column": 53
        }
      },
      "114": {
        "start": {
          "line": 251,
          "column": 2
        },
        "end": {
          "line": 284,
          "column": 3
        }
      },
      "115": {
        "start": {
          "line": 251,
          "column": 15
        },
        "end": {
          "line": 251,
          "column": 16
        }
      },
      "116": {
        "start": {
          "line": 252,
          "column": 4
        },
        "end": {
          "line": 283,
          "column": 5
        }
      },
      "117": {
        "start": {
          "line": 253,
          "column": 6
        },
        "end": {
          "line": 262,
          "column": 7
        }
      },
      "118": {
        "start": {
          "line": 254,
          "column": 8
        },
        "end": {
          "line": 254,
          "column": 37
        }
      },
      "119": {
        "start": {
          "line": 255,
          "column": 8
        },
        "end": {
          "line": 255,
          "column": 46
        }
      },
      "120": {
        "start": {
          "line": 256,
          "column": 8
        },
        "end": {
          "line": 256,
          "column": 60
        }
      },
      "121": {
        "start": {
          "line": 257,
          "column": 8
        },
        "end": {
          "line": 257,
          "column": 73
        }
      },
      "122": {
        "start": {
          "line": 259,
          "column": 8
        },
        "end": {
          "line": 259,
          "column": 59
        }
      },
      "123": {
        "start": {
          "line": 260,
          "column": 8
        },
        "end": {
          "line": 260,
          "column": 51
        }
      },
      "124": {
        "start": {
          "line": 261,
          "column": 8
        },
        "end": {
          "line": 261,
          "column": 54
        }
      },
      "125": {
        "start": {
          "line": 263,
          "column": 11
        },
        "end": {
          "line": 283,
          "column": 5
        }
      },
      "126": {
        "start": {
          "line": 264,
          "column": 6
        },
        "end": {
          "line": 278,
          "column": 7
        }
      },
      "127": {
        "start": {
          "line": 265,
          "column": 8
        },
        "end": {
          "line": 265,
          "column": 37
        }
      },
      "128": {
        "start": {
          "line": 266,
          "column": 8
        },
        "end": {
          "line": 266,
          "column": 46
        }
      },
      "129": {
        "start": {
          "line": 267,
          "column": 8
        },
        "end": {
          "line": 267,
          "column": 60
        }
      },
      "130": {
        "start": {
          "line": 268,
          "column": 8
        },
        "end": {
          "line": 268,
          "column": 73
        }
      },
      "131": {
        "start": {
          "line": 270,
          "column": 8
        },
        "end": {
          "line": 270,
          "column": 60
        }
      },
      "132": {
        "start": {
          "line": 271,
          "column": 8
        },
        "end": {
          "line": 271,
          "column": 51
        }
      },
      "133": {
        "start": {
          "line": 272,
          "column": 8
        },
        "end": {
          "line": 272,
          "column": 56
        }
      },
      "134": {
        "start": {
          "line": 274,
          "column": 8
        },
        "end": {
          "line": 274,
          "column": 37
        }
      },
      "135": {
        "start": {
          "line": 275,
          "column": 8
        },
        "end": {
          "line": 275,
          "column": 46
        }
      },
      "136": {
        "start": {
          "line": 276,
          "column": 8
        },
        "end": {
          "line": 276,
          "column": 60
        }
      },
      "137": {
        "start": {
          "line": 277,
          "column": 8
        },
        "end": {
          "line": 277,
          "column": 73
        }
      },
      "138": {
        "start": {
          "line": 280,
          "column": 6
        },
        "end": {
          "line": 280,
          "column": 35
        }
      },
      "139": {
        "start": {
          "line": 281,
          "column": 6
        },
        "end": {
          "line": 281,
          "column": 43
        }
      },
      "140": {
        "start": {
          "line": 282,
          "column": 6
        },
        "end": {
          "line": 282,
          "column": 58
        }
      },
      "141": {
        "start": {
          "line": 291,
          "column": 21
        },
        "end": {
          "line": 291,
          "column": 63
        }
      },
      "142": {
        "start": {
          "line": 293,
          "column": 0
        },
        "end": {
          "line": 429,
          "column": 1
        }
      },
      "143": {
        "start": {
          "line": 294,
          "column": 20
        },
        "end": {
          "line": 294,
          "column": 70
        }
      },
      "144": {
        "start": {
          "line": 297,
          "column": 2
        },
        "end": {
          "line": 303,
          "column": 3
        }
      },
      "145": {
        "start": {
          "line": 298,
          "column": 4
        },
        "end": {
          "line": 302,
          "column": 7
        }
      },
      "146": {
        "start": {
          "line": 299,
          "column": 6
        },
        "end": {
          "line": 299,
          "column": 34
        }
      },
      "147": {
        "start": {
          "line": 300,
          "column": 6
        },
        "end": {
          "line": 300,
          "column": 24
        }
      },
      "148": {
        "start": {
          "line": 301,
          "column": 6
        },
        "end": {
          "line": 301,
          "column": 26
        }
      },
      "149": {
        "start": {
          "line": 305,
          "column": 24
        },
        "end": {
          "line": 305,
          "column": 63
        }
      },
      "150": {
        "start": {
          "line": 307,
          "column": 2
        },
        "end": {
          "line": 327,
          "column": 3
        }
      },
      "151": {
        "start": {
          "line": 307,
          "column": 15
        },
        "end": {
          "line": 307,
          "column": 16
        }
      },
      "152": {
        "start": {
          "line": 308,
          "column": 4
        },
        "end": {
          "line": 326,
          "column": 7
        }
      },
      "153": {
        "start": {
          "line": 309,
          "column": 6
        },
        "end": {
          "line": 309,
          "column": 29
        }
      },
      "154": {
        "start": {
          "line": 312,
          "column": 24
        },
        "end": {
          "line": 312,
          "column": 62
        }
      },
      "155": {
        "start": {
          "line": 314,
          "column": 6
        },
        "end": {
          "line": 325,
          "column": 7
        }
      },
      "156": {
        "start": {
          "line": 319,
          "column": 8
        },
        "end": {
          "line": 319,
          "column": 42
        }
      },
      "157": {
        "start": {
          "line": 320,
          "column": 13
        },
        "end": {
          "line": 325,
          "column": 7
        }
      },
      "158": {
        "start": {
          "line": 324,
          "column": 8
        },
        "end": {
          "line": 324,
          "column": 45
        }
      },
      "159": {
        "start": {
          "line": 330,
          "column": 23
        },
        "end": {
          "line": 330,
          "column": 68
        }
      },
      "160": {
        "start": {
          "line": 332,
          "column": 2
        },
        "end": {
          "line": 352,
          "column": 3
        }
      },
      "161": {
        "start": {
          "line": 333,
          "column": 4
        },
        "end": {
          "line": 351,
          "column": 7
        }
      },
      "162": {
        "start": {
          "line": 334,
          "column": 6
        },
        "end": {
          "line": 350,
          "column": 9
        }
      },
      "163": {
        "start": {
          "line": 335,
          "column": 20
        },
        "end": {
          "line": 335,
          "column": 40
        }
      },
      "164": {
        "start": {
          "line": 336,
          "column": 30
        },
        "end": {
          "line": 336,
          "column": 67
        }
      },
      "165": {
        "start": {
          "line": 337,
          "column": 24
        },
        "end": {
          "line": 337,
          "column": 61
        }
      },
      "166": {
        "start": {
          "line": 340,
          "column": 8
        },
        "end": {
          "line": 344,
          "column": 11
        }
      },
      "167": {
        "start": {
          "line": 341,
          "column": 10
        },
        "end": {
          "line": 343,
          "column": 11
        }
      },
      "168": {
        "start": {
          "line": 342,
          "column": 12
        },
        "end": {
          "line": 342,
          "column": 25
        }
      },
      "169": {
        "start": {
          "line": 347,
          "column": 8
        },
        "end": {
          "line": 349,
          "column": 9
        }
      },
      "170": {
        "start": {
          "line": 348,
          "column": 10
        },
        "end": {
          "line": 348,
          "column": 40
        }
      },
      "171": {
        "start": {
          "line": 354,
          "column": 19
        },
        "end": {
          "line": 354,
          "column": 62
        }
      },
      "172": {
        "start": {
          "line": 356,
          "column": 2
        },
        "end": {
          "line": 363,
          "column": 3
        }
      },
      "173": {
        "start": {
          "line": 358,
          "column": 4
        },
        "end": {
          "line": 362,
          "column": 7
        }
      },
      "174": {
        "start": {
          "line": 359,
          "column": 6
        },
        "end": {
          "line": 361,
          "column": 9
        }
      },
      "175": {
        "start": {
          "line": 360,
          "column": 8
        },
        "end": {
          "line": 360,
          "column": 68
        }
      },
      "176": {
        "start": {
          "line": 366,
          "column": 20
        },
        "end": {
          "line": 366,
          "column": 71
        }
      },
      "177": {
        "start": {
          "line": 368,
          "column": 2
        },
        "end": {
          "line": 376,
          "column": 3
        }
      },
      "178": {
        "start": {
          "line": 369,
          "column": 4
        },
        "end": {
          "line": 375,
          "column": 7
        }
      },
      "179": {
        "start": {
          "line": 370,
          "column": 6
        },
        "end": {
          "line": 374,
          "column": 9
        }
      },
      "180": {
        "start": {
          "line": 371,
          "column": 22
        },
        "end": {
          "line": 371,
          "column": 45
        }
      },
      "181": {
        "start": {
          "line": 373,
          "column": 8
        },
        "end": {
          "line": 373,
          "column": 37
        }
      },
      "182": {
        "start": {
          "line": 379,
          "column": 27
        },
        "end": {
          "line": 379,
          "column": 76
        }
      },
      "183": {
        "start": {
          "line": 381,
          "column": 2
        },
        "end": {
          "line": 411,
          "column": 3
        }
      },
      "184": {
        "start": {
          "line": 382,
          "column": 4
        },
        "end": {
          "line": 410,
          "column": 7
        }
      },
      "185": {
        "start": {
          "line": 383,
          "column": 6
        },
        "end": {
          "line": 409,
          "column": 9
        }
      },
      "186": {
        "start": {
          "line": 384,
          "column": 21
        },
        "end": {
          "line": 384,
          "column": 40
        }
      },
      "187": {
        "start": {
          "line": 385,
          "column": 25
        },
        "end": {
          "line": 385,
          "column": 52
        }
      },
      "188": {
        "start": {
          "line": 386,
          "column": 28
        },
        "end": {
          "line": 386,
          "column": 77
        }
      },
      "189": {
        "start": {
          "line": 387,
          "column": 22
        },
        "end": {
          "line": 387,
          "column": 60
        }
      },
      "190": {
        "start": {
          "line": 388,
          "column": 20
        },
        "end": {
          "line": 388,
          "column": 50
        }
      },
      "191": {
        "start": {
          "line": 389,
          "column": 21
        },
        "end": {
          "line": 389,
          "column": 58
        }
      },
      "192": {
        "start": {
          "line": 391,
          "column": 23
        },
        "end": {
          "line": 391,
          "column": 27
        }
      },
      "193": {
        "start": {
          "line": 393,
          "column": 8
        },
        "end": {
          "line": 398,
          "column": 11
        }
      },
      "194": {
        "start": {
          "line": 394,
          "column": 10
        },
        "end": {
          "line": 397,
          "column": 11
        }
      },
      "195": {
        "start": {
          "line": 395,
          "column": 12
        },
        "end": {
          "line": 395,
          "column": 29
        }
      },
      "196": {
        "start": {
          "line": 396,
          "column": 12
        },
        "end": {
          "line": 396,
          "column": 25
        }
      },
      "197": {
        "start": {
          "line": 400,
          "column": 8
        },
        "end": {
          "line": 407,
          "column": 9
        }
      },
      "198": {
        "start": {
          "line": 401,
          "column": 22
        },
        "end": {
          "line": 401,
          "column": 44
        }
      },
      "199": {
        "start": {
          "line": 402,
          "column": 10
        },
        "end": {
          "line": 402,
          "column": 47
        }
      },
      "200": {
        "start": {
          "line": 403,
          "column": 10
        },
        "end": {
          "line": 403,
          "column": 59
        }
      },
      "201": {
        "start": {
          "line": 404,
          "column": 10
        },
        "end": {
          "line": 404,
          "column": 54
        }
      },
      "202": {
        "start": {
          "line": 406,
          "column": 10
        },
        "end": {
          "line": 406,
          "column": 59
        }
      },
      "203": {
        "start": {
          "line": 408,
          "column": 8
        },
        "end": {
          "line": 408,
          "column": 68
        }
      },
      "204": {
        "start": {
          "line": 414,
          "column": 24
        },
        "end": {
          "line": 414,
          "column": 66
        }
      },
      "205": {
        "start": {
          "line": 416,
          "column": 2
        },
        "end": {
          "line": 428,
          "column": 3
        }
      },
      "206": {
        "start": {
          "line": 417,
          "column": 4
        },
        "end": {
          "line": 427,
          "column": 7
        }
      },
      "207": {
        "start": {
          "line": 418,
          "column": 6
        },
        "end": {
          "line": 426,
          "column": 9
        }
      },
      "208": {
        "start": {
          "line": 419,
          "column": 21
        },
        "end": {
          "line": 419,
          "column": 39
        }
      },
      "209": {
        "start": {
          "line": 420,
          "column": 8
        },
        "end": {
          "line": 425,
          "column": 9
        }
      },
      "210": {
        "start": {
          "line": 421,
          "column": 10
        },
        "end": {
          "line": 421,
          "column": 24
        }
      },
      "211": {
        "start": {
          "line": 422,
          "column": 10
        },
        "end": {
          "line": 422,
          "column": 38
        }
      },
      "212": {
        "start": {
          "line": 424,
          "column": 10
        },
        "end": {
          "line": 424,
          "column": 40
        }
      },
      "213": {
        "start": {
          "line": 437,
          "column": 14
        },
        "end": {
          "line": 437,
          "column": 44
        }
      },
      "214": {
        "start": {
          "line": 438,
          "column": 28
        },
        "end": {
          "line": 438,
          "column": 71
        }
      },
      "215": {
        "start": {
          "line": 441,
          "column": 2
        },
        "end": {
          "line": 519,
          "column": 3
        }
      },
      "216": {
        "start": {
          "line": 442,
          "column": 4
        },
        "end": {
          "line": 518,
          "column": 7
        }
      },
      "217": {
        "start": {
          "line": 443,
          "column": 25
        },
        "end": {
          "line": 443,
          "column": 67
        }
      },
      "218": {
        "start": {
          "line": 444,
          "column": 18
        },
        "end": {
          "line": 444,
          "column": 43
        }
      },
      "219": {
        "start": {
          "line": 445,
          "column": 30
        },
        "end": {
          "line": 445,
          "column": 70
        }
      },
      "220": {
        "start": {
          "line": 446,
          "column": 29
        },
        "end": {
          "line": 446,
          "column": 72
        }
      },
      "221": {
        "start": {
          "line": 447,
          "column": 28
        },
        "end": {
          "line": 447,
          "column": 65
        }
      },
      "222": {
        "start": {
          "line": 448,
          "column": 28
        },
        "end": {
          "line": 448,
          "column": 65
        }
      },
      "223": {
        "start": {
          "line": 449,
          "column": 32
        },
        "end": {
          "line": 449,
          "column": 34
        }
      },
      "224": {
        "start": {
          "line": 450,
          "column": 6
        },
        "end": {
          "line": 450,
          "column": 35
        }
      },
      "225": {
        "start": {
          "line": 458,
          "column": 6
        },
        "end": {
          "line": 485,
          "column": 9
        }
      },
      "226": {
        "start": {
          "line": 460,
          "column": 8
        },
        "end": {
          "line": 484,
          "column": 9
        }
      },
      "227": {
        "start": {
          "line": 461,
          "column": 10
        },
        "end": {
          "line": 461,
          "column": 49
        }
      },
      "228": {
        "start": {
          "line": 464,
          "column": 10
        },
        "end": {
          "line": 466,
          "column": 11
        }
      },
      "229": {
        "start": {
          "line": 464,
          "column": 23
        },
        "end": {
          "line": 464,
          "column": 24
        }
      },
      "230": {
        "start": {
          "line": 465,
          "column": 12
        },
        "end": {
          "line": 465,
          "column": 55
        }
      },
      "231": {
        "start": {
          "line": 467,
          "column": 15
        },
        "end": {
          "line": 484,
          "column": 9
        }
      },
      "232": {
        "start": {
          "line": 469,
          "column": 10
        },
        "end": {
          "line": 473,
          "column": 11
        }
      },
      "233": {
        "start": {
          "line": 469,
          "column": 23
        },
        "end": {
          "line": 469,
          "column": 24
        }
      },
      "234": {
        "start": {
          "line": 471,
          "column": 14
        },
        "end": {
          "line": 471,
          "column": 63
        }
      },
      "235": {
        "start": {
          "line": 472,
          "column": 12
        },
        "end": {
          "line": 472,
          "column": 39
        }
      },
      "236": {
        "start": {
          "line": 474,
          "column": 10
        },
        "end": {
          "line": 474,
          "column": 50
        }
      },
      "237": {
        "start": {
          "line": 475,
          "column": 15
        },
        "end": {
          "line": 484,
          "column": 9
        }
      },
      "238": {
        "start": {
          "line": 477,
          "column": 10
        },
        "end": {
          "line": 481,
          "column": 11
        }
      },
      "239": {
        "start": {
          "line": 477,
          "column": 23
        },
        "end": {
          "line": 477,
          "column": 24
        }
      },
      "240": {
        "start": {
          "line": 479,
          "column": 14
        },
        "end": {
          "line": 479,
          "column": 63
        }
      },
      "241": {
        "start": {
          "line": 480,
          "column": 12
        },
        "end": {
          "line": 480,
          "column": 40
        }
      },
      "242": {
        "start": {
          "line": 482,
          "column": 10
        },
        "end": {
          "line": 482,
          "column": 39
        }
      },
      "243": {
        "start": {
          "line": 483,
          "column": 10
        },
        "end": {
          "line": 483,
          "column": 51
        }
      },
      "244": {
        "start": {
          "line": 493,
          "column": 6
        },
        "end": {
          "line": 517,
          "column": 9
        }
      },
      "245": {
        "start": {
          "line": 494,
          "column": 8
        },
        "end": {
          "line": 496,
          "column": 9
        }
      },
      "246": {
        "start": {
          "line": 495,
          "column": 10
        },
        "end": {
          "line": 495,
          "column": 37
        }
      },
      "247": {
        "start": {
          "line": 499,
          "column": 8
        },
        "end": {
          "line": 516,
          "column": 11
        }
      },
      "248": {
        "start": {
          "line": 500,
          "column": 10
        },
        "end": {
          "line": 502,
          "column": 11
        }
      },
      "249": {
        "start": {
          "line": 501,
          "column": 12
        },
        "end": {
          "line": 501,
          "column": 60
        }
      },
      "250": {
        "start": {
          "line": 503,
          "column": 10
        },
        "end": {
          "line": 508,
          "column": 11
        }
      },
      "251": {
        "start": {
          "line": 504,
          "column": 12
        },
        "end": {
          "line": 504,
          "column": 39
        }
      },
      "252": {
        "start": {
          "line": 506,
          "column": 12
        },
        "end": {
          "line": 506,
          "column": 73
        }
      },
      "253": {
        "start": {
          "line": 506,
          "column": 46
        },
        "end": {
          "line": 506,
          "column": 73
        }
      },
      "254": {
        "start": {
          "line": 507,
          "column": 12
        },
        "end": {
          "line": 507,
          "column": 42
        }
      },
      "255": {
        "start": {
          "line": 511,
          "column": 10
        },
        "end": {
          "line": 515,
          "column": 11
        }
      },
      "256": {
        "start": {
          "line": 512,
          "column": 12
        },
        "end": {
          "line": 512,
          "column": 52
        }
      },
      "257": {
        "start": {
          "line": 514,
          "column": 12
        },
        "end": {
          "line": 514,
          "column": 53
        }
      },
      "258": {
        "start": {
          "line": 529,
          "column": 14
        },
        "end": {
          "line": 529,
          "column": 44
        }
      },
      "259": {
        "start": {
          "line": 530,
          "column": 14
        },
        "end": {
          "line": 530,
          "column": 51
        }
      },
      "260": {
        "start": {
          "line": 532,
          "column": 2
        },
        "end": {
          "line": 540,
          "column": 3
        }
      },
      "261": {
        "start": {
          "line": 533,
          "column": 4
        },
        "end": {
          "line": 533,
          "column": 37
        }
      },
      "262": {
        "start": {
          "line": 534,
          "column": 4
        },
        "end": {
          "line": 534,
          "column": 26
        }
      },
      "263": {
        "start": {
          "line": 535,
          "column": 4
        },
        "end": {
          "line": 535,
          "column": 33
        }
      },
      "264": {
        "start": {
          "line": 537,
          "column": 4
        },
        "end": {
          "line": 537,
          "column": 36
        }
      },
      "265": {
        "start": {
          "line": 538,
          "column": 4
        },
        "end": {
          "line": 538,
          "column": 26
        }
      },
      "266": {
        "start": {
          "line": 539,
          "column": 4
        },
        "end": {
          "line": 539,
          "column": 30
        }
      },
      "267": {
        "start": {
          "line": 545,
          "column": 2
        },
        "end": {
          "line": 545,
          "column": 52
        }
      },
      "268": {
        "start": {
          "line": 550,
          "column": 14
        },
        "end": {
          "line": 550,
          "column": 44
        }
      },
      "269": {
        "start": {
          "line": 552,
          "column": 14
        },
        "end": {
          "line": 552,
          "column": 47
        }
      },
      "270": {
        "start": {
          "line": 554,
          "column": 2
        },
        "end": {
          "line": 567,
          "column": 5
        }
      },
      "271": {
        "start": {
          "line": 555,
          "column": 18
        },
        "end": {
          "line": 555,
          "column": 59
        }
      },
      "272": {
        "start": {
          "line": 557,
          "column": 4
        },
        "end": {
          "line": 557,
          "column": 58
        }
      },
      "273": {
        "start": {
          "line": 559,
          "column": 24
        },
        "end": {
          "line": 559,
          "column": 74
        }
      },
      "274": {
        "start": {
          "line": 561,
          "column": 4
        },
        "end": {
          "line": 564,
          "column": 7
        }
      },
      "275": {
        "start": {
          "line": 562,
          "column": 6
        },
        "end": {
          "line": 562,
          "column": 25
        }
      },
      "276": {
        "start": {
          "line": 563,
          "column": 6
        },
        "end": {
          "line": 563,
          "column": 23
        }
      },
      "277": {
        "start": {
          "line": 566,
          "column": 4
        },
        "end": {
          "line": 566,
          "column": 34
        }
      },
      "278": {
        "start": {
          "line": 572,
          "column": 14
        },
        "end": {
          "line": 572,
          "column": 44
        }
      },
      "279": {
        "start": {
          "line": 573,
          "column": 18
        },
        "end": {
          "line": 573,
          "column": 55
        }
      },
      "280": {
        "start": {
          "line": 574,
          "column": 20
        },
        "end": {
          "line": 574,
          "column": 58
        }
      },
      "281": {
        "start": {
          "line": 575,
          "column": 16
        },
        "end": {
          "line": 575,
          "column": 18
        }
      },
      "282": {
        "start": {
          "line": 576,
          "column": 2
        },
        "end": {
          "line": 576,
          "column": 19
        }
      },
      "283": {
        "start": {
          "line": 578,
          "column": 2
        },
        "end": {
          "line": 582,
          "column": 5
        }
      },
      "284": {
        "start": {
          "line": 579,
          "column": 4
        },
        "end": {
          "line": 581,
          "column": 5
        }
      },
      "285": {
        "start": {
          "line": 580,
          "column": 6
        },
        "end": {
          "line": 580,
          "column": 49
        }
      },
      "286": {
        "start": {
          "line": 583,
          "column": 2
        },
        "end": {
          "line": 583,
          "column": 17
        }
      },
      "287": {
        "start": {
          "line": 584,
          "column": 17
        },
        "end": {
          "line": 584,
          "column": 67
        }
      },
      "288": {
        "start": {
          "line": 585,
          "column": 19
        },
        "end": {
          "line": 585,
          "column": 52
        }
      },
      "289": {
        "start": {
          "line": 586,
          "column": 2
        },
        "end": {
          "line": 586,
          "column": 47
        }
      },
      "290": {
        "start": {
          "line": 589,
          "column": 2
        },
        "end": {
          "line": 593,
          "column": 3
        }
      },
      "291": {
        "start": {
          "line": 589,
          "column": 15
        },
        "end": {
          "line": 589,
          "column": 16
        }
      },
      "292": {
        "start": {
          "line": 590,
          "column": 4
        },
        "end": {
          "line": 592,
          "column": 5
        }
      },
      "293": {
        "start": {
          "line": 591,
          "column": 6
        },
        "end": {
          "line": 591,
          "column": 35
        }
      },
      "294": {
        "start": {
          "line": 594,
          "column": 2
        },
        "end": {
          "line": 594,
          "column": 16
        }
      },
      "295": {
        "start": {
          "line": 599,
          "column": 14
        },
        "end": {
          "line": 599,
          "column": 44
        }
      },
      "296": {
        "start": {
          "line": 600,
          "column": 36
        },
        "end": {
          "line": 600,
          "column": 75
        }
      },
      "297": {
        "start": {
          "line": 601,
          "column": 32
        },
        "end": {
          "line": 603,
          "column": 40
        }
      },
      "298": {
        "start": {
          "line": 604,
          "column": 21
        },
        "end": {
          "line": 604,
          "column": 59
        }
      },
      "299": {
        "start": {
          "line": 605,
          "column": 30
        },
        "end": {
          "line": 605,
          "column": 69
        }
      },
      "300": {
        "start": {
          "line": 606,
          "column": 23
        },
        "end": {
          "line": 606,
          "column": 59
        }
      },
      "301": {
        "start": {
          "line": 607,
          "column": 21
        },
        "end": {
          "line": 607,
          "column": 52
        }
      },
      "302": {
        "start": {
          "line": 608,
          "column": 18
        },
        "end": {
          "line": 608,
          "column": 53
        }
      },
      "303": {
        "start": {
          "line": 609,
          "column": 18
        },
        "end": {
          "line": 609,
          "column": 55
        }
      },
      "304": {
        "start": {
          "line": 610,
          "column": 19
        },
        "end": {
          "line": 610,
          "column": 45
        }
      },
      "305": {
        "start": {
          "line": 612,
          "column": 16
        },
        "end": {
          "line": 612,
          "column": 18
        }
      },
      "306": {
        "start": {
          "line": 613,
          "column": 20
        },
        "end": {
          "line": 613,
          "column": 21
        }
      },
      "307": {
        "start": {
          "line": 614,
          "column": 18
        },
        "end": {
          "line": 614,
          "column": 19
        }
      },
      "308": {
        "start": {
          "line": 617,
          "column": 2
        },
        "end": {
          "line": 622,
          "column": 5
        }
      },
      "309": {
        "start": {
          "line": 618,
          "column": 19
        },
        "end": {
          "line": 618,
          "column": 51
        }
      },
      "310": {
        "start": {
          "line": 619,
          "column": 4
        },
        "end": {
          "line": 619,
          "column": 42
        }
      },
      "311": {
        "start": {
          "line": 621,
          "column": 4
        },
        "end": {
          "line": 621,
          "column": 50
        }
      },
      "312": {
        "start": {
          "line": 624,
          "column": 2
        },
        "end": {
          "line": 628,
          "column": 5
        }
      },
      "313": {
        "start": {
          "line": 625,
          "column": 4
        },
        "end": {
          "line": 627,
          "column": 5
        }
      },
      "314": {
        "start": {
          "line": 626,
          "column": 6
        },
        "end": {
          "line": 626,
          "column": 50
        }
      },
      "315": {
        "start": {
          "line": 631,
          "column": 2
        },
        "end": {
          "line": 643,
          "column": 5
        }
      },
      "316": {
        "start": {
          "line": 632,
          "column": 27
        },
        "end": {
          "line": 632,
          "column": 71
        }
      },
      "317": {
        "start": {
          "line": 635,
          "column": 4
        },
        "end": {
          "line": 635,
          "column": 67
        }
      },
      "318": {
        "start": {
          "line": 636,
          "column": 4
        },
        "end": {
          "line": 636,
          "column": 23
        }
      },
      "319": {
        "start": {
          "line": 637,
          "column": 4
        },
        "end": {
          "line": 637,
          "column": 20
        }
      },
      "320": {
        "start": {
          "line": 639,
          "column": 4
        },
        "end": {
          "line": 639,
          "column": 42
        }
      },
      "321": {
        "start": {
          "line": 640,
          "column": 4
        },
        "end": {
          "line": 640,
          "column": 77
        }
      },
      "322": {
        "start": {
          "line": 642,
          "column": 4
        },
        "end": {
          "line": 642,
          "column": 58
        }
      },
      "323": {
        "start": {
          "line": 646,
          "column": 2
        },
        "end": {
          "line": 658,
          "column": 5
        }
      },
      "324": {
        "start": {
          "line": 647,
          "column": 27
        },
        "end": {
          "line": 647,
          "column": 71
        }
      },
      "325": {
        "start": {
          "line": 650,
          "column": 4
        },
        "end": {
          "line": 650,
          "column": 67
        }
      },
      "326": {
        "start": {
          "line": 651,
          "column": 4
        },
        "end": {
          "line": 651,
          "column": 23
        }
      },
      "327": {
        "start": {
          "line": 652,
          "column": 4
        },
        "end": {
          "line": 652,
          "column": 20
        }
      },
      "328": {
        "start": {
          "line": 654,
          "column": 4
        },
        "end": {
          "line": 654,
          "column": 42
        }
      },
      "329": {
        "start": {
          "line": 655,
          "column": 4
        },
        "end": {
          "line": 655,
          "column": 77
        }
      },
      "330": {
        "start": {
          "line": 657,
          "column": 4
        },
        "end": {
          "line": 657,
          "column": 58
        }
      },
      "331": {
        "start": {
          "line": 661,
          "column": 2
        },
        "end": {
          "line": 677,
          "column": 5
        }
      },
      "332": {
        "start": {
          "line": 662,
          "column": 4
        },
        "end": {
          "line": 676,
          "column": 5
        }
      },
      "333": {
        "start": {
          "line": 663,
          "column": 29
        },
        "end": {
          "line": 663,
          "column": 73
        }
      },
      "334": {
        "start": {
          "line": 666,
          "column": 6
        },
        "end": {
          "line": 666,
          "column": 69
        }
      },
      "335": {
        "start": {
          "line": 667,
          "column": 6
        },
        "end": {
          "line": 667,
          "column": 25
        }
      },
      "336": {
        "start": {
          "line": 668,
          "column": 6
        },
        "end": {
          "line": 668,
          "column": 22
        }
      },
      "337": {
        "start": {
          "line": 670,
          "column": 6
        },
        "end": {
          "line": 670,
          "column": 44
        }
      },
      "338": {
        "start": {
          "line": 671,
          "column": 6
        },
        "end": {
          "line": 671,
          "column": 79
        }
      },
      "339": {
        "start": {
          "line": 673,
          "column": 6
        },
        "end": {
          "line": 675,
          "column": 7
        }
      },
      "340": {
        "start": {
          "line": 674,
          "column": 8
        },
        "end": {
          "line": 674,
          "column": 62
        }
      },
      "341": {
        "start": {
          "line": 680,
          "column": 2
        },
        "end": {
          "line": 688,
          "column": 5
        }
      },
      "342": {
        "start": {
          "line": 681,
          "column": 4
        },
        "end": {
          "line": 687,
          "column": 5
        }
      },
      "343": {
        "start": {
          "line": 682,
          "column": 6
        },
        "end": {
          "line": 682,
          "column": 52
        }
      },
      "344": {
        "start": {
          "line": 683,
          "column": 6
        },
        "end": {
          "line": 683,
          "column": 28
        }
      },
      "345": {
        "start": {
          "line": 684,
          "column": 6
        },
        "end": {
          "line": 684,
          "column": 53
        }
      },
      "346": {
        "start": {
          "line": 685,
          "column": 6
        },
        "end": {
          "line": 685,
          "column": 25
        }
      },
      "347": {
        "start": {
          "line": 686,
          "column": 6
        },
        "end": {
          "line": 686,
          "column": 22
        }
      },
      "348": {
        "start": {
          "line": 691,
          "column": 2
        },
        "end": {
          "line": 709,
          "column": 5
        }
      },
      "349": {
        "start": {
          "line": 692,
          "column": 4
        },
        "end": {
          "line": 692,
          "column": 28
        }
      },
      "350": {
        "start": {
          "line": 693,
          "column": 4
        },
        "end": {
          "line": 693,
          "column": 18
        }
      },
      "351": {
        "start": {
          "line": 694,
          "column": 4
        },
        "end": {
          "line": 694,
          "column": 47
        }
      },
      "352": {
        "start": {
          "line": 695,
          "column": 4
        },
        "end": {
          "line": 695,
          "column": 53
        }
      },
      "353": {
        "start": {
          "line": 696,
          "column": 4
        },
        "end": {
          "line": 698,
          "column": 5
        }
      },
      "354": {
        "start": {
          "line": 697,
          "column": 6
        },
        "end": {
          "line": 697,
          "column": 39
        }
      },
      "355": {
        "start": {
          "line": 699,
          "column": 4
        },
        "end": {
          "line": 700,
          "column": 50
        }
      },
      "356": {
        "start": {
          "line": 701,
          "column": 24
        },
        "end": {
          "line": 701,
          "column": 42
        }
      },
      "357": {
        "start": {
          "line": 702,
          "column": 27
        },
        "end": {
          "line": 702,
          "column": 47
        }
      },
      "358": {
        "start": {
          "line": 704,
          "column": 4
        },
        "end": {
          "line": 708,
          "column": 5
        }
      },
      "359": {
        "start": {
          "line": 705,
          "column": 6
        },
        "end": {
          "line": 705,
          "column": 45
        }
      },
      "360": {
        "start": {
          "line": 706,
          "column": 6
        },
        "end": {
          "line": 706,
          "column": 45
        }
      },
      "361": {
        "start": {
          "line": 707,
          "column": 6
        },
        "end": {
          "line": 707,
          "column": 38
        }
      },
      "362": {
        "start": {
          "line": 712,
          "column": 2
        },
        "end": {
          "line": 726,
          "column": 5
        }
      },
      "363": {
        "start": {
          "line": 713,
          "column": 4
        },
        "end": {
          "line": 713,
          "column": 28
        }
      },
      "364": {
        "start": {
          "line": 714,
          "column": 4
        },
        "end": {
          "line": 714,
          "column": 18
        }
      },
      "365": {
        "start": {
          "line": 716,
          "column": 4
        },
        "end": {
          "line": 718,
          "column": 5
        }
      },
      "366": {
        "start": {
          "line": 717,
          "column": 6
        },
        "end": {
          "line": 717,
          "column": 22
        }
      },
      "367": {
        "start": {
          "line": 719,
          "column": 4
        },
        "end": {
          "line": 720,
          "column": 50
        }
      },
      "368": {
        "start": {
          "line": 721,
          "column": 24
        },
        "end": {
          "line": 721,
          "column": 42
        }
      },
      "369": {
        "start": {
          "line": 722,
          "column": 27
        },
        "end": {
          "line": 722,
          "column": 47
        }
      },
      "370": {
        "start": {
          "line": 723,
          "column": 4
        },
        "end": {
          "line": 723,
          "column": 43
        }
      },
      "371": {
        "start": {
          "line": 724,
          "column": 4
        },
        "end": {
          "line": 724,
          "column": 43
        }
      },
      "372": {
        "start": {
          "line": 725,
          "column": 4
        },
        "end": {
          "line": 725,
          "column": 36
        }
      },
      "373": {
        "start": {
          "line": 729,
          "column": 2
        },
        "end": {
          "line": 735,
          "column": 5
        }
      },
      "374": {
        "start": {
          "line": 730,
          "column": 4
        },
        "end": {
          "line": 730,
          "column": 50
        }
      },
      "375": {
        "start": {
          "line": 731,
          "column": 4
        },
        "end": {
          "line": 731,
          "column": 26
        }
      },
      "376": {
        "start": {
          "line": 732,
          "column": 4
        },
        "end": {
          "line": 732,
          "column": 51
        }
      },
      "377": {
        "start": {
          "line": 733,
          "column": 4
        },
        "end": {
          "line": 733,
          "column": 23
        }
      },
      "378": {
        "start": {
          "line": 734,
          "column": 4
        },
        "end": {
          "line": 734,
          "column": 20
        }
      },
      "379": {
        "start": {
          "line": 740,
          "column": 36
        },
        "end": {
          "line": 740,
          "column": 75
        }
      },
      "380": {
        "start": {
          "line": 742,
          "column": 2
        },
        "end": {
          "line": 769,
          "column": 3
        }
      },
      "381": {
        "start": {
          "line": 744,
          "column": 4
        },
        "end": {
          "line": 744,
          "column": 50
        }
      },
      "382": {
        "start": {
          "line": 747,
          "column": 4
        },
        "end": {
          "line": 753,
          "column": 5
        }
      },
      "383": {
        "start": {
          "line": 748,
          "column": 6
        },
        "end": {
          "line": 749,
          "column": 54
        }
      },
      "384": {
        "start": {
          "line": 751,
          "column": 6
        },
        "end": {
          "line": 752,
          "column": 52
        }
      },
      "385": {
        "start": {
          "line": 756,
          "column": 4
        },
        "end": {
          "line": 757,
          "column": 40
        }
      },
      "386": {
        "start": {
          "line": 759,
          "column": 27
        },
        "end": {
          "line": 759,
          "column": 37
        }
      },
      "387": {
        "start": {
          "line": 760,
          "column": 4
        },
        "end": {
          "line": 760,
          "column": 43
        }
      },
      "388": {
        "start": {
          "line": 761,
          "column": 4
        },
        "end": {
          "line": 761,
          "column": 36
        }
      },
      "389": {
        "start": {
          "line": 762,
          "column": 9
        },
        "end": {
          "line": 769,
          "column": 3
        }
      },
      "390": {
        "start": {
          "line": 766,
          "column": 4
        },
        "end": {
          "line": 766,
          "column": 50
        }
      },
      "391": {
        "start": {
          "line": 767,
          "column": 4
        },
        "end": {
          "line": 768,
          "column": 33
        }
      },
      "392": {
        "start": {
          "line": 774,
          "column": 24
        },
        "end": {
          "line": 774,
          "column": 51
        }
      },
      "393": {
        "start": {
          "line": 775,
          "column": 25
        },
        "end": {
          "line": 775,
          "column": 61
        }
      },
      "394": {
        "start": {
          "line": 776,
          "column": 2
        },
        "end": {
          "line": 782,
          "column": 4
        }
      },
      "395": {
        "start": {
          "line": 787,
          "column": 14
        },
        "end": {
          "line": 787,
          "column": 44
        }
      },
      "396": {
        "start": {
          "line": 789,
          "column": 2
        },
        "end": {
          "line": 789,
          "column": 54
        }
      },
      "397": {
        "start": {
          "line": 794,
          "column": 26
        },
        "end": {
          "line": 794,
          "column": 63
        }
      },
      "398": {
        "start": {
          "line": 796,
          "column": 15
        },
        "end": {
          "line": 796,
          "column": 76
        }
      },
      "399": {
        "start": {
          "line": 798,
          "column": 2
        },
        "end": {
          "line": 802,
          "column": 3
        }
      },
      "400": {
        "start": {
          "line": 799,
          "column": 4
        },
        "end": {
          "line": 799,
          "column": 64
        }
      },
      "401": {
        "start": {
          "line": 801,
          "column": 4
        },
        "end": {
          "line": 801,
          "column": 50
        }
      },
      "402": {
        "start": {
          "line": 804,
          "column": 2
        },
        "end": {
          "line": 804,
          "column": 16
        }
      },
      "403": {
        "start": {
          "line": 808,
          "column": 16
        },
        "end": {
          "line": 808,
          "column": 18
        }
      },
      "404": {
        "start": {
          "line": 809,
          "column": 21
        },
        "end": {
          "line": 809,
          "column": 23
        }
      },
      "405": {
        "start": {
          "line": 811,
          "column": 14
        },
        "end": {
          "line": 811,
          "column": 44
        }
      },
      "406": {
        "start": {
          "line": 812,
          "column": 18
        },
        "end": {
          "line": 812,
          "column": 44
        }
      },
      "407": {
        "start": {
          "line": 815,
          "column": 14
        },
        "end": {
          "line": 815,
          "column": 15
        }
      },
      "408": {
        "start": {
          "line": 816,
          "column": 2
        },
        "end": {
          "line": 876,
          "column": 3
        }
      },
      "409": {
        "start": {
          "line": 818,
          "column": 4
        },
        "end": {
          "line": 866,
          "column": 5
        }
      },
      "410": {
        "start": {
          "line": 819,
          "column": 6
        },
        "end": {
          "line": 863,
          "column": 7
        }
      },
      "411": {
        "start": {
          "line": 821,
          "column": 22
        },
        "end": {
          "line": 821,
          "column": 63
        }
      },
      "412": {
        "start": {
          "line": 822,
          "column": 8
        },
        "end": {
          "line": 857,
          "column": 11
        }
      },
      "413": {
        "start": {
          "line": 823,
          "column": 10
        },
        "end": {
          "line": 850,
          "column": 11
        }
      },
      "414": {
        "start": {
          "line": 824,
          "column": 26
        },
        "end": {
          "line": 824,
          "column": 49
        }
      },
      "415": {
        "start": {
          "line": 825,
          "column": 36
        },
        "end": {
          "line": 825,
          "column": 52
        }
      },
      "416": {
        "start": {
          "line": 826,
          "column": 29
        },
        "end": {
          "line": 826,
          "column": 44
        }
      },
      "417": {
        "start": {
          "line": 827,
          "column": 30
        },
        "end": {
          "line": 827,
          "column": 32
        }
      },
      "418": {
        "start": {
          "line": 831,
          "column": 12
        },
        "end": {
          "line": 837,
          "column": 13
        }
      },
      "419": {
        "start": {
          "line": 832,
          "column": 14
        },
        "end": {
          "line": 836,
          "column": 17
        }
      },
      "420": {
        "start": {
          "line": 840,
          "column": 12
        },
        "end": {
          "line": 845,
          "column": 15
        }
      },
      "421": {
        "start": {
          "line": 841,
          "column": 14
        },
        "end": {
          "line": 844,
          "column": 38
        }
      },
      "422": {
        "start": {
          "line": 848,
          "column": 12
        },
        "end": {
          "line": 848,
          "column": 40
        }
      },
      "423": {
        "start": {
          "line": 849,
          "column": 12
        },
        "end": {
          "line": 849,
          "column": 36
        }
      },
      "424": {
        "start": {
          "line": 852,
          "column": 10
        },
        "end": {
          "line": 856,
          "column": 11
        }
      },
      "425": {
        "start": {
          "line": 853,
          "column": 12
        },
        "end": {
          "line": 853,
          "column": 22
        }
      },
      "426": {
        "start": {
          "line": 855,
          "column": 12
        },
        "end": {
          "line": 855,
          "column": 20
        }
      },
      "427": {
        "start": {
          "line": 859,
          "column": 22
        },
        "end": {
          "line": 859,
          "column": 60
        }
      },
      "428": {
        "start": {
          "line": 860,
          "column": 8
        },
        "end": {
          "line": 862,
          "column": 11
        }
      },
      "429": {
        "start": {
          "line": 861,
          "column": 10
        },
        "end": {
          "line": 861,
          "column": 29
        }
      },
      "430": {
        "start": {
          "line": 865,
          "column": 6
        },
        "end": {
          "line": 865,
          "column": 49
        }
      },
      "431": {
        "start": {
          "line": 869,
          "column": 4
        },
        "end": {
          "line": 874,
          "column": 7
        }
      },
      "432": {
        "start": {
          "line": 870,
          "column": 6
        },
        "end": {
          "line": 873,
          "column": 8
        }
      },
      "433": {
        "start": {
          "line": 875,
          "column": 4
        },
        "end": {
          "line": 875,
          "column": 23
        }
      },
      "434": {
        "start": {
          "line": 877,
          "column": 2
        },
        "end": {
          "line": 877,
          "column": 17
        }
      },
      "435": {
        "start": {
          "line": 886,
          "column": 14
        },
        "end": {
          "line": 886,
          "column": 44
        }
      },
      "436": {
        "start": {
          "line": 887,
          "column": 21
        },
        "end": {
          "line": 887,
          "column": 52
        }
      },
      "437": {
        "start": {
          "line": 888,
          "column": 31
        },
        "end": {
          "line": 888,
          "column": 57
        }
      },
      "438": {
        "start": {
          "line": 889,
          "column": 32
        },
        "end": {
          "line": 889,
          "column": 71
        }
      },
      "439": {
        "start": {
          "line": 891,
          "column": 2
        },
        "end": {
          "line": 899,
          "column": 3
        }
      },
      "440": {
        "start": {
          "line": 892,
          "column": 4
        },
        "end": {
          "line": 892,
          "column": 38
        }
      },
      "441": {
        "start": {
          "line": 893,
          "column": 4
        },
        "end": {
          "line": 893,
          "column": 49
        }
      },
      "442": {
        "start": {
          "line": 894,
          "column": 4
        },
        "end": {
          "line": 894,
          "column": 50
        }
      },
      "443": {
        "start": {
          "line": 896,
          "column": 4
        },
        "end": {
          "line": 896,
          "column": 39
        }
      },
      "444": {
        "start": {
          "line": 897,
          "column": 4
        },
        "end": {
          "line": 897,
          "column": 48
        }
      },
      "445": {
        "start": {
          "line": 898,
          "column": 4
        },
        "end": {
          "line": 898,
          "column": 53
        }
      },
      "446": {
        "start": {
          "line": 903,
          "column": 14
        },
        "end": {
          "line": 903,
          "column": 44
        }
      },
      "447": {
        "start": {
          "line": 904,
          "column": 23
        },
        "end": {
          "line": 904,
          "column": 59
        }
      },
      "448": {
        "start": {
          "line": 905,
          "column": 2
        },
        "end": {
          "line": 911,
          "column": 3
        }
      },
      "449": {
        "start": {
          "line": 906,
          "column": 4
        },
        "end": {
          "line": 906,
          "column": 46
        }
      },
      "450": {
        "start": {
          "line": 907,
          "column": 4
        },
        "end": {
          "line": 907,
          "column": 37
        }
      },
      "451": {
        "start": {
          "line": 909,
          "column": 4
        },
        "end": {
          "line": 909,
          "column": 45
        }
      },
      "452": {
        "start": {
          "line": 910,
          "column": 4
        },
        "end": {
          "line": 910,
          "column": 37
        }
      },
      "453": {
        "start": {
          "line": 916,
          "column": 16
        },
        "end": {
          "line": 916,
          "column": 42
        }
      },
      "454": {
        "start": {
          "line": 917,
          "column": 16
        },
        "end": {
          "line": 917,
          "column": 57
        }
      },
      "455": {
        "start": {
          "line": 918,
          "column": 15
        },
        "end": {
          "line": 918,
          "column": 42
        }
      },
      "456": {
        "start": {
          "line": 920,
          "column": 2
        },
        "end": {
          "line": 920,
          "column": 61
        }
      },
      "457": {
        "start": {
          "line": 921,
          "column": 2
        },
        "end": {
          "line": 921,
          "column": 55
        }
      },
      "458": {
        "start": {
[...]
            "line": 132,
            "column": 34
          }
        },
        "loc": {
          "start": {
            "line": 132,
            "column": 39
          },
          "end": {
            "line": 132,
            "column": 61
          }
        },
        "line": 132
      },
      "19": {
        "name": "detectLanguage",
        "decl": {
          "start": {
            "line": 137,
            "column": 9
          },
          "end": {
            "line": 137,
            "column": 23
          }
        },
        "loc": {
          "start": {
            "line": 137,
            "column": 31
          },
          "end": {
            "line": 145,
            "column": 1
          }
        },
        "line": 137
      },
      "20": {
        "name": "fetchCitySuggestions",
        "decl": {
          "start": {
            "line": 148,
            "column": 15
          },
          "end": {
            "line": 148,
            "column": 35
          }
        },
        "loc": {
          "start": {
            "line": 148,
            "column": 43
          },
          "end": {
            "line": 175,
            "column": 1
          }
        },
        "line": 148
      },
      "21": {
        "name": "displaySuggestions",
        "decl": {
          "start": {
            "line": 178,
            "column": 9
          },
          "end": {
            "line": 178,
            "column": 27
          }
        },
        "loc": {
          "start": {
            "line": 178,
            "column": 41
          },
          "end": {
            "line": 208,
            "column": 1
          }
        },
        "line": 178
      },
      "22": {
        "name": "(anonymous_22)",
        "decl": {
          "start": {
            "line": 188,
            "column": 22
          },
          "end": {
            "line": 188,
            "column": 23
          }
        },
        "loc": {
          "start": {
            "line": 188,
            "column": 38
          },
          "end": {
            "line": 205,
            "column": 3
          }
        },
        "line": 188
      },
      "23": {
        "name": "(anonymous_23)",
        "decl": {
          "start": {
            "line": 199,
            "column": 45
          },
          "end": {
            "line": 199,
            "column": 46
          }
        },
        "loc": {
          "start": {
            "line": 199,
            "column": 51
          },
          "end": {
            "line": 202,
            "column": 5
          }
        },
        "line": 199
      },
      "24": {
        "name": "(anonymous_24)",
        "decl": {
          "start": {
            "line": 214,
            "column": 13
          },
          "end": {
            "line": 214,
            "column": 14
          }
        },
        "loc": {
          "start": {
            "line": 214,
            "column": 19
          },
          "end": {
            "line": 217,
            "column": 5
          }
        },
        "line": 214
      },
      "25": {
        "name": "(anonymous_25)",
        "decl": {
          "start": {
            "line": 221,
            "column": 37
          },
          "end": {
            "line": 221,
            "column": 38
          }
        },
        "loc": {
          "start": {
            "line": 221,
            "column": 44
          },
          "end": {
            "line": 225,
            "column": 3
          }
        },
        "line": 221
      }
    },
    "branchMap": {
      "0": {
        "loc": {
          "start": {
            "line": 9,
            "column": 0
          },
          "end": {
            "line": 20,
            "column": 1
          }
        },
        "type": "if",
        "locations": [
          {
            "start": {
              "line": 9,
              "column": 0
            },
            "end": {
              "line": 20,
              "column": 1
            }
          },
          {
            "start": {},
            "end": {}
          }
        ],
        "line": 9
      },
      "1": {
        "loc": {
          "start": {
            "line": 11,
            "column": 4
          },
          "end": {
            "line": 18,
            "column": 5
          }
        },
        "type": "if",
        "locations": [
          {
            "start": {
              "line": 11,
              "column": 4
            },
            "end": {
              "line": 18,
              "column": 5
            }
          },
          {
            "start": {},
            "end": {}
          }
        ],
        "line": 11
      },
      "2": {
        "loc": {
          "start": {
            "line": 28,
            "column": 0
          },
          "end": {
            "line": 39,
            "column": 1
          }
        },
        "type": "if",
        "locations": [
          {
            "start": {
              "line": 28,
              "column": 0
            },
            "end": {
              "line": 39,
              "column": 1
            }
          },
          {
            "start": {},
            "end": {}
          }
        ],
        "line": 28
      },
      "3": {
        "loc": {
          "start": {
            "line": 30,
            "column": 4
          },
          "end": {
            "line": 37,
            "column": 5
          }
        },
        "type": "if",
        "locations": [
          {
            "start": {
              "line": 30,
              "column": 4
            },
            "end": {
              "line": 37,
              "column": 5
            }
          },
          {
            "start": {},
            "end": {}
          }
        ],
        "line": 30
      },
      "4": {
        "loc": {
          "start": {
            "line": 52,
            "column": 0
          },
          "end": {
            "line": 58,
            "column": 1
          }
        },
        "type": "if",
        "locations": [
          {
            "start": {
              "line": 52,
              "column": 0
            },
            "end": {
              "line": 58,
              "column": 1
            }
          },
          {
            "start": {},
            "end": {}
          }
        ],
        "line": 52
      },
      "5": {
        "loc": {
          "start": {
            "line": 60,
            "column": 0
          },
          "end": {
            "line": 66,
            "column": 1
          }
        },
        "type": "if",
        "locations": [
          {
            "start": {
              "line": 60,
              "column": 0
            },
            "end": {
              "line": 66,
              "column": 1
            }
          },
          {
            "start": {},
            "end": {}
          }
        ],
        "line": 60
      },
      "6": {
        "loc": {
          "start": {
            "line": 84,
            "column": 0
          },
          "end": {
            "line": 90,
            "column": 1
          }
        },
        "type": "if",
        "locations": [
          {
            "start": {
              "line": 84,
              "column": 0
            },
            "end": {
              "line": 90,
              "column": 1
            }
          },
          {
            "start": {},
            "end": {}
          }
        ],
        "line": 84
      },
      "7": {
        "loc": {
          "start": {
            "line": 92,
            "column": 0
          },
          "end": {
            "line": 98,
            "column": 1
          }
        },
        "type": "if",
        "locations": [
          {
            "start": {
              "line": 92,
              "column": 0
            },
            "end": {
              "line": 98,
              "column": 1
            }
          },
          {
            "start": {},
            "end": {}
          }
        ],
        "line": 92
      },
      "8": {
        "loc": {
          "start": {
            "line": 106,
            "column": 0
          },
          "end": {
            "line": 112,
            "column": 1
          }
        },
        "type": "if",
        "locations": [
          {
            "start": {
              "line": 106,
              "column": 0
            },
            "end": {
              "line": 112,
              "column": 1
            }
          },
          {
            "start": {},
            "end": {}
          }
        ],
        "line": 106
      },
      "9": {
        "loc": {
          "start": {
            "line": 114,
            "column": 0
          },
          "end": {
            "line": 120,
            "column": 1
          }
        },
        "type": "if",
        "locations": [
          {
            "start": {
              "line": 114,
              "column": 0
            },
            "end": {
              "line": 120,
              "column": 1
            }
          },
          {
            "start": {},
            "end": {}
          }
        ],
        "line": 114
      },
      "10": {
        "loc": {
          "start": {
            "line": 141,
            "column": 2
          },
          "end": {
            "line": 143,
            "column": 3
          }
        },
        "type": "if",
        "locations": [
          {
            "start": {
              "line": 141,
              "column": 2
            },
            "end": {
              "line": 143,
              "column": 3
            }
          },
          {
            "start": {},
            "end": {}
          }
        ],
        "line": 141
      },
      "11": {
        "loc": {
          "start": {
            "line": 144,
            "column": 9
          },
          "end": {
            "line": 144,
            "column": 50
          }
        },
        "type": "cond-expr",
        "locations": [
          {
            "start": {
              "line": 144,
              "column": 39
            },
            "end": {
              "line": 144,
              "column": 43
            }
          },
          {
            "start": {
              "line": 144,
              "column": 46
            },
            "end": {
              "line": 144,
              "column": 50
            }
          }
        ],
        "line": 144
      },
      "12": {
        "loc": {
          "start": {
            "line": 149,
            "column": 2
          },
          "end": {
            "line": 152,
            "column": 3
          }
        },
        "type": "if",
        "locations": [
          {
            "start": {
              "line": 149,
              "column": 2
            },
            "end": {
              "line": 152,
              "column": 3
            }
          },
          {
            "start": {},
            "end": {}
          }
        ],
        "line": 149
      },
      "13": {
        "loc": {
          "start": {
            "line": 149,
            "column": 6
          },
          "end": {
            "line": 149,
            "column": 32
          }
        },
        "type": "binary-expr",
        "locations": [
          {
            "start": {
              "line": 149,
              "column": 6
            },
            "end": {
              "line": 149,
              "column": 12
            }
          },
          {
            "start": {
              "line": 149,
              "column": 16
            },
            "end": {
              "line": 149,
              "column": 32
            }
          }
        ],
        "line": 149
      },
      "14": {
        "loc": {
          "start": {
            "line": 156,
            "column": 2
          },
          "end": {
            "line": 159,
            "column": 3
          }
        },
        "type": "if",
        "locations": [
          {
            "start": {
              "line": 156,
              "column": 2
            },
            "end": {
              "line": 159,
              "column": 3
            }
          },
          {
            "start": {},
            "end": {}
          }
        ],
        "line": 156
      },
      "15": {
        "loc": {
          "start": {
            "line": 168,
            "column": 21
          },
          "end": {
            "line": 168,
            "column": 40
          }
        },
        "type": "binary-expr",
        "locations": [
          {
            "start": {
              "line": 168,
              "column": 21
            },
            "end": {
              "line": 168,
              "column": 34
            }
          },
          {
            "start": {
              "line": 168,
              "column": 38
            },
            "end": {
              "line": 168,
              "column": 40
            }
          }
        ],
        "line": 168
      },
      "16": {
        "loc": {
          "start": {
            "line": 181,
            "column": 2
          },
          "end": {
            "line": 184,
            "column": 3
          }
        },
        "type": "if",
        "locations": [
          {
            "start": {
              "line": 181,
              "column": 2
            },
            "end": {
              "line": 184,
              "column": 3
            }
          },
          {
            "start": {},
            "end": {}
          }
        ],
        "line": 181
      },
      "17": {
        "loc": {
          "start": {
            "line": 190,
            "column": 6
          },
          "end": {
            "line": 190,
            "column": 67
          }
        },
        "type": "binary-expr",
        "locations": [
          {
            "start": {
              "line": 190,
              "column": 6
            },
            "end": {
              "line": 190,
              "column": 44
            }
          },
          {
            "start": {
              "line": 190,
              "column": 48
            },
            "end": {
              "line": 190,
              "column": 67
            }
          }
        ],
        "line": 190
      },
      "18": {
        "loc": {
          "start": {
            "line": 192,
            "column": 6
          },
          "end": {
            "line": 192,
            "column": 71
          }
        },
        "type": "binary-expr",
        "locations": [
          {
            "start": {
              "line": 192,
              "column": 6
            },
            "end": {
              "line": 192,
              "column": 47
            }
          },
          {
            "start": {
              "line": 192,
              "column": 51
            },
            "end": {
              "line": 192,
              "column": 71
            }
          }
        ],
        "line": 192
      },
      "19": {
        "loc": {
          "start": {
            "line": 193,
            "column": 24
          },
          "end": {
            "line": 193,
            "column": 69
          }
        },
        "type": "binary-expr",
        "locations": [
          {
            "start": {
              "line": 193,
              "column": 24
            },
            "end": {
              "line": 193,
              "column": 63
            }
          },
          {
            "start": {
              "line": 193,
              "column": 67
            },
            "end": {
              "line": 193,
              "column": 69
            }
          }
        ],
        "line": 193
      },
      "20": {
        "loc": {
          "start": {
            "line": 210,
            "column": 0
          },
          "end": {
            "line": 226,
            "column": 1
          }
        },
        "type": "if",
        "locations": [
          {
            "start": {
              "line": 210,
              "column": 0
            },
            "end": {
              "line": 226,
              "column": 1
            }
          },
          {
            "start": {},
            "end": {}
          }
        ],
        "line": 210
      },
      "21": {
        "loc": {
          "start": {
            "line": 222,
            "column": 4
          },
          "end": {
            "line": 224,
            "column": 5
          }
        },
        "type": "if",
        "locations": [
          {
            "start": {
              "line": 222,
              "column": 4
            },
            "end": {
              "line": 224,
              "column": 5
            }
          },
          {
            "start": {},
            "end": {}
          }
        ],
        "line": 222
      }
    },
    "s": {
      "0": 10,
      "1": 10,
      "2": 10,
      "3": 72,
      "4": 72,
      "5": 72,
      "6": 8,
      "7": 8,
      "8": 8,
      "9": 10,
      "10": 10,
      "11": 10,
      "12": 72,
      "13": 72,
      "14": 72,
      "15": 8,
      "16": 8,
      "17": 8,
      "18": 10,
      "19": 10,
      "20": 10,
      "21": 10,
      "22": 6,
      "23": 2,
      "24": 10,
      "25": 10,
      "26": 6,
      "27": 1,
      "28": 2,
      "29": 2,
      "30": 1,
      "31": 1,
      "32": 10,
      "33": 10,
      "34": 10,
      "35": 10,
      "36": 6,
      "37": 1,
      "38": 1,
      "39": 1,
      "40": 10,
      "41": 6,
      "42": 1,
      "43": 1,
      "44": 1,
      "45": 10,
      "46": 10,
      "47": 10,
      "48": 10,
      "49": 4,
      "50": 2,
      "51": 2,
      "52": 2,
      "53": 10,
      "54": 4,
      "55": 2,
      "56": 2,
      "57": 2,
      "58": 10,
      "59": 10,
      "60": 10,
      "61": 10,
      "62": 64,
      "63": 64,
      "64": 8,
      "65": 6,
      "66": 6,
      "67": 6,
      "68": 4,
      "69": 2,
      "70": 8,
      "71": 2,
      "72": 2,
      "73": 6,
      "74": 6,
      "75": 2,
      "76": 2,
      "77": 4,
      "78": 4,
      "79": 4,
      "80": 4,
      "81": 4,
      "82": 4,
      "83": 0,
      "84": 6,
      "85": 6,
      "86": 2,
      "87": 2,
      "88": 4,
      "89": 4,
      "90": 8,
      "91": 8,
      "92": 8,
      "93": 8,
      "94": 8,
      "95": 8,
      "96": 1,
      "97": 1,
      "98": 8,
      "99": 4,
      "100": 10,
      "101": 10,
      "102": 8,
      "103": 8,
      "104": 10,
      "105": 35,
      "106": 35
    },
    "f": {
      "0": 72,
      "1": 8,
      "2": 8,
      "3": 72,
      "4": 8,
      "5": 8,
      "6": 6,
      "7": 2,
      "8": 6,
      "9": 1,
      "10": 2,
      "11": 1,
      "12": 1,
      "13": 1,
      "14": 2,
      "15": 2,
      "16": 10,
      "17": 64,
      "18": 8,
      "19": 6,
      "20": 8,
      "21": 6,
      "22": 8,
      "23": 1,
      "24": 8,
      "25": 35
    },
    "b": {
      "0": [
        10,
        0
      ],
      "1": [
        72,
        0
      ],
      "2": [
        10,
        0
      ],
      "3": [
        72,
        0
      ],
      "4": [
        10,
        0
      ],
      "5": [
        10,
        0
      ],
      "6": [
        6,
        4
      ],
      "7": [
        6,
        4
      ],
      "8": [
        4,
        6
      ],
      "9": [
        4,
        6
      ],
      "10": [
        4,
        2
      ],
      "11": [
        0,
        2
      ],
      "12": [
        2,
        6
      ],
      "13": [
        8,
        8
      ],
      "14": [
        2,
        4
      ],
      "15": [
        4,
        0
      ],
      "16": [
        2,
        4
      ],
      "17": [
        8,
        0
      ],
      "18": [
        8,
        0
      ],
      "19": [
        8,
        0
      ],
      "20": [
        10,
        0
      ],
      "21": [
        35,
        0
      ]
    },
    "_coverageSchema": "1a1c01bbd47fc00a2c39e90264f33305004495a9",
    "hash": "e67b3f1dbfb59cf93f5dff60538a968c2ca01c3a"
  }
}