{
  "D:\\Java\\MyOwnProjects\\TruthSeekersOffice\\src\\js\\cabinet.js": {
    "path": "D:\\Java\\MyOwnProjects\\TruthSeekersOffice\\src\\js\\cabinet.js",
    "statementMap": {
      "0": {
        "start": {
          "line": 1,
          "column": 0
        },
        "end": {
          "line": 3,
          "column": 2
        }
      },
      "1": {
        "start": {
          "line": 2,
          "column": 2
        },
        "end": {
          "line": 2,
          "column": 36
        }
      },
      "2": {
        "start": {
          "line": 7,
          "column": 0
        },
        "end": {
          "line": 15,
          "column": 2
        }
      },
      "3": {
        "start": {
          "line": 8,
          "column": 23
        },
        "end": {
          "line": 8,
          "column": 73
        }
      },
      "4": {
        "start": {
          "line": 9,
          "column": 26
        },
        "end": {
          "line": 9,
          "column": 73
        }
      },
      "5": {
        "start": {
          "line": 11,
          "column": 2
        },
        "end": {
          "line": 11,
          "column": 77
        }
      },
      "6": {
        "start": {
          "line": 12,
          "column": 2
        },
        "end": {
          "line": 12,
          "column": 66
        }
      },
      "7": {
        "start": {
          "line": 14,
          "column": 2
        },
        "end": {
          "line": 14,
          "column": 43
        }
      },
      "8": {
        "start": {
          "line": 18,
          "column": 38
        },
        "end": {
          "line": 18,
          "column": 58
        }
      },
      "9": {
        "start": {
          "line": 22,
          "column": 22
        },
        "end": {
          "line": 22,
          "column": 65
        }
      },
      "10": {
        "start": {
          "line": 24,
          "column": 2
        },
        "end": {
          "line": 47,
          "column": 3
        }
      },
      "11": {
        "start": {
          "line": 26,
          "column": 32
        },
        "end": {
          "line": 28,
          "column": 5
        }
      },
      "12": {
        "start": {
          "line": 32,
          "column": 4
        },
        "end": {
          "line": 40,
          "column": 5
        }
      },
      "13": {
        "start": {
          "line": 33,
          "column": 6
        },
        "end": {
          "line": 39,
          "column": 7
        }
      },
      "14": {
        "start": {
          "line": 34,
          "column": 34
        },
        "end": {
          "line": 34,
          "column": 78
        }
      },
      "15": {
        "start": {
          "line": 36,
          "column": 8
        },
        "end": {
          "line": 38,
          "column": 9
        }
      },
      "16": {
        "start": {
          "line": 37,
          "column": 10
        },
        "end": {
          "line": 37,
          "column": 54
        }
      },
      "17": {
        "start": {
          "line": 43,
          "column": 4
        },
        "end": {
          "line": 43,
          "column": 39
        }
      },
      "18": {
        "start": {
          "line": 44,
          "column": 4
        },
        "end": {
          "line": 44,
          "column": 68
        }
      },
      "19": {
        "start": {
          "line": 46,
          "column": 4
        },
        "end": {
          "line": 46,
          "column": 71
        }
      },
      "20": {
        "start": {
          "line": 51,
          "column": 25
        },
        "end": {
          "line": 51,
          "column": 72
        }
      },
      "21": {
        "start": {
          "line": 52,
          "column": 31
        },
        "end": {
          "line": 52,
          "column": 48
        }
      },
      "22": {
        "start": {
          "line": 53,
          "column": 37
        },
        "end": {
          "line": 53,
          "column": 61
        }
      },
      "23": {
        "start": {
          "line": 54,
          "column": 34
        },
        "end": {
          "line": 54,
          "column": 54
        }
      },
      "24": {
        "start": {
          "line": 57,
          "column": 0
        },
        "end": {
          "line": 159,
          "column": 1
        }
      },
      "25": {
        "start": {
          "line": 58,
          "column": 2
        },
        "end": {
          "line": 158,
          "column": 4
        }
      },
      "26": {
        "start": {
          "line": 60,
          "column": 19
        },
        "end": {
          "line": 60,
          "column": 37
        }
      },
      "27": {
        "start": {
          "line": 61,
          "column": 20
        },
        "end": {
          "line": 61,
          "column": 35
        }
      },
      "28": {
        "start": {
          "line": 64,
          "column": 4
        },
        "end": {
          "line": 109,
          "column": 6
        }
      },
      "29": {
        "start": {
          "line": 65,
          "column": 6
        },
        "end": {
          "line": 65,
          "column": 28
        }
      },
      "30": {
        "start": {
          "line": 66,
          "column": 27
        },
        "end": {
          "line": 66,
          "column": 71
        }
      },
      "31": {
        "start": {
          "line": 67,
          "column": 28
        },
        "end": {
          "line": 69,
          "column": 7
        }
      },
      "32": {
        "start": {
          "line": 72,
          "column": 6
        },
        "end": {
          "line": 74,
          "column": 7
        }
      },
      "33": {
        "start": {
          "line": 73,
          "column": 8
        },
        "end": {
          "line": 73,
          "column": 48
        }
      },
      "34": {
        "start": {
          "line": 77,
          "column": 6
        },
        "end": {
          "line": 101,
          "column": 7
        }
      },
      "35": {
        "start": {
          "line": 78,
          "column": 8
        },
        "end": {
          "line": 100,
          "column": 9
        }
      },
      "36": {
        "start": {
          "line": 79,
          "column": 10
        },
        "end": {
          "line": 79,
          "column": 63
        }
      },
      "37": {
        "start": {
          "line": 82,
          "column": 10
        },
        "end": {
          "line": 85,
          "column": 39
        }
      },
      "38": {
        "start": {
          "line": 88,
          "column": 10
        },
        "end": {
          "line": 88,
          "column": 52
        }
      },
      "39": {
        "start": {
          "line": 92,
          "column": 12
        },
        "end": {
          "line": 92,
          "column": 56
        }
      },
      "40": {
        "start": {
          "line": 94,
          "column": 10
        },
        "end": {
          "line": 95,
          "column": 61
        }
      },
      "41": {
        "start": {
          "line": 95,
          "column": 12
        },
        "end": {
          "line": 95,
          "column": 61
        }
      },
      "42": {
        "start": {
          "line": 97,
          "column": 38
        },
        "end": {
          "line": 97,
          "column": 77
        }
      },
      "43": {
        "start": {
          "line": 99,
          "column": 10
        },
        "end": {
          "line": 99,
          "column": 78
        }
      },
      "44": {
        "start": {
          "line": 99,
          "column": 35
        },
        "end": {
          "line": 99,
          "column": 78
        }
      },
      "45": {
        "start": {
          "line": 102,
          "column": 6
        },
        "end": {
          "line": 102,
          "column": 59
        }
      },
      "46": {
        "start": {
          "line": 103,
          "column": 6
        },
        "end": {
          "line": 103,
          "column": 48
        }
      },
      "47": {
        "start": {
          "line": 105,
          "column": 34
        },
        "end": {
          "line": 105,
          "column": 73
        }
      },
      "48": {
        "start": {
          "line": 106,
          "column": 6
        },
        "end": {
          "line": 106,
          "column": 74
        }
      },
      "49": {
        "start": {
          "line": 106,
          "column": 31
        },
        "end": {
          "line": 106,
          "column": 74
        }
      },
      "50": {
        "start": {
          "line": 108,
          "column": 6
        },
        "end": {
          "line": 108,
          "column": 39
        }
      },
      "51": {
        "start": {
          "line": 114,
          "column": 4
        },
        "end": {
          "line": 120,
          "column": 5
        }
      },
      "52": {
        "start": {
          "line": 114,
          "column": 17
        },
        "end": {
          "line": 114,
          "column": 18
        }
      },
      "53": {
        "start": {
          "line": 115,
          "column": 6
        },
        "end": {
          "line": 119,
          "column": 7
        }
      },
      "54": {
        "start": {
          "line": 117,
          "column": 8
        },
        "end": {
          "line": 117,
          "column": 34
        }
      },
      "55": {
        "start": {
          "line": 118,
          "column": 8
        },
        "end": {
          "line": 118,
          "column": 13
        }
      },
      "56": {
        "start": {
          "line": 122,
          "column": 4
        },
        "end": {
          "line": 157,
          "column": 5
        }
      },
      "57": {
        "start": {
          "line": 124,
          "column": 6
        },
        "end": {
          "line": 143,
          "column": 8
        }
      },
      "58": {
        "start": {
          "line": 126,
          "column": 29
        },
        "end": {
          "line": 126,
          "column": 79
        }
      },
      "59": {
        "start": {
          "line": 128,
          "column": 8
        },
        "end": {
          "line": 138,
          "column": 9
        }
      },
      "60": {
        "start": {
          "line": 129,
          "column": 10
        },
        "end": {
          "line": 137,
          "column": 11
        }
      },
      "61": {
        "start": {
          "line": 130,
          "column": 31
        },
        "end": {
          "line": 132,
          "column": 28
        }
      },
      "62": {
        "start": {
          "line": 133,
          "column": 34
        },
        "end": {
          "line": 133,
          "column": 72
        }
      },
      "63": {
        "start": {
          "line": 134,
          "column": 12
        },
        "end": {
          "line": 136,
          "column": 13
        }
      },
      "64": {
        "start": {
          "line": 135,
          "column": 14
        },
        "end": {
          "line": 135,
          "column": 57
        }
      },
      "65": {
        "start": {
          "line": 140,
          "column": 8
        },
        "end": {
          "line": 140,
          "column": 48
        }
      },
      "66": {
        "start": {
          "line": 141,
          "column": 8
        },
        "end": {
          "line": 141,
          "column": 67
        }
      },
      "67": {
        "start": {
          "line": 142,
          "column": 8
        },
        "end": {
          "line": 142,
          "column": 53
        }
      },
      "68": {
        "start": {
          "line": 145,
          "column": 6
        },
        "end": {
          "line": 151,
          "column": 8
        }
      },
      "69": {
        "start": {
          "line": 147,
          "column": 8
        },
        "end": {
          "line": 150,
          "column": 9
        }
      },
      "70": {
        "start": {
          "line": 148,
          "column": 10
        },
        "end": {
          "line": 148,
          "column": 53
        }
      },
      "71": {
        "start": {
          "line": 149,
          "column": 10
        },
        "end": {
          "line": 149,
          "column": 55
        }
      },
      "72": {
        "start": {
          "line": 153,
          "column": 6
        },
        "end": {
          "line": 156,
          "column": 8
        }
      },
      "73": {
        "start": {
          "line": 154,
          "column": 8
        },
        "end": {
          "line": 154,
          "column": 51
        }
      },
      "74": {
        "start": {
          "line": 155,
          "column": 8
        },
        "end": {
          "line": 155,
          "column": 53
        }
      },
      "75": {
        "start": {
          "line": 162,
          "column": 21
        },
        "end": {
          "line": 162,
          "column": 71
        }
      },
      "76": {
        "start": {
          "line": 163,
          "column": 0
        },
        "end": {
          "line": 211,
          "column": 1
        }
      },
      "77": {
        "start": {
          "line": 164,
          "column": 2
        },
        "end": {
          "line": 210,
          "column": 4
        }
      },
      "78": {
        "start": {
          "line": 165,
          "column": 4
        },
        "end": {
          "line": 209,
          "column": 6
        }
      },
      "79": {
        "start": {
          "line": 167,
          "column": 36
        },
        "end": {
          "line": 170,
          "column": 44
        }
      },
      "80": {
        "start": {
          "line": 171,
          "column": 27
        },
        "end": {
          "line": 171,
          "column": 71
        }
      },
      "81": {
        "start": {
          "line": 172,
          "column": 30
        },
        "end": {
          "line": 172,
          "column": 77
        }
      },
      "82": {
        "start": {
          "line": 175,
          "column": 6
        },
        "end": {
          "line": 185,
          "column": 7
        }
      },
      "83": {
        "start": {
          "line": 176,
          "column": 8
        },
        "end": {
          "line": 184,
          "column": 9
        }
      },
      "84": {
        "start": {
          "line": 177,
          "column": 10
        },
        "end": {
          "line": 179,
          "column": 11
        }
      },
      "85": {
        "start": {
          "line": 180,
          "column": 10
        },
        "end": {
          "line": 182,
          "column": 11
        }
      },
      "86": {
        "start": {
          "line": 183,
          "column": 10
        },
        "end": {
          "line": 183,
          "column": 80
        }
      },
      "87": {
        "start": {
          "line": 188,
          "column": 6
        },
        "end": {
          "line": 192,
          "column": 7
        }
      },
      "88": {
        "start": {
          "line": 189,
          "column": 8
        },
        "end": {
          "line": 191,
          "column": 9
        }
      },
      "89": {
        "start": {
          "line": 190,
          "column": 10
        },
        "end": {
          "line": 190,
          "column": 77
        }
      },
      "90": {
        "start": {
          "line": 193,
          "column": 6
        },
        "end": {
          "line": 206,
          "column": 7
        }
      },
      "91": {
        "start": {
          "line": 194,
          "column": 8
        },
        "end": {
          "line": 194,
          "column": 43
        }
      },
      "92": {
        "start": {
          "line": 196,
          "column": 8
        },
        "end": {
          "line": 200,
          "column": 9
        }
      },
      "93": {
        "start": {
          "line": 197,
          "column": 10
        },
        "end": {
          "line": 199,
          "column": 35
        }
      },
      "94": {
        "start": {
          "line": 202,
          "column": 8
        },
        "end": {
          "line": 202,
          "column": 67
        }
      },
      "95": {
        "start": {
          "line": 204,
          "column": 8
        },
        "end": {
          "line": 204,
          "column": 78
        }
      },
      "96": {
        "start": {
          "line": 205,
          "column": 8
        },
        "end": {
          "line": 205,
          "column": 71
        }
      },
      "97": {
        "start": {
          "line": 208,
          "column": 6
        },
        "end": {
          "line": 208,
          "column": 46
        }
      },
      "98": {
        "start": {
          "line": 216,
          "column": 33
        },
        "end": {
          "line": 216,
          "column": 78
        }
      },
      "99": {
        "start": {
          "line": 218,
          "column": 2
        },
        "end": {
          "line": 222,
          "column": 3
        }
      },
      "100": {
        "start": {
          "line": 218,
          "column": 15
        },
        "end": {
          "line": 218,
          "column": 16
        }
      },
      "101": {
        "start": {
          "line": 219,
          "column": 4
        },
        "end": {
          "line": 221,
          "column": 5
        }
      },
      "102": {
        "start": {
          "line": 220,
          "column": 6
        },
        "end": {
          "line": 220,
          "column": 40
        }
      },
      "103": {
        "start": {
          "line": 223,
          "column": 2
        },
        "end": {
          "line": 223,
          "column": 15
        }
      },
      "104": {
        "start": {
          "line": 229,
          "column": 33
        },
        "end": {
          "line": 229,
          "column": 78
        }
      },
      "105": {
        "start": {
          "line": 231,
          "column": 2
        },
        "end": {
          "line": 235,
          "column": 3
        }
      },
      "106": {
        "start": {
          "line": 231,
          "column": 15
        },
        "end": {
          "line": 231,
          "column": 16
        }
      },
      "107": {
        "start": {
          "line": 232,
          "column": 4
        },
        "end": {
          "line": 234,
          "column": 5
        }
      },
      "108": {
        "start": {
          "line": 233,
          "column": 6
        },
        "end": {
          "line": 233,
          "column": 54
        }
      },
      "109": {
        "start": {
          "line": 236,
          "column": 2
        },
        "end": {
          "line": 236,
          "column": 15
        }
      },
      "110": {
        "start": {
          "line": 241,
          "column": 16
        },
        "end": {
          "line": 241,
          "column": 62
        }
      },
      "111": {
        "start": {
          "line": 242,
          "column": 31
        },
        "end": {
          "line": 242,
          "column": 34
        }
      },
      "112": {
        "start": {
          "line": 243,
          "column": 35
        },
        "end": {
          "line": 243,
          "column": 50
        }
      },
      "113": {
        "start": {
          "line": 244,
          "column": 35
        },
        "end": {
          "line": 244,
          "column": 53
        }
      },
      "114": {
        "start": {
          "line": 246,
          "column": 2
        },
        "end": {
          "line": 268,
          "column": 3
        }
      },
      "115": {
        "start": {
          "line": 246,
          "column": 15
        },
        "end": {
          "line": 246,
          "column": 16
        }
      },
      "116": {
        "start": {
          "line": 247,
          "column": 4
        },
        "end": {
          "line": 267,
          "column": 5
        }
      },
      "117": {
        "start": {
          "line": 248,
          "column": 6
        },
        "end": {
          "line": 262,
          "column": 7
        }
      },
      "118": {
        "start": {
          "line": 249,
          "column": 8
        },
        "end": {
          "line": 249,
          "column": 36
        }
      },
      "119": {
        "start": {
          "line": 250,
          "column": 8
        },
        "end": {
          "line": 250,
          "column": 45
        }
      },
      "120": {
        "start": {
          "line": 251,
          "column": 8
        },
        "end": {
          "line": 251,
          "column": 59
        }
      },
      "121": {
        "start": {
          "line": 252,
          "column": 8
        },
        "end": {
          "line": 252,
          "column": 72
        }
      },
      "122": {
        "start": {
          "line": 254,
          "column": 8
        },
        "end": {
          "line": 254,
          "column": 59
        }
      },
      "123": {
        "start": {
          "line": 255,
          "column": 8
        },
        "end": {
          "line": 255,
          "column": 50
        }
      },
      "124": {
        "start": {
          "line": 256,
          "column": 8
        },
        "end": {
          "line": 256,
          "column": 55
        }
      },
      "125": {
        "start": {
          "line": 258,
          "column": 8
        },
        "end": {
          "line": 258,
          "column": 36
        }
      },
      "126": {
        "start": {
          "line": 259,
          "column": 8
        },
        "end": {
          "line": 259,
          "column": 45
        }
      },
      "127": {
        "start": {
          "line": 260,
          "column": 8
        },
        "end": {
          "line": 260,
          "column": 59
        }
      },
      "128": {
        "start": {
          "line": 261,
          "column": 8
        },
        "end": {
          "line": 261,
          "column": 72
        }
      },
      "129": {
        "start": {
          "line": 264,
          "column": 6
        },
        "end": {
          "line": 264,
          "column": 34
        }
      },
      "130": {
        "start": {
          "line": 265,
          "column": 6
        },
        "end": {
          "line": 265,
          "column": 42
        }
      },
      "131": {
        "start": {
          "line": 266,
          "column": 6
        },
        "end": {
          "line": 266,
          "column": 57
        }
      },
      "132": {
        "start": {
          "line": 273,
          "column": 21
        },
        "end": {
          "line": 273,
          "column": 63
        }
      },
      "133": {
        "start": {
          "line": 275,
          "column": 0
        },
        "end": {
          "line": 398,
          "column": 1
        }
      },
      "134": {
        "start": {
          "line": 276,
          "column": 20
        },
        "end": {
          "line": 276,
          "column": 58
        }
      },
      "135": {
        "start": {
          "line": 277,
          "column": 20
        },
        "end": {
          "line": 277,
          "column": 72
        }
      },
      "136": {
        "start": {
          "line": 279,
          "column": 2
        },
        "end": {
          "line": 279,
          "column": 27
        }
      },
      "137": {
        "start": {
          "line": 281,
          "column": 2
        },
        "end": {
          "line": 288,
          "column": 3
        }
      },
      "138": {
        "start": {
          "line": 283,
          "column": 4
        },
        "end": {
          "line": 287,
          "column": 5
        }
      },
      "139": {
        "start": {
          "line": 283,
          "column": 17
        },
        "end": {
          "line": 283,
          "column": 18
        }
      },
      "140": {
        "start": {
          "line": 284,
          "column": 6
        },
        "end": {
          "line": 286,
          "column": 7
        }
      },
      "141": {
        "start": {
          "line": 285,
          "column": 8
        },
        "end": {
          "line": 285,
          "column": 42
        }
      },
      "142": {
        "start": {
          "line": 290,
          "column": 2
        },
        "end": {
          "line": 295,
          "column": 3
        }
      },
      "143": {
        "start": {
          "line": 292,
          "column": 4
        },
        "end": {
          "line": 294,
          "column": 5
        }
      },
      "144": {
        "start": {
          "line": 292,
          "column": 17
        },
        "end": {
          "line": 292,
          "column": 18
        }
      },
      "145": {
        "start": {
          "line": 293,
          "column": 6
        },
        "end": {
          "line": 293,
          "column": 39
        }
      },
      "146": {
        "start": {
          "line": 298,
          "column": 19
        },
        "end": {
          "line": 298,
          "column": 62
        }
      },
      "147": {
        "start": {
          "line": 300,
          "column": 2
        },
        "end": {
          "line": 312,
          "column": 3
        }
      },
      "148": {
        "start": {
          "line": 301,
          "column": 4
        },
        "end": {
          "line": 311,
          "column": 6
        }
      },
      "149": {
        "start": {
          "line": 302,
          "column": 6
        },
        "end": {
          "line": 310,
          "column": 8
        }
      },
      "150": {
        "start": {
          "line": 303,
          "column": 8
        },
        "end": {
          "line": 309,
          "column": 9
        }
      },
      "151": {
        "start": {
          "line": 304,
          "column": 10
        },
        "end": {
          "line": 306,
          "column": 11
        }
      },
      "152": {
        "start": {
          "line": 308,
          "column": 10
        },
        "end": {
          "line": 308,
          "column": 58
        }
      },
      "153": {
        "start": {
          "line": 315,
          "column": 20
        },
        "end": {
          "line": 315,
          "column": 68
        }
      },
      "154": {
        "start": {
          "line": 317,
          "column": 2
        },
        "end": {
          "line": 321,
          "column": 3
        }
      },
      "155": {
        "start": {
          "line": 318,
          "column": 4
        },
        "end": {
          "line": 320,
          "column": 6
        }
      },
      "156": {
        "start": {
          "line": 319,
          "column": 6
        },
        "end": {
          "line": 319,
          "column": 46
        }
      },
      "157": {
        "start": {
          "line": 324,
          "column": 24
        },
        "end": {
          "line": 324,
          "column": 66
        }
      },
      "158": {
        "start": {
          "line": 326,
          "column": 2
        },
        "end": {
          "line": 347,
          "column": 3
        }
      },
      "159": {
        "start": {
          "line": 327,
          "column": 4
        },
        "end": {
          "line": 346,
          "column": 6
        }
      },
      "160": {
        "start": {
          "line": 328,
          "column": 6
        },
        "end": {
          "line": 345,
          "column": 8
        }
      },
      "161": {
        "start": {
          "line": 330,
          "column": 19
        },
        "end": {
          "line": 330,
          "column": 37
        }
      },
      "162": {
        "start": {
          "line": 332,
          "column": 8
        },
        "end": {
          "line": 338,
          "column": 9
        }
      },
      "163": {
        "start": {
          "line": 333,
          "column": 10
        },
        "end": {
          "line": 333,
          "column": 46
        }
      },
      "164": {
        "start": {
          "line": 334,
          "column": 10
        },
        "end": {
          "line": 334,
          "column": 35
        }
      },
      "165": {
        "start": {
          "line": 336,
          "column": 10
        },
        "end": {
          "line": 336,
          "column": 64
        }
      },
      "166": {
        "start": {
          "line": 337,
          "column": 10
        },
        "end": {
          "line": 337,
          "column": 61
        }
      },
      "167": {
        "start": {
          "line": 340,
          "column": 8
        },
        "end": {
          "line": 344,
          "column": 9
        }
      },
      "168": {
        "start": {
          "line": 341,
          "column": 10
        },
        "end": {
          "line": 341,
          "column": 23
        }
      },
      "169": {
        "start": {
          "line": 343,
          "column": 10
        },
        "end": {
          "line": 343,
          "column": 39
        }
      },
      "170": {
        "start": {
          "line": 350,
          "column": 19
        },
        "end": {
          "line": 350,
          "column": 56
        }
      },
      "171": {
        "start": {
          "line": 351,
          "column": 27
        },
        "end": {
          "line": 351,
          "column": 65
        }
      },
      "172": {
        "start": {
          "line": 353,
          "column": 2
        },
        "end": {
          "line": 362,
          "column": 3
        }
      },
      "173": {
        "start": {
          "line": 354,
          "column": 4
        },
        "end": {
          "line": 361,
          "column": 6
        }
      },
      "174": {
        "start": {
          "line": 355,
          "column": 6
        },
        "end": {
          "line": 360,
          "column": 8
        }
      },
      "175": {
        "start": {
          "line": 356,
          "column": 8
        },
        "end": {
          "line": 356,
          "column": 40
        }
      },
      "176": {
        "start": {
          "line": 357,
          "column": 8
        },
        "end": {
          "line": 357,
          "column": 38
        }
      },
      "177": {
        "start": {
          "line": 358,
          "column": 8
        },
        "end": {
          "line": 358,
          "column": 36
        }
      },
      "178": {
        "start": {
          "line": 359,
          "column": 8
        },
        "end": {
          "line": 359,
          "column": 44
        }
      },
      "179": {
        "start": {
          "line": 364,
          "column": 2
        },
        "end": {
          "line": 373,
          "column": 3
        }
      },
      "180": {
        "start": {
          "line": 365,
          "column": 4
        },
        "end": {
          "line": 372,
          "column": 6
        }
      },
      "181": {
        "start": {
          "line": 366,
          "column": 6
        },
        "end": {
          "line": 371,
          "column": 8
        }
      },
      "182": {
        "start": {
          "line": 367,
          "column": 8
        },
        "end": {
          "line": 367,
          "column": 41
        }
      },
      "183": {
        "start": {
          "line": 368,
          "column": 8
        },
        "end": {
          "line": 368,
          "column": 37
        }
      },
      "184": {
        "start": {
          "line": 369,
          "column": 8
        },
        "end": {
          "line": 369,
          "column": 39
        }
      },
      "185": {
        "start": {
          "line": 370,
          "column": 8
        },
        "end": {
          "line": 370,
          "column": 43
        }
      },
      "186": {
        "start": {
          "line": 376,
          "column": 30
        },
        "end": {
          "line": 376,
          "column": 67
        }
      },
      "187": {
        "start": {
          "line": 377,
          "column": 30
        },
        "end": {
          "line": 377,
          "column": 67
        }
      },
      "188": {
        "start": {
          "line": 379,
          "column": 2
        },
        "end": {
          "line": 387,
          "column": 3
        }
      },
      "189": {
        "start": {
          "line": 380,
          "column": 4
        },
        "end": {
          "line": 386,
          "column": 6
        }
      },
      "190": {
        "start": {
          "line": 381,
          "column": 6
        },
        "end": {
          "line": 385,
          "column": 8
        }
      },
      "191": {
        "start": {
          "line": 382,
          "column": 8
        },
        "end": {
          "line": 382,
          "column": 40
        }
      },
      "192": {
        "start": {
          "line": 383,
          "column": 8
        },
        "end": {
          "line": 383,
          "column": 37
        }
      },
      "193": {
        "start": {
          "line": 384,
          "column": 8
        },
        "end": {
          "line": 384,
          "column": 56
        }
      },
      "194": {
        "start": {
          "line": 389,
          "column": 2
        },
        "end": {
          "line": 397,
          "column": 3
        }
      },
      "195": {
        "start": {
          "line": 390,
          "column": 4
        },
        "end": {
          "line": 396,
          "column": 6
        }
      },
      "196": {
        "start": {
          "line": 391,
          "column": 6
        },
        "end": {
          "line": 395,
          "column": 8
        }
      },
      "197": {
        "start": {
          "line": 392,
          "column": 8
        },
        "end": {
          "line": 392,
          "column": 37
        }
      },
      "198": {
        "start": {
          "line": 393,
          "column": 8
        },
        "end": {
          "line": 393,
          "column": 40
        }
      },
      "199": {
        "start": {
          "line": 394,
          "column": 8
        },
        "end": {
          "line": 394,
          "column": 59
        }
      },
      "200": {
        "start": {
          "line": 402,
          "column": 19
        },
        "end": {
          "line": 402,
          "column": 59
        }
      },
      "201": {
        "start": {
          "line": 404,
          "column": 2
        },
        "end": {
          "line": 425,
          "column": 4
        }
      },
      "202": {
        "start": {
          "line": 405,
          "column": 4
        },
        "end": {
          "line": 424,
          "column": 5
        }
      },
      "203": {
        "start": {
          "line": 406,
          "column": 31
        },
        "end": {
          "line": 406,
          "column": 65
        }
      },
      "204": {
        "start": {
          "line": 407,
          "column": 22
        },
        "end": {
          "line": 407,
          "column": 58
        }
      },
      "205": {
        "start": {
          "line": 409,
          "column": 6
        },
        "end": {
          "line": 423,
          "column": 7
        }
      },
      "206": {
        "start": {
          "line": 410,
          "column": 8
        },
        "end": {
          "line": 422,
          "column": 10
        }
      },
      "207": {
        "start": {
          "line": 411,
          "column": 10
        },
        "end": {
          "line": 421,
          "column": 12
        }
      },
      "208": {
        "start": {
          "line": 412,
          "column": 12
        },
        "end": {
          "line": 419,
          "column": 13
        }
      },
      "209": {
        "start": {
          "line": 413,
          "column": 14
        },
        "end": {
          "line": 417,
          "column": 15
        }
      },
      "210": {
        "start": {
          "line": 414,
          "column": 16
        },
        "end": {
          "line": 416,
          "column": 17
        }
      },
      "211": {
        "start": {
          "line": 415,
          "column": 18
        },
        "end": {
          "line": 415,
          "column": 48
        }
      },
      "212": {
        "start": {
          "line": 418,
          "column": 14
        },
        "end": {
          "line": 418,
          "column": 44
        }
      },
      "213": {
        "start": {
          "line": 420,
          "column": 12
        },
        "end": {
          "line": 420,
          "column": 71
        }
      },
      "214": {
        "start": {
          "line": 429,
          "column": 17
        },
        "end": {
          "line": 429,
          "column": 63
        }
      },
      "215": {
        "start": {
          "line": 430,
          "column": 19
        },
        "end": {
          "line": 430,
          "column": 67
        }
      },
      "216": {
        "start": {
          "line": 432,
          "column": 2
        },
        "end": {
          "line": 438,
          "column": 3
        }
      },
      "217": {
        "start": {
          "line": 433,
          "column": 4
        },
        "end": {
          "line": 433,
          "column": 37
        }
      },
      "218": {
        "start": {
          "line": 434,
          "column": 4
        },
        "end": {
          "line": 434,
          "column": 36
        }
      },
      "219": {
        "start": {
          "line": 436,
          "column": 4
        },
        "end": {
          "line": 436,
          "column": 34
        }
      },
      "220": {
        "start": {
          "line": 437,
          "column": 4
        },
        "end": {
          "line": 437,
          "column": 39
        }
      },
      "221": {
        "start": {
          "line": 444,
          "column": 2
        },
        "end": {
          "line": 453,
          "column": 3
        }
      },
      "222": {
        "start": {
          "line": 445,
          "column": 4
        },
        "end": {
          "line": 448,
          "column": 40
        }
      },
      "223": {
        "start": {
          "line": 450,
          "column": 4
        },
        "end": {
          "line": 452,
          "column": 40
        }
      },
      "224": {
        "start": {
          "line": 455,
          "column": 2
        },
        "end": {
          "line": 491,
          "column": 3
        }
      },
      "225": {
        "start": {
          "line": 456,
          "column": 4
        },
        "end": {
          "line": 490,
          "column": 6
        }
      },
      "226": {
        "start": {
          "line": 457,
          "column": 18
        },
        "end": {
          "line": 457,
          "column": 57
        }
      },
      "227": {
        "start": {
          "line": 461,
          "column": 6
        },
        "end": {
          "line": 468,
          "column": 7
        }
      },
      "228": {
        "start": {
          "line": 462,
          "column": 29
        },
        "end": {
          "line": 462,
          "column": 47
        }
      },
      "229": {
        "start": {
          "line": 463,
          "column": 8
        },
        "end": {
          "line": 463,
          "column": 70
        }
      },
      "230": {
        "start": {
          "line": 464,
          "column": 8
        },
        "end": {
          "line": 464,
          "column": 55
        }
      },
      "231": {
        "start": {
          "line": 466,
          "column": 8
        },
        "end": {
          "line": 466,
          "column": 61
        }
      },
      "232": {
        "start": {
          "line": 467,
          "column": 8
        },
        "end": {
          "line": 467,
          "column": 70
        }
      },
      "233": {
        "start": {
          "line": 471,
          "column": 6
        },
        "end": {
          "line": 475,
          "column": 8
        }
      },
      "234": {
        "start": {
          "line": 472,
          "column": 8
        },
        "end": {
          "line": 474,
          "column": 9
        }
      },
      "235": {
        "start": {
          "line": 473,
          "column": 10
        },
        "end": {
          "line": 473,
          "column": 23
        }
      },
      "236": {
        "start": {
          "line": 478,
          "column": 6
        },
        "end": {
          "line": 480,
          "column": 7
        }
      },
      "237": {
        "start": {
          "line": 479,
          "column": 8
        },
        "end": {
          "line": 479,
          "column": 37
        }
      },
      "238": {
        "start": {
          "line": 481,
          "column": 6
        },
        "end": {
          "line": 481,
          "column": 44
        }
      },
      "239": {
        "start": {
          "line": 483,
          "column": 6
        },
        "end": {
          "line": 489,
          "column": 7
        }
      },
      "240": {
        "start": {
          "line": 484,
          "column": 8
        },
        "end": {
          "line": 485,
          "column": 50
        }
      },
      "241": {
        "start": {
          "line": 485,
          "column": 10
        },
        "end": {
          "line": 485,
          "column": 50
        }
      },
      "242": {
        "start": {
          "line": 487,
          "column": 8
        },
        "end": {
          "line": 488,
          "column": 52
        }
      },
      "243": {
        "start": {
          "line": 488,
          "column": 10
        },
        "end": {
          "line": 488,
          "column": 52
        }
      },
      "244": {
        "start": {
          "line": 498,
          "column": 14
        },
        "end": {
          "line": 498,
          "column": 16
        }
      },
      "245": {
        "start": {
          "line": 499,
          "column": 19
        },
        "end": {
          "line": 499,
          "column": 21
        }
      },
      "246": {
        "start": {
          "line": 501,
          "column": 14
        },
        "end": {
          "line": 501,
          "column": 44
        }
      },
      "247": {
        "start": {
          "line": 502,
          "column": 23
        },
        "end": {
          "line": 502,
          "column": 41
        }
      },
      "248": {
        "start": {
          "line": 504,
          "column": 2
        },
        "end": {
          "line": 504,
          "column": 28
        }
      },
      "249": {
        "start": {
          "line": 505,
          "column": 2
        },
        "end": {
          "line": 505,
          "column": 30
        }
      },
      "250": {
        "start": {
          "line": 506,
          "column": 2
        },
        "end": {
          "line": 506,
          "column": 20
        }
      },
      "251": {
        "start": {
          "line": 507,
          "column": 2
        },
        "end": {
          "line": 507,
          "column": 38
        }
      },
      "252": {
        "start": {
          "line": 508,
          "column": 2
        },
        "end": {
          "line": 508,
          "column": 23
        }
      },
      "253": {
        "start": {
          "line": 511,
          "column": 24
        },
        "end": {
          "line": 511,
          "column": 54
        }
      },
      "254": {
        "start": {
          "line": 513,
          "column": 2
        },
        "end": {
          "line": 524,
          "column": 3
        }
      },
      "255": {
        "start": {
          "line": 513,
          "column": 15
        },
        "end": {
          "line": 513,
          "column": 16
        }
      },
      "256": {
        "start": {
          "line": 514,
          "column": 4
        },
        "end": {
          "line": 523,
          "column": 6
        }
      },
      "257": {
        "start": {
          "line": 515,
          "column": 6
        },
        "end": {
          "line": 515,
          "column": 28
        }
      },
      "258": {
        "start": {
          "line": 518,
          "column": 24
        },
        "end": {
          "line": 518,
          "column": 62
        }
      },
      "259": {
        "start": {
          "line": 520,
          "column": 6
        },
        "end": {
          "line": 522,
          "column": 7
        }
      },
      "260": {
        "start": {
          "line": 521,
          "column": 8
        },
        "end": {
          "line": 521,
          "column": 44
        }
      },
      "261": {
        "start": {
          "line": 528,
          "column": 2
        },
        "end": {
          "line": 528,
          "column": 40
        }
      },
      "262": {
        "start": {
          "line": 528,
          "column": 29
        },
        "end": {
          "line": 528,
          "column": 40
        }
      },
      "263": {
        "start": {
          "line": 538,
          "column": 14
        },
        "end": {
          "line": 538,
          "column": 44
        }
      },
      "264": {
        "start": {
          "line": 539,
          "column": 23
        },
        "end": {
          "line": 539,
          "column": 41
        }
      },
      "265": {
        "start": {
          "line": 540,
          "column": 26
        },
        "end": {
          "line": 540,
          "column": 75
        }
      },
      "266": {
        "start": {
          "line": 543,
          "column": 2
        },
        "end": {
          "line": 637,
          "column": 3
        }
      },
      "267": {
        "start": {
          "line": 544,
          "column": 23
        },
        "end": {
          "line": 544,
          "column": 72
        }
      },
      "268": {
        "start": {
          "line": 545,
          "column": 27
        },
        "end": {
          "line": 545,
          "column": 77
        }
      },
      "269": {
        "start": {
          "line": 547,
          "column": 30
        },
        "end": {
          "line": 547,
          "column": 32
        }
      },
      "270": {
        "start": {
          "line": 548,
          "column": 4
        },
        "end": {
          "line": 548,
          "column": 32
        }
      },
      "271": {
        "start": {
          "line": 556,
          "column": 4
        },
        "end": {
          "line": 590,
          "column": 6
        }
      },
      "272": {
        "start": {
          "line": 557,
          "column": 30
        },
        "end": {
          "line": 557,
          "column": 70
        }
      },
      "273": {
        "start": {
          "line": 558,
          "column": 28
        },
        "end": {
          "line": 558,
          "column": 65
        }
      },
      "274": {
        "start": {
          "line": 560,
          "column": 6
        },
        "end": {
          "line": 589,
          "column": 7
        }
      },
      "275": {
        "start": {
          "line": 561,
          "column": 8
        },
        "end": {
          "line": 561,
          "column": 46
        }
      },
      "276": {
        "start": {
          "line": 564,
          "column": 8
        },
        "end": {
          "line": 566,
          "column": 9
        }
      },
      "277": {
        "start": {
          "line": 564,
          "column": 21
        },
        "end": {
          "line": 564,
          "column": 22
        }
      },
      "278": {
        "start": {
          "line": 565,
          "column": 10
        },
        "end": {
          "line": 565,
          "column": 52
        }
      },
      "279": {
        "start": {
          "line": 567,
          "column": 13
        },
        "end": {
          "line": 589,
          "column": 7
        }
      },
      "280": {
        "start": {
          "line": 569,
          "column": 8
        },
        "end": {
          "line": 574,
          "column": 9
        }
      },
      "281": {
        "start": {
          "line": 569,
          "column": 21
        },
        "end": {
          "line": 569,
          "column": 22
        }
      },
      "282": {
        "start": {
          "line": 570,
          "column": 30
        },
        "end": {
          "line": 570,
          "column": 79
        }
      },
      "283": {
        "start": {
          "line": 571,
          "column": 25
        },
        "end": {
          "line": 571,
          "column": 57
        }
      },
      "284": {
        "start": {
          "line": 572,
          "column": 10
        },
        "end": {
          "line": 572,
          "column": 36
        }
      },
      "285": {
        "start": {
          "line": 573,
          "column": 10
        },
        "end": {
          "line": 573,
          "column": 42
        }
      },
      "286": {
        "start": {
          "line": 576,
          "column": 8
        },
        "end": {
          "line": 578,
          "column": 9
        }
      },
      "287": {
        "start": {
          "line": 577,
          "column": 10
        },
        "end": {
          "line": 577,
          "column": 49
        }
      },
      "288": {
        "start": {
          "line": 579,
          "column": 13
        },
        "end": {
          "line": 589,
          "column": 7
        }
      },
      "289": {
        "start": {
          "line": 581,
          "column": 8
        },
        "end": {
          "line": 586,
          "column": 9
        }
      },
      "290": {
        "start": {
          "line": 581,
          "column": 21
        },
        "end": {
          "line": 581,
          "column": 22
        }
      },
      "291": {
        "start": {
          "line": 582,
          "column": 30
        },
        "end": {
          "line": 582,
          "column": 79
        }
      },
      "292": {
        "start": {
          "line": 583,
          "column": 25
        },
        "end": {
          "line": 583,
          "column": 57
        }
      },
      "293": {
        "start": {
          "line": 584,
          "column": 10
        },
        "end": {
          "line": 584,
          "column": 37
        }
      },
      "294": {
        "start": {
          "line": 585,
          "column": 10
        },
        "end": {
          "line": 585,
          "column": 45
        }
      },
      "295": {
        "start": {
          "line": 587,
          "column": 8
        },
        "end": {
          "line": 587,
          "column": 36
        }
      },
      "296": {
        "start": {
          "line": 588,
          "column": 8
        },
        "end": {
          "line": 588,
          "column": 48
        }
      },
      "297": {
        "start": {
          "line": 598,
          "column": 26
        },
        "end": {
          "line": 598,
          "column": 63
        }
      },
      "298": {
        "start": {
          "line": 599,
          "column": 4
        },
        "end": {
          "line": 636,
          "column": 6
        }
      },
      "299": {
        "start": {
          "line": 600,
          "column": 21
        },
        "end": {
          "line": 600,
          "column": 43
        }
      },
      "300": {
        "start": {
          "line": 601,
          "column": 6
        },
        "end": {
          "line": 604,
          "column": 7
        }
      },
      "301": {
        "start": {
          "line": 602,
          "column": 8
        },
        "end": {
          "line": 602,
          "column": 34
        }
      },
      "302": {
        "start": {
          "line": 603,
          "column": 8
        },
        "end": {
          "line": 603,
          "column": 40
        }
      },
      "303": {
        "start": {
          "line": 607,
          "column": 6
        },
        "end": {
          "line": 635,
          "column": 8
        }
      },
      "304": {
        "start": {
          "line": 608,
          "column": 23
        },
        "end": {
          "line": 608,
          "column": 45
        }
      },
      "305": {
        "start": {
          "line": 610,
          "column": 8
        },
        "end": {
          "line": 612,
          "column": 9
        }
      },
      "306": {
        "start": {
          "line": 611,
          "column": 10
        },
        "end": {
          "line": 611,
          "column": 57
        }
      },
      "307": {
        "start": {
          "line": 613,
          "column": 8
        },
        "end": {
          "line": 622,
          "column": 9
        }
      },
      "308": {
        "start": {
          "line": 614,
          "column": 10
        },
        "end": {
          "line": 614,
          "column": 36
        }
      },
      "309": {
        "start": {
          "line": 615,
          "column": 10
        },
        "end": {
          "line": 615,
          "column": 42
        }
      },
      "310": {
        "start": {
          "line": 617,
          "column": 10
        },
        "end": {
          "line": 620,
          "column": 11
        }
      },
      "311": {
        "start": {
          "line": 618,
          "column": 12
        },
        "end": {
          "line": 618,
          "column": 38
        }
      },
      "312": {
        "start": {
          "line": 619,
          "column": 12
        },
        "end": {
          "line": 619,
          "column": 47
        }
      },
      "313": {
        "start": {
          "line": 621,
          "column": 10
        },
        "end": {
          "line": 621,
          "column": 36
        }
      },
      "314": {
        "start": {
          "line": 625,
          "column": 8
        },
        "end": {
          "line": 627,
          "column": 9
        }
      },
      "315": {
        "start": {
          "line": 626,
          "column": 10
        },
        "end": {
          "line": 626,
          "column": 35
        }
      },
      "316": {
        "start": {
          "line": 630,
          "column": 8
        },
        "end": {
          "line": 634,
          "column": 9
        }
      },
      "317": {
        "start": {
          "line": 631,
          "column": 10
        },
        "end": {
          "line": 631,
          "column": 49
        }
      },
      "318": {
        "start": {
          "line": 633,
          "column": 10
        },
        "end": {
          "line": 633,
          "column": 50
        }
      },
      "319": {
        "start": {
          "line": 647,
          "column": 14
        },
        "end": {
          "line": 647,
          "column": 44
        }
      },
      "320": {
        "start": {
          "line": 648,
          "column": 23
        },
        "end": {
          "line": 648,
          "column": 41
        }
      },
      "321": {
        "start": {
          "line": 649,
          "column": 14
        },
        "end": {
          "line": 649,
          "column": 60
        }
      },
      "322": {
        "start": {
          "line": 651,
          "column": 2
        },
        "end": {
          "line": 657,
          "column": 3
        }
      },
      "323": {
        "start": {
          "line": 652,
          "column": 4
        },
        "end": {
          "line": 656,
          "column": 5
        }
      },
      "324": {
        "start": {
          "line": 653,
          "column": 6
        },
        "end": {
          "line": 653,
          "column": 33
        }
      },
      "325": {
        "start": {
          "line": 655,
          "column": 6
        },
        "end": {
          "line": 655,
          "column": 36
        }
      },
      "326": {
        "start": {
          "line": 662,
          "column": 2
        },
        "end": {
          "line": 662,
          "column": 47
        }
      },
      "327": {
        "start": {
          "line": 667,
          "column": 14
        },
        "end": {
          "line": 667,
          "column": 44
        }
      },
      "328": {
        "start": {
          "line": 668,
          "column": 23
        },
        "end": {
          "line": 668,
          "column": 41
        }
      },
      "329": {
        "start": {
          "line": 670,
          "column": 14
        },
        "end": {
          "line": 670,
          "column": 56
        }
      },
      "330": {
        "start": {
          "line": 671,
          "column": 19
        },
        "end": {
          "line": 671,
          "column": 67
        }
      },
      "331": {
        "start": {
          "line": 673,
          "column": 2
        },
        "end": {
          "line": 688,
          "column": 3
        }
      },
      "332": {
        "start": {
          "line": 674,
          "column": 4
        },
        "end": {
          "line": 687,
          "column": 6
        }
      },
      "333": {
        "start": {
          "line": 675,
          "column": 20
        },
        "end": {
          "line": 675,
          "column": 61
        }
      },
      "334": {
        "start": {
          "line": 677,
          "column": 6
        },
        "end": {
          "line": 677,
          "column": 66
        }
      },
      "335": {
        "start": {
          "line": 678,
          "column": 6
        },
        "end": {
          "line": 678,
          "column": 63
        }
      },
      "336": {
        "start": {
          "line": 680,
          "column": 26
        },
        "end": {
          "line": 680,
          "column": 75
        }
      },
      "337": {
        "start": {
          "line": 682,
          "column": 6
        },
        "end": {
          "line": 684,
          "column": 8
        }
      },
      "338": {
        "start": {
          "line": 683,
          "column": 8
        },
        "end": {
          "line": 683,
          "column": 24
        }
      },
      "339": {
        "start": {
          "line": 686,
          "column": 6
        },
        "end": {
          "line": 686,
          "column": 35
        }
      },
      "340": {
        "start": {
          "line": 693,
          "column": 14
        },
        "end": {
          "line": 693,
          "column": 44
        }
      },
      "341": {
        "start": {
          "line": 694,
          "column": 18
        },
        "end": {
          "line": 694,
          "column": 55
        }
      },
      "342": {
        "start": {
          "line": 695,
          "column": 16
        },
        "end": {
          "line": 695,
          "column": 18
        }
      },
      "343": {
        "start": {
          "line": 696,
          "column": 2
        },
        "end": {
          "line": 696,
          "column": 18
        }
      },
      "344": {
        "start": {
          "line": 698,
          "column": 2
        },
        "end": {
          "line": 702,
          "column": 4
        }
      },
      "345": {
        "start": {
          "line": 699,
          "column": 4
        },
        "end": {
          "line": 701,
          "column": 5
        }
      },
      "346": {
        "start": {
          "line": 700,
          "column": 6
        },
        "end": {
          "line": 700,
          "column": 48
        }
      },
      "347": {
        "start": {
          "line": 703,
          "column": 2
        },
        "end": {
          "line": 703,
          "column": 16
        }
      },
      "348": {
        "start": {
          "line": 704,
          "column": 17
        },
        "end": {
          "line": 704,
          "column": 67
        }
      },
      "349": {
        "start": {
          "line": 705,
          "column": 19
        },
        "end": {
          "line": 705,
          "column": 52
        }
      },
      "350": {
        "start": {
          "line": 706,
          "column": 2
        },
        "end": {
          "line": 706,
          "column": 46
        }
      },
      "351": {
        "start": {
          "line": 709,
          "column": 2
        },
        "end": {
          "line": 713,
          "column": 3
        }
      },
      "352": {
        "start": {
          "line": 709,
          "column": 15
        },
        "end": {
          "line": 709,
          "column": 16
        }
      },
      "353": {
        "start": {
          "line": 710,
          "column": 4
        },
        "end": {
          "line": 712,
          "column": 5
        }
      },
      "354": {
        "start": {
          "line": 711,
          "column": 6
        },
        "end": {
          "line": 711,
          "column": 34
        }
      },
      "355": {
        "start": {
          "line": 714,
          "column": 2
        },
        "end": {
          "line": 714,
          "column": 15
        }
      },
      "356": {
        "start": {
          "line": 720,
          "column": 14
        },
        "end": {
          "line": 720,
          "column": 44
        }
      },
      "357": {
        "start": {
          "line": 721,
          "column": 23
        },
        "end": {
          "line": 721,
          "column": 41
        }
      },
      "358": {
        "start": {
          "line": 723,
          "column": 4
        },
        "end": {
          "line": 723,
          "column": 52
        }
      },
      "359": {
        "start": {
          "line": 724,
          "column": 32
        },
        "end": {
          "line": 726,
          "column": 40
        }
      },
      "360": {
        "start": {
          "line": 727,
          "column": 21
        },
        "end": {
          "line": 727,
          "column": 68
        }
      },
      "361": {
        "start": {
          "line": 728,
          "column": 30
        },
        "end": {
          "line": 728,
          "column": 78
        }
      },
      "362": {
        "start": {
          "line": 729,
          "column": 23
        },
        "end": {
          "line": 729,
          "column": 68
        }
      },
      "363": {
        "start": {
          "line": 730,
          "column": 21
        },
        "end": {
          "line": 730,
          "column": 61
        }
      },
      "364": {
        "start": {
          "line": 731,
          "column": 18
        },
        "end": {
          "line": 731,
          "column": 62
        }
      },
      "365": {
        "start": {
          "line": 732,
          "column": 18
        },
        "end": {
          "line": 732,
          "column": 64
        }
      },
      "366": {
        "start": {
          "line": 733,
          "column": 19
        },
        "end": {
          "line": 733,
          "column": 54
        }
      },
      "367": {
        "start": {
          "line": 734,
          "column": 14
        },
        "end": {
          "line": 734,
          "column": 16
        }
      },
      "368": {
        "start": {
          "line": 735,
          "column": 19
        },
        "end": {
          "line": 735,
          "column": 21
        }
      },
      "369": {
        "start": {
          "line": 736,
          "column": 20
        },
        "end": {
          "line": 736,
          "column": 21
        }
      },
      "370": {
        "start": {
          "line": 737,
          "column": 18
        },
        "end": {
          "line": 737,
          "column": 19
        }
      },
      "371": {
        "start": {
          "line": 740,
          "column": 2
        },
        "end": {
          "line": 745,
          "column": 4
        }
      },
      "372": {
        "start": {
          "line": 741,
          "column": 19
        },
        "end": {
          "line": 741,
          "column": 51
        }
      },
      "373": {
        "start": {
          "line": 742,
          "column": 4
        },
        "end": {
          "line": 742,
          "column": 41
        }
      },
      "374": {
        "start": {
          "line": 744,
          "column": 4
        },
        "end": {
          "line": 744,
          "column": 49
        }
      },
      "375": {
        "start": {
          "line": 747,
          "column": 2
        },
        "end": {
          "line": 751,
          "column": 4
        }
      },
      "376": {
        "start": {
          "line": 748,
          "column": 4
        },
        "end": {
          "line": 750,
          "column": 5
        }
      },
      "377": {
        "start": {
          "line": 749,
          "column": 6
        },
        "end": {
          "line": 749,
          "column": 49
        }
      },
      "378": {
        "start": {
          "line": 754,
          "column": 2
        },
        "end": {
          "line": 766,
          "column": 4
        }
      },
      "379": {
        "start": {
          "line": 755,
          "column": 27
        },
        "end": {
          "line": 755,
          "column": 71
        }
      },
      "380": {
        "start": {
          "line": 758,
          "column": 4
        },
        "end": {
          "line": 758,
          "column": 66
        }
      },
      "381": {
        "start": {
          "line": 759,
          "column": 4
        },
        "end": {
          "line": 759,
          "column": 25
        }
      },
      "382": {
        "start": {
          "line": 760,
          "column": 4
        },
        "end": {
          "line": 760,
          "column": 19
        }
      },
      "383": {
        "start": {
          "line": 762,
          "column": 4
        },
        "end": {
          "line": 762,
          "column": 41
        }
      },
      "384": {
        "start": {
          "line": 763,
          "column": 4
        },
        "end": {
          "line": 763,
          "column": 79
        }
      },
      "385": {
        "start": {
          "line": 765,
          "column": 4
        },
        "end": {
          "line": 765,
          "column": 60
        }
      },
      "386": {
        "start": {
          "line": 769,
          "column": 2
        },
        "end": {
          "line": 781,
          "column": 4
        }
      },
      "387": {
        "start": {
          "line": 770,
          "column": 27
        },
        "end": {
          "line": 770,
          "column": 71
        }
      },
      "388": {
        "start": {
          "line": 773,
          "column": 4
        },
        "end": {
          "line": 773,
          "column": 66
        }
      },
      "389": {
        "start": {
          "line": 774,
          "column": 4
        },
        "end": {
          "line": 774,
          "column": 25
        }
      },
      "390": {
        "start": {
          "line": 775,
          "column": 4
        },
        "end": {
          "line": 775,
          "column": 19
        }
      },
      "391": {
        "start": {
          "line": 777,
          "column": 4
        },
        "end": {
          "line": 777,
          "column": 41
        }
      },
      "392": {
        "start": {
          "line": 778,
          "column": 4
        },
        "end": {
          "line": 778,
          "column": 79
        }
      },
      "393": {
        "start": {
          "line": 780,
          "column": 4
        },
        "end": {
          "line": 780,
          "column": 60
        }
      },
      "394": {
        "start": {
          "line": 784,
          "column": 2
        },
        "end": {
          "line": 803,
          "column": 4
        }
      },
      "395": {
        "start": {
          "line": 785,
          "column": 4
        },
        "end": {
          "line": 802,
          "column": 5
        }
      },
      "396": {
        "start": {
          "line": 786,
          "column": 29
        },
        "end": {
          "line": 786,
          "column": 73
        }
      },
      "397": {
        "start": {
          "line": 789,
          "column": 6
        },
        "end": {
          "line": 789,
          "column": 68
        }
      },
      "398": {
        "start": {
          "line": 790,
          "column": 6
        },
        "end": {
          "line": 790,
          "column": 27
        }
      },
      "399": {
        "start": {
          "line": 791,
          "column": 6
        },
        "end": {
          "line": 791,
          "column": 21
        }
      },
      "400": {
        "start": {
          "line": 793,
          "column": 6
        },
        "end": {
          "line": 793,
          "column": 43
        }
      },
      "401": {
        "start": {
          "line": 794,
          "column": 6
        },
        "end": {
          "line": 799,
          "column": 7
        }
      },
      "402": {
        "start": {
          "line": 801,
          "column": 6
        },
        "end": {
          "line": 801,
          "column": 62
        }
      },
      "403": {
        "start": {
          "line": 806,
          "column": 2
        },
        "end": {
          "line": 814,
          "column": 4
        }
      },
      "404": {
        "start": {
          "line": 807,
          "column": 4
        },
        "end": {
          "line": 813,
          "column": 5
        }
      },
      "405": {
        "start": {
          "line": 808,
          "column": 6
        },
        "end": {
          "line": 808,
          "column": 51
        }
      },
      "406": {
        "start": {
          "line": 809,
          "column": 6
        },
        "end": {
          "line": 809,
          "column": 27
        }
      },
      "407": {
        "start": {
          "line": 810,
          "column": 6
        },
        "end": {
          "line": 810,
          "column": 52
        }
      },
      "408": {
        "start": {
          "line": 811,
          "column": 6
        },
        "end": {
          "line": 811,
          "column": 27
        }
      },
      "409": {
        "start": {
          "line": 812,
          "column": 6
        },
        "end": {
          "line": 812,
          "column": 21
        }
      },
      "410": {
        "start": {
          "line": 817,
          "column": 2
        },
        "end": {
          "line": 834,
          "column": 4
        }
      },
      "411": {
        "start": {
          "line": 818,
          "column": 4
        },
        "end": {
          "line": 818,
          "column": 27
        }
      },
      "412": {
        "start": {
          "line": 819,
          "column": 4
        },
        "end": {
          "line": 819,
          "column": 17
        }
      },
      "413": {
        "start": {
          "line": 820,
          "column": 4
        },
        "end": {
          "line": 822,
          "column": 5
        }
      },
      "414": {
        "start": {
          "line": 821,
          "column": 6
        },
        "end": {
          "line": 821,
          "column": 41
        }
      },
      "415": {
        "start": {
          "line": 823,
          "column": 4
        },
        "end": {
          "line": 825,
          "column": 66
        }
      },
      "416": {
        "start": {
          "line": 826,
          "column": 24
        },
        "end": {
          "line": 826,
          "column": 45
        }
      },
      "417": {
        "start": {
          "line": 827,
          "column": 27
        },
        "end": {
          "line": 827,
          "column": 50
        }
      },
      "418": {
        "start": {
          "line": 829,
          "column": 4
        },
        "end": {
          "line": 833,
          "column": 5
        }
      },
      "419": {
        "start": {
          "line": 830,
          "column": 6
        },
        "end": {
          "line": 830,
          "column": 44
        }
      },
      "420": {
        "start": {
          "line": 831,
          "column": 6
        },
        "end": {
          "line": 831,
          "column": 44
        }
      },
      "421": {
        "start": {
          "line": 832,
          "column": 6
        },
        "end": {
          "line": 832,
          "column": 37
        }
      },
      "422": {
        "start": {
          "line": 837,
          "column": 2
        },
        "end": {
          "line": 852,
          "column": 4
        }
      },
      "423": {
        "start": {
          "line": 838,
          "column": 4
        },
        "end": {
          "line": 838,
          "column": 27
        }
      },
      "424": {
        "start": {
          "line": 839,
          "column": 4
        },
        "end": {
          "line": 839,
          "column": 17
        }
      },
      "425": {
        "start": {
          "line": 841,
          "column": 4
        },
        "end": {
          "line": 843,
          "column": 5
        }
      },
      "426": {
        "start": {
          "line": 842,
          "column": 6
        },
        "end": {
          "line": 842,
          "column": 21
        }
      },
      "427": {
        "start": {
          "line": 844,
          "column": 4
        },
        "end": {
          "line": 846,
          "column": 66
        }
      },
      "428": {
        "start": {
          "line": 847,
          "column": 24
        },
        "end": {
          "line": 847,
          "column": 45
        }
      },
      "429": {
        "start": {
          "line": 848,
          "column": 27
        },
        "end": {
          "line": 848,
          "column": 50
        }
      },
      "430": {
        "start": {
          "line": 849,
          "column": 4
        },
        "end": {
          "line": 849,
          "column": 42
        }
      },
      "431": {
        "start": {
          "line": 850,
          "column": 4
        },
        "end": {
          "line": 850,
          "column": 42
        }
      },
      "432": {
        "start": {
          "line": 851,
          "column": 4
        },
        "end": {
          "line": 851,
          "column": 35
        }
      },
      "433": {
        "start": {
          "line": 855,
          "column": 2
        },
        "end": {
          "line": 861,
          "column": 4
        }
      },
      "434": {
        "start": {
          "line": 856,
          "column": 4
        },
        "end": {
          "line": 856,
          "column": 49
        }
      },
      "435": {
        "start": {
          "line": 857,
          "column": 4
        },
        "end": {
          "line": 857,
          "column": 25
        }
      },
      "436": {
        "start": {
          "line": 858,
          "column": 4
        },
        "end": {
          "line": 858,
          "column": 50
        }
      },
      "437": {
        "start": {
          "line": 859,
          "column": 4
        },
        "end": {
          "line": 859,
          "column": 25
        }
      },
      "438": {
        "start": {
          "line": 860,
          "column": 4
        },
        "end": {
          "line": 860,
          "column": 19
        }
      },
      "439": {
        "start": {
          "line": 866,
          "column": 23
        },
        "end": {
          "line": 866,
          "column": 41
        }
      },
      "440": {
        "start": {
          "line": 868,
          "column": 4
        },
        "end": {
          "line": 868,
          "column": 52
        }
      },
      "441": {
        "start": {
          "line": 869,
          "column": 27
        },
        "end": {
          "line": 871,
          "column": 3
        }
      },
      "442": {
        "start": {
          "line": 873,
          "column": 2
        },
        "end": {
          "line": 910,
          "column": 3
        }
      },
      "443": {
        "start": {
          "line": 875,
          "column": 4
        },
        "end": {
          "line": 875,
          "column": 44
        }
      },
      "444": {
        "start": {
          "line": 877,
          "column": 4
        },
        "end": {
          "line": 877,
          "column": 49
        }
      },
      "445": {
        "start": {
          "line": 880,
          "column": 4
        },
        "end": {
          "line": 888,
          "column": 5
        }
      },
      "446": {
        "start": {
          "line": 881,
          "column": 6
        },
        "end": {
          "line": 883,
          "column": 67
        }
      },
      "447": {
        "start": {
          "line": 885,
          "column": 6
        },
        "end": {
          "line": 887,
          "column": 65
        }
      },
      "448": {
        "start": {
          "line": 891,
          "column": 4
        },
        "end": {
          "line": 893,
          "column": 53
        }
      },
      "449": {
        "start": {
          "line": 895,
          "column": 27
        },
        "end": {
          "line": 895,
          "column": 37
        }
      },
      "450": {
        "start": {
          "line": 896,
          "column": 4
        },
        "end": {
          "line": 896,
          "column": 42
        }
      },
      "451": {
        "start": {
          "line": 897,
          "column": 4
        },
        "end": {
          "line": 897,
          "column": 35
        }
      },
      "452": {
        "start": {
          "line": 898,
          "column": 9
        },
        "end": {
          "line": 910,
          "column": 3
        }
      },
      "453": {
        "start": {
          "line": 902,
          "column": 4
        },
        "end": {
          "line": 902,
          "column": 47
        }
      },
      "454": {
        "start": {
          "line": 903,
          "column": 4
        },
        "end": {
          "line": 903,
          "column": 49
        }
      },
      "455": {
        "start": {
          "line": 904,
          "column": 4
        },
        "end": {
          "line": 906,
          "column": 46
        }
      },
      "456": {
        "start": {
          "line": 907,
          "column": 4
        },
        "end": {
          "line": 909,
          "column": 22
        }
      },
      "457": {
        "start": {
          "line": 915,
          "column": 14
        },
        "end": {
          "line": 915,
          "column": 44
        }
      },
      "458": {
        "start": {
          "line": 916,
          "column": 18
        },
        "end": {
          "line": 916,
          "column": 44
        }
      },
      "459": {
        "start": {
          "line": 918,
          "column": 14
        },
        "end": {
          "line": 918,
          "column": 15
        }
      },
      "460": {
        "start": {
          "line": 919,
          "column": 2
        },
        "end": {
          "line": 981,
          "column": 3
        }
      },
      "461": {
        "start": {
          "line": 921,
          "column": 4
        },
        "end": {
          "line": 969,
          "column": 5
        }
      },
      "462": {
        "start": {
          "line": 922,
          "column": 6
        },
        "end": {
          "line": 966,
          "column": 7
        }
      },
      "463": {
        "start": {
          "line": 924,
          "column": 22
        },
        "end": {
          "line": 924,
          "column": 63
        }
      },
      "464": {
        "start": {
          "line": 925,
          "column": 8
        },
        "end": {
          "line": 960,
          "column": 10
        }
[...]
        },
        "loc": {
          "start": {
            "line": 129,
            "column": 39
          },
          "end": {
            "line": 129,
            "column": 61
          }
        },
        "line": 129
      },
      "19": {
        "name": "detectLanguage",
        "decl": {
          "start": {
            "line": 134,
            "column": 9
          },
          "end": {
            "line": 134,
            "column": 23
          }
        },
        "loc": {
          "start": {
            "line": 134,
            "column": 31
          },
          "end": {
            "line": 142,
            "column": 1
          }
        },
        "line": 134
      },
      "20": {
        "name": "fetchCitySuggestions",
        "decl": {
          "start": {
            "line": 145,
            "column": 15
          },
          "end": {
            "line": 145,
            "column": 35
          }
        },
        "loc": {
          "start": {
            "line": 145,
            "column": 43
          },
          "end": {
            "line": 172,
            "column": 1
          }
        },
        "line": 145
      },
      "21": {
        "name": "displaySuggestions",
        "decl": {
          "start": {
            "line": 175,
            "column": 9
          },
          "end": {
            "line": 175,
            "column": 27
          }
        },
        "loc": {
          "start": {
            "line": 175,
            "column": 41
          },
          "end": {
            "line": 205,
            "column": 1
          }
        },
        "line": 175
      },
      "22": {
        "name": "(anonymous_22)",
        "decl": {
          "start": {
            "line": 185,
            "column": 22
          },
          "end": {
            "line": 185,
            "column": 23
          }
        },
        "loc": {
          "start": {
            "line": 185,
            "column": 38
          },
          "end": {
            "line": 202,
            "column": 3
          }
        },
        "line": 185
      },
      "23": {
        "name": "(anonymous_23)",
        "decl": {
          "start": {
            "line": 196,
            "column": 45
          },
          "end": {
            "line": 196,
            "column": 46
          }
        },
        "loc": {
          "start": {
            "line": 196,
            "column": 51
          },
          "end": {
            "line": 199,
            "column": 5
          }
        },
        "line": 196
      },
      "24": {
        "name": "(anonymous_24)",
        "decl": {
          "start": {
            "line": 211,
            "column": 13
          },
          "end": {
            "line": 211,
            "column": 14
          }
        },
        "loc": {
          "start": {
            "line": 211,
            "column": 19
          },
          "end": {
            "line": 214,
            "column": 5
          }
        },
        "line": 211
      },
      "25": {
        "name": "(anonymous_25)",
        "decl": {
          "start": {
            "line": 218,
            "column": 37
          },
          "end": {
            "line": 218,
            "column": 38
          }
        },
        "loc": {
          "start": {
            "line": 218,
            "column": 44
          },
          "end": {
            "line": 222,
            "column": 3
          }
        },
        "line": 218
      }
    },
    "branchMap": {
      "0": {
        "loc": {
          "start": {
            "line": 6,
            "column": 0
          },
          "end": {
            "line": 17,
            "column": 1
          }
        },
        "type": "if",
        "locations": [
          {
            "start": {
              "line": 6,
              "column": 0
            },
            "end": {
              "line": 17,
              "column": 1
            }
          },
          {
            "start": {},
            "end": {}
          }
        ],
        "line": 6
      },
      "1": {
        "loc": {
          "start": {
            "line": 8,
            "column": 4
          },
          "end": {
            "line": 15,
            "column": 5
          }
        },
        "type": "if",
        "locations": [
          {
            "start": {
              "line": 8,
              "column": 4
            },
            "end": {
              "line": 15,
              "column": 5
            }
          },
          {
            "start": {},
            "end": {}
          }
        ],
        "line": 8
      },
      "2": {
        "loc": {
          "start": {
            "line": 25,
            "column": 0
          },
          "end": {
            "line": 36,
            "column": 1
          }
        },
        "type": "if",
        "locations": [
          {
            "start": {
              "line": 25,
              "column": 0
            },
            "end": {
              "line": 36,
              "column": 1
            }
          },
          {
            "start": {},
            "end": {}
          }
        ],
        "line": 25
      },
      "3": {
        "loc": {
          "start": {
            "line": 27,
            "column": 4
          },
          "end": {
            "line": 34,
            "column": 5
          }
        },
        "type": "if",
        "locations": [
          {
            "start": {
              "line": 27,
              "column": 4
            },
            "end": {
              "line": 34,
              "column": 5
            }
          },
          {
            "start": {},
            "end": {}
          }
        ],
        "line": 27
      },
      "4": {
        "loc": {
          "start": {
            "line": 49,
            "column": 0
          },
          "end": {
            "line": 55,
            "column": 1
          }
        },
        "type": "if",
        "locations": [
          {
            "start": {
              "line": 49,
              "column": 0
            },
            "end": {
              "line": 55,
              "column": 1
            }
          },
          {
            "start": {},
            "end": {}
          }
        ],
        "line": 49
      },
      "5": {
        "loc": {
          "start": {
            "line": 57,
            "column": 0
          },
          "end": {
            "line": 63,
            "column": 1
          }
        },
        "type": "if",
        "locations": [
          {
            "start": {
              "line": 57,
              "column": 0
            },
            "end": {
              "line": 63,
              "column": 1
            }
          },
          {
            "start": {},
            "end": {}
          }
        ],
        "line": 57
      },
      "6": {
        "loc": {
          "start": {
            "line": 81,
            "column": 0
          },
          "end": {
            "line": 87,
            "column": 1
          }
        },
        "type": "if",
        "locations": [
          {
            "start": {
              "line": 81,
              "column": 0
            },
            "end": {
              "line": 87,
              "column": 1
            }
          },
          {
            "start": {},
            "end": {}
          }
        ],
        "line": 81
      },
      "7": {
        "loc": {
          "start": {
            "line": 89,
            "column": 0
          },
          "end": {
            "line": 95,
            "column": 1
          }
        },
        "type": "if",
        "locations": [
          {
            "start": {
              "line": 89,
              "column": 0
            },
            "end": {
              "line": 95,
              "column": 1
            }
          },
          {
            "start": {},
            "end": {}
          }
        ],
        "line": 89
      },
      "8": {
        "loc": {
          "start": {
            "line": 103,
            "column": 0
          },
          "end": {
            "line": 109,
            "column": 1
          }
        },
        "type": "if",
        "locations": [
          {
            "start": {
              "line": 103,
              "column": 0
            },
            "end": {
              "line": 109,
              "column": 1
            }
          },
          {
            "start": {},
            "end": {}
          }
        ],
        "line": 103
      },
      "9": {
        "loc": {
          "start": {
            "line": 111,
            "column": 0
          },
          "end": {
            "line": 117,
            "column": 1
          }
        },
        "type": "if",
        "locations": [
          {
            "start": {
              "line": 111,
              "column": 0
            },
            "end": {
              "line": 117,
              "column": 1
            }
          },
          {
            "start": {},
            "end": {}
          }
        ],
        "line": 111
      },
      "10": {
        "loc": {
          "start": {
            "line": 138,
            "column": 2
          },
          "end": {
            "line": 140,
            "column": 3
          }
        },
        "type": "if",
        "locations": [
          {
            "start": {
              "line": 138,
              "column": 2
            },
            "end": {
              "line": 140,
              "column": 3
            }
          },
          {
            "start": {},
            "end": {}
          }
        ],
        "line": 138
      },
      "11": {
        "loc": {
          "start": {
            "line": 141,
            "column": 9
          },
          "end": {
            "line": 141,
            "column": 50
          }
        },
        "type": "cond-expr",
        "locations": [
          {
            "start": {
              "line": 141,
              "column": 39
            },
            "end": {
              "line": 141,
              "column": 43
            }
          },
          {
            "start": {
              "line": 141,
              "column": 46
            },
            "end": {
              "line": 141,
              "column": 50
            }
          }
        ],
        "line": 141
      },
      "12": {
        "loc": {
          "start": {
            "line": 146,
            "column": 2
          },
          "end": {
            "line": 149,
            "column": 3
          }
        },
        "type": "if",
        "locations": [
          {
            "start": {
              "line": 146,
              "column": 2
            },
            "end": {
              "line": 149,
              "column": 3
            }
          },
          {
            "start": {},
            "end": {}
          }
        ],
        "line": 146
      },
      "13": {
        "loc": {
          "start": {
            "line": 146,
            "column": 6
          },
          "end": {
            "line": 146,
            "column": 32
          }
        },
        "type": "binary-expr",
        "locations": [
          {
            "start": {
              "line": 146,
              "column": 6
            },
            "end": {
              "line": 146,
              "column": 12
            }
          },
          {
            "start": {
              "line": 146,
              "column": 16
            },
            "end": {
              "line": 146,
              "column": 32
            }
          }
        ],
        "line": 146
      },
      "14": {
        "loc": {
          "start": {
            "line": 153,
            "column": 2
          },
          "end": {
            "line": 156,
            "column": 3
          }
        },
        "type": "if",
        "locations": [
          {
            "start": {
              "line": 153,
              "column": 2
            },
            "end": {
              "line": 156,
              "column": 3
            }
          },
          {
            "start": {},
            "end": {}
          }
        ],
        "line": 153
      },
      "15": {
        "loc": {
          "start": {
            "line": 165,
            "column": 21
          },
          "end": {
            "line": 165,
            "column": 40
          }
        },
        "type": "binary-expr",
        "locations": [
          {
            "start": {
              "line": 165,
              "column": 21
            },
            "end": {
              "line": 165,
              "column": 34
            }
          },
          {
            "start": {
              "line": 165,
              "column": 38
            },
            "end": {
              "line": 165,
              "column": 40
            }
          }
        ],
        "line": 165
      },
      "16": {
        "loc": {
          "start": {
            "line": 178,
            "column": 2
          },
          "end": {
            "line": 181,
            "column": 3
          }
        },
        "type": "if",
        "locations": [
          {
            "start": {
              "line": 178,
              "column": 2
            },
            "end": {
              "line": 181,
              "column": 3
            }
          },
          {
            "start": {},
            "end": {}
          }
        ],
        "line": 178
      },
      "17": {
        "loc": {
          "start": {
            "line": 187,
            "column": 6
          },
          "end": {
            "line": 187,
            "column": 67
          }
        },
        "type": "binary-expr",
        "locations": [
          {
            "start": {
              "line": 187,
              "column": 6
            },
            "end": {
              "line": 187,
              "column": 44
            }
          },
          {
            "start": {
              "line": 187,
              "column": 48
            },
            "end": {
              "line": 187,
              "column": 67
            }
          }
        ],
        "line": 187
      },
      "18": {
        "loc": {
          "start": {
            "line": 189,
            "column": 6
          },
          "end": {
            "line": 189,
            "column": 71
          }
        },
        "type": "binary-expr",
        "locations": [
          {
            "start": {
              "line": 189,
              "column": 6
            },
            "end": {
              "line": 189,
              "column": 47
            }
          },
          {
            "start": {
              "line": 189,
              "column": 51
            },
            "end": {
              "line": 189,
              "column": 71
            }
          }
        ],
        "line": 189
      },
      "19": {
        "loc": {
          "start": {
            "line": 190,
            "column": 24
          },
          "end": {
            "line": 190,
            "column": 69
          }
        },
        "type": "binary-expr",
        "locations": [
          {
            "start": {
              "line": 190,
              "column": 24
            },
            "end": {
              "line": 190,
              "column": 63
            }
          },
          {
            "start": {
              "line": 190,
              "column": 67
            },
            "end": {
              "line": 190,
              "column": 69
            }
          }
        ],
        "line": 190
      },
      "20": {
        "loc": {
          "start": {
            "line": 207,
            "column": 0
          },
          "end": {
            "line": 223,
            "column": 1
          }
        },
        "type": "if",
        "locations": [
          {
            "start": {
              "line": 207,
              "column": 0
            },
            "end": {
              "line": 223,
              "column": 1
            }
          },
          {
            "start": {},
            "end": {}
          }
        ],
        "line": 207
      },
      "21": {
        "loc": {
          "start": {
            "line": 219,
            "column": 4
          },
          "end": {
            "line": 221,
            "column": 5
          }
        },
        "type": "if",
        "locations": [
          {
            "start": {
              "line": 219,
              "column": 4
            },
            "end": {
              "line": 221,
              "column": 5
            }
          },
          {
            "start": {},
            "end": {}
          }
        ],
        "line": 219
      }
    },
    "s": {
      "0": 115,
      "1": 115,
      "2": 115,
      "3": 216,
      "4": 216,
      "5": 216,
      "6": 8,
      "7": 8,
      "8": 8,
      "9": 115,
      "10": 115,
      "11": 115,
      "12": 216,
      "13": 216,
      "14": 216,
      "15": 8,
      "16": 8,
      "17": 8,
      "18": 115,
      "19": 115,
      "20": 115,
      "21": 115,
      "22": 18,
      "23": 2,
      "24": 115,
      "25": 115,
      "26": 18,
      "27": 1,
      "28": 2,
      "29": 2,
      "30": 1,
      "31": 1,
      "32": 115,
      "33": 115,
      "34": 115,
      "35": 115,
      "36": 18,
      "37": 1,
      "38": 1,
      "39": 1,
      "40": 115,
      "41": 18,
      "42": 1,
      "43": 1,
      "44": 1,
      "45": 115,
      "46": 115,
      "47": 115,
      "48": 115,
      "49": 14,
      "50": 1,
      "51": 1,
      "52": 1,
      "53": 115,
      "54": 14,
      "55": 1,
      "56": 1,
      "57": 1,
      "58": 115,
      "59": 115,
      "60": 115,
      "61": 32,
      "62": 32,
      "63": 32,
      "64": 4,
      "65": 3,
      "66": 3,
      "67": 3,
      "68": 2,
      "69": 1,
      "70": 4,
      "71": 1,
      "72": 1,
      "73": 3,
      "74": 3,
      "75": 1,
      "76": 1,
      "77": 2,
      "78": 2,
      "79": 2,
      "80": 2,
      "81": 2,
      "82": 2,
      "83": 0,
      "84": 3,
      "85": 3,
      "86": 1,
      "87": 1,
      "88": 2,
      "89": 2,
      "90": 4,
      "91": 4,
      "92": 4,
      "93": 4,
      "94": 4,
      "95": 4,
      "96": 1,
      "97": 1,
      "98": 4,
      "99": 2,
      "100": 115,
      "101": 32,
      "102": 4,
      "103": 4,
      "104": 32,
      "105": 78,
      "106": 78
    },
    "f": {
      "0": 216,
      "1": 8,
      "2": 8,
      "3": 216,
      "4": 8,
      "5": 8,
      "6": 18,
      "7": 2,
      "8": 18,
      "9": 1,
      "10": 2,
      "11": 1,
      "12": 1,
      "13": 1,
      "14": 1,
      "15": 1,
      "16": 32,
      "17": 32,
      "18": 4,
      "19": 3,
      "20": 4,
      "21": 3,
      "22": 4,
      "23": 1,
      "24": 4,
      "25": 78
    },
    "b": {
      "0": [
        115,
        0
      ],
      "1": [
        216,
        0
      ],
      "2": [
        115,
        0
      ],
      "3": [
        216,
        0
      ],
      "4": [
        115,
        0
      ],
      "5": [
        115,
        0
      ],
      "6": [
        18,
        97
      ],
      "7": [
        18,
        97
      ],
      "8": [
        14,
        101
      ],
      "9": [
        14,
        101
      ],
      "10": [
        2,
        1
      ],
      "11": [
        0,
        1
      ],
      "12": [
        1,
        3
      ],
      "13": [
        4,
        4
      ],
      "14": [
        1,
        2
      ],
      "15": [
        2,
        0
      ],
      "16": [
        1,
        2
      ],
      "17": [
        4,
        0
      ],
      "18": [
        4,
        0
      ],
      "19": [
        4,
        0
      ],
      "20": [
        32,
        83
      ],
      "21": [
        78,
        0
      ]
    },
    "_coverageSchema": "1a1c01bbd47fc00a2c39e90264f33305004495a9",
    "hash": "bffcf3fd41e2784bdbd390a4583fbf9cf62a10f6"
  }
}