<?xml version="1.0" encoding="UTF-8"?>
<coverage generated="1744313192144" clover="3.2.0">
  <project timestamp="1744313192144" name="All files">
    <metrics statements="1178" coveredstatements="1159" conditionals="415" coveredconditionals="345" methods="159" coveredmethods="158" elements="1752" coveredelements="1662" complexity="0" loc="1178" ncloc="1178" packages="1" files="3" classes="3"/>
    <file name="cabinet.js" path="D:\Java\MyOwnProjects\TruthSeekersOffice\src\js\cabinet.js">
      <metrics statements="984" coveredstatements="969" conditionals="349" coveredconditionals="297" methods="111" coveredmethods="110"/>
      <line num="4" count="130" type="stmt"/>
      <line num="7" count="130" type="stmt"/>
      <line num="9" count="130" type="stmt"/>
      <line num="13" count="130" type="stmt"/>
      <line num="17" count="106" type="stmt"/>
      <line num="19" count="106" type="cond" truecount="1" falsecount="1"/>
      <line num="21" count="106" type="stmt"/>
      <line num="27" count="106" type="cond" truecount="2" falsecount="0"/>
      <line num="28" count="55" type="cond" truecount="2" falsecount="0"/>
      <line num="29" count="41" type="stmt"/>
      <line num="31" count="41" type="cond" truecount="1" falsecount="1"/>
      <line num="32" count="41" type="stmt"/>
      <line num="38" count="106" type="stmt"/>
      <line num="39" count="106" type="stmt"/>
      <line num="41" count="106" type="stmt"/>
      <line num="46" count="130" type="stmt"/>
      <line num="47" count="130" type="stmt"/>
      <line num="48" count="130" type="stmt"/>
      <line num="49" count="130" type="stmt"/>
      <line num="52" count="130" type="cond" truecount="2" falsecount="0"/>
      <line num="53" count="74" type="stmt"/>
      <line num="55" count="444" type="stmt"/>
      <line num="56" count="444" type="stmt"/>
      <line num="59" count="444" type="stmt"/>
      <line num="60" count="6" type="stmt"/>
      <line num="61" count="6" type="stmt"/>
      <line num="62" count="6" type="stmt"/>
      <line num="67" count="6" type="cond" truecount="1" falsecount="1"/>
      <line num="68" count="0" type="stmt"/>
      <line num="72" count="6" type="cond" truecount="2" falsecount="0"/>
      <line num="73" count="5" type="cond" truecount="1" falsecount="1"/>
      <line num="74" count="5" type="stmt"/>
      <line num="77" count="5" type="stmt"/>
      <line num="83" count="5" type="stmt"/>
      <line num="87" count="5" type="stmt"/>
      <line num="89" count="5" type="cond" truecount="2" falsecount="0"/>
      <line num="90" count="4" type="stmt"/>
      <line num="92" count="5" type="stmt"/>
      <line num="94" count="5" type="cond" truecount="2" falsecount="0"/>
      <line num="97" count="6" type="stmt"/>
      <line num="98" count="6" type="stmt"/>
      <line num="100" count="6" type="stmt"/>
      <line num="101" count="6" type="cond" truecount="2" falsecount="0"/>
      <line num="103" count="6" type="stmt"/>
      <line num="109" count="444" type="stmt"/>
      <line num="110" count="740" type="cond" truecount="2" falsecount="0"/>
      <line num="112" count="296" type="stmt"/>
      <line num="113" count="296" type="stmt"/>
      <line num="117" count="444" type="cond" truecount="2" falsecount="0"/>
      <line num="119" count="296" type="stmt"/>
      <line num="121" count="81" type="stmt"/>
      <line num="123" count="81" type="cond" truecount="2" falsecount="0"/>
      <line num="124" count="29" type="cond" truecount="2" falsecount="0"/>
      <line num="125" count="15" type="stmt"/>
      <line num="128" count="15" type="stmt"/>
      <line num="129" count="15" type="cond" truecount="3" falsecount="1"/>
      <line num="130" count="15" type="stmt"/>
      <line num="135" count="81" type="stmt"/>
      <line num="136" count="81" type="stmt"/>
      <line num="137" count="81" type="stmt"/>
      <line num="140" count="296" type="stmt"/>
      <line num="142" count="23" type="cond" truecount="3" falsecount="1"/>
      <line num="143" count="23" type="stmt"/>
      <line num="144" count="23" type="stmt"/>
      <line num="148" count="296" type="stmt"/>
      <line num="149" count="70" type="stmt"/>
      <line num="150" count="70" type="stmt"/>
      <line num="157" count="130" type="stmt"/>
      <line num="158" count="130" type="cond" truecount="2" falsecount="0"/>
      <line num="159" count="74" type="stmt"/>
      <line num="160" count="1406" type="stmt"/>
      <line num="162" count="100" type="stmt"/>
      <line num="166" count="100" type="stmt"/>
      <line num="167" count="100" type="stmt"/>
      <line num="170" count="100" type="cond" truecount="2" falsecount="0"/>
      <line num="171" count="50" type="cond" truecount="2" falsecount="0"/>
      <line num="172" count="6" type="stmt"/>
      <line num="175" count="6" type="stmt"/>
      <line num="178" count="6" type="stmt"/>
      <line num="183" count="100" type="cond" truecount="2" falsecount="0"/>
      <line num="184" count="50" type="cond" truecount="2" falsecount="0"/>
      <line num="185" count="36" type="stmt"/>
      <line num="188" count="100" type="cond" truecount="1" falsecount="1"/>
      <line num="189" count="100" type="stmt"/>
      <line num="191" count="100" type="cond" truecount="2" falsecount="0"/>
      <line num="192" count="92" type="stmt"/>
      <line num="197" count="100" type="stmt"/>
      <line num="199" count="100" type="stmt"/>
      <line num="200" count="100" type="stmt"/>
      <line num="203" count="100" type="stmt"/>
      <line num="211" count="114" type="stmt"/>
      <line num="213" count="114" type="stmt"/>
      <line num="214" count="224" type="cond" truecount="2" falsecount="0"/>
      <line num="215" count="110" type="stmt"/>
      <line num="218" count="114" type="stmt"/>
      <line num="224" count="6" type="stmt"/>
      <line num="226" count="6" type="stmt"/>
      <line num="227" count="12" type="cond" truecount="2" falsecount="0"/>
      <line num="228" count="6" type="stmt"/>
      <line num="231" count="6" type="stmt"/>
      <line num="236" count="174" type="stmt"/>
      <line num="237" count="174" type="stmt"/>
      <line num="238" count="174" type="stmt"/>
      <line num="239" count="174" type="stmt"/>
      <line num="241" count="174" type="stmt"/>
      <line num="242" count="991" type="cond" truecount="2" falsecount="0"/>
      <line num="243" count="463" type="cond" truecount="2" falsecount="0"/>
      <line num="244" count="382" type="stmt"/>
      <line num="245" count="382" type="stmt"/>
      <line num="246" count="382" type="stmt"/>
      <line num="247" count="382" type="stmt"/>
      <line num="249" count="81" type="stmt"/>
      <line num="250" count="81" type="stmt"/>
      <line num="251" count="81" type="stmt"/>
      <line num="253" count="81" type="stmt"/>
      <line num="254" count="81" type="stmt"/>
      <line num="255" count="81" type="stmt"/>
      <line num="256" count="81" type="stmt"/>
      <line num="259" count="528" type="stmt"/>
      <line num="260" count="528" type="stmt"/>
      <line num="261" count="528" type="stmt"/>
      <line num="268" count="130" type="stmt"/>
      <line num="270" count="130" type="cond" truecount="2" falsecount="0"/>
      <line num="271" count="74" type="stmt"/>
      <line num="272" count="74" type="stmt"/>
      <line num="275" count="74" type="stmt"/>
      <line num="276" count="422" type="stmt"/>
      <line num="279" count="422" type="cond" truecount="2" falsecount="0"/>
      <line num="280" count="54" type="stmt"/>
      <line num="281" count="54" type="stmt"/>
      <line num="282" count="54" type="stmt"/>
      <line num="284" count="54" type="cond" truecount="2" falsecount="0"/>
      <line num="285" count="34" type="stmt"/>
      <line num="286" count="68" type="cond" truecount="2" falsecount="0"/>
      <line num="287" count="34" type="stmt"/>
      <line num="290" count="34" type="stmt"/>
      <line num="292" count="54" type="stmt"/>
      <line num="296" count="422" type="cond" truecount="2" falsecount="0"/>
      <line num="297" count="20" type="stmt"/>
      <line num="298" count="20" type="stmt"/>
      <line num="299" count="20" type="stmt"/>
      <line num="300" count="402" type="cond" truecount="2" falsecount="0"/>
      <line num="301" count="10" type="stmt"/>
      <line num="302" count="10" type="stmt"/>
      <line num="303" count="10" type="stmt"/>
      <line num="307" count="422" type="cond" truecount="2" falsecount="0"/>
      <line num="308" count="20" type="stmt"/>
      <line num="309" count="20" type="stmt"/>
      <line num="310" count="20" type="stmt"/>
      <line num="311" count="402" type="cond" truecount="2" falsecount="0"/>
      <line num="312" count="10" type="stmt"/>
      <line num="313" count="10" type="stmt"/>
      <line num="314" count="10" type="stmt"/>
      <line num="318" count="422" type="cond" truecount="2" falsecount="0"/>
      <line num="319" count="12" type="cond" truecount="2" falsecount="0"/>
      <line num="320" count="6" type="stmt"/>
      <line num="324" count="6" type="stmt"/>
      <line num="329" count="422" type="cond" truecount="2" falsecount="0"/>
      <line num="331" count="8" type="stmt"/>
      <line num="333" count="8" type="cond" truecount="2" falsecount="0"/>
      <line num="334" count="4" type="stmt"/>
      <line num="335" count="4" type="stmt"/>
      <line num="337" count="4" type="stmt"/>
      <line num="338" count="4" type="stmt"/>
      <line num="341" count="8" type="cond" truecount="1" falsecount="1"/>
      <line num="342" count="8" type="stmt"/>
      <line num="344" count="0" type="stmt"/>
      <line num="351" count="422" type="cond" truecount="2" falsecount="0"/>
      <line num="352" count="8" type="stmt"/>
      <line num="353" count="8" type="stmt"/>
      <line num="356" count="8" type="stmt"/>
      <line num="359" count="8" type="stmt"/>
      <line num="361" count="8" type="stmt"/>
      <line num="362" count="8" type="stmt"/>
      <line num="365" count="8" type="stmt"/>
      <line num="368" count="8" type="cond" truecount="2" falsecount="0"/>
      <line num="372" count="6" type="stmt"/>
      <line num="373" count="6" type="stmt"/>
      <line num="374" count="36" type="stmt"/>
      <line num="381" count="8" type="cond" truecount="1" falsecount="1"/>
      <line num="382" count="0" type="stmt"/>
      <line num="386" count="0" type="stmt"/>
      <line num="388" count="8" type="stmt"/>
      <line num="390" count="8" type="stmt"/>
      <line num="393" count="8" type="stmt"/>
      <line num="395" count="8" type="stmt"/>
      <line num="399" count="74" type="cond" truecount="1" falsecount="1"/>
      <line num="401" count="74" type="stmt"/>
      <line num="402" count="74" type="cond" truecount="1" falsecount="1"/>
      <line num="403" count="74" type="stmt"/>
      <line num="408" count="74" type="cond" truecount="1" falsecount="1"/>
      <line num="410" count="74" type="stmt"/>
      <line num="411" count="74" type="stmt"/>
      <line num="415" count="74" type="stmt"/>
      <line num="417" count="74" type="stmt"/>
      <line num="418" count="48" type="stmt"/>
      <line num="419" count="48" type="stmt"/>
      <line num="421" count="48" type="stmt"/>
      <line num="425" count="48" type="cond" truecount="2" falsecount="0"/>
      <line num="426" count="47" type="stmt"/>
      <line num="427" count="47" type="stmt"/>
      <line num="430" count="48" type="cond" truecount="2" falsecount="0"/>
      <line num="432" count="8" type="stmt"/>
      <line num="435" count="8" type="stmt"/>
      <line num="436" count="8" type="stmt"/>
      <line num="439" count="8" type="stmt"/>
      <line num="442" count="8" type="stmt"/>
      <line num="445" count="8" type="stmt"/>
      <line num="448" count="8" type="stmt"/>
      <line num="452" count="8" type="stmt"/>
      <line num="455" count="8" type="cond" truecount="2" falsecount="0"/>
      <line num="457" count="7" type="cond" truecount="2" falsecount="0"/>
      <line num="460" count="3" type="stmt"/>
      <line num="469" count="3" type="stmt"/>
      <line num="471" count="3" type="cond" truecount="1" falsecount="1"/>
      <line num="473" count="3" type="stmt"/>
      <line num="476" count="3" type="stmt"/>
      <line num="479" count="3" type="stmt"/>
      <line num="481" count="3" type="stmt"/>
      <line num="484" count="3" type="stmt"/>
      <line num="492" count="4" type="cond" truecount="2" falsecount="0"/>
      <line num="493" count="1" type="stmt"/>
      <line num="501" count="3" type="stmt"/>
      <line num="512" count="4" type="stmt"/>
      <line num="514" count="4" type="cond" truecount="1" falsecount="1"/>
      <line num="516" count="4" type="stmt"/>
      <line num="519" count="4" type="stmt"/>
      <line num="522" count="4" type="stmt"/>
      <line num="524" count="4" type="stmt"/>
      <line num="527" count="4" type="stmt"/>
      <line num="533" count="1" type="stmt"/>
      <line num="537" count="48" type="cond" truecount="2" falsecount="0"/>
      <line num="538" count="1" type="stmt"/>
      <line num="541" count="48" type="cond" truecount="2" falsecount="0"/>
      <line num="542" count="3" type="stmt"/>
      <line num="545" count="3" type="stmt"/>
      <line num="549" count="3" type="stmt"/>
      <line num="551" count="3" type="stmt"/>
      <line num="553" count="3" type="stmt"/>
      <line num="554" count="3" type="cond" truecount="2" falsecount="0"/>
      <line num="555" count="1" type="stmt"/>
      <line num="561" count="74" type="stmt"/>
      <line num="562" count="18" type="stmt"/>
      <line num="564" count="18" type="cond" truecount="2" falsecount="0"/>
      <line num="565" count="7" type="stmt"/>
      <line num="566" count="7" type="stmt"/>
      <line num="567" count="7" type="cond" truecount="1" falsecount="1"/>
      <line num="570" count="7" type="stmt"/>
      <line num="573" count="7" type="stmt"/>
      <line num="574" count="7" type="stmt"/>
      <line num="576" count="7" type="cond" truecount="1" falsecount="1"/>
      <line num="577" count="0" type="stmt"/>
      <line num="578" count="0" type="stmt"/>
      <line num="581" count="7" type="cond" truecount="1" falsecount="1"/>
      <line num="583" count="7" type="stmt"/>
      <line num="584" count="7" type="stmt"/>
      <line num="586" count="7" type="cond" truecount="2" falsecount="0"/>
      <line num="587" count="1" type="stmt"/>
      <line num="589" count="7" type="stmt"/>
      <line num="590" count="7" type="cond" truecount="2" falsecount="0"/>
      <line num="591" count="5" type="stmt"/>
      <line num="592" count="5" type="stmt"/>
      <line num="593" count="5" type="stmt"/>
      <line num="594" count="5" type="stmt"/>
      <line num="596" count="2" type="stmt"/>
      <line num="597" count="2" type="stmt"/>
      <line num="598" count="2" type="stmt"/>
      <line num="599" count="2" type="stmt"/>
      <line num="600" count="2" type="stmt"/>
      <line num="605" count="18" type="cond" truecount="2" falsecount="0"/>
      <line num="606" count="5" type="stmt"/>
      <line num="611" count="74" type="stmt"/>
      <line num="613" count="74" type="cond" truecount="1" falsecount="1"/>
      <line num="614" count="74" type="stmt"/>
      <line num="615" count="10" type="stmt"/>
      <line num="620" count="74" type="stmt"/>
      <line num="622" count="74" type="cond" truecount="1" falsecount="1"/>
      <line num="623" count="74" type="stmt"/>
      <line num="624" count="4" type="stmt"/>
      <line num="625" count="4" type="stmt"/>
      <line num="626" count="4" type="stmt"/>
      <line num="627" count="4" type="stmt"/>
      <line num="628" count="4" type="stmt"/>
      <line num="629" count="4" type="stmt"/>
      <line num="632" count="4" type="cond" truecount="2" falsecount="0"/>
      <line num="633" count="2" type="stmt"/>
      <line num="635" count="2" type="stmt"/>
      <line num="641" count="4" type="stmt"/>
      <line num="643" count="4" type="stmt"/>
      <line num="644" count="20" type="cond" truecount="2" falsecount="0"/>
      <line num="645" count="2" type="stmt"/>
      <line num="646" count="2" type="stmt"/>
      <line num="650" count="4" type="cond" truecount="2" falsecount="0"/>
      <line num="651" count="2" type="cond" truecount="2" falsecount="0"/>
      <line num="652" count="1" type="stmt"/>
      <line num="653" count="1" type="stmt"/>
      <line num="654" count="1" type="stmt"/>
      <line num="655" count="1" type="stmt"/>
      <line num="657" count="1" type="stmt"/>
      <line num="660" count="1" type="stmt"/>
      <line num="662" count="1" type="stmt"/>
      <line num="663" count="1" type="stmt"/>
      <line num="664" count="1" type="stmt"/>
      <line num="665" count="1" type="stmt"/>
      <line num="668" count="2" type="cond" truecount="2" falsecount="0"/>
      <line num="669" count="1" type="stmt"/>
      <line num="671" count="1" type="stmt"/>
      <line num="674" count="4" type="stmt"/>
      <line num="680" count="54" type="stmt"/>
      <line num="681" count="54" type="stmt"/>
      <line num="682" count="54" type="stmt"/>
      <line num="684" count="54" type="cond" truecount="1" falsecount="1"/>
      <line num="685" count="54" type="stmt"/>
      <line num="686" count="54" type="stmt"/>
      <line num="687" count="54" type="stmt"/>
      <line num="689" count="0" type="stmt"/>
      <line num="690" count="0" type="stmt"/>
      <line num="691" count="0" type="stmt"/>
      <line num="698" count="202" type="cond" truecount="2" falsecount="0"/>
      <line num="699" count="74" type="stmt"/>
      <line num="704" count="128" type="stmt"/>
      <line num="709" count="202" type="cond" truecount="1" falsecount="1"/>
      <line num="710" count="202" type="stmt"/>
      <line num="711" count="8" type="stmt"/>
      <line num="715" count="8" type="cond" truecount="2" falsecount="0"/>
      <line num="716" count="2" type="stmt"/>
      <line num="717" count="2" type="stmt"/>
      <line num="718" count="2" type="stmt"/>
      <line num="720" count="6" type="stmt"/>
      <line num="721" count="6" type="stmt"/>
      <line num="725" count="8" type="stmt"/>
      <line num="726" count="26" type="cond" truecount="2" falsecount="0"/>
      <line num="727" count="14" type="stmt"/>
      <line num="732" count="8" type="cond" truecount="2" falsecount="0"/>
      <line num="733" count="2" type="stmt"/>
      <line num="735" count="8" type="stmt"/>
      <line num="737" count="8" type="cond" truecount="2" falsecount="0"/>
      <line num="738" count="2" type="cond" truecount="2" falsecount="0"/>
      <line num="739" count="1" type="stmt"/>
      <line num="741" count="6" type="cond" truecount="2" falsecount="0"/>
      <line num="742" count="3" type="stmt"/>
      <line num="752" count="130" type="stmt"/>
      <line num="753" count="130" type="stmt"/>
      <line num="755" count="74" type="stmt"/>
      <line num="757" count="74" type="stmt"/>
      <line num="759" count="74" type="stmt"/>
      <line num="760" count="74" type="stmt"/>
      <line num="761" count="74" type="stmt"/>
      <line num="762" count="74" type="stmt"/>
      <line num="763" count="74" type="stmt"/>
      <line num="766" count="74" type="stmt"/>
      <line num="768" count="74" type="stmt"/>
      <line num="769" count="370" type="stmt"/>
      <line num="770" count="6" type="stmt"/>
      <line num="773" count="6" type="stmt"/>
      <line num="775" count="6" type="cond" truecount="1" falsecount="1"/>
      <line num="776" count="6" type="stmt"/>
      <line num="783" count="376" type="cond" truecount="2" falsecount="0"/>
      <line num="788" count="10" type="stmt"/>
      <line num="791" count="10" type="stmt"/>
      <line num="793" count="10" type="cond" truecount="2" falsecount="0"/>
      <line num="794" count="9" type="stmt"/>
      <line num="796" count="9" type="cond" truecount="2" falsecount="0"/>
      <line num="797" count="3" type="stmt"/>
      <line num="798" count="3" type="stmt"/>
      <line num="802" count="3" type="stmt"/>
      <line num="803" count="3" type="stmt"/>
      <line num="805" count="6" type="stmt"/>
      <line num="811" count="1" type="stmt"/>
      <line num="813" count="1" type="cond" truecount="1" falsecount="1"/>
      <line num="814" count="1" type="stmt"/>
      <line num="815" count="1" type="stmt"/>
      <line num="821" count="12" type="stmt"/>
      <line num="822" count="12" type="stmt"/>
      <line num="825" count="12" type="stmt"/>
      <line num="826" count="12" type="stmt"/>
      <line num="829" count="12" type="cond" truecount="2" falsecount="0"/>
      <line num="831" count="10" type="cond" truecount="2" falsecount="0"/>
      <line num="832" count="3" type="stmt"/>
      <line num="833" count="3" type="stmt"/>
      <line num="836" count="3" type="stmt"/>
      <line num="837" count="12" type="stmt"/>
      <line num="841" count="7" type="stmt"/>
      <line num="842" count="7" type="stmt"/>
      <line num="845" count="7" type="stmt"/>
      <line num="846" count="28" type="stmt"/>
      <line num="851" count="2" type="stmt"/>
      <line num="852" count="2" type="stmt"/>
      <line num="854" count="2" type="stmt"/>
      <line num="855" count="8" type="stmt"/>
      <line num="862" count="8" type="stmt"/>
      <line num="866" count="8" type="cond" truecount="1" falsecount="1"/>
      <line num="867" count="8" type="cond" truecount="2" falsecount="0"/>
      <line num="868" count="1" type="stmt"/>
      <line num="870" count="7" type="stmt"/>
      <line num="882" count="74" type="stmt"/>
      <line num="883" count="74" type="stmt"/>
      <line num="884" count="74" type="stmt"/>
      <line num="887" count="74" type="cond" truecount="1" falsecount="1"/>
      <line num="888" count="74" type="stmt"/>
      <line num="889" count="74" type="stmt"/>
      <line num="891" count="74" type="stmt"/>
      <line num="892" count="74" type="stmt"/>
      <line num="900" count="74" type="stmt"/>
      <line num="901" count="20" type="stmt"/>
      <line num="902" count="20" type="stmt"/>
      <line num="904" count="20" type="cond" truecount="2" falsecount="0"/>
      <line num="905" count="5" type="stmt"/>
      <line num="908" count="5" type="stmt"/>
      <line num="909" count="25" type="stmt"/>
      <line num="911" count="15" type="cond" truecount="2" falsecount="0"/>
      <line num="913" count="6" type="stmt"/>
      <line num="914" count="30" type="stmt"/>
      <line num="915" count="30" type="stmt"/>
      <line num="916" count="30" type="stmt"/>
      <line num="917" count="30" type="stmt"/>
      <line num="920" count="6" type="cond" truecount="1" falsecount="1"/>
      <line num="921" count="6" type="stmt"/>
      <line num="923" count="9" type="cond" truecount="1" falsecount="1"/>
      <line num="925" count="9" type="stmt"/>
      <line num="926" count="45" type="stmt"/>
      <line num="927" count="45" type="stmt"/>
      <line num="928" count="45" type="stmt"/>
      <line num="929" count="45" type="stmt"/>
      <line num="931" count="9" type="stmt"/>
      <line num="932" count="9" type="stmt"/>
      <line num="942" count="74" type="stmt"/>
      <line num="943" count="74" type="stmt"/>
      <line num="944" count="370" type="stmt"/>
      <line num="945" count="370" type="cond" truecount="1" falsecount="1"/>
      <line num="946" count="0" type="stmt"/>
      <line num="947" count="0" type="stmt"/>
      <line num="951" count="370" type="stmt"/>
      <line num="952" count="18" type="stmt"/>
      <line num="954" count="18" type="cond" truecount="2" falsecount="0"/>
      <line num="955" count="2" type="stmt"/>
      <line num="957" count="18" type="cond" truecount="2" falsecount="0"/>
      <line num="958" count="12" type="stmt"/>
      <line num="959" count="12" type="stmt"/>
      <line num="961" count="6" type="cond" truecount="1" falsecount="1"/>
      <line num="962" count="6" type="stmt"/>
      <line num="963" count="6" type="stmt"/>
      <line num="965" count="6" type="stmt"/>
      <line num="969" count="18" type="cond" truecount="2" falsecount="0"/>
      <line num="970" count="2" type="stmt"/>
      <line num="974" count="18" type="cond" truecount="2" falsecount="0"/>
      <line num="975" count="13" type="stmt"/>
      <line num="977" count="5" type="stmt"/>
      <line num="991" count="34" type="stmt"/>
      <line num="992" count="34" type="stmt"/>
      <line num="993" count="34" type="stmt"/>
      <line num="995" count="34" type="cond" truecount="1" falsecount="1"/>
      <line num="996" count="34" type="cond" truecount="2" falsecount="0"/>
      <line num="997" count="19" type="stmt"/>
      <line num="999" count="15" type="stmt"/>
      <line num="1006" count="0" type="stmt"/>
      <line num="1011" count="74" type="stmt"/>
      <line num="1012" count="74" type="stmt"/>
      <line num="1014" count="74" type="stmt"/>
      <line num="1015" count="74" type="stmt"/>
      <line num="1017" count="74" type="cond" truecount="1" falsecount="1"/>
      <line num="1018" count="74" type="stmt"/>
      <line num="1019" count="1" type="stmt"/>
      <line num="1021" count="1" type="stmt"/>
      <line num="1022" count="1" type="stmt"/>
      <line num="1024" count="1" type="stmt"/>
      <line num="1026" count="1" type="stmt"/>
      <line num="1027" count="3" type="stmt"/>
      <line num="1030" count="1" type="stmt"/>
      <line num="1037" count="1" type="stmt"/>
      <line num="1038" count="1" type="stmt"/>
      <line num="1039" count="1" type="stmt"/>
      <line num="1040" count="1" type="stmt"/>
      <line num="1042" count="1" type="stmt"/>
      <line num="1043" count="5" type="cond" truecount="1" falsecount="1"/>
      <line num="1044" count="5" type="stmt"/>
      <line num="1047" count="1" type="stmt"/>
      <line num="1048" count="1" type="stmt"/>
      <line num="1049" count="1" type="stmt"/>
      <line num="1050" count="1" type="stmt"/>
      <line num="1053" count="1" type="stmt"/>
      <line num="1054" count="4" type="cond" truecount="2" falsecount="0"/>
      <line num="1055" count="2" type="stmt"/>
      <line num="1058" count="1" type="stmt"/>
      <line num="1064" count="74" type="stmt"/>
      <line num="1065" count="74" type="stmt"/>
      <line num="1067" count="74" type="stmt"/>
      <line num="1068" count="74" type="stmt"/>
      <line num="1071" count="74" type="stmt"/>
      <line num="1072" count="74" type="stmt"/>
      <line num="1073" count="74" type="stmt"/>
      <line num="1074" count="74" type="stmt"/>
      <line num="1075" count="74" type="stmt"/>
      <line num="1076" count="74" type="stmt"/>
      <line num="1077" count="74" type="stmt"/>
      <line num="1078" count="74" type="stmt"/>
      <line num="1079" count="74" type="stmt"/>
      <line num="1080" count="74" type="stmt"/>
      <line num="1081" count="74" type="stmt"/>
      <line num="1084" count="74" type="stmt"/>
      <line num="1085" count="222" type="stmt"/>
      <line num="1086" count="222" type="stmt"/>
      <line num="1088" count="222" type="stmt"/>
      <line num="1091" count="74" type="stmt"/>
      <line num="1092" count="15" type="cond" truecount="1" falsecount="1"/>
      <line num="1093" count="15" type="stmt"/>
      <line num="1098" count="74" type="stmt"/>
      <line num="1099" count="3" type="stmt"/>
      <line num="1102" count="3" type="stmt"/>
      <line num="1103" count="3" type="stmt"/>
      <line num="1104" count="3" type="stmt"/>
      <line num="1106" count="3" type="stmt"/>
      <line num="1107" count="3" type="stmt"/>
      <line num="1109" count="3" type="stmt"/>
      <line num="1113" count="74" type="stmt"/>
      <line num="1114" count="9" type="stmt"/>
      <line num="1117" count="9" type="stmt"/>
      <line num="1118" count="9" type="stmt"/>
      <line num="1119" count="9" type="stmt"/>
      <line num="1121" count="9" type="stmt"/>
      <line num="1122" count="9" type="stmt"/>
      <line num="1124" count="9" type="stmt"/>
      <line num="1128" count="74" type="stmt"/>
      <line num="1129" count="27" type="cond" truecount="2" falsecount="0"/>
      <line num="1130" count="3" type="stmt"/>
      <line num="1133" count="3" type="stmt"/>
      <line num="1134" count="3" type="stmt"/>
      <line num="1135" count="3" type="stmt"/>
      <line num="1137" count="3" type="stmt"/>
      <line num="1138" count="3" type="stmt"/>
      <line num="1145" count="3" type="stmt"/>
      <line num="1150" count="74" type="stmt"/>
      <line num="1151" count="28" type="cond" truecount="2" falsecount="0"/>
      <line num="1152" count="1" type="stmt"/>
      <line num="1153" count="1" type="stmt"/>
      <line num="1154" count="1" type="stmt"/>
      <line num="1155" count="1" type="stmt"/>
      <line num="1156" count="1" type="stmt"/>
      <line num="1161" count="74" type="stmt"/>
      <line num="1162" count="25" type="stmt"/>
      <line num="1163" count="25" type="stmt"/>
      <line num="1164" count="25" type="cond" truecount="2" falsecount="0"/>
      <line num="1165" count="3" type="stmt"/>
      <line num="1167" count="25" type="stmt"/>
      <line num="1170" count="25" type="stmt"/>
      <line num="1171" count="25" type="stmt"/>
      <line num="1173" count="25" type="cond" truecount="2" falsecount="2"/>
      <line num="1174" count="25" type="stmt"/>
      <line num="1175" count="25" type="stmt"/>
      <line num="1176" count="25" type="stmt"/>
      <line num="1181" count="74" type="stmt"/>
      <line num="1182" count="25" type="stmt"/>
      <line num="1183" count="25" type="stmt"/>
      <line num="1185" count="25" type="cond" truecount="2" falsecount="0"/>
      <line num="1186" count="3" type="stmt"/>
      <line num="1188" count="25" type="stmt"/>
      <line num="1191" count="25" type="stmt"/>
      <line num="1192" count="25" type="stmt"/>
      <line num="1193" count="25" type="stmt"/>
      <line num="1194" count="25" type="stmt"/>
      <line num="1195" count="25" type="stmt"/>
      <line num="1199" count="74" type="stmt"/>
      <line num="1200" count="1" type="stmt"/>
      <line num="1201" count="1" type="stmt"/>
      <line num="1202" count="1" type="stmt"/>
      <line num="1203" count="1" type="stmt"/>
      <line num="1204" count="1" type="stmt"/>
      <line num="1210" count="15" type="stmt"/>
      <line num="1212" count="15" type="stmt"/>
      <line num="1213" count="15" type="stmt"/>
      <line num="1217" count="15" type="cond" truecount="2" falsecount="0"/>
      <line num="1219" count="6" type="stmt"/>
      <line num="1221" count="6" type="stmt"/>
      <line num="1224" count="6" type="cond" truecount="2" falsecount="0"/>
      <line num="1225" count="5" type="stmt"/>
      <line num="1229" count="1" type="stmt"/>
      <line num="1235" count="6" type="stmt"/>
      <line num="1239" count="6" type="stmt"/>
      <line num="1240" count="6" type="stmt"/>
      <line num="1241" count="6" type="stmt"/>
      <line num="1242" count="9" type="cond" truecount="2" falsecount="0"/>
      <line num="1246" count="6" type="stmt"/>
      <line num="1247" count="6" type="stmt"/>
      <line num="1248" count="6" type="stmt"/>
      <line num="1251" count="6" type="stmt"/>
      <line num="1259" count="32" type="stmt"/>
      <line num="1260" count="32" type="stmt"/>
      <line num="1262" count="32" type="stmt"/>
      <line num="1263" count="32" type="cond" truecount="2" falsecount="0"/>
      <line num="1265" count="15" type="cond" truecount="2" falsecount="0"/>
      <line num="1266" count="12" type="cond" truecount="2" falsecount="0"/>
      <line num="1268" count="9" type="stmt"/>
      <line num="1269" count="9" type="stmt"/>
      <line num="1270" count="135" type="cond" truecount="2" falsecount="0"/>
      <line num="1271" count="45" type="stmt"/>
      <line num="1272" count="45" type="stmt"/>
      <line num="1273" count="45" type="stmt"/>
      <line num="1274" count="45" type="stmt"/>
      <line num="1278" count="45" type="stmt"/>
      <line num="1279" count="52" type="stmt"/>
      <line num="1287" count="45" type="stmt"/>
      <line num="1288" count="52" type="stmt"/>
      <line num="1295" count="45" type="stmt"/>
      <line num="1296" count="45" type="stmt"/>
      <line num="1299" count="135" type="cond" truecount="2" falsecount="0"/>
      <line num="1300" count="45" type="stmt"/>
      <line num="1302" count="90" type="stmt"/>
      <line num="1306" count="9" type="stmt"/>
      <line num="1307" count="9" type="stmt"/>
      <line num="1308" count="52" type="stmt"/>
      <line num="1312" count="3" type="stmt"/>
      <line num="1315" count="17" type="cond" truecount="1" falsecount="1"/>
      <line num="1317" count="17" type="stmt"/>
      <line num="1318" count="10" type="stmt"/>
      <line num="1323" count="17" type="stmt"/>
      <line num="1326" count="32" type="stmt"/>
      <line num="1336" count="50" type="stmt"/>
      <line num="1342" count="50" type="cond" truecount="2" falsecount="0"/>
      <line num="1343" count="14" type="stmt"/>
      <line num="1344" count="14" type="stmt"/>
      <line num="1345" count="14" type="stmt"/>
      <line num="1346" count="14" type="stmt"/>
      <line num="1348" count="36" type="stmt"/>
      <line num="1349" count="36" type="stmt"/>
      <line num="1350" count="36" type="stmt"/>
      <line num="1351" count="36" type="stmt"/>
      <line num="1354" count="50" type="cond" truecount="2" falsecount="0"/>
      <line num="1355" count="43" type="stmt"/>
      <line num="1356" count="43" type="stmt"/>
      <line num="1357" count="43" type="stmt"/>
      <line num="1359" count="7" type="stmt"/>
      <line num="1360" count="7" type="stmt"/>
      <line num="1361" count="7" type="stmt"/>
      <line num="1366" count="63" type="stmt"/>
      <line num="1370" count="63" type="cond" truecount="2" falsecount="0"/>
      <line num="1371" count="18" type="stmt"/>
      <line num="1372" count="18" type="stmt"/>
      <line num="1374" count="45" type="stmt"/>
      <line num="1377" count="63" type="cond" truecount="2" falsecount="0"/>
      <line num="1378" count="10" type="stmt"/>
      <line num="1380" count="53" type="stmt"/>
      <line num="1386" count="8" type="stmt"/>
      <line num="1387" count="8" type="stmt"/>
      <line num="1388" count="8" type="stmt"/>
      <line num="1389" count="8" type="stmt"/>
      <line num="1391" count="8" type="stmt"/>
      <line num="1393" count="8" type="stmt"/>
      <line num="1399" count="8" type="stmt"/>
      <line num="1400" count="8" type="stmt"/>
      <line num="1406" count="130" type="stmt"/>
      <line num="1407" count="130" type="stmt"/>
      <line num="1409" count="130" type="cond" truecount="2" falsecount="0"/>
      <line num="1414" count="56" type="stmt"/>
      <line num="1416" count="74" type="stmt"/>
      <line num="1417" count="78" type="stmt"/>
      <line num="1418" count="78" type="stmt"/>
      <line num="1420" count="78" type="cond" truecount="1" falsecount="1"/>
      <line num="1421" count="0" type="stmt"/>
      <line num="1425" count="74" type="stmt"/>
      <line num="1432" count="12" type="cond" truecount="2" falsecount="0"/>
      <line num="1433" count="6" type="stmt"/>
      <line num="1435" count="6" type="stmt"/>
      <line num="1437" count="12" type="stmt"/>
      <line num="1438" count="12" type="stmt"/>
      <line num="1440" count="12" type="stmt"/>
      <line num="1441" count="12" type="stmt"/>
      <line num="1443" count="12" type="stmt"/>
      <line num="1446" count="12" type="stmt"/>
      <line num="1450" count="12" type="stmt"/>
      <line num="1453" count="12" type="stmt"/>
      <line num="1455" count="12" type="stmt"/>
      <line num="1456" count="12" type="stmt"/>
      <line num="1457" count="12" type="stmt"/>
      <line num="1461" count="10" type="stmt"/>
      <line num="1463" count="10" type="stmt"/>
      <line num="1464" count="10" type="stmt"/>
      <line num="1465" count="10" type="stmt"/>
      <line num="1467" count="10" type="stmt"/>
      <line num="1468" count="20" type="stmt"/>
      <line num="1471" count="10" type="stmt"/>
      <line num="1476" count="16" type="stmt"/>
      <line num="1477" count="16" type="stmt"/>
      <line num="1482" count="12" type="stmt"/>
      <line num="1483" count="12" type="stmt"/>
      <line num="1488" count="9" type="stmt"/>
      <line num="1489" count="9" type="stmt"/>
      <line num="1494" count="130" type="stmt"/>
      <line num="1496" count="130" type="cond" truecount="2" falsecount="0"/>
      <line num="1497" count="74" type="cond" truecount="1" falsecount="1"/>
      <line num="1501" count="74" type="stmt"/>
      <line num="1502" count="75" type="stmt"/>
      <line num="1503" count="75" type="stmt"/>
      <line num="1504" count="75" type="stmt"/>
      <line num="1505" count="75" type="stmt"/>
      <line num="1509" count="74" type="stmt"/>
      <line num="1514" count="2" type="stmt"/>
      <line num="1515" count="6" type="cond" truecount="2" falsecount="0"/>
      <line num="1516" count="2" type="stmt"/>
      <line num="1518" count="4" type="stmt"/>
      <line num="1525" count="74" type="stmt"/>
      <line num="1526" count="74" type="stmt"/>
      <line num="1527" count="74" type="stmt"/>
      <line num="1531" count="74" type="stmt"/>
      <line num="1533" count="74" type="stmt"/>
      <line num="1534" count="74" type="stmt"/>
      <line num="1538" count="74" type="cond" truecount="1" falsecount="1"/>
      <line num="1539" count="74" type="stmt"/>
      <line num="1540" count="74" type="stmt"/>
      <line num="1545" count="210" type="stmt"/>
      <line num="1546" count="210" type="stmt"/>
      <line num="1547" count="210" type="stmt"/>
      <line num="1551" count="210" type="cond" truecount="2" falsecount="0"/>
      <line num="1552" count="76" type="stmt"/>
      <line num="1553" count="76" type="stmt"/>
      <line num="1557" count="134" type="stmt"/>
      <line num="1558" count="134" type="stmt"/>
      <line num="1561" count="210" type="cond" truecount="2" falsecount="0"/>
      <line num="1562" count="202" type="stmt"/>
      <line num="1563" count="202" type="stmt"/>
      <line num="1565" count="8" type="stmt"/>
      <line num="1566" count="8" type="stmt"/>
      <line num="1571" count="74" type="stmt"/>
      <line num="1572" count="74" type="stmt"/>
      <line num="1575" count="74" type="stmt"/>
      <line num="1576" count="74" type="stmt"/>
      <line num="1580" count="74" type="stmt"/>
      <line num="1581" count="222" type="stmt"/>
      <line num="1582" count="3" type="stmt"/>
      <line num="1594" count="130" type="stmt"/>
      <line num="1595" count="130" type="stmt"/>
      <line num="1597" count="128" type="stmt"/>
      <line num="1598" count="128" type="stmt"/>
      <line num="1599" count="128" type="stmt"/>
      <line num="1600" count="128" type="stmt"/>
      <line num="1601" count="128" type="stmt"/>
      <line num="1610" count="128" type="stmt"/>
      <line num="1611" count="128" type="stmt"/>
      <line num="1614" count="128" type="cond" truecount="1" falsecount="1"/>
      <line num="1615" count="128" type="stmt"/>
      <line num="1616" count="128" type="stmt"/>
      <line num="1620" count="128" type="stmt"/>
      <line num="1621" count="128" type="stmt"/>
      <line num="1629" count="128" type="stmt"/>
      <line num="1630" count="60" type="stmt"/>
      <line num="1631" count="60" type="stmt"/>
      <line num="1633" count="60" type="cond" truecount="2" falsecount="0"/>
      <line num="1634" count="5" type="stmt"/>
      <line num="1637" count="5" type="stmt"/>
      <line num="1638" count="25" type="stmt"/>
      <line num="1640" count="55" type="cond" truecount="2" falsecount="0"/>
      <line num="1642" count="26" type="stmt"/>
      <line num="1644" count="130" type="stmt"/>
      <line num="1645" count="130" type="stmt"/>
      <line num="1648" count="130" type="stmt"/>
      <line num="1649" count="130" type="stmt"/>
      <line num="1652" count="26" type="stmt"/>
      <line num="1654" count="26" type="cond" truecount="1" falsecount="1"/>
      <line num="1655" count="26" type="stmt"/>
      <line num="1657" count="29" type="cond" truecount="1" falsecount="1"/>
      <line num="1659" count="29" type="stmt"/>
      <line num="1661" count="145" type="stmt"/>
      <line num="1662" count="145" type="stmt"/>
      <line num="1665" count="145" type="stmt"/>
      <line num="1666" count="145" type="stmt"/>
      <line num="1668" count="29" type="stmt"/>
      <line num="1669" count="29" type="stmt"/>
      <line num="1679" count="128" type="stmt"/>
      <line num="1680" count="128" type="stmt"/>
      <line num="1681" count="640" type="stmt"/>
      <line num="1682" count="640" type="cond" truecount="1" falsecount="1"/>
      <line num="1683" count="0" type="stmt"/>
      <line num="1684" count="0" type="stmt"/>
      <line num="1688" count="640" type="stmt"/>
      <line num="1689" count="54" type="stmt"/>
      <line num="1691" count="54" type="cond" truecount="2" falsecount="0"/>
      <line num="1692" count="36" type="stmt"/>
      <line num="1693" count="36" type="stmt"/>
      <line num="1695" count="18" type="cond" truecount="1" falsecount="1"/>
      <line num="1696" count="18" type="stmt"/>
      <line num="1697" count="18" type="stmt"/>
      <line num="1699" count="18" type="stmt"/>
      <line num="1702" count="54" type="cond" truecount="2" falsecount="0"/>
      <line num="1703" count="12" type="stmt"/>
      <line num="1706" count="54" type="stmt"/>
      <line num="1709" count="54" type="stmt"/>
      <line num="1711" count="54" type="cond" truecount="2" falsecount="0"/>
      <line num="1712" count="18" type="stmt"/>
      <line num="1716" count="54" type="cond" truecount="2" falsecount="0"/>
      <line num="1717" count="48" type="stmt"/>
      <line num="1719" count="6" type="stmt"/>
      <line num="1727" count="112" type="stmt"/>
      <line num="1728" count="112" type="stmt"/>
      <line num="1730" count="112" type="cond" truecount="1" falsecount="1"/>
      <line num="1731" count="112" type="cond" truecount="2" falsecount="0"/>
      <line num="1732" count="74" type="stmt"/>
      <line num="1734" count="38" type="stmt"/>
      <line num="1741" count="128" type="stmt"/>
      <line num="1742" count="128" type="stmt"/>
      <line num="1743" count="128" type="stmt"/>
      <line num="1746" count="128" type="stmt"/>
      <line num="1750" count="128" type="stmt"/>
      <line num="1751" count="128" type="stmt"/>
      <line num="1755" count="128" type="cond" truecount="1" falsecount="1"/>
      <line num="1756" count="128" type="stmt"/>
      <line num="1757" count="128" type="stmt"/>
      <line num="1762" count="128" type="stmt"/>
      <line num="1763" count="128" type="stmt"/>
      <line num="1766" count="128" type="stmt"/>
      <line num="1767" count="128" type="stmt"/>
      <line num="1771" count="128" type="stmt"/>
      <line num="1772" count="384" type="stmt"/>
      <line num="1773" count="9" type="stmt"/>
      <line num="1780" count="128" type="stmt"/>
      <line num="1782" count="128" type="stmt"/>
      <line num="1784" count="128" type="stmt"/>
      <line num="1786" count="128" type="cond" truecount="1" falsecount="1"/>
      <line num="1787" count="128" type="stmt"/>
      <line num="1788" count="3" type="stmt"/>
      <line num="1790" count="3" type="stmt"/>
      <line num="1791" count="3" type="stmt"/>
      <line num="1793" count="3" type="stmt"/>
      <line num="1795" count="3" type="stmt"/>
      <line num="1796" count="9" type="stmt"/>
      <line num="1799" count="3" type="stmt"/>
      <line num="1806" count="1" type="stmt"/>
      <line num="1807" count="1" type="stmt"/>
      <line num="1810" count="1" type="stmt"/>
      <line num="1811" count="1" type="stmt"/>
      <line num="1813" count="1" type="stmt"/>
      <line num="1814" count="5" type="cond" truecount="1" falsecount="1"/>
      <line num="1815" count="5" type="stmt"/>
      <line num="1818" count="1" type="stmt"/>
      <line num="1819" count="1" type="stmt"/>
      <line num="1822" count="1" type="stmt"/>
      <line num="1823" count="1" type="stmt"/>
      <line num="1826" count="1" type="stmt"/>
      <line num="1827" count="2" type="stmt"/>
      <line num="1829" count="1" type="stmt"/>
      <line num="1834" count="2" type="stmt"/>
      <line num="1835" count="2" type="stmt"/>
      <line num="1836" count="6" type="cond" truecount="2" falsecount="0"/>
      <line num="1837" count="2" type="stmt"/>
      <line num="1839" count="4" type="stmt"/>
      <line num="1848" count="128" type="stmt"/>
      <line num="1849" count="128" type="stmt"/>
      <line num="1850" count="128" type="stmt"/>
      <line num="1853" count="128" type="stmt"/>
      <line num="1854" count="128" type="stmt"/>
      <line num="1855" count="128" type="stmt"/>
      <line num="1856" count="128" type="stmt"/>
      <line num="1857" count="128" type="stmt"/>
      <line num="1858" count="128" type="stmt"/>
      <line num="1859" count="128" type="stmt"/>
      <line num="1860" count="128" type="stmt"/>
      <line num="1861" count="128" type="stmt"/>
      <line num="1862" count="128" type="stmt"/>
      <line num="1863" count="128" type="stmt"/>
      <line num="1866" count="128" type="stmt"/>
      <line num="1867" count="384" type="stmt"/>
      <line num="1868" count="384" type="stmt"/>
      <line num="1870" count="384" type="stmt"/>
      <line num="1873" count="128" type="stmt"/>
      <line num="1874" count="38" type="cond" truecount="1" falsecount="1"/>
      <line num="1875" count="38" type="stmt"/>
      <line num="1880" count="128" type="stmt"/>
      <line num="1881" count="6" type="stmt"/>
      <line num="1884" count="6" type="stmt"/>
      <line num="1885" count="6" type="stmt"/>
      <line num="1886" count="6" type="stmt"/>
      <line num="1888" count="6" type="stmt"/>
      <line num="1889" count="6" type="stmt"/>
      <line num="1896" count="6" type="stmt"/>
      <line num="1900" count="128" type="stmt"/>
      <line num="1901" count="26" type="stmt"/>
      <line num="1904" count="26" type="stmt"/>
      <line num="1905" count="26" type="stmt"/>
      <line num="1906" count="26" type="stmt"/>
      <line num="1908" count="26" type="stmt"/>
      <line num="1909" count="26" type="stmt"/>
      <line num="1916" count="26" type="stmt"/>
      <line num="1920" count="128" type="stmt"/>
      <line num="1921" count="69" type="cond" truecount="2" falsecount="0"/>
      <line num="1922" count="6" type="stmt"/>
      <line num="1925" count="6" type="stmt"/>
      <line num="1926" count="6" type="stmt"/>
      <line num="1927" count="6" type="stmt"/>
      <line num="1929" count="6" type="stmt"/>
      <line num="1930" count="6" type="stmt"/>
      <line num="1937" count="6" type="stmt"/>
      <line num="1942" count="128" type="stmt"/>
      <line num="1943" count="71" type="cond" truecount="2" falsecount="0"/>
      <line num="1944" count="2" type="stmt"/>
      <line num="1945" count="2" type="stmt"/>
      <line num="1946" count="2" type="stmt"/>
      <line num="1947" count="2" type="stmt"/>
      <line num="1948" count="2" type="stmt"/>
      <line num="1953" count="128" type="stmt"/>
      <line num="1954" count="33" type="stmt"/>
      <line num="1955" count="33" type="stmt"/>
      <line num="1956" count="33" type="cond" truecount="2" falsecount="0"/>
      <line num="1957" count="9" type="stmt"/>
      <line num="1959" count="33" type="stmt"/>
      <line num="1962" count="33" type="stmt"/>
      <line num="1963" count="33" type="stmt"/>
      <line num="1965" count="33" type="cond" truecount="2" falsecount="2"/>
      <line num="1966" count="33" type="stmt"/>
      <line num="1967" count="33" type="stmt"/>
      <line num="1968" count="33" type="stmt"/>
      <line num="1973" count="128" type="stmt"/>
      <line num="1974" count="33" type="stmt"/>
      <line num="1975" count="33" type="stmt"/>
      <line num="1977" count="33" type="cond" truecount="2" falsecount="0"/>
      <line num="1978" count="9" type="stmt"/>
      <line num="1980" count="33" type="stmt"/>
      <line num="1983" count="33" type="stmt"/>
      <line num="1984" count="33" type="stmt"/>
      <line num="1985" count="33" type="stmt"/>
      <line num="1986" count="33" type="stmt"/>
      <line num="1987" count="33" type="stmt"/>
      <line num="1991" count="128" type="stmt"/>
      <line num="1992" count="3" type="stmt"/>
      <line num="1993" count="3" type="stmt"/>
      <line num="1994" count="3" type="stmt"/>
      <line num="1995" count="3" type="stmt"/>
      <line num="1996" count="3" type="stmt"/>
      <line num="2002" count="38" type="stmt"/>
      <line num="2003" count="38" type="stmt"/>
      <line num="2005" count="38" type="cond" truecount="2" falsecount="0"/>
      <line num="2007" count="17" type="stmt"/>
      <line num="2009" count="17" type="stmt"/>
      <line num="2012" count="17" type="cond" truecount="2" falsecount="0"/>
      <line num="2013" count="14" type="stmt"/>
      <line num="2017" count="3" type="stmt"/>
      <line num="2023" count="17" type="stmt"/>
      <line num="2027" count="17" type="stmt"/>
      <line num="2028" count="17" type="stmt"/>
      <line num="2029" count="17" type="stmt"/>
      <line num="2030" count="21" type="cond" truecount="2" falsecount="0"/>
      <line num="2034" count="14" type="stmt"/>
      <line num="2035" count="14" type="stmt"/>
      <line num="2036" count="14" type="stmt"/>
      <line num="2039" count="14" type="stmt"/>
      <line num="2052" count="81" type="stmt"/>
      <line num="2054" count="81" type="stmt"/>
      <line num="2055" count="81" type="cond" truecount="2" falsecount="0"/>
      <line num="2057" count="38" type="cond" truecount="2" falsecount="0"/>
      <line num="2058" count="31" type="cond" truecount="2" falsecount="0"/>
      <line num="2060" count="24" type="stmt"/>
      <line num="2061" count="24" type="stmt"/>
      <line num="2062" count="360" type="cond" truecount="2" falsecount="0"/>
      <line num="2063" count="54" type="stmt"/>
      <line num="2064" count="54" type="stmt"/>
      <line num="2065" count="54" type="stmt"/>
      <line num="2066" count="54" type="stmt"/>
      <line num="2070" count="54" type="stmt"/>
      <line num="2071" count="71" type="stmt"/>
      <line num="2079" count="54" type="stmt"/>
      <line num="2080" count="71" type="stmt"/>
      <line num="2087" count="54" type="stmt"/>
      <line num="2088" count="54" type="stmt"/>
      <line num="2091" count="360" type="cond" truecount="2" falsecount="0"/>
      <line num="2092" count="30" type="stmt"/>
      <line num="2094" count="330" type="stmt"/>
      <line num="2098" count="24" type="stmt"/>
      <line num="2099" count="24" type="stmt"/>
      <line num="2100" count="71" type="stmt"/>
      <line num="2104" count="7" type="stmt"/>
      <line num="2108" count="43" type="stmt"/>
      <line num="2109" count="75" type="stmt"/>
      <line num="2114" count="43" type="stmt"/>
      <line num="2116" count="81" type="stmt"/>
      <line num="2121" count="53" type="stmt"/>
      <line num="2122" count="53" type="stmt"/>
      <line num="2123" count="53" type="stmt"/>
      <line num="2134" count="53" type="stmt"/>
      <line num="2137" count="53" type="cond" truecount="2" falsecount="0"/>
      <line num="2138" count="15" type="stmt"/>
      <line num="2140" count="38" type="stmt"/>
      <line num="2143" count="53" type="stmt"/>
      <line num="2148" count="139" type="stmt"/>
      <line num="2150" count="139" type="stmt"/>
      <line num="2152" count="139" type="cond" truecount="1" falsecount="1"/>
      <line num="2153" count="139" type="stmt"/>
      <line num="2156" count="139" type="stmt"/>
    </file>
    <file name="initFragments.js" path="D:\Java\MyOwnProjects\TruthSeekersOffice\src\js\initFragments.js">
      <metrics statements="88" coveredstatements="85" conditionals="22" coveredconditionals="16" methods="22" coveredmethods="22"/>
      <line num="2" count="260" type="stmt"/>
      <line num="3" count="260" type="stmt"/>
      <line num="5" count="235" type="stmt"/>
      <line num="6" count="235" type="stmt"/>
      <line num="8" count="2" type="stmt"/>
      <line num="11" count="260" type="stmt"/>
      <line num="12" count="260" type="stmt"/>
      <line num="14" count="234" type="stmt"/>
      <line num="15" count="234" type="stmt"/>
      <line num="17" count="2" type="stmt"/>
      <line num="25" count="7" type="stmt"/>
      <line num="26" count="7" type="stmt"/>
      <line num="27" count="7" type="cond" truecount="1" falsecount="1"/>
      <line num="28" count="0" type="stmt"/>
      <line num="31" count="7" type="stmt"/>
      <line num="32" count="7" type="stmt"/>
      <line num="33" count="7" type="stmt"/>
      <line num="34" count="7" type="stmt"/>
      <line num="36" count="0" type="stmt"/>
      <line num="37" count="0" type="stmt"/>
      <line num="44" count="235" type="stmt"/>
      <line num="45" count="235" type="stmt"/>
      <line num="46" count="235" type="stmt"/>
      <line num="47" count="6" type="stmt"/>
      <line num="50" count="235" type="stmt"/>
      <line num="51" count="6" type="stmt"/>
      <line num="54" count="235" type="stmt"/>
      <line num="55" count="6" type="stmt"/>
      <line num="58" count="235" type="stmt"/>
      <line num="59" count="6" type="stmt"/>
      <line num="63" count="24" type="stmt"/>
      <line num="64" count="24" type="stmt"/>
      <line num="65" count="24" type="cond" truecount="2" falsecount="0"/>
      <line num="66" count="12" type="stmt"/>
      <line num="67" count="12" type="stmt"/>
      <line num="69" count="12" type="stmt"/>
      <line num="70" count="12" type="stmt"/>
      <line num="75" count="235" type="stmt"/>
      <line num="77" count="235" type="stmt"/>
      <line num="78" count="18" type="stmt"/>
      <line num="85" count="235" type="stmt"/>
      <line num="88" count="235" type="stmt"/>
      <line num="89" count="235" type="stmt"/>
      <line num="90" count="235" type="stmt"/>
      <line num="93" count="235" type="stmt"/>
      <line num="94" count="235" type="stmt"/>
      <line num="98" count="235" type="cond" truecount="1" falsecount="1"/>
      <line num="99" count="235" type="stmt"/>
      <line num="100" count="54" type="cond" truecount="2" falsecount="0"/>
      <line num="102" count="24" type="cond" truecount="2" falsecount="0"/>
      <line num="103" count="6" type="stmt"/>
      <line num="105" count="18" type="stmt"/>
      <line num="106" count="18" type="stmt"/>
      <line num="110" count="30" type="cond" truecount="2" falsecount="0"/>
      <line num="111" count="6" type="stmt"/>
      <line num="113" count="24" type="stmt"/>
      <line num="114" count="24" type="stmt"/>
      <line num="120" count="235" type="cond" truecount="1" falsecount="1"/>
      <line num="121" count="235" type="stmt"/>
      <line num="122" count="6" type="stmt"/>
      <line num="126" count="235" type="cond" truecount="1" falsecount="1"/>
      <line num="127" count="235" type="stmt"/>
      <line num="128" count="6" type="stmt"/>
      <line num="136" count="235" type="stmt"/>
      <line num="137" count="235" type="stmt"/>
      <line num="153" count="235" type="stmt"/>
      <line num="154" count="235" type="stmt"/>
      <line num="157" count="235" type="stmt"/>
      <line num="162" count="235" type="stmt"/>
      <line num="163" count="18" type="cond" truecount="2" falsecount="0"/>
      <line num="164" count="6" type="stmt"/>
      <line num="166" count="12" type="stmt"/>
      <line num="170" count="235" type="stmt"/>
      <line num="171" count="6" type="stmt"/>
      <line num="176" count="235" type="stmt"/>
      <line num="177" count="235" type="stmt"/>
      <line num="178" count="235" type="stmt"/>
      <line num="180" count="235" type="cond" truecount="1" falsecount="1"/>
      <line num="181" count="235" type="stmt"/>
      <line num="182" count="6" type="stmt"/>
      <line num="183" count="6" type="stmt"/>
      <line num="184" count="6" type="stmt"/>
      <line num="188" count="235" type="cond" truecount="1" falsecount="1"/>
      <line num="189" count="235" type="stmt"/>
      <line num="190" count="6" type="stmt"/>
      <line num="191" count="6" type="stmt"/>
      <line num="192" count="6" type="stmt"/>
      <line num="199" count="234" type="stmt"/>
    </file>
    <file name="main.js" path="D:\Java\MyOwnProjects\TruthSeekersOffice\src\js\main.js">
      <metrics statements="106" coveredstatements="105" conditionals="44" coveredconditionals="32" methods="26" coveredmethods="26"/>
      <line num="4" count="130" type="stmt"/>
      <line num="6" count="130" type="cond" truecount="1" falsecount="1"/>
      <line num="7" count="130" type="stmt"/>
      <line num="8" count="216" type="cond" truecount="1" falsecount="1"/>
      <line num="9" count="216" type="stmt"/>
      <line num="12" count="216" type="stmt"/>
      <line num="13" count="8" type="stmt"/>
      <line num="19" count="8" type="stmt"/>
      <line num="20" count="8" type="stmt"/>
      <line num="23" count="130" type="stmt"/>
      <line num="25" count="130" type="cond" truecount="1" falsecount="1"/>
      <line num="26" count="130" type="stmt"/>
      <line num="27" count="216" type="cond" truecount="1" falsecount="1"/>
      <line num="28" count="216" type="stmt"/>
      <line num="31" count="216" type="stmt"/>
      <line num="32" count="8" type="stmt"/>
      <line num="38" count="8" type="stmt"/>
      <line num="39" count="8" type="stmt"/>
      <line num="42" count="130" type="stmt"/>
      <line num="45" count="130" type="stmt"/>
      <line num="49" count="130" type="cond" truecount="1" falsecount="1"/>
      <line num="50" count="130" type="stmt"/>
      <line num="51" count="18" type="stmt"/>
      <line num="52" count="2" type="stmt"/>
      <line num="57" count="130" type="cond" truecount="1" falsecount="1"/>
      <line num="58" count="130" type="stmt"/>
      <line num="59" count="18" type="stmt"/>
      <line num="60" count="1" type="stmt"/>
      <line num="66" count="2" type="stmt"/>
      <line num="68" count="2" type="stmt"/>
      <line num="71" count="1" type="stmt"/>
      <line num="73" count="1" type="stmt"/>
      <line num="77" count="130" type="stmt"/>
      <line num="78" count="130" type="stmt"/>
      <line num="79" count="130" type="stmt"/>
      <line num="81" count="130" type="cond" truecount="2" falsecount="0"/>
      <line num="82" count="18" type="stmt"/>
      <line num="83" count="1" type="stmt"/>
      <line num="84" count="1" type="stmt"/>
      <line num="85" count="1" type="stmt"/>
      <line num="89" count="130" type="cond" truecount="2" falsecount="0"/>
      <line num="90" count="18" type="stmt"/>
      <line num="91" count="1" type="stmt"/>
      <line num="92" count="1" type="stmt"/>
      <line num="93" count="1" type="stmt"/>
      <line num="99" count="130" type="stmt"/>
      <line num="100" count="130" type="stmt"/>
      <line num="101" count="130" type="stmt"/>
      <line num="103" count="130" type="cond" truecount="2" falsecount="0"/>
      <line num="104" count="14" type="stmt"/>
      <line num="105" count="1" type="stmt"/>
      <line num="106" count="1" type="stmt"/>
      <line num="107" count="1" type="stmt"/>
      <line num="111" count="130" type="cond" truecount="2" falsecount="0"/>
      <line num="112" count="14" type="stmt"/>
      <line num="113" count="1" type="stmt"/>
      <line num="114" count="1" type="stmt"/>
      <line num="115" count="1" type="stmt"/>
      <line num="119" count="130" type="stmt"/>
      <line num="120" count="130" type="stmt"/>
      <line num="122" count="130" type="stmt"/>
      <line num="127" count="32" type="stmt"/>
      <line num="128" count="32" type="stmt"/>
      <line num="129" count="32" type="stmt"/>
      <line num="135" count="3" type="stmt"/>
      <line num="136" count="3" type="stmt"/>
      <line num="138" count="3" type="cond" truecount="2" falsecount="0"/>
      <line num="139" count="2" type="stmt"/>
      <line num="141" count="1" type="cond" truecount="1" falsecount="1"/>
      <line num="146" count="4" type="cond" truecount="4" falsecount="0"/>
      <line num="147" count="1" type="stmt"/>
      <line num="148" count="1" type="stmt"/>
      <line num="151" count="3" type="stmt"/>
      <line num="153" count="3" type="cond" truecount="2" falsecount="0"/>
      <line num="154" count="1" type="stmt"/>
      <line num="155" count="1" type="stmt"/>
      <line num="158" count="2" type="stmt"/>
      <line num="159" count="2" type="stmt"/>
      <line num="164" count="2" type="stmt"/>
      <line num="165" count="2" type="cond" truecount="1" falsecount="1"/>
      <line num="167" count="2" type="stmt"/>
      <line num="168" count="2" type="stmt"/>
      <line num="170" count="0" type="stmt"/>
      <line num="176" count="3" type="stmt"/>
      <line num="178" count="3" type="cond" truecount="2" falsecount="0"/>
      <line num="179" count="1" type="stmt"/>
      <line num="180" count="1" type="stmt"/>
      <line num="183" count="2" type="stmt"/>
      <line num="185" count="2" type="stmt"/>
      <line num="187" count="4" type="cond" truecount="1" falsecount="1"/>
      <line num="189" count="4" type="cond" truecount="1" falsecount="1"/>
      <line num="190" count="4" type="cond" truecount="1" falsecount="1"/>
      <line num="192" count="4" type="stmt"/>
      <line num="193" count="4" type="stmt"/>
      <line num="196" count="4" type="stmt"/>
      <line num="197" count="1" type="stmt"/>
      <line num="198" count="1" type="stmt"/>
      <line num="201" count="4" type="stmt"/>
      <line num="204" count="2" type="stmt"/>
      <line num="207" count="130" type="cond" truecount="2" falsecount="0"/>
      <line num="209" count="32" type="stmt"/>
      <line num="212" count="4" type="stmt"/>
      <line num="213" count="4" type="stmt"/>
      <line num="218" count="32" type="stmt"/>
      <line num="219" count="78" type="cond" truecount="1" falsecount="1"/>
      <line num="220" count="78" type="stmt"/>
    </file>
  </project>
</coverage>
