<?xml version="1.0" encoding="UTF-8"?>
<coverage generated="1743747311357" clover="3.2.0">
  <project timestamp="1743747311357" name="All files">
    <metrics statements="901" coveredstatements="499" conditionals="312" coveredconditionals="126" methods="146" coveredmethods="87" elements="1359" coveredelements="712" complexity="0" loc="901" ncloc="901" packages="1" files="3" classes="3"/>
    <file name="cabinet.js" path="D:\Java\MyOwnProjects\TruthSeekersOffice\src\js\cabinet.js">
      <metrics statements="717" coveredstatements="318" conditionals="248" coveredconditionals="79" methods="99" coveredmethods="42"/>
      <line num="1" count="64" type="stmt"/>
      <line num="2" count="64" type="stmt"/>
      <line num="7" count="64" type="stmt"/>
      <line num="8" count="64" type="stmt"/>
      <line num="9" count="64" type="stmt"/>
      <line num="11" count="64" type="stmt"/>
      <line num="12" count="0" type="stmt"/>
      <line num="14" count="0" type="stmt"/>
      <line num="18" count="64" type="stmt"/>
      <line num="22" count="2" type="stmt"/>
      <line num="24" count="2" type="cond" truecount="1" falsecount="1"/>
      <line num="26" count="2" type="stmt"/>
      <line num="32" count="2" type="cond" truecount="1" falsecount="1"/>
      <line num="33" count="0" type="cond" truecount="0" falsecount="2"/>
      <line num="34" count="0" type="stmt"/>
      <line num="36" count="0" type="cond" truecount="0" falsecount="2"/>
      <line num="37" count="0" type="stmt"/>
      <line num="43" count="2" type="stmt"/>
      <line num="44" count="2" type="stmt"/>
      <line num="46" count="2" type="stmt"/>
      <line num="51" count="64" type="stmt"/>
      <line num="52" count="64" type="stmt"/>
      <line num="53" count="64" type="stmt"/>
      <line num="54" count="64" type="stmt"/>
      <line num="57" count="64" type="cond" truecount="2" falsecount="0"/>
      <line num="58" count="8" type="stmt"/>
      <line num="60" count="48" type="stmt"/>
      <line num="61" count="48" type="stmt"/>
      <line num="64" count="48" type="stmt"/>
      <line num="65" count="0" type="stmt"/>
      <line num="66" count="0" type="stmt"/>
      <line num="67" count="0" type="stmt"/>
      <line num="72" count="0" type="cond" truecount="0" falsecount="2"/>
      <line num="73" count="0" type="stmt"/>
      <line num="77" count="0" type="cond" truecount="0" falsecount="2"/>
      <line num="78" count="0" type="cond" truecount="0" falsecount="2"/>
      <line num="79" count="0" type="stmt"/>
      <line num="82" count="0" type="stmt"/>
      <line num="88" count="0" type="stmt"/>
      <line num="92" count="0" type="stmt"/>
      <line num="94" count="0" type="cond" truecount="0" falsecount="2"/>
      <line num="95" count="0" type="stmt"/>
      <line num="97" count="0" type="stmt"/>
      <line num="99" count="0" type="cond" truecount="0" falsecount="2"/>
      <line num="102" count="0" type="stmt"/>
      <line num="103" count="0" type="stmt"/>
      <line num="105" count="0" type="stmt"/>
      <line num="106" count="0" type="cond" truecount="0" falsecount="2"/>
      <line num="108" count="0" type="stmt"/>
      <line num="114" count="48" type="stmt"/>
      <line num="115" count="80" type="cond" truecount="2" falsecount="0"/>
      <line num="117" count="32" type="stmt"/>
      <line num="118" count="32" type="stmt"/>
      <line num="122" count="48" type="cond" truecount="2" falsecount="0"/>
      <line num="124" count="32" type="stmt"/>
      <line num="126" count="2" type="stmt"/>
      <line num="128" count="2" type="cond" truecount="1" falsecount="1"/>
      <line num="129" count="0" type="cond" truecount="0" falsecount="2"/>
      <line num="130" count="0" type="stmt"/>
      <line num="133" count="0" type="stmt"/>
      <line num="134" count="0" type="cond" truecount="0" falsecount="4"/>
      <line num="135" count="0" type="stmt"/>
      <line num="140" count="2" type="stmt"/>
      <line num="141" count="2" type="stmt"/>
      <line num="142" count="2" type="stmt"/>
      <line num="145" count="32" type="stmt"/>
      <line num="147" count="0" type="cond" truecount="0" falsecount="4"/>
      <line num="148" count="0" type="stmt"/>
      <line num="149" count="0" type="stmt"/>
      <line num="153" count="32" type="stmt"/>
      <line num="154" count="2" type="stmt"/>
      <line num="155" count="2" type="stmt"/>
      <line num="162" count="64" type="stmt"/>
      <line num="163" count="64" type="cond" truecount="2" falsecount="0"/>
      <line num="164" count="8" type="stmt"/>
      <line num="165" count="152" type="stmt"/>
      <line num="167" count="2" type="stmt"/>
      <line num="171" count="2" type="stmt"/>
      <line num="172" count="2" type="stmt"/>
      <line num="175" count="2" type="cond" truecount="1" falsecount="1"/>
      <line num="176" count="0" type="cond" truecount="0" falsecount="2"/>
      <line num="177" count="0" type="stmt"/>
      <line num="180" count="0" type="stmt"/>
      <line num="183" count="0" type="stmt"/>
      <line num="188" count="2" type="cond" truecount="1" falsecount="1"/>
      <line num="189" count="0" type="cond" truecount="0" falsecount="2"/>
      <line num="190" count="0" type="stmt"/>
      <line num="193" count="2" type="cond" truecount="1" falsecount="1"/>
      <line num="194" count="2" type="stmt"/>
      <line num="196" count="2" type="cond" truecount="1" falsecount="1"/>
      <line num="197" count="2" type="stmt"/>
      <line num="202" count="2" type="stmt"/>
      <line num="204" count="2" type="stmt"/>
      <line num="205" count="2" type="stmt"/>
      <line num="208" count="2" type="stmt"/>
      <line num="216" count="2" type="stmt"/>
      <line num="218" count="2" type="stmt"/>
      <line num="219" count="4" type="cond" truecount="2" falsecount="0"/>
      <line num="220" count="2" type="stmt"/>
      <line num="223" count="2" type="stmt"/>
      <line num="229" count="0" type="stmt"/>
      <line num="231" count="0" type="stmt"/>
      <line num="232" count="0" type="cond" truecount="0" falsecount="2"/>
      <line num="233" count="0" type="stmt"/>
      <line num="236" count="0" type="stmt"/>
      <line num="241" count="4" type="stmt"/>
      <line num="242" count="4" type="stmt"/>
      <line num="243" count="4" type="stmt"/>
      <line num="244" count="4" type="stmt"/>
      <line num="246" count="4" type="stmt"/>
      <line num="247" count="24" type="cond" truecount="2" falsecount="0"/>
      <line num="248" count="12" type="cond" truecount="2" falsecount="0"/>
      <line num="249" count="10" type="stmt"/>
      <line num="250" count="10" type="stmt"/>
      <line num="251" count="10" type="stmt"/>
      <line num="252" count="10" type="stmt"/>
      <line num="254" count="2" type="stmt"/>
      <line num="255" count="2" type="stmt"/>
      <line num="256" count="2" type="stmt"/>
      <line num="258" count="2" type="stmt"/>
      <line num="259" count="2" type="stmt"/>
      <line num="260" count="2" type="stmt"/>
      <line num="261" count="2" type="stmt"/>
      <line num="264" count="12" type="stmt"/>
      <line num="265" count="12" type="stmt"/>
      <line num="266" count="12" type="stmt"/>
      <line num="273" count="64" type="stmt"/>
      <line num="275" count="64" type="cond" truecount="2" falsecount="0"/>
      <line num="276" count="8" type="stmt"/>
      <line num="277" count="8" type="stmt"/>
      <line num="279" count="8" type="stmt"/>
      <line num="281" count="8" type="cond" truecount="1" falsecount="1"/>
      <line num="283" count="8" type="stmt"/>
      <line num="284" count="8" type="cond" truecount="1" falsecount="1"/>
      <line num="285" count="8" type="stmt"/>
      <line num="290" count="8" type="cond" truecount="1" falsecount="1"/>
      <line num="292" count="8" type="stmt"/>
      <line num="293" count="8" type="stmt"/>
      <line num="298" count="8" type="stmt"/>
      <line num="300" count="8" type="cond" truecount="1" falsecount="1"/>
      <line num="301" count="8" type="stmt"/>
      <line num="302" count="80" type="stmt"/>
      <line num="303" count="0" type="cond" truecount="0" falsecount="2"/>
      <line num="304" count="0" type="stmt"/>
      <line num="308" count="0" type="stmt"/>
      <line num="315" count="8" type="stmt"/>
      <line num="317" count="8" type="cond" truecount="1" falsecount="1"/>
      <line num="318" count="8" type="stmt"/>
      <line num="319" count="0" type="stmt"/>
      <line num="324" count="8" type="stmt"/>
      <line num="326" count="8" type="cond" truecount="1" falsecount="1"/>
      <line num="327" count="8" type="stmt"/>
      <line num="328" count="80" type="stmt"/>
      <line num="330" count="0" type="stmt"/>
      <line num="332" count="0" type="cond" truecount="0" falsecount="2"/>
      <line num="333" count="0" type="stmt"/>
      <line num="334" count="0" type="stmt"/>
      <line num="336" count="0" type="stmt"/>
      <line num="337" count="0" type="stmt"/>
      <line num="340" count="0" type="cond" truecount="0" falsecount="2"/>
      <line num="341" count="0" type="stmt"/>
      <line num="343" count="0" type="stmt"/>
      <line num="350" count="8" type="stmt"/>
      <line num="351" count="8" type="stmt"/>
      <line num="353" count="8" type="cond" truecount="1" falsecount="1"/>
      <line num="354" count="0" type="stmt"/>
      <line num="355" count="0" type="stmt"/>
      <line num="356" count="0" type="stmt"/>
      <line num="357" count="0" type="stmt"/>
      <line num="358" count="0" type="stmt"/>
      <line num="359" count="0" type="stmt"/>
      <line num="364" count="8" type="cond" truecount="1" falsecount="1"/>
      <line num="365" count="8" type="stmt"/>
      <line num="366" count="80" type="stmt"/>
      <line num="367" count="0" type="stmt"/>
      <line num="368" count="0" type="stmt"/>
      <line num="369" count="0" type="stmt"/>
      <line num="370" count="0" type="stmt"/>
      <line num="376" count="8" type="stmt"/>
      <line num="377" count="8" type="stmt"/>
      <line num="379" count="8" type="cond" truecount="1" falsecount="1"/>
      <line num="380" count="8" type="stmt"/>
      <line num="381" count="80" type="stmt"/>
      <line num="382" count="0" type="stmt"/>
      <line num="383" count="0" type="stmt"/>
      <line num="384" count="0" type="stmt"/>
      <line num="389" count="8" type="cond" truecount="1" falsecount="1"/>
      <line num="390" count="0" type="stmt"/>
      <line num="391" count="0" type="stmt"/>
      <line num="392" count="0" type="stmt"/>
      <line num="393" count="0" type="stmt"/>
      <line num="394" count="0" type="stmt"/>
      <line num="402" count="8" type="stmt"/>
      <line num="404" count="8" type="stmt"/>
      <line num="405" count="168" type="cond" truecount="1" falsecount="1"/>
      <line num="406" count="168" type="stmt"/>
      <line num="407" count="168" type="stmt"/>
      <line num="409" count="168" type="cond" truecount="1" falsecount="1"/>
      <line num="410" count="168" type="stmt"/>
      <line num="411" count="16" type="stmt"/>
      <line num="412" count="0" type="cond" truecount="0" falsecount="2"/>
      <line num="413" count="0" type="stmt"/>
      <line num="414" count="0" type="cond" truecount="0" falsecount="2"/>
      <line num="415" count="0" type="stmt"/>
      <line num="418" count="0" type="stmt"/>
      <line num="420" count="0" type="stmt"/>
      <line num="429" count="0" type="stmt"/>
      <line num="430" count="0" type="stmt"/>
      <line num="432" count="0" type="cond" truecount="0" falsecount="2"/>
      <line num="433" count="0" type="stmt"/>
      <line num="434" count="0" type="stmt"/>
      <line num="436" count="0" type="stmt"/>
      <line num="437" count="0" type="stmt"/>
      <line num="444" count="16" type="cond" truecount="2" falsecount="0"/>
      <line num="445" count="8" type="stmt"/>
      <line num="450" count="8" type="stmt"/>
      <line num="455" count="16" type="cond" truecount="1" falsecount="1"/>
      <line num="456" count="16" type="stmt"/>
      <line num="457" count="2" type="stmt"/>
      <line num="461" count="2" type="cond" truecount="1" falsecount="1"/>
      <line num="462" count="2" type="stmt"/>
      <line num="463" count="2" type="stmt"/>
      <line num="464" count="2" type="stmt"/>
      <line num="466" count="0" type="stmt"/>
      <line num="467" count="0" type="stmt"/>
      <line num="471" count="2" type="stmt"/>
      <line num="472" count="10" type="cond" truecount="2" falsecount="0"/>
      <line num="473" count="7" type="stmt"/>
      <line num="478" count="2" type="cond" truecount="2" falsecount="0"/>
      <line num="479" count="1" type="stmt"/>
      <line num="481" count="2" type="stmt"/>
      <line num="483" count="2" type="cond" truecount="1" falsecount="1"/>
      <line num="484" count="2" type="cond" truecount="2" falsecount="0"/>
      <line num="485" count="1" type="stmt"/>
      <line num="487" count="0" type="cond" truecount="0" falsecount="2"/>
      <line num="488" count="0" type="stmt"/>
      <line num="499" count="8" type="stmt"/>
      <line num="500" count="8" type="stmt"/>
      <line num="502" count="8" type="stmt"/>
      <line num="503" count="8" type="stmt"/>
      <line num="504" count="8" type="stmt"/>
      <line num="505" count="8" type="stmt"/>
      <line num="506" count="8" type="stmt"/>
      <line num="509" count="8" type="stmt"/>
      <line num="511" count="8" type="stmt"/>
      <line num="512" count="40" type="stmt"/>
      <line num="513" count="0" type="stmt"/>
      <line num="516" count="0" type="stmt"/>
      <line num="518" count="0" type="cond" truecount="0" falsecount="2"/>
      <line num="519" count="0" type="stmt"/>
      <line num="526" count="16" type="cond" truecount="2" falsecount="0"/>
      <line num="536" count="8" type="stmt"/>
      <line num="537" count="8" type="stmt"/>
      <line num="538" count="8" type="stmt"/>
      <line num="541" count="8" type="cond" truecount="1" falsecount="1"/>
      <line num="542" count="8" type="stmt"/>
      <line num="543" count="8" type="stmt"/>
      <line num="545" count="8" type="stmt"/>
      <line num="546" count="8" type="stmt"/>
      <line num="554" count="8" type="stmt"/>
      <line num="555" count="6" type="stmt"/>
      <line num="556" count="6" type="stmt"/>
      <line num="558" count="6" type="cond" truecount="2" falsecount="0"/>
      <line num="559" count="2" type="stmt"/>
      <line num="562" count="2" type="stmt"/>
      <line num="563" count="10" type="stmt"/>
      <line num="565" count="4" type="cond" truecount="2" falsecount="0"/>
      <line num="567" count="1" type="stmt"/>
      <line num="568" count="5" type="stmt"/>
      <line num="569" count="5" type="stmt"/>
      <line num="570" count="5" type="stmt"/>
      <line num="571" count="5" type="stmt"/>
      <line num="574" count="1" type="cond" truecount="1" falsecount="1"/>
      <line num="575" count="1" type="stmt"/>
      <line num="577" count="3" type="cond" truecount="1" falsecount="1"/>
      <line num="579" count="3" type="stmt"/>
      <line num="580" count="15" type="stmt"/>
      <line num="581" count="15" type="stmt"/>
      <line num="582" count="15" type="stmt"/>
      <line num="583" count="15" type="stmt"/>
      <line num="585" count="3" type="stmt"/>
      <line num="586" count="3" type="stmt"/>
      <line num="596" count="8" type="stmt"/>
      <line num="597" count="8" type="stmt"/>
      <line num="598" count="40" type="stmt"/>
      <line num="599" count="40" type="cond" truecount="1" falsecount="1"/>
      <line num="600" count="0" type="stmt"/>
      <line num="601" count="0" type="stmt"/>
      <line num="605" count="40" type="stmt"/>
      <line num="606" count="2" type="stmt"/>
      <line num="608" count="2" type="cond" truecount="1" falsecount="1"/>
      <line num="609" count="0" type="stmt"/>
      <line num="611" count="2" type="cond" truecount="1" falsecount="1"/>
      <line num="612" count="2" type="stmt"/>
      <line num="613" count="2" type="stmt"/>
      <line num="615" count="0" type="cond" truecount="0" falsecount="2"/>
      <line num="616" count="0" type="stmt"/>
      <line num="617" count="0" type="stmt"/>
      <line num="619" count="0" type="stmt"/>
      <line num="623" count="2" type="cond" truecount="1" falsecount="1"/>
      <line num="624" count="0" type="stmt"/>
      <line num="628" count="2" type="cond" truecount="2" falsecount="0"/>
      <line num="629" count="1" type="stmt"/>
      <line num="631" count="1" type="stmt"/>
      <line num="645" count="7" type="stmt"/>
      <line num="646" count="7" type="stmt"/>
      <line num="647" count="7" type="stmt"/>
      <line num="649" count="7" type="cond" truecount="1" falsecount="1"/>
      <line num="650" count="7" type="cond" truecount="2" falsecount="0"/>
      <line num="651" count="2" type="stmt"/>
      <line num="653" count="5" type="stmt"/>
      <line num="660" count="0" type="stmt"/>
      <line num="665" count="8" type="stmt"/>
      <line num="666" count="8" type="stmt"/>
      <line num="668" count="8" type="stmt"/>
      <line num="669" count="8" type="stmt"/>
      <line num="671" count="8" type="cond" truecount="1" falsecount="1"/>
      <line num="672" count="8" type="stmt"/>
      <line num="673" count="0" type="stmt"/>
      <line num="675" count="0" type="stmt"/>
      <line num="676" count="0" type="stmt"/>
      <line num="678" count="0" type="stmt"/>
      <line num="680" count="0" type="stmt"/>
      <line num="681" count="0" type="stmt"/>
      <line num="684" count="0" type="stmt"/>
      <line num="691" count="0" type="stmt"/>
      <line num="692" count="0" type="stmt"/>
      <line num="693" count="0" type="stmt"/>
      <line num="694" count="0" type="stmt"/>
      <line num="696" count="0" type="stmt"/>
      <line num="697" count="0" type="cond" truecount="0" falsecount="2"/>
      <line num="698" count="0" type="stmt"/>
      <line num="701" count="0" type="stmt"/>
      <line num="702" count="0" type="stmt"/>
      <line num="703" count="0" type="stmt"/>
      <line num="704" count="0" type="stmt"/>
      <line num="707" count="0" type="stmt"/>
      <line num="708" count="0" type="cond" truecount="0" falsecount="2"/>
      <line num="709" count="0" type="stmt"/>
      <line num="712" count="0" type="stmt"/>
      <line num="717" count="8" type="stmt"/>
      <line num="718" count="8" type="stmt"/>
      <line num="720" count="8" type="stmt"/>
      <line num="721" count="8" type="stmt"/>
      <line num="724" count="8" type="stmt"/>
      <line num="725" count="8" type="stmt"/>
      <line num="726" count="8" type="stmt"/>
      <line num="727" count="8" type="stmt"/>
      <line num="728" count="8" type="stmt"/>
      <line num="729" count="8" type="stmt"/>
      <line num="730" count="8" type="stmt"/>
      <line num="731" count="8" type="stmt"/>
      <line num="732" count="8" type="stmt"/>
      <line num="733" count="8" type="stmt"/>
      <line num="734" count="8" type="stmt"/>
      <line num="737" count="8" type="stmt"/>
      <line num="738" count="24" type="stmt"/>
      <line num="739" count="24" type="stmt"/>
      <line num="741" count="24" type="stmt"/>
      <line num="744" count="8" type="stmt"/>
      <line num="745" count="0" type="cond" truecount="0" falsecount="2"/>
      <line num="746" count="0" type="stmt"/>
      <line num="750" count="8" type="cond" truecount="1" falsecount="1"/>
      <line num="752" count="8" type="stmt"/>
      <line num="753" count="0" type="stmt"/>
      <line num="756" count="0" type="stmt"/>
      <line num="757" count="0" type="stmt"/>
      <line num="758" count="0" type="stmt"/>
      <line num="760" count="0" type="stmt"/>
      <line num="761" count="0" type="stmt"/>
      <line num="763" count="0" type="stmt"/>
      <line num="768" count="8" type="stmt"/>
      <line num="769" count="0" type="stmt"/>
      <line num="772" count="0" type="stmt"/>
      <line num="773" count="0" type="stmt"/>
      <line num="774" count="0" type="stmt"/>
      <line num="776" count="0" type="stmt"/>
      <line num="777" count="0" type="stmt"/>
      <line num="779" count="0" type="stmt"/>
      <line num="783" count="8" type="stmt"/>
      <line num="784" count="0" type="cond" truecount="0" falsecount="2"/>
      <line num="785" count="0" type="stmt"/>
      <line num="788" count="0" type="stmt"/>
      <line num="789" count="0" type="stmt"/>
      <line num="790" count="0" type="stmt"/>
      <line num="792" count="0" type="stmt"/>
      <line num="793" count="0" type="stmt"/>
      <line num="795" count="0" type="stmt"/>
      <line num="800" count="8" type="stmt"/>
      <line num="801" count="0" type="cond" truecount="0" falsecount="2"/>
      <line num="802" count="0" type="stmt"/>
      <line num="803" count="0" type="stmt"/>
      <line num="804" count="0" type="stmt"/>
      <line num="805" count="0" type="stmt"/>
      <line num="806" count="0" type="stmt"/>
      <line num="811" count="8" type="stmt"/>
      <line num="812" count="0" type="stmt"/>
      <line num="813" count="0" type="stmt"/>
      <line num="814" count="0" type="cond" truecount="0" falsecount="2"/>
      <line num="815" count="0" type="stmt"/>
      <line num="817" count="0" type="stmt"/>
      <line num="819" count="0" type="stmt"/>
      <line num="820" count="0" type="stmt"/>
      <line num="822" count="0" type="cond" truecount="0" falsecount="4"/>
      <line num="823" count="0" type="stmt"/>
      <line num="824" count="0" type="stmt"/>
      <line num="825" count="0" type="stmt"/>
      <line num="830" count="8" type="stmt"/>
      <line num="831" count="0" type="stmt"/>
      <line num="832" count="0" type="stmt"/>
      <line num="834" count="0" type="cond" truecount="0" falsecount="2"/>
      <line num="835" count="0" type="stmt"/>
      <line num="837" count="0" type="stmt"/>
      <line num="839" count="0" type="stmt"/>
      <line num="840" count="0" type="stmt"/>
      <line num="841" count="0" type="stmt"/>
      <line num="842" count="0" type="stmt"/>
      <line num="843" count="0" type="stmt"/>
      <line num="847" count="8" type="stmt"/>
      <line num="848" count="0" type="stmt"/>
      <line num="849" count="0" type="stmt"/>
      <line num="850" count="0" type="stmt"/>
      <line num="851" count="0" type="stmt"/>
      <line num="852" count="0" type="stmt"/>
      <line num="858" count="0" type="stmt"/>
      <line num="860" count="0" type="stmt"/>
      <line num="861" count="0" type="stmt"/>
      <line num="865" count="0" type="cond" truecount="0" falsecount="2"/>
      <line num="867" count="0" type="stmt"/>
      <line num="869" count="0" type="stmt"/>
      <line num="872" count="0" type="cond" truecount="0" falsecount="2"/>
      <line num="873" count="0" type="stmt"/>
      <line num="876" count="0" type="stmt"/>
      <line num="881" count="0" type="stmt"/>
      <line num="884" count="0" type="stmt"/>
      <line num="885" count="0" type="stmt"/>
      <line num="886" count="0" type="stmt"/>
      <line num="887" count="0" type="cond" truecount="0" falsecount="2"/>
      <line num="891" count="0" type="stmt"/>
      <line num="892" count="0" type="stmt"/>
      <line num="893" count="0" type="stmt"/>
      <line num="895" count="0" type="stmt"/>
      <line num="902" count="0" type="stmt"/>
      <line num="903" count="0" type="stmt"/>
      <line num="904" count="0" type="stmt"/>
      <line num="915" count="0" type="stmt"/>
      <line num="916" count="0" type="stmt"/>
      <line num="918" count="0" type="stmt"/>
      <line num="923" count="0" type="stmt"/>
      <line num="924" count="0" type="stmt"/>
      <line num="925" count="0" type="stmt"/>
      <line num="927" count="0" type="stmt"/>
      <line num="929" count="0" type="cond" truecount="0" falsecount="2"/>
      <line num="930" count="0" type="stmt"/>
      <line num="933" count="0" type="stmt"/>
      <line num="937" count="64" type="stmt"/>
      <line num="938" count="64" type="stmt"/>
      <line num="940" count="0" type="stmt"/>
      <line num="941" count="0" type="stmt"/>
      <line num="943" count="0" type="stmt"/>
      <line num="944" count="0" type="cond" truecount="0" falsecount="2"/>
      <line num="946" count="0" type="cond" truecount="0" falsecount="2"/>
      <line num="947" count="0" type="cond" truecount="0" falsecount="2"/>
      <line num="949" count="0" type="stmt"/>
      <line num="950" count="0" type="stmt"/>
      <line num="951" count="0" type="cond" truecount="0" falsecount="2"/>
      <line num="952" count="0" type="stmt"/>
      <line num="953" count="0" type="stmt"/>
      <line num="954" count="0" type="stmt"/>
      <line num="955" count="0" type="stmt"/>
      <line num="959" count="0" type="stmt"/>
      <line num="960" count="0" type="stmt"/>
      <line num="968" count="0" type="stmt"/>
      <line num="969" count="0" type="stmt"/>
      <line num="976" count="0" type="stmt"/>
      <line num="977" count="0" type="stmt"/>
      <line num="980" count="0" type="cond" truecount="0" falsecount="2"/>
      <line num="981" count="0" type="stmt"/>
      <line num="983" count="0" type="stmt"/>
      <line num="987" count="0" type="stmt"/>
      <line num="988" count="0" type="stmt"/>
      <line num="989" count="0" type="stmt"/>
      <line num="993" count="0" type="stmt"/>
      <line num="997" count="0" type="stmt"/>
      <line num="998" count="0" type="stmt"/>
      <line num="1003" count="0" type="stmt"/>
      <line num="1005" count="0" type="stmt"/>
      <line num="1014" count="0" type="stmt"/>
      <line num="1015" count="0" type="stmt"/>
      <line num="1016" count="0" type="stmt"/>
      <line num="1017" count="0" type="stmt"/>
      <line num="1018" count="0" type="stmt"/>
      <line num="1020" count="0" type="cond" truecount="0" falsecount="2"/>
      <line num="1021" count="0" type="stmt"/>
      <line num="1022" count="0" type="stmt"/>
      <line num="1023" count="0" type="stmt"/>
      <line num="1025" count="0" type="stmt"/>
      <line num="1026" count="0" type="stmt"/>
      <line num="1027" count="0" type="stmt"/>
      <line num="1032" count="0" type="stmt"/>
      <line num="1033" count="0" type="stmt"/>
      <line num="1034" count="0" type="stmt"/>
      <line num="1035" count="0" type="cond" truecount="0" falsecount="2"/>
      <line num="1036" count="0" type="stmt"/>
      <line num="1037" count="0" type="stmt"/>
      <line num="1039" count="0" type="stmt"/>
      <line num="1040" count="0" type="stmt"/>
      <line num="1045" count="64" type="stmt"/>
      <line num="1047" count="64" type="cond" truecount="2" falsecount="0"/>
      <line num="1048" count="8" type="stmt"/>
      <line num="1049" count="0" type="stmt"/>
      <line num="1050" count="0" type="stmt"/>
      <line num="1051" count="0" type="stmt"/>
      <line num="1052" count="0" type="stmt"/>
      <line num="1053" count="0" type="stmt"/>
      <line num="1054" count="0" type="stmt"/>
      <line num="1057" count="0" type="cond" truecount="0" falsecount="2"/>
      <line num="1058" count="0" type="stmt"/>
      <line num="1060" count="0" type="stmt"/>
      <line num="1066" count="0" type="stmt"/>
      <line num="1068" count="0" type="stmt"/>
      <line num="1069" count="0" type="cond" truecount="0" falsecount="2"/>
      <line num="1070" count="0" type="stmt"/>
      <line num="1071" count="0" type="stmt"/>
      <line num="1075" count="0" type="cond" truecount="0" falsecount="2"/>
      <line num="1076" count="0" type="cond" truecount="0" falsecount="2"/>
      <line num="1077" count="0" type="stmt"/>
      <line num="1078" count="0" type="stmt"/>
      <line num="1079" count="0" type="stmt"/>
      <line num="1080" count="0" type="stmt"/>
      <line num="1082" count="0" type="stmt"/>
      <line num="1085" count="0" type="stmt"/>
      <line num="1087" count="0" type="stmt"/>
      <line num="1088" count="0" type="stmt"/>
      <line num="1089" count="0" type="stmt"/>
      <line num="1090" count="0" type="stmt"/>
      <line num="1093" count="0" type="cond" truecount="0" falsecount="2"/>
      <line num="1094" count="0" type="stmt"/>
      <line num="1096" count="0" type="stmt"/>
      <line num="1099" count="0" type="stmt"/>
      <line num="1107" count="0" type="cond" truecount="0" falsecount="2"/>
      <line num="1108" count="0" type="stmt"/>
      <line num="1110" count="0" type="stmt"/>
      <line num="1112" count="0" type="stmt"/>
      <line num="1113" count="0" type="stmt"/>
      <line num="1115" count="0" type="stmt"/>
      <line num="1116" count="0" type="stmt"/>
      <line num="1118" count="0" type="stmt"/>
      <line num="1121" count="0" type="stmt"/>
      <line num="1125" count="0" type="stmt"/>
      <line num="1128" count="0" type="stmt"/>
      <line num="1130" count="0" type="stmt"/>
      <line num="1131" count="0" type="stmt"/>
      <line num="1132" count="0" type="stmt"/>
      <line num="1136" count="0" type="stmt"/>
      <line num="1138" count="0" type="stmt"/>
      <line num="1139" count="0" type="stmt"/>
      <line num="1140" count="0" type="stmt"/>
      <line num="1142" count="0" type="stmt"/>
      <line num="1143" count="0" type="stmt"/>
      <line num="1146" count="0" type="stmt"/>
      <line num="1151" count="0" type="stmt"/>
      <line num="1152" count="0" type="stmt"/>
      <line num="1157" count="0" type="stmt"/>
      <line num="1158" count="0" type="stmt"/>
      <line num="1163" count="0" type="stmt"/>
      <line num="1164" count="0" type="stmt"/>
      <line num="1169" count="64" type="stmt"/>
      <line num="1171" count="64" type="cond" truecount="2" falsecount="0"/>
      <line num="1173" count="8" type="stmt"/>
      <line num="1174" count="7" type="stmt"/>
      <line num="1175" count="7" type="stmt"/>
      <line num="1176" count="6" type="stmt"/>
      <line num="1180" count="8" type="stmt"/>
      <line num="1185" count="0" type="stmt"/>
      <line num="1186" count="0" type="cond" truecount="0" falsecount="2"/>
      <line num="1187" count="0" type="stmt"/>
      <line num="1189" count="0" type="stmt"/>
      <line num="1196" count="8" type="stmt"/>
      <line num="1197" count="8" type="stmt"/>
      <line num="1198" count="8" type="stmt"/>
      <line num="1202" count="8" type="stmt"/>
      <line num="1204" count="8" type="stmt"/>
      <line num="1205" count="8" type="stmt"/>
      <line num="1209" count="8" type="cond" truecount="1" falsecount="1"/>
      <line num="1210" count="8" type="stmt"/>
      <line num="1211" count="8" type="stmt"/>
      <line num="1216" count="18" type="stmt"/>
      <line num="1217" count="18" type="stmt"/>
      <line num="1218" count="18" type="stmt"/>
      <line num="1222" count="18" type="cond" truecount="2" falsecount="0"/>
      <line num="1223" count="10" type="stmt"/>
      <line num="1224" count="10" type="stmt"/>
      <line num="1228" count="8" type="stmt"/>
      <line num="1229" count="8" type="stmt"/>
      <line num="1232" count="18" type="cond" truecount="2" falsecount="0"/>
      <line num="1233" count="16" type="stmt"/>
      <line num="1234" count="16" type="stmt"/>
      <line num="1236" count="2" type="stmt"/>
      <line num="1237" count="2" type="stmt"/>
      <line num="1242" count="8" type="stmt"/>
      <line num="1243" count="8" type="stmt"/>
      <line num="1246" count="8" type="stmt"/>
      <line num="1247" count="8" type="stmt"/>
      <line num="1251" count="8" type="stmt"/>
      <line num="1252" count="24" type="stmt"/>
      <line num="1253" count="0" type="stmt"/>
      <line num="1263" count="8" type="stmt"/>
      <line num="1265" count="8" type="stmt"/>
      <line num="1266" count="8" type="stmt"/>
      <line num="1267" count="8" type="stmt"/>
      <line num="1268" count="8" type="stmt"/>
      <line num="1277" count="8" type="stmt"/>
      <line num="1278" count="8" type="stmt"/>
      <line num="1281" count="8" type="cond" truecount="1" falsecount="1"/>
      <line num="1282" count="8" type="stmt"/>
      <line num="1283" count="8" type="stmt"/>
      <line num="1287" count="8" type="stmt"/>
      <line num="1288" count="8" type="stmt"/>
      <line num="1296" count="8" type="stmt"/>
      <line num="1297" count="0" type="stmt"/>
      <line num="1298" count="0" type="stmt"/>
      <line num="1300" count="0" type="cond" truecount="0" falsecount="2"/>
      <line num="1301" count="0" type="stmt"/>
      <line num="1304" count="0" type="stmt"/>
      <line num="1305" count="0" type="stmt"/>
      <line num="1307" count="0" type="cond" truecount="0" falsecount="2"/>
      <line num="1309" count="0" type="stmt"/>
      <line num="1311" count="0" type="stmt"/>
      <line num="1312" count="0" type="stmt"/>
      <line num="1315" count="0" type="stmt"/>
      <line num="1316" count="0" type="stmt"/>
      <line num="1319" count="0" type="cond" truecount="0" falsecount="2"/>
      <line num="1320" count="0" type="stmt"/>
      <line num="1322" count="0" type="cond" truecount="0" falsecount="2"/>
      <line num="1324" count="0" type="stmt"/>
      <line num="1326" count="0" type="stmt"/>
      <line num="1327" count="0" type="stmt"/>
      <line num="1330" count="0" type="stmt"/>
      <line num="1331" count="0" type="stmt"/>
      <line num="1333" count="0" type="stmt"/>
      <line num="1334" count="0" type="stmt"/>
      <line num="1344" count="8" type="stmt"/>
      <line num="1345" count="8" type="stmt"/>
      <line num="1346" count="40" type="stmt"/>
      <line num="1347" count="40" type="cond" truecount="1" falsecount="1"/>
      <line num="1348" count="0" type="stmt"/>
      <line num="1349" count="0" type="stmt"/>
      <line num="1353" count="40" type="stmt"/>
      <line num="1354" count="0" type="stmt"/>
      <line num="1355" count="0" type="cond" truecount="0" falsecount="2"/>
      <line num="1356" count="0" type="stmt"/>
      <line num="1358" count="0" type="cond" truecount="0" falsecount="2"/>
      <line num="1359" count="0" type="stmt"/>
      <line num="1360" count="0" type="stmt"/>
      <line num="1362" count="0" type="cond" truecount="0" falsecount="2"/>
      <line num="1363" count="0" type="stmt"/>
      <line num="1364" count="0" type="stmt"/>
      <line num="1366" count="0" type="stmt"/>
      <line num="1370" count="0" type="cond" truecount="0" falsecount="2"/>
      <line num="1371" count="0" type="stmt"/>
      <line num="1375" count="0" type="cond" truecount="0" falsecount="2"/>
      <line num="1376" count="0" type="stmt"/>
      <line num="1378" count="0" type="stmt"/>
      <line num="1386" count="0" type="stmt"/>
      <line num="1387" count="0" type="stmt"/>
      <line num="1389" count="0" type="cond" truecount="0" falsecount="2"/>
      <line num="1390" count="0" type="cond" truecount="0" falsecount="2"/>
      <line num="1391" count="0" type="stmt"/>
      <line num="1393" count="0" type="stmt"/>
      <line num="1400" count="8" type="stmt"/>
      <line num="1401" count="8" type="stmt"/>
      <line num="1402" count="8" type="stmt"/>
      <line num="1405" count="8" type="stmt"/>
      <line num="1409" count="8" type="stmt"/>
      <line num="1410" count="8" type="stmt"/>
      <line num="1414" count="8" type="cond" truecount="1" falsecount="1"/>
      <line num="1415" count="8" type="stmt"/>
      <line num="1416" count="8" type="stmt"/>
      <line num="1421" count="8" type="stmt"/>
      <line num="1422" count="8" type="stmt"/>
      <line num="1425" count="8" type="stmt"/>
      <line num="1426" count="8" type="stmt"/>
      <line num="1430" count="8" type="stmt"/>
      <line num="1431" count="24" type="stmt"/>
      <line num="1432" count="0" type="stmt"/>
      <line num="1439" count="8" type="stmt"/>
      <line num="1441" count="8" type="stmt"/>
      <line num="1443" count="8" type="stmt"/>
      <line num="1445" count="8" type="cond" truecount="1" falsecount="1"/>
      <line num="1446" count="8" type="stmt"/>
      <line num="1447" count="0" type="stmt"/>
      <line num="1449" count="0" type="stmt"/>
      <line num="1450" count="0" type="stmt"/>
      <line num="1452" count="0" type="stmt"/>
      <line num="1454" count="0" type="stmt"/>
      <line num="1455" count="0" type="stmt"/>
      <line num="1458" count="0" type="stmt"/>
      <line num="1465" count="0" type="stmt"/>
      <line num="1466" count="0" type="stmt"/>
      <line num="1469" count="0" type="stmt"/>
      <line num="1470" count="0" type="stmt"/>
      <line num="1472" count="0" type="stmt"/>
      <line num="1473" count="0" type="cond" truecount="0" falsecount="2"/>
      <line num="1474" count="0" type="stmt"/>
      <line num="1477" count="0" type="stmt"/>
      <line num="1478" count="0" type="stmt"/>
      <line num="1481" count="0" type="stmt"/>
      <line num="1482" count="0" type="stmt"/>
      <line num="1485" count="0" type="stmt"/>
      <line num="1486" count="0" type="stmt"/>
      <line num="1488" count="0" type="stmt"/>
      <line num="1493" count="0" type="stmt"/>
      <line num="1494" count="0" type="stmt"/>
      <line num="1495" count="0" type="cond" truecount="0" falsecount="2"/>
      <line num="1496" count="0" type="stmt"/>
      <line num="1498" count="0" type="stmt"/>
    </file>
    <file name="initFragments.js" path="D:\Java\MyOwnProjects\TruthSeekersOffice\src\js\initFragments.js">
      <metrics statements="78" coveredstatements="76" conditionals="20" coveredconditionals="15" methods="21" coveredmethods="19"/>
      <line num="2" count="64" type="stmt"/>
      <line num="3" count="64" type="stmt"/>
      <line num="5" count="60" type="stmt"/>
      <line num="6" count="60" type="stmt"/>
      <line num="8" count="0" type="stmt"/>
      <line num="11" count="64" type="stmt"/>
      <line num="12" count="64" type="stmt"/>
      <line num="14" count="60" type="stmt"/>
      <line num="15" count="60" type="stmt"/>
      <line num="17" count="0" type="stmt"/>
      <line num="22" count="60" type="stmt"/>
      <line num="23" count="60" type="stmt"/>
      <line num="24" count="60" type="stmt"/>
      <line num="25" count="6" type="stmt"/>
      <line num="28" count="60" type="stmt"/>
      <line num="29" count="6" type="stmt"/>
      <line num="32" count="60" type="stmt"/>
      <line num="33" count="6" type="stmt"/>
      <line num="36" count="60" type="stmt"/>
      <line num="37" count="6" type="stmt"/>
      <line num="41" count="24" type="stmt"/>
      <line num="42" count="24" type="stmt"/>
      <line num="43" count="24" type="cond" truecount="2" falsecount="0"/>
      <line num="44" count="12" type="stmt"/>
      <line num="45" count="12" type="stmt"/>
      <line num="47" count="12" type="stmt"/>
      <line num="48" count="12" type="stmt"/>
      <line num="53" count="60" type="stmt"/>
      <line num="55" count="60" type="stmt"/>
      <line num="56" count="18" type="stmt"/>
      <line num="63" count="60" type="stmt"/>
      <line num="66" count="60" type="stmt"/>
      <line num="67" count="60" type="stmt"/>
      <line num="68" count="60" type="stmt"/>
      <line num="71" count="60" type="stmt"/>
      <line num="72" count="60" type="stmt"/>
      <line num="76" count="60" type="cond" truecount="1" falsecount="1"/>
      <line num="77" count="60" type="stmt"/>
      <line num="78" count="54" type="cond" truecount="2" falsecount="0"/>
      <line num="80" count="24" type="cond" truecount="2" falsecount="0"/>
      <line num="81" count="6" type="stmt"/>
      <line num="83" count="18" type="stmt"/>
      <line num="84" count="18" type="stmt"/>
      <line num="88" count="30" type="cond" truecount="2" falsecount="0"/>
      <line num="89" count="6" type="stmt"/>
      <line num="91" count="24" type="stmt"/>
      <line num="92" count="24" type="stmt"/>
      <line num="98" count="60" type="cond" truecount="1" falsecount="1"/>
      <line num="99" count="60" type="stmt"/>
      <line num="100" count="6" type="stmt"/>
      <line num="104" count="60" type="cond" truecount="1" falsecount="1"/>
      <line num="105" count="60" type="stmt"/>
      <line num="106" count="6" type="stmt"/>
      <line num="114" count="60" type="stmt"/>
      <line num="115" count="60" type="stmt"/>
      <line num="131" count="60" type="stmt"/>
      <line num="132" count="60" type="stmt"/>
      <line num="135" count="60" type="stmt"/>
      <line num="140" count="60" type="stmt"/>
      <line num="141" count="18" type="cond" truecount="2" falsecount="0"/>
      <line num="142" count="6" type="stmt"/>
      <line num="144" count="12" type="stmt"/>
      <line num="148" count="60" type="stmt"/>
      <line num="149" count="6" type="stmt"/>
      <line num="154" count="60" type="stmt"/>
      <line num="155" count="60" type="stmt"/>
      <line num="156" count="60" type="stmt"/>
      <line num="158" count="60" type="cond" truecount="1" falsecount="1"/>
      <line num="159" count="60" type="stmt"/>
      <line num="160" count="6" type="stmt"/>
      <line num="161" count="6" type="stmt"/>
      <line num="162" count="6" type="stmt"/>
      <line num="166" count="60" type="cond" truecount="1" falsecount="1"/>
      <line num="167" count="60" type="stmt"/>
      <line num="168" count="6" type="stmt"/>
      <line num="169" count="6" type="stmt"/>
      <line num="170" count="6" type="stmt"/>
      <line num="177" count="60" type="stmt"/>
    </file>
    <file name="main.js" path="D:\Java\MyOwnProjects\TruthSeekersOffice\src\js\main.js">
      <metrics statements="106" coveredstatements="105" conditionals="44" coveredconditionals="32" methods="26" coveredmethods="26"/>
      <line num="4" count="64" type="stmt"/>
      <line num="6" count="64" type="cond" truecount="1" falsecount="1"/>
      <line num="7" count="64" type="stmt"/>
      <line num="8" count="216" type="cond" truecount="1" falsecount="1"/>
      <line num="9" count="216" type="stmt"/>
      <line num="12" count="216" type="stmt"/>
      <line num="13" count="8" type="stmt"/>
      <line num="19" count="8" type="stmt"/>
      <line num="20" count="8" type="stmt"/>
      <line num="23" count="64" type="stmt"/>
      <line num="25" count="64" type="cond" truecount="1" falsecount="1"/>
      <line num="26" count="64" type="stmt"/>
      <line num="27" count="216" type="cond" truecount="1" falsecount="1"/>
      <line num="28" count="216" type="stmt"/>
      <line num="31" count="216" type="stmt"/>
      <line num="32" count="8" type="stmt"/>
      <line num="38" count="8" type="stmt"/>
      <line num="39" count="8" type="stmt"/>
      <line num="42" count="64" type="stmt"/>
      <line num="45" count="64" type="stmt"/>
      <line num="49" count="64" type="cond" truecount="1" falsecount="1"/>
      <line num="50" count="64" type="stmt"/>
      <line num="51" count="18" type="stmt"/>
      <line num="52" count="2" type="stmt"/>
      <line num="57" count="64" type="cond" truecount="1" falsecount="1"/>
      <line num="58" count="64" type="stmt"/>
      <line num="59" count="18" type="stmt"/>
      <line num="60" count="1" type="stmt"/>
      <line num="66" count="2" type="stmt"/>
      <line num="68" count="2" type="stmt"/>
      <line num="71" count="1" type="stmt"/>
      <line num="73" count="1" type="stmt"/>
      <line num="77" count="64" type="stmt"/>
      <line num="78" count="64" type="stmt"/>
      <line num="79" count="64" type="stmt"/>
      <line num="81" count="64" type="cond" truecount="2" falsecount="0"/>
      <line num="82" count="18" type="stmt"/>
      <line num="83" count="1" type="stmt"/>
      <line num="84" count="1" type="stmt"/>
      <line num="85" count="1" type="stmt"/>
      <line num="89" count="64" type="cond" truecount="2" falsecount="0"/>
      <line num="90" count="18" type="stmt"/>
      <line num="91" count="1" type="stmt"/>
      <line num="92" count="1" type="stmt"/>
      <line num="93" count="1" type="stmt"/>
      <line num="99" count="64" type="stmt"/>
      <line num="100" count="64" type="stmt"/>
      <line num="101" count="64" type="stmt"/>
      <line num="103" count="64" type="cond" truecount="2" falsecount="0"/>
      <line num="104" count="14" type="stmt"/>
      <line num="105" count="1" type="stmt"/>
      <line num="106" count="1" type="stmt"/>
      <line num="107" count="1" type="stmt"/>
      <line num="111" count="64" type="cond" truecount="2" falsecount="0"/>
      <line num="112" count="14" type="stmt"/>
      <line num="113" count="1" type="stmt"/>
      <line num="114" count="1" type="stmt"/>
      <line num="115" count="1" type="stmt"/>
      <line num="119" count="64" type="stmt"/>
      <line num="120" count="64" type="stmt"/>
      <line num="122" count="64" type="stmt"/>
      <line num="127" count="32" type="stmt"/>
      <line num="128" count="32" type="stmt"/>
      <line num="129" count="32" type="stmt"/>
      <line num="135" count="3" type="stmt"/>
      <line num="136" count="3" type="stmt"/>
      <line num="138" count="3" type="cond" truecount="2" falsecount="0"/>
      <line num="139" count="2" type="stmt"/>
      <line num="141" count="1" type="cond" truecount="1" falsecount="1"/>
      <line num="146" count="4" type="cond" truecount="4" falsecount="0"/>
      <line num="147" count="1" type="stmt"/>
      <line num="148" count="1" type="stmt"/>
      <line num="151" count="3" type="stmt"/>
      <line num="153" count="3" type="cond" truecount="2" falsecount="0"/>
      <line num="154" count="1" type="stmt"/>
      <line num="155" count="1" type="stmt"/>
      <line num="158" count="2" type="stmt"/>
      <line num="159" count="2" type="stmt"/>
      <line num="164" count="2" type="stmt"/>
      <line num="165" count="2" type="cond" truecount="1" falsecount="1"/>
      <line num="167" count="2" type="stmt"/>
      <line num="168" count="2" type="stmt"/>
      <line num="170" count="0" type="stmt"/>
      <line num="176" count="3" type="stmt"/>
      <line num="178" count="3" type="cond" truecount="2" falsecount="0"/>
      <line num="179" count="1" type="stmt"/>
      <line num="180" count="1" type="stmt"/>
      <line num="183" count="2" type="stmt"/>
      <line num="185" count="2" type="stmt"/>
      <line num="187" count="4" type="cond" truecount="1" falsecount="1"/>
      <line num="189" count="4" type="cond" truecount="1" falsecount="1"/>
      <line num="190" count="4" type="cond" truecount="1" falsecount="1"/>
      <line num="192" count="4" type="stmt"/>
      <line num="193" count="4" type="stmt"/>
      <line num="196" count="4" type="stmt"/>
      <line num="197" count="1" type="stmt"/>
      <line num="198" count="1" type="stmt"/>
      <line num="201" count="4" type="stmt"/>
      <line num="204" count="2" type="stmt"/>
      <line num="207" count="64" type="cond" truecount="2" falsecount="0"/>
      <line num="209" count="32" type="stmt"/>
      <line num="212" count="4" type="stmt"/>
      <line num="213" count="4" type="stmt"/>
      <line num="218" count="32" type="stmt"/>
      <line num="219" count="78" type="cond" truecount="1" falsecount="1"/>
      <line num="220" count="78" type="stmt"/>
    </file>
  </project>
</coverage>
