{"D:\\Java\\MyOwnProjects\\TruthSeekersOffice\\src\\js\\cabinet.js": {"path":"D:\\Java\\MyOwnProjects\\TruthSeekersOffice\\src\\js\\cabinet.js","statementMap":{"0":{"start":{"line":1,"column":0},"end":{"line":3,"column":2}},"1":{"start":{"line":2,"column":2},"end":{"line":2,"column":36}},"2":{"start":{"line":7,"column":0},"end":{"line":15,"column":2}},"3":{"start":{"line":8,"column":23},"end":{"line":8,"column":73}},"4":{"start":{"line":9,"column":26},"end":{"line":9,"column":73}},"5":{"start":{"line":11,"column":2},"end":{"line":11,"column":77}},"6":{"start":{"line":12,"column":2},"end":{"line":12,"column":66}},"7":{"start":{"line":14,"column":2},"end":{"line":14,"column":43}},"8":{"start":{"line":18,"column":38},"end":{"line":18,"column":58}},"9":{"start":{"line":22,"column":22},"end":{"line":22,"column":65}},"10":{"start":{"line":24,"column":2},"end":{"line":47,"column":3}},"11":{"start":{"line":26,"column":32},"end":{"line":28,"column":5}},"12":{"start":{"line":32,"column":4},"end":{"line":40,"column":5}},"13":{"start":{"line":33,"column":6},"end":{"line":39,"column":7}},"14":{"start":{"line":34,"column":34},"end":{"line":34,"column":78}},"15":{"start":{"line":36,"column":8},"end":{"line":38,"column":9}},"16":{"start":{"line":37,"column":10},"end":{"line":37,"column":54}},"17":{"start":{"line":43,"column":4},"end":{"line":43,"column":39}},"18":{"start":{"line":44,"column":4},"end":{"line":44,"column":68}},"19":{"start":{"line":46,"column":4},"end":{"line":46,"column":71}},"20":{"start":{"line":51,"column":25},"end":{"line":51,"column":72}},"21":{"start":{"line":52,"column":31},"end":{"line":52,"column":48}},"22":{"start":{"line":53,"column":37},"end":{"line":53,"column":61}},"23":{"start":{"line":54,"column":34},"end":{"line":54,"column":54}},"24":{"start":{"line":57,"column":0},"end":{"line":159,"column":1}},"25":{"start":{"line":58,"column":2},"end":{"line":158,"column":4}},"26":{"start":{"line":60,"column":19},"end":{"line":60,"column":37}},"27":{"start":{"line":61,"column":20},"end":{"line":61,"column":35}},"28":{"start":{"line":64,"column":4},"end":{"line":109,"column":6}},"29":{"start":{"line":65,"column":6},"end":{"line":65,"column":28}},"30":{"start":{"line":66,"column":27},"end":{"line":66,"column":71}},"31":{"start":{"line":67,"column":28},"end":{"line":69,"column":7}},"32":{"start":{"line":72,"column":6},"end":{"line":74,"column":7}},"33":{"start":{"line":73,"column":8},"end":{"line":73,"column":48}},"34":{"start":{"line":77,"column":6},"end":{"line":101,"column":7}},"35":{"start":{"line":78,"column":8},"end":{"line":100,"column":9}},"36":{"start":{"line":79,"column":10},"end":{"line":79,"column":63}},"37":{"start":{"line":82,"column":10},"end":{"line":85,"column":39}},"38":{"start":{"line":88,"column":10},"end":{"line":88,"column":52}},"39":{"start":{"line":92,"column":12},"end":{"line":92,"column":56}},"40":{"start":{"line":94,"column":10},"end":{"line":95,"column":61}},"41":{"start":{"line":95,"column":12},"end":{"line":95,"column":61}},"42":{"start":{"line":97,"column":38},"end":{"line":97,"column":77}},"43":{"start":{"line":99,"column":10},"end":{"line":99,"column":78}},"44":{"start":{"line":99,"column":35},"end":{"line":99,"column":78}},"45":{"start":{"line":102,"column":6},"end":{"line":102,"column":59}},"46":{"start":{"line":103,"column":6},"end":{"line":103,"column":48}},"47":{"start":{"line":105,"column":34},"end":{"line":105,"column":73}},"48":{"start":{"line":106,"column":6},"end":{"line":106,"column":74}},"49":{"start":{"line":106,"column":31},"end":{"line":106,"column":74}},"50":{"start":{"line":108,"column":6},"end":{"line":108,"column":39}},"51":{"start":{"line":114,"column":4},"end":{"line":120,"column":5}},"52":{"start":{"line":114,"column":17},"end":{"line":114,"column":18}},"53":{"start":{"line":115,"column":6},"end":{"line":119,"column":7}},"54":{"start":{"line":117,"column":8},"end":{"line":117,"column":34}},"55":{"start":{"line":118,"column":8},"end":{"line":118,"column":13}},"56":{"start":{"line":122,"column":4},"end":{"line":157,"column":5}},"57":{"start":{"line":124,"column":6},"end":{"line":143,"column":8}},"58":{"start":{"line":126,"column":29},"end":{"line":126,"column":79}},"59":{"start":{"line":128,"column":8},"end":{"line":138,"column":9}},"60":{"start":{"line":129,"column":10},"end":{"line":137,"column":11}},"61":{"start":{"line":130,"column":31},"end":{"line":132,"column":28}},"62":{"start":{"line":133,"column":34},"end":{"line":133,"column":72}},"63":{"start":{"line":134,"column":12},"end":{"line":136,"column":13}},"64":{"start":{"line":135,"column":14},"end":{"line":135,"column":57}},"65":{"start":{"line":140,"column":8},"end":{"line":140,"column":48}},"66":{"start":{"line":141,"column":8},"end":{"line":141,"column":67}},"67":{"start":{"line":142,"column":8},"end":{"line":142,"column":53}},"68":{"start":{"line":145,"column":6},"end":{"line":151,"column":8}},"69":{"start":{"line":147,"column":8},"end":{"line":150,"column":9}},"70":{"start":{"line":148,"column":10},"end":{"line":148,"column":53}},"71":{"start":{"line":149,"column":10},"end":{"line":149,"column":55}},"72":{"start":{"line":153,"column":6},"end":{"line":156,"column":8}},"73":{"start":{"line":154,"column":8},"end":{"line":154,"column":51}},"74":{"start":{"line":155,"column":8},"end":{"line":155,"column":53}},"75":{"start":{"line":162,"column":21},"end":{"line":162,"column":71}},"76":{"start":{"line":163,"column":0},"end":{"line":211,"column":1}},"77":{"start":{"line":164,"column":2},"end":{"line":210,"column":4}},"78":{"start":{"line":165,"column":4},"end":{"line":209,"column":6}},"79":{"start":{"line":167,"column":36},"end":{"line":170,"column":44}},"80":{"start":{"line":171,"column":27},"end":{"line":171,"column":71}},"81":{"start":{"line":172,"column":30},"end":{"line":172,"column":77}},"82":{"start":{"line":175,"column":6},"end":{"line":185,"column":7}},"83":{"start":{"line":176,"column":8},"end":{"line":184,"column":9}},"84":{"start":{"line":177,"column":10},"end":{"line":179,"column":11}},"85":{"start":{"line":180,"column":10},"end":{"line":182,"column":11}},"86":{"start":{"line":183,"column":10},"end":{"line":183,"column":80}},"87":{"start":{"line":188,"column":6},"end":{"line":192,"column":7}},"88":{"start":{"line":189,"column":8},"end":{"line":191,"column":9}},"89":{"start":{"line":190,"column":10},"end":{"line":190,"column":77}},"90":{"start":{"line":193,"column":6},"end":{"line":206,"column":7}},"91":{"start":{"line":194,"column":8},"end":{"line":194,"column":43}},"92":{"start":{"line":196,"column":8},"end":{"line":200,"column":9}},"93":{"start":{"line":197,"column":10},"end":{"line":199,"column":35}},"94":{"start":{"line":202,"column":8},"end":{"line":202,"column":67}},"95":{"start":{"line":204,"column":8},"end":{"line":204,"column":78}},"96":{"start":{"line":205,"column":8},"end":{"line":205,"column":71}},"97":{"start":{"line":208,"column":6},"end":{"line":208,"column":46}},"98":{"start":{"line":216,"column":33},"end":{"line":216,"column":78}},"99":{"start":{"line":218,"column":2},"end":{"line":222,"column":3}},"100":{"start":{"line":218,"column":15},"end":{"line":218,"column":16}},"101":{"start":{"line":219,"column":4},"end":{"line":221,"column":5}},"102":{"start":{"line":220,"column":6},"end":{"line":220,"column":40}},"103":{"start":{"line":223,"column":2},"end":{"line":223,"column":15}},"104":{"start":{"line":229,"column":33},"end":{"line":229,"column":78}},"105":{"start":{"line":231,"column":2},"end":{"line":235,"column":3}},"106":{"start":{"line":231,"column":15},"end":{"line":231,"column":16}},"107":{"start":{"line":232,"column":4},"end":{"line":234,"column":5}},"108":{"start":{"line":233,"column":6},"end":{"line":233,"column":54}},"109":{"start":{"line":236,"column":2},"end":{"line":236,"column":15}},"110":{"start":{"line":241,"column":16},"end":{"line":241,"column":62}},"111":{"start":{"line":242,"column":31},"end":{"line":242,"column":34}},"112":{"start":{"line":243,"column":35},"end":{"line":243,"column":50}},"113":{"start":{"line":244,"column":35},"end":{"line":244,"column":53}},"114":{"start":{"line":246,"column":2},"end":{"line":268,"column":3}},"115":{"start":{"line":246,"column":15},"end":{"line":246,"column":16}},"116":{"start":{"line":247,"column":4},"end":{"line":267,"column":5}},"117":{"start":{"line":248,"column":6},"end":{"line":262,"column":7}},"118":{"start":{"line":249,"column":8},"end":{"line":249,"column":36}},"119":{"start":{"line":250,"column":8},"end":{"line":250,"column":45}},"120":{"start":{"line":251,"column":8},"end":{"line":251,"column":59}},"121":{"start":{"line":252,"column":8},"end":{"line":252,"column":72}},"122":{"start":{"line":254,"column":8},"end":{"line":254,"column":59}},"123":{"start":{"line":255,"column":8},"end":{"line":255,"column":50}},"124":{"start":{"line":256,"column":8},"end":{"line":256,"column":55}},"125":{"start":{"line":258,"column":8},"end":{"line":258,"column":36}},"126":{"start":{"line":259,"column":8},"end":{"line":259,"column":45}},"127":{"start":{"line":260,"column":8},"end":{"line":260,"column":59}},"128":{"start":{"line":261,"column":8},"end":{"line":261,"column":72}},"129":{"start":{"line":264,"column":6},"end":{"line":264,"column":34}},"130":{"start":{"line":265,"column":6},"end":{"line":265,"column":42}},"131":{"start":{"line":266,"column":6},"end":{"line":266,"column":57}},"132":{"start":{"line":273,"column":21},"end":{"line":273,"column":63}},"133":{"start":{"line":275,"column":0},"end":{"line":367,"column":1}},"134":{"start":{"line":276,"column":20},"end":{"line":276,"column":58}},"135":{"start":{"line":277,"column":20},"end":{"line":277,"column":72}},"136":{"start":{"line":279,"column":2},"end":{"line":279,"column":27}},"137":{"start":{"line":281,"column":2},"end":{"line":288,"column":3}},"138":{"start":{"line":283,"column":4},"end":{"line":287,"column":5}},"139":{"start":{"line":283,"column":17},"end":{"line":283,"column":18}},"140":{"start":{"line":284,"column":6},"end":{"line":286,"column":7}},"141":{"start":{"line":285,"column":8},"end":{"line":285,"column":42}},"142":{"start":{"line":290,"column":2},"end":{"line":295,"column":3}},"143":{"start":{"line":292,"column":4},"end":{"line":294,"column":5}},"144":{"start":{"line":292,"column":17},"end":{"line":292,"column":18}},"145":{"start":{"line":293,"column":6},"end":{"line":293,"column":39}},"146":{"start":{"line":298,"column":20},"end":{"line":298,"column":71}},"147":{"start":{"line":300,"column":2},"end":{"line":316,"column":3}},"148":{"start":{"line":301,"column":4},"end":{"line":315,"column":6}},"149":{"start":{"line":302,"column":6},"end":{"line":314,"column":8}},"150":{"start":{"line":303,"column":22},"end":{"line":303,"column":45}},"151":{"start":{"line":305,"column":28},"end":{"line":305,"column":69}},"152":{"start":{"line":306,"column":26},"end":{"line":306,"column":67}},"153":{"start":{"line":307,"column":8},"end":{"line":307,"column":40}},"154":{"start":{"line":309,"column":8},"end":{"line":311,"column":9}},"155":{"start":{"line":309,"column":21},"end":{"line":309,"column":22}},"156":{"start":{"line":310,"column":10},"end":{"line":310,"column":43}},"157":{"start":{"line":313,"column":8},"end":{"line":313,"column":36}},"158":{"start":{"line":319,"column":19},"end":{"line":319,"column":56}},"159":{"start":{"line":320,"column":27},"end":{"line":320,"column":65}},"160":{"start":{"line":322,"column":2},"end":{"line":331,"column":3}},"161":{"start":{"line":323,"column":4},"end":{"line":330,"column":6}},"162":{"start":{"line":324,"column":6},"end":{"line":329,"column":8}},"163":{"start":{"line":325,"column":8},"end":{"line":325,"column":40}},"164":{"start":{"line":326,"column":8},"end":{"line":326,"column":38}},"165":{"start":{"line":327,"column":8},"end":{"line":327,"column":36}},"166":{"start":{"line":328,"column":8},"end":{"line":328,"column":44}},"167":{"start":{"line":333,"column":2},"end":{"line":342,"column":3}},"168":{"start":{"line":334,"column":4},"end":{"line":341,"column":6}},"169":{"start":{"line":335,"column":6},"end":{"line":340,"column":8}},"170":{"start":{"line":336,"column":8},"end":{"line":336,"column":41}},"171":{"start":{"line":337,"column":8},"end":{"line":337,"column":37}},"172":{"start":{"line":338,"column":8},"end":{"line":338,"column":39}},"173":{"start":{"line":339,"column":8},"end":{"line":339,"column":43}},"174":{"start":{"line":345,"column":30},"end":{"line":345,"column":67}},"175":{"start":{"line":346,"column":30},"end":{"line":346,"column":67}},"176":{"start":{"line":348,"column":2},"end":{"line":356,"column":3}},"177":{"start":{"line":349,"column":4},"end":{"line":355,"column":6}},"178":{"start":{"line":350,"column":6},"end":{"line":354,"column":8}},"179":{"start":{"line":351,"column":8},"end":{"line":351,"column":40}},"180":{"start":{"line":352,"column":8},"end":{"line":352,"column":37}},"181":{"start":{"line":353,"column":8},"end":{"line":353,"column":56}},"182":{"start":{"line":358,"column":2},"end":{"line":366,"column":3}},"183":{"start":{"line":359,"column":4},"end":{"line":365,"column":6}},"184":{"start":{"line":360,"column":6},"end":{"line":364,"column":8}},"185":{"start":{"line":361,"column":8},"end":{"line":361,"column":37}},"186":{"start":{"line":362,"column":8},"end":{"line":362,"column":40}},"187":{"start":{"line":363,"column":8},"end":{"line":363,"column":59}},"188":{"start":{"line":371,"column":19},"end":{"line":371,"column":59}},"189":{"start":{"line":373,"column":2},"end":{"line":394,"column":4}},"190":{"start":{"line":374,"column":4},"end":{"line":393,"column":5}},"191":{"start":{"line":375,"column":31},"end":{"line":375,"column":65}},"192":{"start":{"line":376,"column":22},"end":{"line":376,"column":58}},"193":{"start":{"line":378,"column":6},"end":{"line":392,"column":7}},"194":{"start":{"line":379,"column":8},"end":{"line":391,"column":10}},"195":{"start":{"line":380,"column":10},"end":{"line":390,"column":12}},"196":{"start":{"line":381,"column":12},"end":{"line":388,"column":13}},"197":{"start":{"line":382,"column":14},"end":{"line":386,"column":15}},"198":{"start":{"line":383,"column":16},"end":{"line":385,"column":17}},"199":{"start":{"line":384,"column":18},"end":{"line":384,"column":48}},"200":{"start":{"line":387,"column":14},"end":{"line":387,"column":44}},"201":{"start":{"line":389,"column":12},"end":{"line":389,"column":71}},"202":{"start":{"line":398,"column":17},"end":{"line":398,"column":63}},"203":{"start":{"line":399,"column":19},"end":{"line":399,"column":67}},"204":{"start":{"line":401,"column":2},"end":{"line":407,"column":3}},"205":{"start":{"line":402,"column":4},"end":{"line":402,"column":37}},"206":{"start":{"line":403,"column":4},"end":{"line":403,"column":36}},"207":{"start":{"line":405,"column":4},"end":{"line":405,"column":34}},"208":{"start":{"line":406,"column":4},"end":{"line":406,"column":39}},"209":{"start":{"line":415,"column":14},"end":{"line":415,"column":44}},"210":{"start":{"line":416,"column":23},"end":{"line":416,"column":41}},"211":{"start":{"line":418,"column":2},"end":{"line":418,"column":28}},"212":{"start":{"line":419,"column":2},"end":{"line":419,"column":18}},"213":{"start":{"line":420,"column":2},"end":{"line":420,"column":20}},"214":{"start":{"line":421,"column":2},"end":{"line":421,"column":23}},"215":{"start":{"line":424,"column":24},"end":{"line":424,"column":54}},"216":{"start":{"line":426,"column":2},"end":{"line":437,"column":3}},"217":{"start":{"line":426,"column":15},"end":{"line":426,"column":16}},"218":{"start":{"line":427,"column":4},"end":{"line":436,"column":6}},"219":{"start":{"line":428,"column":6},"end":{"line":428,"column":28}},"220":{"start":{"line":431,"column":24},"end":{"line":431,"column":62}},"221":{"start":{"line":433,"column":6},"end":{"line":435,"column":7}},"222":{"start":{"line":434,"column":8},"end":{"line":434,"column":44}},"223":{"start":{"line":440,"column":23},"end":{"line":440,"column":69}},"224":{"start":{"line":442,"column":2},"end":{"line":465,"column":3}},"225":{"start":{"line":443,"column":4},"end":{"line":464,"column":6}},"226":{"start":{"line":444,"column":18},"end":{"line":444,"column":48}},"227":{"start":{"line":445,"column":27},"end":{"line":445,"column":45}},"228":{"start":{"line":446,"column":28},"end":{"line":446,"column":74}},"229":{"start":{"line":447,"column":22},"end":{"line":447,"column":59}},"230":{"start":{"line":450,"column":6},"end":{"line":454,"column":8}},"231":{"start":{"line":451,"column":8},"end":{"line":453,"column":9}},"232":{"start":{"line":452,"column":10},"end":{"line":452,"column":22}},"233":{"start":{"line":457,"column":6},"end":{"line":459,"column":7}},"234":{"start":{"line":458,"column":8},"end":{"line":458,"column":37}},"235":{"start":{"line":460,"column":6},"end":{"line":460,"column":44}},"236":{"start":{"line":462,"column":6},"end":{"line":463,"column":48}},"237":{"start":{"line":463,"column":8},"end":{"line":463,"column":48}},"238":{"start":{"line":467,"column":19},"end":{"line":467,"column":57}},"239":{"start":{"line":469,"column":2},"end":{"line":476,"column":3}},"240":{"start":{"line":471,"column":4},"end":{"line":475,"column":6}},"241":{"start":{"line":472,"column":6},"end":{"line":474,"column":8}},"242":{"start":{"line":473,"column":8},"end":{"line":473,"column":67}},"243":{"start":{"line":479,"column":27},"end":{"line":479,"column":73}},"244":{"start":{"line":481,"column":2},"end":{"line":509,"column":3}},"245":{"start":{"line":482,"column":4},"end":{"line":508,"column":6}},"246":{"start":{"line":483,"column":19},"end":{"line":483,"column":51}},"247":{"start":{"line":484,"column":23},"end":{"line":484,"column":50}},"248":{"start":{"line":485,"column":26},"end":{"line":485,"column":74}},"249":{"start":{"line":486,"column":20},"end":{"line":486,"column":58}},"250":{"start":{"line":487,"column":18},"end":{"line":487,"column":48}},"251":{"start":{"line":488,"column":19},"end":{"line":488,"column":56}},"252":{"start":{"line":490,"column":21},"end":{"line":490,"column":25}},"253":{"start":{"line":492,"column":6},"end":{"line":497,"column":8}},"254":{"start":{"line":493,"column":8},"end":{"line":496,"column":9}},"255":{"start":{"line":494,"column":10},"end":{"line":494,"column":26}},"256":{"start":{"line":495,"column":10},"end":{"line":495,"column":22}},"257":{"start":{"line":499,"column":6},"end":{"line":506,"column":7}},"258":{"start":{"line":500,"column":20},"end":{"line":500,"column":42}},"259":{"start":{"line":501,"column":8},"end":{"line":501,"column":44}},"260":{"start":{"line":502,"column":8},"end":{"line":502,"column":56}},"261":{"start":{"line":503,"column":8},"end":{"line":503,"column":51}},"262":{"start":{"line":505,"column":8},"end":{"line":505,"column":56}},"263":{"start":{"line":507,"column":6},"end":{"line":507,"column":78}},"264":{"start":{"line":512,"column":24},"end":{"line":512,"column":66}},"265":{"start":{"line":514,"column":2},"end":{"line":525,"column":3}},"266":{"start":{"line":515,"column":4},"end":{"line":524,"column":6}},"267":{"start":{"line":516,"column":6},"end":{"line":523,"column":8}},"268":{"start":{"line":517,"column":21},"end":{"line":517,"column":39}},"269":{"start":{"line":518,"column":8},"end":{"line":522,"column":9}},"270":{"start":{"line":519,"column":10},"end":{"line":519,"column":23}},"271":{"start":{"line":521,"column":10},"end":{"line":521,"column":39}},"272":{"start":{"line":534,"column":14},"end":{"line":534,"column":44}},"273":{"start":{"line":535,"column":23},"end":{"line":535,"column":41}},"274":{"start":{"line":536,"column":26},"end":{"line":536,"column":75}},"275":{"start":{"line":539,"column":2},"end":{"line":633,"column":3}},"276":{"start":{"line":540,"column":23},"end":{"line":540,"column":72}},"277":{"start":{"line":541,"column":27},"end":{"line":541,"column":77}},"278":{"start":{"line":543,"column":30},"end":{"line":543,"column":32}},"279":{"start":{"line":544,"column":4},"end":{"line":544,"column":32}},"280":{"start":{"line":552,"column":4},"end":{"line":586,"column":6}},"281":{"start":{"line":553,"column":30},"end":{"line":553,"column":70}},"282":{"start":{"line":554,"column":28},"end":{"line":554,"column":65}},"283":{"start":{"line":556,"column":6},"end":{"line":585,"column":7}},"284":{"start":{"line":557,"column":8},"end":{"line":557,"column":46}},"285":{"start":{"line":560,"column":8},"end":{"line":562,"column":9}},"286":{"start":{"line":560,"column":21},"end":{"line":560,"column":22}},"287":{"start":{"line":561,"column":10},"end":{"line":561,"column":52}},"288":{"start":{"line":563,"column":13},"end":{"line":585,"column":7}},"289":{"start":{"line":565,"column":8},"end":{"line":570,"column":9}},"290":{"start":{"line":565,"column":21},"end":{"line":565,"column":22}},"291":{"start":{"line":566,"column":30},"end":{"line":566,"column":79}},"292":{"start":{"line":567,"column":25},"end":{"line":567,"column":57}},"293":{"start":{"line":568,"column":10},"end":{"line":568,"column":36}},"294":{"start":{"line":569,"column":10},"end":{"line":569,"column":42}},"295":{"start":{"line":572,"column":8},"end":{"line":574,"column":9}},"296":{"start":{"line":573,"column":10},"end":{"line":573,"column":49}},"297":{"start":{"line":575,"column":13},"end":{"line":585,"column":7}},"298":{"start":{"line":577,"column":8},"end":{"line":582,"column":9}},"299":{"start":{"line":577,"column":21},"end":{"line":577,"column":22}},"300":{"start":{"line":578,"column":30},"end":{"line":578,"column":79}},"301":{"start":{"line":579,"column":25},"end":{"line":579,"column":57}},"302":{"start":{"line":580,"column":10},"end":{"line":580,"column":37}},"303":{"start":{"line":581,"column":10},"end":{"line":581,"column":45}},"304":{"start":{"line":583,"column":8},"end":{"line":583,"column":36}},"305":{"start":{"line":584,"column":8},"end":{"line":584,"column":48}},"306":{"start":{"line":594,"column":26},"end":{"line":594,"column":63}},"307":{"start":{"line":595,"column":4},"end":{"line":632,"column":6}},"308":{"start":{"line":596,"column":21},"end":{"line":596,"column":43}},"309":{"start":{"line":597,"column":6},"end":{"line":600,"column":7}},"310":{"start":{"line":598,"column":8},"end":{"line":598,"column":34}},"311":{"start":{"line":599,"column":8},"end":{"line":599,"column":40}},"312":{"start":{"line":603,"column":6},"end":{"line":631,"column":8}},"313":{"start":{"line":604,"column":23},"end":{"line":604,"column":45}},"314":{"start":{"line":606,"column":8},"end":{"line":608,"column":9}},"315":{"start":{"line":607,"column":10},"end":{"line":607,"column":57}},"316":{"start":{"line":609,"column":8},"end":{"line":618,"column":9}},"317":{"start":{"line":610,"column":10},"end":{"line":610,"column":36}},"318":{"start":{"line":611,"column":10},"end":{"line":611,"column":42}},"319":{"start":{"line":613,"column":10},"end":{"line":616,"column":11}},"320":{"start":{"line":614,"column":12},"end":{"line":614,"column":38}},"321":{"start":{"line":615,"column":12},"end":{"line":615,"column":47}},"322":{"start":{"line":617,"column":10},"end":{"line":617,"column":36}},"323":{"start":{"line":621,"column":8},"end":{"line":623,"column":9}},"324":{"start":{"line":622,"column":10},"end":{"line":622,"column":35}},"325":{"start":{"line":626,"column":8},"end":{"line":630,"column":9}},"326":{"start":{"line":627,"column":10},"end":{"line":627,"column":49}},"327":{"start":{"line":629,"column":10},"end":{"line":629,"column":50}},"328":{"start":{"line":643,"column":14},"end":{"line":643,"column":44}},"329":{"start":{"line":644,"column":23},"end":{"line":644,"column":41}},"330":{"start":{"line":645,"column":14},"end":{"line":645,"column":60}},"331":{"start":{"line":647,"column":2},"end":{"line":653,"column":3}},"332":{"start":{"line":648,"column":4},"end":{"line":652,"column":5}},"333":{"start":{"line":649,"column":6},"end":{"line":649,"column":33}},"334":{"start":{"line":651,"column":6},"end":{"line":651,"column":36}},"335":{"start":{"line":658,"column":2},"end":{"line":658,"column":51}},"336":{"start":{"line":663,"column":14},"end":{"line":663,"column":44}},"337":{"start":{"line":664,"column":23},"end":{"line":664,"column":41}},"338":{"start":{"line":666,"column":14},"end":{"line":666,"column":56}},"339":{"start":{"line":667,"column":19},"end":{"line":667,"column":67}},"340":{"start":{"line":669,"column":2},"end":{"line":683,"column":3}},"341":{"start":{"line":670,"column":4},"end":{"line":682,"column":6}},"342":{"start":{"line":671,"column":20},"end":{"line":671,"column":61}},"343":{"start":{"line":673,"column":6},"end":{"line":673,"column":66}},"344":{"start":{"line":675,"column":26},"end":{"line":675,"column":75}},"345":{"start":{"line":677,"column":6},"end":{"line":679,"column":8}},"346":{"start":{"line":678,"column":8},"end":{"line":678,"column":24}},"347":{"start":{"line":681,"column":6},"end":{"line":681,"column":35}},"348":{"start":{"line":688,"column":14},"end":{"line":688,"column":44}},"349":{"start":{"line":689,"column":18},"end":{"line":689,"column":55}},"350":{"start":{"line":690,"column":16},"end":{"line":690,"column":18}},"351":{"start":{"line":691,"column":2},"end":{"line":691,"column":18}},"352":{"start":{"line":693,"column":2},"end":{"line":697,"column":4}},"353":{"start":{"line":694,"column":4},"end":{"line":696,"column":5}},"354":{"start":{"line":695,"column":6},"end":{"line":695,"column":48}},"355":{"start":{"line":698,"column":2},"end":{"line":698,"column":16}},"356":{"start":{"line":699,"column":17},"end":{"line":699,"column":67}},"357":{"start":{"line":700,"column":19},"end":{"line":700,"column":52}},"358":{"start":{"line":701,"column":2},"end":{"line":701,"column":46}},"359":{"start":{"line":704,"column":2},"end":{"line":708,"column":3}},"360":{"start":{"line":704,"column":15},"end":{"line":704,"column":16}},"361":{"start":{"line":705,"column":4},"end":{"line":707,"column":5}},"362":{"start":{"line":706,"column":6},"end":{"line":706,"column":34}},"363":{"start":{"line":709,"column":2},"end":{"line":709,"column":15}},"364":{"start":{"line":714,"column":14},"end":{"line":714,"column":44}},"365":{"start":{"line":715,"column":23},"end":{"line":715,"column":41}},"366":{"start":{"line":717,"column":4},"end":{"line":717,"column":52}},"367":{"start":{"line":718,"column":32},"end":{"line":720,"column":40}},"368":{"start":{"line":721,"column":21},"end":{"line":721,"column":68}},"369":{"start":{"line":722,"column":30},"end":{"line":722,"column":78}},"370":{"start":{"line":723,"column":23},"end":{"line":723,"column":68}},"371":{"start":{"line":724,"column":21},"end":{"line":724,"column":61}},"372":{"start":{"line":725,"column":18},"end":{"line":725,"column":62}},"373":{"start":{"line":726,"column":18},"end":{"line":726,"column":64}},"374":{"start":{"line":727,"column":19},"end":{"line":727,"column":54}},"375":{"start":{"line":728,"column":14},"end":{"line":728,"column":16}},"376":{"start":{"line":729,"column":16},"end":{"line":729,"column":18}},"377":{"start":{"line":730,"column":20},"end":{"line":730,"column":21}},"378":{"start":{"line":731,"column":18},"end":{"line":731,"column":19}},"379":{"start":{"line":734,"column":2},"end":{"line":739,"column":4}},"380":{"start":{"line":735,"column":19},"end":{"line":735,"column":51}},"381":{"start":{"line":736,"column":4},"end":{"line":736,"column":41}},"382":{"start":{"line":738,"column":4},"end":{"line":738,"column":49}},"383":{"start":{"line":741,"column":2},"end":{"line":745,"column":4}},"384":{"start":{"line":742,"column":4},"end":{"line":744,"column":5}},"385":{"start":{"line":743,"column":6},"end":{"line":743,"column":49}},"386":{"start":{"line":747,"column":2},"end":{"line":762,"column":3}},"387":{"start":{"line":749,"column":4},"end":{"line":761,"column":6}},"388":{"start":{"line":750,"column":29},"end":{"line":750,"column":73}},"389":{"start":{"line":753,"column":6},"end":{"line":753,"column":68}},"390":{"start":{"line":754,"column":6},"end":{"line":754,"column":24}},"391":{"start":{"line":755,"column":6},"end":{"line":755,"column":21}},"392":{"start":{"line":757,"column":6},"end":{"line":757,"column":43}},"393":{"start":{"line":758,"column":6},"end":{"line":758,"column":78}},"394":{"start":{"line":760,"column":6},"end":{"line":760,"column":59}},"395":{"start":{"line":765,"column":2},"end":{"line":777,"column":4}},"396":{"start":{"line":766,"column":27},"end":{"line":766,"column":71}},"397":{"start":{"line":769,"column":4},"end":{"line":769,"column":66}},"398":{"start":{"line":770,"column":4},"end":{"line":770,"column":22}},"399":{"start":{"line":771,"column":4},"end":{"line":771,"column":19}},"400":{"start":{"line":773,"column":4},"end":{"line":773,"column":41}},"401":{"start":{"line":774,"column":4},"end":{"line":774,"column":76}},"402":{"start":{"line":776,"column":4},"end":{"line":776,"column":57}},"403":{"start":{"line":780,"column":2},"end":{"line":794,"column":4}},"404":{"start":{"line":781,"column":4},"end":{"line":793,"column":5}},"405":{"start":{"line":782,"column":29},"end":{"line":782,"column":73}},"406":{"start":{"line":785,"column":6},"end":{"line":785,"column":68}},"407":{"start":{"line":786,"column":6},"end":{"line":786,"column":24}},"408":{"start":{"line":787,"column":6},"end":{"line":787,"column":21}},"409":{"start":{"line":789,"column":6},"end":{"line":789,"column":43}},"410":{"start":{"line":790,"column":6},"end":{"line":790,"column":78}},"411":{"start":{"line":792,"column":6},"end":{"line":792,"column":59}},"412":{"start":{"line":797,"column":2},"end":{"line":805,"column":4}},"413":{"start":{"line":798,"column":4},"end":{"line":804,"column":5}},"414":{"start":{"line":799,"column":6},"end":{"line":799,"column":51}},"415":{"start":{"line":800,"column":6},"end":{"line":800,"column":27}},"416":{"start":{"line":801,"column":6},"end":{"line":801,"column":52}},"417":{"start":{"line":802,"column":6},"end":{"line":802,"column":24}},"418":{"start":{"line":803,"column":6},"end":{"line":803,"column":21}},"419":{"start":{"line":808,"column":2},"end":{"line":824,"column":4}},"420":{"start":{"line":809,"column":4},"end":{"line":809,"column":27}},"421":{"start":{"line":810,"column":4},"end":{"line":810,"column":17}},"422":{"start":{"line":811,"column":4},"end":{"line":813,"column":5}},"423":{"start":{"line":812,"column":6},"end":{"line":812,"column":38}},"424":{"start":{"line":814,"column":4},"end":{"line":815,"column":49}},"425":{"start":{"line":816,"column":24},"end":{"line":816,"column":42}},"426":{"start":{"line":817,"column":27},"end":{"line":817,"column":47}},"427":{"start":{"line":819,"column":4},"end":{"line":823,"column":5}},"428":{"start":{"line":820,"column":6},"end":{"line":820,"column":44}},"429":{"start":{"line":821,"column":6},"end":{"line":821,"column":44}},"430":{"start":{"line":822,"column":6},"end":{"line":822,"column":37}},"431":{"start":{"line":827,"column":2},"end":{"line":841,"column":4}},"432":{"start":{"line":828,"column":4},"end":{"line":828,"column":27}},"433":{"start":{"line":829,"column":4},"end":{"line":829,"column":17}},"434":{"start":{"line":831,"column":4},"end":{"line":833,"column":5}},"435":{"start":{"line":832,"column":6},"end":{"line":832,"column":21}},"436":{"start":{"line":834,"column":4},"end":{"line":835,"column":49}},"437":{"start":{"line":836,"column":24},"end":{"line":836,"column":42}},"438":{"start":{"line":837,"column":27},"end":{"line":837,"column":47}},"439":{"start":{"line":838,"column":4},"end":{"line":838,"column":42}},"440":{"start":{"line":839,"column":4},"end":{"line":839,"column":42}},"441":{"start":{"line":840,"column":4},"end":{"line":840,"column":35}},"442":{"start":{"line":844,"column":2},"end":{"line":850,"column":4}},"443":{"start":{"line":845,"column":4},"end":{"line":845,"column":49}},"444":{"start":{"line":846,"column":4},"end":{"line":846,"column":25}},"445":{"start":{"line":847,"column":4},"end":{"line":847,"column":50}},"446":{"start":{"line":848,"column":4},"end":{"line":848,"column":22}},"447":{"start":{"line":849,"column":4},"end":{"line":849,"column":19}},"448":{"start":{"line":855,"column":23},"end":{"line":855,"column":41}},"449":{"start":{"line":857,"column":4},"end":{"line":857,"column":52}},"450":{"start":{"line":858,"column":27},"end":{"line":860,"column":3}},"451":{"start":{"line":862,"column":2},"end":{"line":894,"column":3}},"452":{"start":{"line":864,"column":4},"end":{"line":864,"column":44}},"453":{"start":{"line":866,"column":4},"end":{"line":866,"column":49}},"454":{"start":{"line":869,"column":4},"end":{"line":875,"column":5}},"455":{"start":{"line":870,"column":6},"end":{"line":871,"column":53}},"456":{"start":{"line":873,"column":6},"end":{"line":874,"column":51}},"457":{"start":{"line":878,"column":4},"end":{"line":879,"column":39}},"458":{"start":{"line":881,"column":27},"end":{"line":881,"column":37}},"459":{"start":{"line":882,"column":4},"end":{"line":882,"column":42}},"460":{"start":{"line":883,"column":4},"end":{"line":883,"column":35}},"461":{"start":{"line":884,"column":9},"end":{"line":894,"column":3}},"462":{"start":{"line":888,"column":4},"end":{"line":888,"column":47}},"463":{"start":{"line":889,"column":4},"end":{"line":889,"column":49}},"464":{"start":{"line":890,"column":4},"end":{"line":891,"column":32}},"465":{"start":{"line":892,"column":4},"end":{"line":893,"column":8}},"466":{"start":{"line":899,"column":24},"end":{"line":899,"column":51}},"467":{"start":{"line":900,"column":25},"end":{"line":900,"column":61}},"468":{"start":{"line":901,"column":2},"end":{"line":907,"column":3}},"469":{"start":{"line":912,"column":14},"end":{"line":912,"column":44}},"470":{"start":{"line":913,"column":23},"end":{"line":913,"column":41}},"471":{"start":{"line":915,"column":2},"end":{"line":915,"column":62}},"472":{"start":{"line":920,"column":2},"end":{"line":920,"column":45}},"473":{"start":{"line":921,"column":2},"end":{"line":921,"column":49}},"474":{"start":{"line":922,"column":26},"end":{"line":922,"column":63}},"475":{"start":{"line":924,"column":15},"end":{"line":924,"column":76}},"476":{"start":{"line":926,"column":2},"end":{"line":928,"column":3}},"477":{"start":{"line":927,"column":4},"end":{"line":927,"column":63}},"478":{"start":{"line":930,"column":2},"end":{"line":930,"column":15}},"479":{"start":{"line":934,"column":16},"end":{"line":934,"column":18}},"480":{"start":{"line":935,"column":21},"end":{"line":935,"column":23}},"481":{"start":{"line":937,"column":14},"end":{"line":937,"column":44}},"482":{"start":{"line":938,"column":18},"end":{"line":938,"column":44}},"483":{"start":{"line":940,"column":14},"end":{"line":940,"column":15}},"484":{"start":{"line":941,"column":2},"end":{"line":1001,"column":3}},"485":{"start":{"line":943,"column":4},"end":{"line":991,"column":5}},"486":{"start":{"line":944,"column":6},"end":{"line":988,"column":7}},"487":{"start":{"line":946,"column":22},"end":{"line":946,"column":63}},"488":{"start":{"line":947,"column":8},"end":{"line":982,"column":10}},"489":{"start":{"line":948,"column":10},"end":{"line":975,"column":11}},"490":{"start":{"line":949,"column":26},"end":{"line":949,"column":49}},"491":{"start":{"line":950,"column":36},"end":{"line":950,"column":52}},"492":{"start":{"line":951,"column":29},"end":{"line":951,"column":44}},"493":{"start":{"line":952,"column":30},"end":{"line":952,"column":32}},"494":{"start":{"line":956,"column":12},"end":{"line":962,"column":13}},"495":{"start":{"line":957,"column":14},"end":{"line":961,"column":16}},"496":{"start":{"line":965,"column":12},"end":{"line":970,"column":14}},"497":{"start":{"line":966,"column":14},"end":{"line":969,"column":37}},"498":{"start":{"line":973,"column":12},"end":{"line":973,"column":39}},"499":{"start":{"line":974,"column":12},"end":{"line":974,"column":35}},"500":{"start":{"line":977,"column":10},"end":{"line":981,"column":11}},"501":{"start":{"line":978,"column":12},"end":{"line":978,"column":21}},"502":{"start":{"line":980,"column":12},"end":{"line":980,"column":19}},"503":{"start":{"line":984,"column":22},"end":{"line":984,"column":60}},"504":{"start":{"line":985,"column":8},"end":{"line":987,"column":10}},"505":{"start":{"line":986,"column":10},"end":{"line":986,"column":28}},"506":{"start":{"line":990,"column":6},"end":{"line":990,"column":48}},"507":{"start":{"line":994,"column":4},"end":{"line":999,"column":6}},"508":{"start":{"line":995,"column":6},"end":{"line":998,"column":7}},"509":{"start":{"line":1000,"column":4},"end":{"line":1000,"column":22}},"510":{"start":{"line":1002,"column":2},"end":{"line":1002,"column":16}},"511":{"start":{"line":1011,"column":14},"end":{"line":1011,"column":44}},"512":{"start":{"line":1012,"column":23},"end":{"line":1012,"column":41}},"513":{"start":{"line":1013,"column":21},"end":{"line":1013,"column":61}},"514":{"start":{"line":1014,"column":31},"end":{"line":1014,"column":66}},"515":{"start":{"line":1015,"column":32},"end":{"line":1015,"column":80}},"516":{"start":{"line":1017,"column":2},"end":{"line":1025,"column":3}},"517":{"start":{"line":1018,"column":4},"end":{"line":1018,"column":37}},"518":{"start":{"line":1019,"column":4},"end":{"line":1019,"column":48}},"519":{"start":{"line":1020,"column":4},"end":{"line":1020,"column":49}},"520":{"start":{"line":1022,"column":4},"end":{"line":1022,"column":38}},"521":{"start":{"line":1023,"column":4},"end":{"line":1023,"column":47}},"522":{"start":{"line":1024,"column":4},"end":{"line":1024,"column":52}},"523":{"start":{"line":1029,"column":14},"end":{"line":1029,"column":44}},"524":{"start":{"line":1030,"column":23},"end":{"line":1030,"column":41}},"525":{"start":{"line":1031,"column":23},"end":{"line":1031,"column":68}},"526":{"start":{"line":1032,"column":2},"end":{"line":1038,"column":3}},"527":{"start":{"line":1033,"column":4},"end":{"line":1033,"column":45}},"528":{"start":{"line":1034,"column":4},"end":{"line":1034,"column":36}},"529":{"start":{"line":1036,"column":4},"end":{"line":1036,"column":44}},"530":{"start":{"line":1037,"column":4},"end":{"line":1037,"column":36}},"531":{"start":{"line":1043,"column":16},"end":{"line":1043,"column":42}},"532":{"start":{"line":1044,"column":16},"end":{"line":1044,"column":57}},"533":{"start":{"line":1045,"column":15},"end":{"line":1045,"column":42}},"534":{"start":{"line":1047,"column":2},"end":{"line":1047,"column":60}},"535":{"start":{"line":1048,"column":2},"end":{"line":1048,"column":54}},"536":{"start":{"line":1050,"column":2},"end":{"line":1050,"column":31}},"537":{"start":{"line":1053,"column":27},"end":{"line":1055,"column":3}},"538":{"start":{"line":1057,"column":26},"end":{"line":1059,"column":23}},"539":{"start":{"line":1060,"column":22},"end":{"line":1060,"column":78}},"540":{"start":{"line":1062,"column":2},"end":{"line":1062,"column":77}},"541":{"start":{"line":1063,"column":2},"end":{"line":1063,"column":80}},"542":{"start":{"line":1064,"column":2},"end":{"line":1064,"column":66}},"543":{"start":{"line":1069,"column":18},"end":{"line":1069,"column":78}},"544":{"start":{"line":1070,"column":2},"end":{"line":1070,"column":41}},"545":{"start":{"line":1075,"column":29},"end":{"line":1075,"column":44}},"546":{"start":{"line":1076,"column":2},"end":{"line":1076,"column":34}},"547":{"start":{"line":1081,"column":29},"end":{"line":1081,"column":44}},"548":{"start":{"line":1082,"column":2},"end":{"line":1082,"column":34}},"549":{"start":{"line":1087,"column":22},"end":{"line":1087,"column":66}},"550":{"start":{"line":1089,"column":2},"end":{"line":1089,"column":26}},"551":{"start":{"line":1089,"column":20},"end":{"line":1089,"column":26}},"552":{"start":{"line":1091,"column":19},"end":{"line":1096,"column":4}},"553":{"start":{"line":1092,"column":20},"end":{"line":1092,"column":62}},"554":{"start":{"line":1093,"column":4},"end":{"line":1095,"column":11}},"555":{"start":{"line":1094,"column":6},"end":{"line":1094,"column":68}},"556":{"start":{"line":1098,"column":2},"end":{"line":1098,"column":62}},"557":{"start":{"line":1103,"column":2},"end":{"line":1109,"column":3}},"558":{"start":{"line":1103,"column":15},"end":{"line":1103,"column":16}},"559":{"start":{"line":1104,"column":4},"end":{"line":1108,"column":5}},"560":{"start":{"line":1105,"column":6},"end":{"line":1105,"column":75}},"561":{"start":{"line":1107,"column":6},"end":{"line":1107,"column":56}},"562":{"start":{"line":1114,"column":14},"end":{"line":1114,"column":44}},"563":{"start":{"line":1115,"column":19},"end":{"line":1115,"column":56}},"564":{"start":{"line":1116,"column":33},"end":{"line":1118,"column":43}},"565":{"start":{"line":1120,"column":4},"end":{"line":1120,"column":61}},"566":{"start":{"line":1122,"column":4},"end":{"line":1122,"column":60}},"567":{"start":{"line":1123,"column":37},"end":{"line":1125,"column":3}},"568":{"start":{"line":1127,"column":2},"end":{"line":1130,"column":3}},"569":{"start":{"line":1128,"column":4},"end":{"line":1128,"column":60}},"570":{"start":{"line":1129,"column":4},"end":{"line":1129,"column":27}},"571":{"start":{"line":1134,"column":14},"end":{"line":1134,"column":44}},"572":{"start":{"line":1135,"column":19},"end":{"line":1135,"column":56}},"573":{"start":{"line":1136,"column":33},"end":{"line":1138,"column":43}},"574":{"start":{"line":1140,"column":2},"end":{"line":1146,"column":3}},"575":{"start":{"line":1141,"column":4},"end":{"line":1141,"column":50}},"576":{"start":{"line":1142,"column":4},"end":{"line":1142,"column":15}},"577":{"start":{"line":1144,"column":4},"end":{"line":1144,"column":53}},"578":{"start":{"line":1145,"column":4},"end":{"line":1145,"column":16}},"579":{"start":{"line":1150,"column":14},"end":{"line":1150,"column":44}},"580":{"start":{"line":1151,"column":34},"end":{"line":1153,"column":43}},"581":{"start":{"line":1154,"column":23},"end":{"line":1154,"column":73}},"582":{"start":{"line":1155,"column":24},"end":{"line":1157,"column":27}},"583":{"start":{"line":1159,"column":2},"end":{"line":1163,"column":3}},"584":{"start":{"line":1159,"column":15},"end":{"line":1159,"column":16}},"585":{"start":{"line":1160,"column":4},"end":{"line":1162,"column":6}},"586":{"start":{"line":1161,"column":6},"end":{"line":1161,"column":61}},"587":{"start":{"line":1171,"column":2},"end":{"line":1171,"column":32}},"588":{"start":{"line":1172,"column":2},"end":{"line":1172,"column":27}},"589":{"start":{"line":1181,"column":16},"end":{"line":1181,"column":48}},"590":{"start":{"line":1182,"column":28},"end":{"line":1182,"column":72}},"591":{"start":{"line":1185,"column":2},"end":{"line":1286,"column":3}},"592":{"start":{"line":1186,"column":23},"end":{"line":1186,"column":76}},"593":{"start":{"line":1187,"column":27},"end":{"line":1189,"column":5}},"594":{"start":{"line":1191,"column":30},"end":{"line":1191,"column":32}},"595":{"start":{"line":1192,"column":4},"end":{"line":1192,"column":34}},"596":{"start":{"line":1200,"column":4},"end":{"line":1240,"column":6}},"597":{"start":{"line":1201,"column":32},"end":{"line":1201,"column":76}},"598":{"start":{"line":1202,"column":30},"end":{"line":1202,"column":71}},"599":{"start":{"line":1204,"column":6},"end":{"line":1239,"column":7}},"600":{"start":{"line":1205,"column":8},"end":{"line":1205,"column":46}},"601":{"start":{"line":1208,"column":8},"end":{"line":1210,"column":9}},"602":{"start":{"line":1208,"column":21},"end":{"line":1208,"column":22}},"603":{"start":{"line":1209,"column":10},"end":{"line":1209,"column":54}},"604":{"start":{"line":1211,"column":13},"end":{"line":1239,"column":7}},"605":{"start":{"line":1213,"column":8},"end":{"line":1221,"column":9}},"606":{"start":{"line":1213,"column":21},"end":{"line":1213,"column":22}},"607":{"start":{"line":1215,"column":12},"end":{"line":1215,"column":65}},"608":{"start":{"line":1216,"column":28},"end":{"line":1218,"column":11}},"609":{"start":{"line":1219,"column":10},"end":{"line":1219,"column":38}},"610":{"start":{"line":1220,"column":10},"end":{"line":1220,"column":45}},"611":{"start":{"line":1223,"column":8},"end":{"line":1225,"column":9}},"612":{"start":{"line":1224,"column":10},"end":{"line":1224,"column":53}},"613":{"start":{"line":1226,"column":13},"end":{"line":1239,"column":7}},"614":{"start":{"line":1228,"column":8},"end":{"line":1236,"column":9}},"615":{"start":{"line":1228,"column":21},"end":{"line":1228,"column":22}},"616":{"start":{"line":1230,"column":12},"end":{"line":1230,"column":65}},"617":{"start":{"line":1231,"column":28},"end":{"line":1233,"column":11}},"618":{"start":{"line":1234,"column":10},"end":{"line":1234,"column":39}},"619":{"start":{"line":1235,"column":10},"end":{"line":1235,"column":48}},"620":{"start":{"line":1237,"column":8},"end":{"line":1237,"column":38}},"621":{"start":{"line":1238,"column":8},"end":{"line":1238,"column":52}},"622":{"start":{"line":1248,"column":28},"end":{"line":1248,"column":69}},"623":{"start":{"line":1249,"column":4},"end":{"line":1285,"column":6}},"624":{"start":{"line":1250,"column":24},"end":{"line":1250,"column":72}},"625":{"start":{"line":1251,"column":6},"end":{"line":1254,"column":7}},"626":{"start":{"line":1252,"column":8},"end":{"line":1252,"column":36}},"627":{"start":{"line":1253,"column":8},"end":{"line":1253,"column":43}},"628":{"start":{"line":1257,"column":6},"end":{"line":1284,"column":8}},"629":{"start":{"line":1258,"column":26},"end":{"line":1258,"column":74}},"630":{"start":{"line":1259,"column":8},"end":{"line":1261,"column":9}},"631":{"start":{"line":1260,"column":10},"end":{"line":1260,"column":61}},"632":{"start":{"line":1262,"column":8},"end":{"line":1271,"column":9}},"633":{"start":{"line":1263,"column":10},"end":{"line":1263,"column":38}},"634":{"start":{"line":1264,"column":10},"end":{"line":1264,"column":45}},"635":{"start":{"line":1266,"column":10},"end":{"line":1269,"column":11}},"636":{"start":{"line":1267,"column":12},"end":{"line":1267,"column":40}},"637":{"start":{"line":1268,"column":12},"end":{"line":1268,"column":50}},"638":{"start":{"line":1270,"column":10},"end":{"line":1270,"column":36}},"639":{"start":{"line":1274,"column":8},"end":{"line":1276,"column":9}},"640":{"start":{"line":1275,"column":10},"end":{"line":1275,"column":35}},"641":{"start":{"line":1279,"column":8},"end":{"line":1283,"column":9}},"642":{"start":{"line":1280,"column":10},"end":{"line":1280,"column":53}},"643":{"start":{"line":1282,"column":10},"end":{"line":1282,"column":54}},"644":{"start":{"line":1290,"column":16},"end":{"line":1290,"column":49}},"645":{"start":{"line":1291,"column":14},"end":{"line":1291,"column":55}},"646":{"start":{"line":1293,"column":2},"end":{"line":1299,"column":3}},"647":{"start":{"line":1294,"column":4},"end":{"line":1298,"column":5}},"648":{"start":{"line":1295,"column":6},"end":{"line":1295,"column":33}},"649":{"start":{"line":1297,"column":6},"end":{"line":1297,"column":36}},"650":{"start":{"line":1304,"column":16},"end":{"line":1304,"column":49}},"651":{"start":{"line":1305,"column":21},"end":{"line":1305,"column":75}},"652":{"start":{"line":1306,"column":35},"end":{"line":1308,"column":3}},"653":{"start":{"line":1309,"column":32},"end":{"line":1311,"column":3}},"654":{"start":{"line":1313,"column":4},"end":{"line":1313,"column":64}},"655":{"start":{"line":1314,"column":39},"end":{"line":1316,"column":3}},"656":{"start":{"line":1318,"column":2},"end":{"line":1321,"column":3}},"657":{"start":{"line":1319,"column":4},"end":{"line":1319,"column":64}},"658":{"start":{"line":1320,"column":4},"end":{"line":1320,"column":32}},"659":{"start":{"line":1325,"column":16},"end":{"line":1325,"column":48}},"660":{"start":{"line":1326,"column":21},"end":{"line":1326,"column":75}},"661":{"start":{"line":1327,"column":35},"end":{"line":1329,"column":3}},"662":{"start":{"line":1331,"column":2},"end":{"line":1337,"column":3}},"663":{"start":{"line":1332,"column":4},"end":{"line":1332,"column":52}},"664":{"start":{"line":1333,"column":4},"end":{"line":1333,"column":15}},"665":{"start":{"line":1335,"column":4},"end":{"line":1335,"column":55}},"666":{"start":{"line":1336,"column":4},"end":{"line":1336,"column":16}},"667":{"start":{"line":1341,"column":16},"end":{"line":1341,"column":48}},"668":{"start":{"line":1342,"column":36},"end":{"line":1344,"column":3}},"669":{"start":{"line":1345,"column":23},"end":{"line":1345,"column":75}},"670":{"start":{"line":1346,"column":24},"end":{"line":1348,"column":27}},"671":{"start":{"line":1350,"column":2},"end":{"line":1354,"column":3}},"672":{"start":{"line":1350,"column":15},"end":{"line":1350,"column":16}},"673":{"start":{"line":1351,"column":4},"end":{"line":1353,"column":6}},"674":{"start":{"line":1352,"column":6},"end":{"line":1352,"column":61}}},"fnMap":{"0":{"name":"(anonymous_0)","decl":{"start":{"line":1,"column":46},"end":{"line":1,"column":47}},"loc":{"start":{"line":1,"column":58},"end":{"line":3,"column":1}},"line":1},"1":{"name":"(anonymous_1)","decl":{"start":{"line":7,"column":46},"end":{"line":7,"column":47}},"loc":{"start":{"line":7,"column":58},"end":{"line":15,"column":1}},"line":7},"2":{"name":"showOrHideSidebarContent","decl":{"start":{"line":20,"column":9},"end":{"line":20,"column":33}},"loc":{"start":{"line":20,"column":42},"end":{"line":48,"column":1}},"line":20},"3":{"name":"(anonymous_3)","decl":{"start":{"line":58,"column":27},"end":{"line":58,"column":28}},"loc":{"start":{"line":58,"column":35},"end":{"line":158,"column":3}},"line":58},"4":{"name":"(anonymous_4)","decl":{"start":{"line":64,"column":35},"end":{"line":64,"column":36}},"loc":{"start":{"line":64,"column":44},"end":{"line":109,"column":5}},"line":64},"5":{"name":"(anonymous_5)","decl":{"start":{"line":124,"column":42},"end":{"line":124,"column":43}},"loc":{"start":{"line":124,"column":48},"end":{"line":143,"column":7}},"line":124},"6":{"name":"(anonymous_6)","decl":{"start":{"line":145,"column":42},"end":{"line":145,"column":43}},"loc":{"start":{"line":145,"column":48},"end":{"line":151,"column":7}},"line":145},"7":{"name":"(anonymous_7)","decl":{"start":{"line":153,"column":51},"end":{"line":153,"column":52}},"loc":{"start":{"line":153,"column":57},"end":{"line":156,"column":7}},"line":153},"8":{"name":"(anonymous_8)","decl":{"start":{"line":164,"column":23},"end":{"line":164,"column":24}},"loc":{"start":{"line":164,"column":38},"end":{"line":210,"column":3}},"line":164},"9":{"name":"(anonymous_9)","decl":{"start":{"line":165,"column":42},"end":{"line":165,"column":43}},"loc":{"start":{"line":165,"column":48},"end":{"line":209,"column":5}},"line":165},"10":{"name":"findActiveSidebarMenuTitleById","decl":{"start":{"line":214,"column":9},"end":{"line":214,"column":39}},"loc":{"start":{"line":214,"column":54},"end":{"line":224,"column":1}},"line":214},"11":{"name":"findActiveSidebarMenuByTitleId","decl":{"start":{"line":227,"column":9},"end":{"line":227,"column":39}},"loc":{"start":{"line":227,"column":54},"end":{"line":237,"column":1}},"line":227},"12":{"name":"changeVisibilityOfSubMenuItems","decl":{"start":{"line":240,"column":9},"end":{"line":240,"column":39}},"loc":{"start":{"line":240,"column":46},"end":{"line":269,"column":1}},"line":240},"13":{"name":"(anonymous_13)","decl":{"start":{"line":301,"column":22},"end":{"line":301,"column":23}},"loc":{"start":{"line":301,"column":30},"end":{"line":315,"column":5}},"line":301},"14":{"name":"(anonymous_14)","decl":{"start":{"line":302,"column":37},"end":{"line":302,"column":38}},"loc":{"start":{"line":302,"column":43},"end":{"line":314,"column":7}},"line":302},"15":{"name":"(anonymous_15)","decl":{"start":{"line":323,"column":21},"end":{"line":323,"column":22}},"loc":{"start":{"line":323,"column":29},"end":{"line":330,"column":5}},"line":323},"16":{"name":"(anonymous_16)","decl":{"start":{"line":324,"column":37},"end":{"line":324,"column":38}},"loc":{"start":{"line":324,"column":43},"end":{"line":329,"column":7}},"line":324},"17":{"name":"(anonymous_17)","decl":{"start":{"line":334,"column":29},"end":{"line":334,"column":30}},"loc":{"start":{"line":334,"column":37},"end":{"line":341,"column":5}},"line":334},"18":{"name":"(anonymous_18)","decl":{"start":{"line":335,"column":37},"end":{"line":335,"column":38}},"loc":{"start":{"line":335,"column":43},"end":{"line":340,"column":7}},"line":335},"19":{"name":"(anonymous_19)","decl":{"start":{"line":349,"column":32},"end":{"line":349,"column":33}},"loc":{"start":{"line":349,"column":40},"end":{"line":355,"column":5}},"line":349},"20":{"name":"(anonymous_20)","decl":{"start":{"line":350,"column":37},"end":{"line":350,"column":38}},"loc":{"start":{"line":350,"column":43},"end":{"line":354,"column":7}},"line":350},"21":{"name":"(anonymous_21)","decl":{"start":{"line":359,"column":32},"end":{"line":359,"column":33}},"loc":{"start":{"line":359,"column":40},"end":{"line":365,"column":5}},"line":359},"22":{"name":"(anonymous_22)","decl":{"start":{"line":360,"column":37},"end":{"line":360,"column":38}},"loc":{"start":{"line":360,"column":43},"end":{"line":364,"column":7}},"line":360},"23":{"name":"tabsService","decl":{"start":{"line":370,"column":9},"end":{"line":370,"column":20}},"loc":{"start":{"line":370,"column":35},"end":{"line":395,"column":1}},"line":370},"24":{"name":"(anonymous_24)","decl":{"start":{"line":373,"column":19},"end":{"line":373,"column":20}},"loc":{"start":{"line":373,"column":30},"end":{"line":394,"column":3}},"line":373},"25":{"name":"(anonymous_25)","decl":{"start":{"line":379,"column":24},"end":{"line":379,"column":25}},"loc":{"start":{"line":379,"column":34},"end":{"line":391,"column":9}},"line":379},"26":{"name":"(anonymous_26)","decl":{"start":{"line":380,"column":43},"end":{"line":380,"column":44}},"loc":{"start":{"line":380,"column":49},"end":{"line":390,"column":11}},"line":380},"27":{"name":"toggleContentFormat","decl":{"start":{"line":397,"column":9},"end":{"line":397,"column":28}},"loc":{"start":{"line":397,"column":45},"end":{"line":408,"column":1}},"line":397},"28":{"name":"initTableServices","decl":{"start":{"line":414,"column":9},"end":{"line":414,"column":26}},"loc":{"start":{"line":414,"column":34},"end":{"line":526,"column":1}},"line":414},"29":{"name":"(anonymous_29)","decl":{"start":{"line":427,"column":47},"end":{"line":427,"column":48}},"loc":{"start":{"line":427,"column":56},"end":{"line":436,"column":5}},"line":427},"30":{"name":"(anonymous_30)","decl":{"start":{"line":443,"column":43},"end":{"line":443,"column":44}},"loc":{"start":{"line":443,"column":49},"end":{"line":464,"column":5}},"line":443},"31":{"name":"(anonymous_31)","decl":{"start":{"line":450,"column":22},"end":{"line":450,"column":23}},"loc":{"start":{"line":450,"column":29},"end":{"line":454,"column":7}},"line":450},"32":{"name":"(anonymous_32)","decl":{"start":{"line":471,"column":21},"end":{"line":471,"column":22}},"loc":{"start":{"line":471,"column":29},"end":{"line":475,"column":5}},"line":471},"33":{"name":"(anonymous_33)","decl":{"start":{"line":472,"column":37},"end":{"line":472,"column":38}},"loc":{"start":{"line":472,"column":43},"end":{"line":474,"column":7}},"line":472},"34":{"name":"(anonymous_34)","decl":{"start":{"line":482,"column":47},"end":{"line":482,"column":48}},"loc":{"start":{"line":482,"column":53},"end":{"line":508,"column":5}},"line":482},"35":{"name":"(anonymous_35)","decl":{"start":{"line":492,"column":19},"end":{"line":492,"column":20}},"loc":{"start":{"line":492,"column":29},"end":{"line":497,"column":7}},"line":492},"36":{"name":"(anonymous_36)","decl":{"start":{"line":515,"column":26},"end":{"line":515,"column":27}},"loc":{"start":{"line":515,"column":34},"end":{"line":524,"column":5}},"line":515},"37":{"name":"(anonymous_37)","decl":{"start":{"line":516,"column":37},"end":{"line":516,"column":38}},"loc":{"start":{"line":516,"column":43},"end":{"line":523,"column":7}},"line":516},"38":{"name":"tblMultiSlctService","decl":{"start":{"line":532,"column":9},"end":{"line":532,"column":28}},"loc":{"start":{"line":532,"column":36},"end":{"line":634,"column":1}},"line":532},"39":{"name":"(anonymous_39)","decl":{"start":{"line":552,"column":46},"end":{"line":552,"column":47}},"loc":{"start":{"line":552,"column":52},"end":{"line":586,"column":5}},"line":552},"40":{"name":"(anonymous_40)","decl":{"start":{"line":595,"column":26},"end":{"line":595,"column":27}},"loc":{"start":{"line":595,"column":38},"end":{"line":632,"column":5}},"line":595},"41":{"name":"(anonymous_41)","decl":{"start":{"line":603,"column":42},"end":{"line":603,"column":43}},"loc":{"start":{"line":603,"column":48},"end":{"line":631,"column":7}},"line":603},"42":{"name":"showOrHideTblDeleteAllBtn","decl":{"start":{"line":642,"column":9},"end":{"line":642,"column":34}},"loc":{"start":{"line":642,"column":50},"end":{"line":654,"column":1}},"line":642},"43":{"name":"getTblNameById","decl":{"start":{"line":657,"column":9},"end":{"line":657,"column":23}},"loc":{"start":{"line":657,"column":33},"end":{"line":659,"column":1}},"line":657},"44":{"name":"addNewRow","decl":{"start":{"line":662,"column":9},"end":{"line":662,"column":18}},"loc":{"start":{"line":662,"column":26},"end":{"line":684,"column":1}},"line":662},"45":{"name":"(anonymous_45)","decl":{"start":{"line":670,"column":34},"end":{"line":670,"column":35}},"loc":{"start":{"line":670,"column":40},"end":{"line":682,"column":5}},"line":670},"46":{"name":"(anonymous_46)","decl":{"start":{"line":677,"column":26},"end":{"line":677,"column":27}},"loc":{"start":{"line":677,"column":35},"end":{"line":679,"column":7}},"line":677},"47":{"name":"getRowFromTable","decl":{"start":{"line":687,"column":9},"end":{"line":687,"column":24}},"loc":{"start":{"line":687,"column":32},"end":{"line":710,"column":1}},"line":687},"48":{"name":"(anonymous_48)","decl":{"start":{"line":693,"column":18},"end":{"line":693,"column":19}},"loc":{"start":{"line":693,"column":25},"end":{"line":697,"column":3}},"line":693},"49":{"name":"searchTable","decl":{"start":{"line":713,"column":9},"end":{"line":713,"column":20}},"loc":{"start":{"line":713,"column":28},"end":{"line":851,"column":1}},"line":713},"50":{"name":"(anonymous_50)","decl":{"start":{"line":734,"column":32},"end":{"line":734,"column":33}},"loc":{"start":{"line":734,"column":40},"end":{"line":739,"column":3}},"line":734},"51":{"name":"(anonymous_51)","decl":{"start":{"line":741,"column":55},"end":{"line":741,"column":56}},"loc":{"start":{"line":741,"column":61},"end":{"line":745,"column":3}},"line":741},"52":{"name":"(anonymous_52)","decl":{"start":{"line":749,"column":43},"end":{"line":749,"column":44}},"loc":{"start":{"line":749,"column":49},"end":{"line":761,"column":5}},"line":749},"53":{"name":"(anonymous_53)","decl":{"start":{"line":765,"column":39},"end":{"line":765,"column":40}},"loc":{"start":{"line":765,"column":45},"end":{"line":777,"column":3}},"line":765},"54":{"name":"(anonymous_54)","decl":{"start":{"line":780,"column":42},"end":{"line":780,"column":43}},"loc":{"start":{"line":780,"column":47},"end":{"line":794,"column":3}},"line":780},"55":{"name":"(anonymous_55)","decl":{"start":{"line":797,"column":41},"end":{"line":797,"column":42}},"loc":{"start":{"line":797,"column":46},"end":{"line":805,"column":3}},"line":797},"56":{"name":"(anonymous_56)","decl":{"start":{"line":808,"column":36},"end":{"line":808,"column":37}},"loc":{"start":{"line":808,"column":42},"end":{"line":824,"column":3}},"line":808},"57":{"name":"(anonymous_57)","decl":{"start":{"line":827,"column":36},"end":{"line":827,"column":37}},"loc":{"start":{"line":827,"column":42},"end":{"line":841,"column":3}},"line":827},"58":{"name":"(anonymous_58)","decl":{"start":{"line":844,"column":37},"end":{"line":844,"column":38}},"loc":{"start":{"line":844,"column":43},"end":{"line":850,"column":3}},"line":844},"59":{"name":"searchQueryInTbl","decl":{"start":{"line":854,"column":9},"end":{"line":854,"column":25}},"loc":{"start":{"line":854,"column":63},"end":{"line":895,"column":1}},"line":854},"60":{"name":"getSelectedOption","decl":{"start":{"line":898,"column":9},"end":{"line":898,"column":26}},"loc":{"start":{"line":898,"column":42},"end":{"line":908,"column":1}},"line":898},"61":{"name":"getQueryFromInputField","decl":{"start":{"line":911,"column":9},"end":{"line":911,"column":31}},"loc":{"start":{"line":911,"column":39},"end":{"line":916,"column":1}},"line":911},"62":{"name":"addSearchResultNumber","decl":{"start":{"line":919,"column":9},"end":{"line":919,"column":30}},"loc":{"start":{"line":919,"column":53},"end":{"line":931,"column":1}},"line":919},"63":{"name":"addOrRemoveHighlightInTbl","decl":{"start":{"line":936,"column":9},"end":{"line":936,"column":34}},"loc":{"start":{"line":936,"column":78},"end":{"line":1003,"column":1}},"line":936},"64":{"name":"(anonymous_64)","decl":{"start":{"line":947,"column":22},"end":{"line":947,"column":23}},"loc":{"start":{"line":947,"column":30},"end":{"line":982,"column":9}},"line":947},"65":{"name":"(anonymous_65)","decl":{"start":{"line":965,"column":40},"end":{"line":965,"column":41}},"loc":{"start":{"line":965,"column":66},"end":{"line":970,"column":13}},"line":965},"66":{"name":"(anonymous_66)","decl":{"start":{"line":985,"column":22},"end":{"line":985,"column":23}},"loc":{"start":{"line":985,"column":30},"end":{"line":987,"column":9}},"line":985},"67":{"name":"(anonymous_67)","decl":{"start":{"line":994,"column":25},"end":{"line":994,"column":26}},"loc":{"start":{"line":994,"column":33},"end":{"line":999,"column":5}},"line":994},"68":{"name":"showOrHideSearchResultContainer","decl":{"start":{"line":1010,"column":9},"end":{"line":1010,"column":40}},"loc":{"start":{"line":1010,"column":56},"end":{"line":1026,"column":1}},"line":1010},"69":{"name":"showOrHideWarningSelectWindow","decl":{"start":{"line":1028,"column":9},"end":{"line":1028,"column":38}},"loc":{"start":{"line":1028,"column":54},"end":{"line":1039,"column":1}},"line":1028},"70":{"name":"showModalWillEditInformation","decl":{"start":{"line":1042,"column":9},"end":{"line":1042,"column":37}},"loc":{"start":{"line":1042,"column":46},"end":{"line":1065,"column":1}},"line":1042},"71":{"name":"getModalWillEditInformationByTblId","decl":{"start":{"line":1068,"column":9},"end":{"line":1068,"column":43}},"loc":{"start":{"line":1068,"column":51},"end":{"line":1071,"column":1}},"line":1068},"72":{"name":"convertDateForEditForm","decl":{"start":{"line":1074,"column":9},"end":{"line":1074,"column":31}},"loc":{"start":{"line":1074,"column":38},"end":{"line":1077,"column":1}},"line":1074},"73":{"name":"convertDateForTbl","decl":{"start":{"line":1080,"column":9},"end":{"line":1080,"column":26}},"loc":{"start":{"line":1080,"column":33},"end":{"line":1083,"column":1}},"line":1080},"74":{"name":"changeModalEditInformationHeight","decl":{"start":{"line":1086,"column":9},"end":{"line":1086,"column":41}},"loc":{"start":{"line":1086,"column":44},"end":{"line":1099,"column":1}},"line":1086},"75":{"name":"(anonymous_75)","decl":{"start":{"line":1091,"column":38},"end":{"line":1091,"column":39}},"loc":{"start":{"line":1091,"column":44},"end":{"line":1096,"column":3}},"line":1091},"76":{"name":"(anonymous_76)","decl":{"start":{"line":1093,"column":31},"end":{"line":1093,"column":32}},"loc":{"start":{"line":1093,"column":37},"end":{"line":1095,"column":5}},"line":1093},"77":{"name":"setTblRowValuesFromInputFields","decl":{"start":{"line":1102,"column":9},"end":{"line":1102,"column":39}},"loc":{"start":{"line":1102,"column":58},"end":{"line":1110,"column":1}},"line":1102},"78":{"name":"tblPaggination","decl":{"start":{"line":1113,"column":9},"end":{"line":1113,"column":23}},"loc":{"start":{"line":1113,"column":31},"end":{"line":1131,"column":1}},"line":1113},"79":{"name":"showOrHidePagginationContainer","decl":{"start":{"line":1133,"column":9},"end":{"line":1133,"column":39}},"loc":{"start":{"line":1133,"column":47},"end":{"line":1147,"column":1}},"line":1133},"80":{"name":"tblOffsetService","decl":{"start":{"line":1149,"column":9},"end":{"line":1149,"column":25}},"loc":{"start":{"line":1149,"column":33},"end":{"line":1164,"column":1}},"line":1149},"81":{"name":"(anonymous_81)","decl":{"start":{"line":1160,"column":47},"end":{"line":1160,"column":48}},"loc":{"start":{"line":1160,"column":53},"end":{"line":1162,"column":5}},"line":1160},"82":{"name":"initTitleService","decl":{"start":{"line":1170,"column":9},"end":{"line":1170,"column":25}},"loc":{"start":{"line":1170,"column":35},"end":{"line":1173,"column":1}},"line":1170},"83":{"name":"titleMultiSlctService","decl":{"start":{"line":1179,"column":9},"end":{"line":1179,"column":30}},"loc":{"start":{"line":1179,"column":40},"end":{"line":1287,"column":1}},"line":1179},"84":{"name":"(anonymous_84)","decl":{"start":{"line":1200,"column":48},"end":{"line":1200,"column":49}},"loc":{"start":{"line":1200,"column":54},"end":{"line":1240,"column":5}},"line":1200},"85":{"name":"(anonymous_85)","decl":{"start":{"line":1249,"column":28},"end":{"line":1249,"column":29}},"loc":{"start":{"line":1249,"column":40},"end":{"line":1285,"column":5}},"line":1249},"86":{"name":"(anonymous_86)","decl":{"start":{"line":1257,"column":42},"end":{"line":1257,"column":43}},"loc":{"start":{"line":1257,"column":48},"end":{"line":1284,"column":7}},"line":1257},"87":{"name":"showOrHideTitleDeleteAllBtn","decl":{"start":{"line":1289,"column":9},"end":{"line":1289,"column":36}},"loc":{"start":{"line":1289,"column":55},"end":{"line":1300,"column":1}},"line":1289},"88":{"name":"titlePaggination","decl":{"start":{"line":1303,"column":9},"end":{"line":1303,"column":25}},"loc":{"start":{"line":1303,"column":36},"end":{"line":1322,"column":1}},"line":1303},"89":{"name":"showOrHideTitlePagginationContainer","decl":{"start":{"line":1324,"column":9},"end":{"line":1324,"column":44}},"loc":{"start":{"line":1324,"column":54},"end":{"line":1338,"column":1}},"line":1324},"90":{"name":"titleOffsetService","decl":{"start":{"line":1340,"column":9},"end":{"line":1340,"column":27}},"loc":{"start":{"line":1340,"column":37},"end":{"line":1355,"column":1}},"line":1340},"91":{"name":"(anonymous_91)","decl":{"start":{"line":1351,"column":47},"end":{"line":1351,"column":48}},"loc":{"start":{"line":1351,"column":53},"end":{"line":1353,"column":5}},"line":1351}},"branchMap":{"0":{"loc":{"start":{"line":24,"column":2},"end":{"line":47,"column":3}},"type":"if","locations":[{"start":{"line":24,"column":2},"end":{"line":47,"column":3}},{"start":{},"end":{}}],"line":24},"1":{"loc":{"start":{"line":32,"column":4},"end":{"line":40,"column":5}},"type":"if","locations":[{"start":{"line":32,"column":4},"end":{"line":40,"column":5}},{"start":{},"end":{}}],"line":32},"2":{"loc":{"start":{"line":33,"column":6},"end":{"line":39,"column":7}},"type":"if","locations":[{"start":{"line":33,"column":6},"end":{"line":39,"column":7}},{"start":{},"end":{}}],"line":33},"3":{"loc":{"start":{"line":36,"column":8},"end":{"line":38,"column":9}},"type":"if","locations":[{"start":{"line":36,"column":8},"end":{"line":38,"column":9}},{"start":{},"end":{}}],"line":36},"4":{"loc":{"start":{"line":57,"column":0},"end":{"line":159,"column":1}},"type":"if","locations":[{"start":{"line":57,"column":0},"end":{"line":159,"column":1}},{"start":{},"end":{}}],"line":57},"5":{"loc":{"start":{"line":72,"column":6},"end":{"line":74,"column":7}},"type":"if","locations":[{"start":{"line":72,"column":6},"end":{"line":74,"column":7}},{"start":{},"end":{}}],"line":72},"6":{"loc":{"start":{"line":77,"column":6},"end":{"line":101,"column":7}},"type":"if","locations":[{"start":{"line":77,"column":6},"end":{"line":101,"column":7}},{"start":{},"end":{}}],"line":77},"7":{"loc":{"start":{"line":78,"column":8},"end":{"line":100,"column":9}},"type":"if","locations":[{"start":{"line":78,"column":8},"end":{"line":100,"column":9}},{"start":{},"end":{}}],"line":78},"8":{"loc":{"start":{"line":94,"column":10},"end":{"line":95,"column":61}},"type":"if","locations":[{"start":{"line":94,"column":10},"end":{"line":95,"column":61}},{"start":{},"end":{}}],"line":94},"9":{"loc":{"start":{"line":99,"column":10},"end":{"line":99,"column":78}},"type":"if","locations":[{"start":{"line":99,"column":10},"end":{"line":99,"column":78}},{"start":{},"end":{}}],"line":99},"10":{"loc":{"start":{"line":106,"column":6},"end":{"line":106,"column":74}},"type":"if","locations":[{"start":{"line":106,"column":6},"end":{"line":106,"column":74}},{"start":{},"end":{}}],"line":106},"11":{"loc":{"start":{"line":115,"column":6},"end":{"line":119,"column":7}},"type":"if","locations":[{"start":{"line":115,"column":6},"end":{"line":119,"column":7}},{"start":{},"end":{}}],"line":115},"12":{"loc":{"start":{"line":122,"column":4},"end":{"line":157,"column":5}},"type":"if","locations":[{"start":{"line":122,"column":4},"end":{"line":157,"column":5}},{"start":{},"end":{}}],"line":122},"13":{"loc":{"start":{"line":128,"column":8},"end":{"line":138,"column":9}},"type":"if","locations":[{"start":{"line":128,"column":8},"end":{"line":138,"column":9}},{"start":{},"end":{}}],"line":128},"14":{"loc":{"start":{"line":129,"column":10},"end":{"line":137,"column":11}},"type":"if","locations":[{"start":{"line":129,"column":10},"end":{"line":137,"column":11}},{"start":{},"end":{}}],"line":129},"15":{"loc":{"start":{"line":134,"column":12},"end":{"line":136,"column":13}},"type":"if","locations":[{"start":{"line":134,"column":12},"end":{"line":136,"column":13}},{"start":{},"end":{}}],"line":134},"16":{"loc":{"start":{"line":134,"column":16},"end":{"line":134,"column":43}},"type":"binary-expr","locations":[{"start":{"line":134,"column":16},"end":{"line":134,"column":26}},{"start":{"line":134,"column":30},"end":{"line":134,"column":43}}],"line":134},"17":{"loc":{"start":{"line":147,"column":8},"end":{"line":150,"column":9}},"type":"if","locations":[{"start":{"line":147,"column":8},"end":{"line":150,"column":9}},{"start":{},"end":{}}],"line":147},"18":{"loc":{"start":{"line":147,"column":12},"end":{"line":147,"column":71}},"type":"binary-expr","locations":[{"start":{"line":147,"column":12},"end":{"line":147,"column":35}},{"start":{"line":147,"column":39},"end":{"line":147,"column":71}}],"line":147},"19":{"loc":{"start":{"line":163,"column":0},"end":{"line":211,"column":1}},"type":"if","locations":[{"start":{"line":163,"column":0},"end":{"line":211,"column":1}},{"start":{},"end":{}}],"line":163},"20":{"loc":{"start":{"line":175,"column":6},"end":{"line":185,"column":7}},"type":"if","locations":[{"start":{"line":175,"column":6},"end":{"line":185,"column":7}},{"start":{},"end":{}}],"line":175},"21":{"loc":{"start":{"line":176,"column":8},"end":{"line":184,"column":9}},"type":"if","locations":[{"start":{"line":176,"column":8},"end":{"line":184,"column":9}},{"start":{},"end":{}}],"line":176},"22":{"loc":{"start":{"line":188,"column":6},"end":{"line":192,"column":7}},"type":"if","locations":[{"start":{"line":188,"column":6},"end":{"line":192,"column":7}},{"start":{},"end":{}}],"line":188},"23":{"loc":{"start":{"line":189,"column":8},"end":{"line":191,"column":9}},"type":"if","locations":[{"start":{"line":189,"column":8},"end":{"line":191,"column":9}},{"start":{},"end":{}}],"line":189},"24":{"loc":{"start":{"line":193,"column":6},"end":{"line":206,"column":7}},"type":"if","locations":[{"start":{"line":193,"column":6},"end":{"line":206,"column":7}},{"start":{},"end":{}}],"line":193},"25":{"loc":{"start":{"line":196,"column":8},"end":{"line":200,"column":9}},"type":"if","locations":[{"start":{"line":196,"column":8},"end":{"line":200,"column":9}},{"start":{},"end":{}}],"line":196},"26":{"loc":{"start":{"line":219,"column":4},"end":{"line":221,"column":5}},"type":"if","locations":[{"start":{"line":219,"column":4},"end":{"line":221,"column":5}},{"start":{},"end":{}}],"line":219},"27":{"loc":{"start":{"line":232,"column":4},"end":{"line":234,"column":5}},"type":"if","locations":[{"start":{"line":232,"column":4},"end":{"line":234,"column":5}},{"start":{},"end":{}}],"line":232},"28":{"loc":{"start":{"line":247,"column":4},"end":{"line":267,"column":5}},"type":"if","locations":[{"start":{"line":247,"column":4},"end":{"line":267,"column":5}},{"start":{"line":263,"column":11},"end":{"line":267,"column":5}}],"line":247},"29":{"loc":{"start":{"line":248,"column":6},"end":{"line":262,"column":7}},"type":"if","locations":[{"start":{"line":248,"column":6},"end":{"line":262,"column":7}},{"start":{"line":253,"column":13},"end":{"line":262,"column":7}}],"line":248},"30":{"loc":{"start":{"line":275,"column":0},"end":{"line":367,"column":1}},"type":"if","locations":[{"start":{"line":275,"column":0},"end":{"line":367,"column":1}},{"start":{},"end":{}}],"line":275},"31":{"loc":{"start":{"line":281,"column":2},"end":{"line":288,"column":3}},"type":"if","locations":[{"start":{"line":281,"column":2},"end":{"line":288,"column":3}},{"start":{},"end":{}}],"line":281},"32":{"loc":{"start":{"line":284,"column":6},"end":{"line":286,"column":7}},"type":"if","locations":[{"start":{"line":284,"column":6},"end":{"line":286,"column":7}},{"start":{},"end":{}}],"line":284},"33":{"loc":{"start":{"line":290,"column":2},"end":{"line":295,"column":3}},"type":"if","locations":[{"start":{"line":290,"column":2},"end":{"line":295,"column":3}},{"start":{},"end":{}}],"line":290},"34":{"loc":{"start":{"line":300,"column":2},"end":{"line":316,"column":3}},"type":"if","locations":[{"start":{"line":300,"column":2},"end":{"line":316,"column":3}},{"start":{},"end":{}}],"line":300},"35":{"loc":{"start":{"line":322,"column":2},"end":{"line":331,"column":3}},"type":"if","locations":[{"start":{"line":322,"column":2},"end":{"line":331,"column":3}},{"start":{},"end":{}}],"line":322},"36":{"loc":{"start":{"line":333,"column":2},"end":{"line":342,"column":3}},"type":"if","locations":[{"start":{"line":333,"column":2},"end":{"line":342,"column":3}},{"start":{},"end":{}}],"line":333},"37":{"loc":{"start":{"line":348,"column":2},"end":{"line":356,"column":3}},"type":"if","locations":[{"start":{"line":348,"column":2},"end":{"line":356,"column":3}},{"start":{},"end":{}}],"line":348},"38":{"loc":{"start":{"line":358,"column":2},"end":{"line":366,"column":3}},"type":"if","locations":[{"start":{"line":358,"column":2},"end":{"line":366,"column":3}},{"start":{},"end":{}}],"line":358},"39":{"loc":{"start":{"line":374,"column":4},"end":{"line":393,"column":5}},"type":"if","locations":[{"start":{"line":374,"column":4},"end":{"line":393,"column":5}},{"start":{},"end":{}}],"line":374},"40":{"loc":{"start":{"line":378,"column":6},"end":{"line":392,"column":7}},"type":"if","locations":[{"start":{"line":378,"column":6},"end":{"line":392,"column":7}},{"start":{},"end":{}}],"line":378},"41":{"loc":{"start":{"line":381,"column":12},"end":{"line":388,"column":13}},"type":"if","locations":[{"start":{"line":381,"column":12},"end":{"line":388,"column":13}},{"start":{},"end":{}}],"line":381},"42":{"loc":{"start":{"line":383,"column":16},"end":{"line":385,"column":17}},"type":"if","locations":[{"start":{"line":383,"column":16},"end":{"line":385,"column":17}},{"start":{},"end":{}}],"line":383},"43":{"loc":{"start":{"line":401,"column":2},"end":{"line":407,"column":3}},"type":"if","locations":[{"start":{"line":401,"column":2},"end":{"line":407,"column":3}},{"start":{"line":404,"column":9},"end":{"line":407,"column":3}}],"line":401},"44":{"loc":{"start":{"line":433,"column":6},"end":{"line":435,"column":7}},"type":"if","locations":[{"start":{"line":433,"column":6},"end":{"line":435,"column":7}},{"start":{},"end":{}}],"line":433},"45":{"loc":{"start":{"line":442,"column":2},"end":{"line":465,"column":3}},"type":"if","locations":[{"start":{"line":442,"column":2},"end":{"line":465,"column":3}},{"start":{},"end":{}}],"line":442},"46":{"loc":{"start":{"line":451,"column":8},"end":{"line":453,"column":9}},"type":"if","locations":[{"start":{"line":451,"column":8},"end":{"line":453,"column":9}},{"start":{},"end":{}}],"line":451},"47":{"loc":{"start":{"line":457,"column":6},"end":{"line":459,"column":7}},"type":"if","locations":[{"start":{"line":457,"column":6},"end":{"line":459,"column":7}},{"start":{},"end":{}}],"line":457},"48":{"loc":{"start":{"line":462,"column":6},"end":{"line":463,"column":48}},"type":"if","locations":[{"start":{"line":462,"column":6},"end":{"line":463,"column":48}},{"start":{},"end":{}}],"line":462},"49":{"loc":{"start":{"line":469,"column":2},"end":{"line":476,"column":3}},"type":"if","locations":[{"start":{"line":469,"column":2},"end":{"line":476,"column":3}},{"start":{},"end":{}}],"line":469},"50":{"loc":{"start":{"line":481,"column":2},"end":{"line":509,"column":3}},"type":"if","locations":[{"start":{"line":481,"column":2},"end":{"line":509,"column":3}},{"start":{},"end":{}}],"line":481},"51":{"loc":{"start":{"line":493,"column":8},"end":{"line":496,"column":9}},"type":"if","locations":[{"start":{"line":493,"column":8},"end":{"line":496,"column":9}},{"start":{},"end":{}}],"line":493},"52":{"loc":{"start":{"line":499,"column":6},"end":{"line":506,"column":7}},"type":"if","locations":[{"start":{"line":499,"column":6},"end":{"line":506,"column":7}},{"start":{"line":504,"column":13},"end":{"line":506,"column":7}}],"line":499},"53":{"loc":{"start":{"line":514,"column":2},"end":{"line":525,"column":3}},"type":"if","locations":[{"start":{"line":514,"column":2},"end":{"line":525,"column":3}},{"start":{},"end":{}}],"line":514},"54":{"loc":{"start":{"line":518,"column":8},"end":{"line":522,"column":9}},"type":"if","locations":[{"start":{"line":518,"column":8},"end":{"line":522,"column":9}},{"start":{"line":520,"column":15},"end":{"line":522,"column":9}}],"line":518},"55":{"loc":{"start":{"line":539,"column":2},"end":{"line":633,"column":3}},"type":"if","locations":[{"start":{"line":539,"column":2},"end":{"line":633,"column":3}},{"start":{},"end":{}}],"line":539},"56":{"loc":{"start":{"line":556,"column":6},"end":{"line":585,"column":7}},"type":"if","locations":[{"start":{"line":556,"column":6},"end":{"line":585,"column":7}},{"start":{"line":563,"column":13},"end":{"line":585,"column":7}}],"line":556},"57":{"loc":{"start":{"line":563,"column":13},"end":{"line":585,"column":7}},"type":"if","locations":[{"start":{"line":563,"column":13},"end":{"line":585,"column":7}},{"start":{"line":575,"column":13},"end":{"line":585,"column":7}}],"line":563},"58":{"loc":{"start":{"line":572,"column":8},"end":{"line":574,"column":9}},"type":"if","locations":[{"start":{"line":572,"column":8},"end":{"line":574,"column":9}},{"start":{},"end":{}}],"line":572},"59":{"loc":{"start":{"line":575,"column":13},"end":{"line":585,"column":7}},"type":"if","locations":[{"start":{"line":575,"column":13},"end":{"line":585,"column":7}},{"start":{},"end":{}}],"line":575},"60":{"loc":{"start":{"line":597,"column":6},"end":{"line":600,"column":7}},"type":"if","locations":[{"start":{"line":597,"column":6},"end":{"line":600,"column":7}},{"start":{},"end":{}}],"line":597},"61":{"loc":{"start":{"line":606,"column":8},"end":{"line":608,"column":9}},"type":"if","locations":[{"start":{"line":606,"column":8},"end":{"line":608,"column":9}},{"start":{},"end":{}}],"line":606},"62":{"loc":{"start":{"line":609,"column":8},"end":{"line":618,"column":9}},"type":"if","locations":[{"start":{"line":609,"column":8},"end":{"line":618,"column":9}},{"start":{"line":612,"column":15},"end":{"line":618,"column":9}}],"line":609},"63":{"loc":{"start":{"line":613,"column":10},"end":{"line":616,"column":11}},"type":"if","locations":[{"start":{"line":613,"column":10},"end":{"line":616,"column":11}},{"start":{},"end":{}}],"line":613},"64":{"loc":{"start":{"line":621,"column":8},"end":{"line":623,"column":9}},"type":"if","locations":[{"start":{"line":621,"column":8},"end":{"line":623,"column":9}},{"start":{},"end":{}}],"line":621},"65":{"loc":{"start":{"line":626,"column":8},"end":{"line":630,"column":9}},"type":"if","locations":[{"start":{"line":626,"column":8},"end":{"line":630,"column":9}},{"start":{"line":628,"column":15},"end":{"line":630,"column":9}}],"line":626},"66":{"loc":{"start":{"line":647,"column":2},"end":{"line":653,"column":3}},"type":"if","locations":[{"start":{"line":647,"column":2},"end":{"line":653,"column":3}},{"start":{},"end":{}}],"line":647},"67":{"loc":{"start":{"line":648,"column":4},"end":{"line":652,"column":5}},"type":"if","locations":[{"start":{"line":648,"column":4},"end":{"line":652,"column":5}},{"start":{"line":650,"column":11},"end":{"line":652,"column":5}}],"line":648},"68":{"loc":{"start":{"line":669,"column":2},"end":{"line":683,"column":3}},"type":"if",
[...]
,"D:\\Java\\MyOwnProjects\\TruthSeekersOffice\\src\\js\\main.js": {"path":"D:\\Java\\MyOwnProjects\\TruthSeekersOffice\\src\\js\\main.js","statementMap":{"0":{"start":{"line":4,"column":18},"end":{"line":4,"column":70}},"1":{"start":{"line":6,"column":0},"end":{"line":17,"column":1}},"2":{"start":{"line":7,"column":2},"end":{"line":16,"column":5}},"3":{"start":{"line":8,"column":4},"end":{"line":15,"column":5}},"4":{"start":{"line":9,"column":25},"end":{"line":11,"column":47}},"5":{"start":{"line":12,"column":6},"end":{"line":14,"column":9}},"6":{"start":{"line":13,"column":8},"end":{"line":13,"column":46}},"7":{"start":{"line":19,"column":21},"end":{"line":19,"column":58}},"8":{"start":{"line":20,"column":2},"end":{"line":20,"column":45}},"9":{"start":{"line":23,"column":20},"end":{"line":23,"column":73}},"10":{"start":{"line":25,"column":0},"end":{"line":36,"column":1}},"11":{"start":{"line":26,"column":2},"end":{"line":35,"column":5}},"12":{"start":{"line":27,"column":4},"end":{"line":34,"column":5}},"13":{"start":{"line":28,"column":25},"end":{"line":30,"column":47}},"14":{"start":{"line":31,"column":6},"end":{"line":33,"column":9}},"15":{"start":{"line":32,"column":8},"end":{"line":32,"column":47}},"16":{"start":{"line":38,"column":21},"end":{"line":38,"column":58}},"17":{"start":{"line":39,"column":2},"end":{"line":39,"column":24}},"18":{"start":{"line":42,"column":34},"end":{"line":44,"column":1}},"19":{"start":{"line":45,"column":38},"end":{"line":47,"column":1}},"20":{"start":{"line":49,"column":0},"end":{"line":55,"column":1}},"21":{"start":{"line":50,"column":2},"end":{"line":54,"column":5}},"22":{"start":{"line":51,"column":4},"end":{"line":53,"column":7}},"23":{"start":{"line":52,"column":6},"end":{"line":52,"column":36}},"24":{"start":{"line":57,"column":0},"end":{"line":63,"column":1}},"25":{"start":{"line":58,"column":2},"end":{"line":62,"column":5}},"26":{"start":{"line":59,"column":4},"end":{"line":61,"column":7}},"27":{"start":{"line":60,"column":6},"end":{"line":60,"column":36}},"28":{"start":{"line":66,"column":16},"end":{"line":66,"column":76}},"29":{"start":{"line":68,"column":2},"end":{"line":68,"column":31}},"30":{"start":{"line":71,"column":16},"end":{"line":71,"column":76}},"31":{"start":{"line":73,"column":2},"end":{"line":73,"column":31}},"32":{"start":{"line":77,"column":28},"end":{"line":77,"column":76}},"33":{"start":{"line":78,"column":28},"end":{"line":78,"column":76}},"34":{"start":{"line":79,"column":25},"end":{"line":79,"column":73}},"35":{"start":{"line":81,"column":0},"end":{"line":87,"column":1}},"36":{"start":{"line":82,"column":2},"end":{"line":86,"column":5}},"37":{"start":{"line":83,"column":4},"end":{"line":83,"column":54}},"38":{"start":{"line":84,"column":4},"end":{"line":84,"column":48}},"39":{"start":{"line":85,"column":4},"end":{"line":85,"column":47}},"40":{"start":{"line":89,"column":0},"end":{"line":95,"column":1}},"41":{"start":{"line":90,"column":2},"end":{"line":94,"column":5}},"42":{"start":{"line":91,"column":4},"end":{"line":91,"column":50}},"43":{"start":{"line":92,"column":4},"end":{"line":92,"column":47}},"44":{"start":{"line":93,"column":4},"end":{"line":93,"column":48}},"45":{"start":{"line":99,"column":27},"end":{"line":99,"column":75}},"46":{"start":{"line":100,"column":27},"end":{"line":100,"column":75}},"47":{"start":{"line":101,"column":24},"end":{"line":101,"column":63}},"48":{"start":{"line":103,"column":0},"end":{"line":109,"column":1}},"49":{"start":{"line":104,"column":2},"end":{"line":108,"column":5}},"50":{"start":{"line":105,"column":4},"end":{"line":105,"column":53}},"51":{"start":{"line":106,"column":4},"end":{"line":106,"column":46}},"52":{"start":{"line":107,"column":4},"end":{"line":107,"column":47}},"53":{"start":{"line":111,"column":0},"end":{"line":117,"column":1}},"54":{"start":{"line":112,"column":2},"end":{"line":116,"column":5}},"55":{"start":{"line":113,"column":4},"end":{"line":113,"column":49}},"56":{"start":{"line":114,"column":4},"end":{"line":114,"column":47}},"57":{"start":{"line":115,"column":4},"end":{"line":115,"column":46}},"58":{"start":{"line":119,"column":14},"end":{"line":119,"column":54}},"59":{"start":{"line":120,"column":29},"end":{"line":120,"column":67}},"60":{"start":{"line":122,"column":14},"end":{"line":122,"column":23}},"61":{"start":{"line":127,"column":2},"end":{"line":130,"column":4}},"62":{"start":{"line":128,"column":4},"end":{"line":128,"column":34}},"63":{"start":{"line":129,"column":4},"end":{"line":129,"column":70}},"64":{"start":{"line":129,"column":39},"end":{"line":129,"column":61}},"65":{"start":{"line":135,"column":26},"end":{"line":135,"column":43}},"66":{"start":{"line":136,"column":27},"end":{"line":136,"column":44}},"67":{"start":{"line":138,"column":2},"end":{"line":140,"column":3}},"68":{"start":{"line":139,"column":4},"end":{"line":139,"column":16}},"69":{"start":{"line":141,"column":2},"end":{"line":141,"column":51}},"70":{"start":{"line":146,"column":2},"end":{"line":149,"column":3}},"71":{"start":{"line":147,"column":4},"end":{"line":147,"column":40}},"72":{"start":{"line":148,"column":4},"end":{"line":148,"column":11}},"73":{"start":{"line":151,"column":15},"end":{"line":151,"column":36}},"74":{"start":{"line":153,"column":2},"end":{"line":156,"column":3}},"75":{"start":{"line":154,"column":4},"end":{"line":154,"column":41}},"76":{"start":{"line":155,"column":4},"end":{"line":155,"column":11}},"77":{"start":{"line":158,"column":2},"end":{"line":171,"column":3}},"78":{"start":{"line":159,"column":21},"end":{"line":163,"column":5}},"79":{"start":{"line":164,"column":17},"end":{"line":164,"column":38}},"80":{"start":{"line":165,"column":21},"end":{"line":165,"column":40}},"81":{"start":{"line":167,"column":4},"end":{"line":167,"column":31}},"82":{"start":{"line":168,"column":4},"end":{"line":168,"column":33}},"83":{"start":{"line":170,"column":4},"end":{"line":170,"column":73}},"84":{"start":{"line":176,"column":2},"end":{"line":176,"column":38}},"85":{"start":{"line":178,"column":2},"end":{"line":181,"column":3}},"86":{"start":{"line":179,"column":4},"end":{"line":179,"column":66}},"87":{"start":{"line":180,"column":4},"end":{"line":180,"column":11}},"88":{"start":{"line":183,"column":19},"end":{"line":183,"column":52}},"89":{"start":{"line":185,"column":2},"end":{"line":202,"column":5}},"90":{"start":{"line":187,"column":6},"end":{"line":187,"column":67}},"91":{"start":{"line":189,"column":6},"end":{"line":189,"column":71}},"92":{"start":{"line":190,"column":24},"end":{"line":190,"column":69}},"93":{"start":{"line":192,"column":27},"end":{"line":192,"column":56}},"94":{"start":{"line":193,"column":4},"end":{"line":193,"column":59}},"95":{"start":{"line":196,"column":4},"end":{"line":199,"column":7}},"96":{"start":{"line":197,"column":6},"end":{"line":197,"column":32}},"97":{"start":{"line":198,"column":6},"end":{"line":198,"column":42}},"98":{"start":{"line":201,"column":4},"end":{"line":201,"column":41}},"99":{"start":{"line":204,"column":2},"end":{"line":204,"column":45}},"100":{"start":{"line":207,"column":0},"end":{"line":223,"column":1}},"101":{"start":{"line":209,"column":2},"end":{"line":215,"column":4}},"102":{"start":{"line":212,"column":20},"end":{"line":212,"column":38}},"103":{"start":{"line":213,"column":6},"end":{"line":213,"column":34}},"104":{"start":{"line":218,"column":2},"end":{"line":222,"column":5}},"105":{"start":{"line":219,"column":4},"end":{"line":221,"column":5}},"106":{"start":{"line":220,"column":6},"end":{"line":220,"column":42}}},"fnMap":{"0":{"name":"(anonymous_0)","decl":{"start":{"line":7,"column":20},"end":{"line":7,"column":21}},"loc":{"start":{"line":7,"column":30},"end":{"line":16,"column":3}},"line":7},"1":{"name":"(anonymous_1)","decl":{"start":{"line":12,"column":37},"end":{"line":12,"column":38}},"loc":{"start":{"line":12,"column":43},"end":{"line":14,"column":7}},"line":12},"2":{"name":"editPersonalInfomation","decl":{"start":{"line":18,"column":9},"end":{"line":18,"column":31}},"loc":{"start":{"line":18,"column":41},"end":{"line":21,"column":1}},"line":18},"3":{"name":"(anonymous_3)","decl":{"start":{"line":26,"column":22},"end":{"line":26,"column":23}},"loc":{"start":{"line":26,"column":32},"end":{"line":35,"column":3}},"line":26},"4":{"name":"(anonymous_4)","decl":{"start":{"line":31,"column":37},"end":{"line":31,"column":38}},"loc":{"start":{"line":31,"column":43},"end":{"line":33,"column":7}},"line":31},"5":{"name":"cancelEditedProfileInfo","decl":{"start":{"line":37,"column":9},"end":{"line":37,"column":32}},"loc":{"start":{"line":37,"column":42},"end":{"line":40,"column":1}},"line":37},"6":{"name":"(anonymous_6)","decl":{"start":{"line":50,"column":36},"end":{"line":50,"column":37}},"loc":{"start":{"line":50,"column":46},"end":{"line":54,"column":3}},"line":50},"7":{"name":"(anonymous_7)","decl":{"start":{"line":51,"column":35},"end":{"line":51,"column":36}},"loc":{"start":{"line":51,"column":41},"end":{"line":53,"column":5}},"line":51},"8":{"name":"(anonymous_8)","decl":{"start":{"line":58,"column":40},"end":{"line":58,"column":41}},"loc":{"start":{"line":58,"column":50},"end":{"line":62,"column":3}},"line":58},"9":{"name":"(anonymous_9)","decl":{"start":{"line":59,"column":35},"end":{"line":59,"column":36}},"loc":{"start":{"line":59,"column":41},"end":{"line":61,"column":5}},"line":59},"10":{"name":"showSeekerDetailInformation","decl":{"start":{"line":65,"column":9},"end":{"line":65,"column":36}},"loc":{"start":{"line":65,"column":39},"end":{"line":69,"column":1}},"line":65},"11":{"name":"hideSeekerDetailInformation","decl":{"start":{"line":70,"column":9},"end":{"line":70,"column":36}},"loc":{"start":{"line":70,"column":39},"end":{"line":74,"column":1}},"line":70},"12":{"name":"(anonymous_12)","decl":{"start":{"line":82,"column":48},"end":{"line":82,"column":49}},"loc":{"start":{"line":82,"column":54},"end":{"line":86,"column":3}},"line":82},"13":{"name":"(anonymous_13)","decl":{"start":{"line":90,"column":48},"end":{"line":90,"column":49}},"loc":{"start":{"line":90,"column":54},"end":{"line":94,"column":3}},"line":90},"14":{"name":"(anonymous_14)","decl":{"start":{"line":104,"column":47},"end":{"line":104,"column":48}},"loc":{"start":{"line":104,"column":53},"end":{"line":108,"column":3}},"line":104},"15":{"name":"(anonymous_15)","decl":{"start":{"line":112,"column":47},"end":{"line":112,"column":48}},"loc":{"start":{"line":112,"column":53},"end":{"line":116,"column":3}},"line":112},"16":{"name":"debounce","decl":{"start":{"line":126,"column":9},"end":{"line":126,"column":17}},"loc":{"start":{"line":126,"column":31},"end":{"line":131,"column":1}},"line":126},"17":{"name":"(anonymous_17)","decl":{"start":{"line":127,"column":9},"end":{"line":127,"column":10}},"loc":{"start":{"line":127,"column":28},"end":{"line":130,"column":3}},"line":127},"18":{"name":"(anonymous_18)","decl":{"start":{"line":129,"column":33},"end":{"line":129,"column":34}},"loc":{"start":{"line":129,"column":39},"end":{"line":129,"column":61}},"line":129},"19":{"name":"detectLanguage","decl":{"start":{"line":134,"column":9},"end":{"line":134,"column":23}},"loc":{"start":{"line":134,"column":31},"end":{"line":142,"column":1}},"line":134},"20":{"name":"fetchCitySuggestions","decl":{"start":{"line":145,"column":15},"end":{"line":145,"column":35}},"loc":{"start":{"line":145,"column":43},"end":{"line":172,"column":1}},"line":145},"21":{"name":"displaySuggestions","decl":{"start":{"line":175,"column":9},"end":{"line":175,"column":27}},"loc":{"start":{"line":175,"column":41},"end":{"line":205,"column":1}},"line":175},"22":{"name":"(anonymous_22)","decl":{"start":{"line":185,"column":22},"end":{"line":185,"column":23}},"loc":{"start":{"line":185,"column":38},"end":{"line":202,"column":3}},"line":185},"23":{"name":"(anonymous_23)","decl":{"start":{"line":196,"column":45},"end":{"line":196,"column":46}},"loc":{"start":{"line":196,"column":51},"end":{"line":199,"column":5}},"line":196},"24":{"name":"(anonymous_24)","decl":{"start":{"line":211,"column":13},"end":{"line":211,"column":14}},"loc":{"start":{"line":211,"column":19},"end":{"line":214,"column":5}},"line":211},"25":{"name":"(anonymous_25)","decl":{"start":{"line":218,"column":37},"end":{"line":218,"column":38}},"loc":{"start":{"line":218,"column":44},"end":{"line":222,"column":3}},"line":218}},"branchMap":{"0":{"loc":{"start":{"line":6,"column":0},"end":{"line":17,"column":1}},"type":"if","locations":[{"start":{"line":6,"column":0},"end":{"line":17,"column":1}},{"start":{},"end":{}}],"line":6},"1":{"loc":{"start":{"line":8,"column":4},"end":{"line":15,"column":5}},"type":"if","locations":[{"start":{"line":8,"column":4},"end":{"line":15,"column":5}},{"start":{},"end":{}}],"line":8},"2":{"loc":{"start":{"line":25,"column":0},"end":{"line":36,"column":1}},"type":"if","locations":[{"start":{"line":25,"column":0},"end":{"line":36,"column":1}},{"start":{},"end":{}}],"line":25},"3":{"loc":{"start":{"line":27,"column":4},"end":{"line":34,"column":5}},"type":"if","locations":[{"start":{"line":27,"column":4},"end":{"line":34,"column":5}},{"start":{},"end":{}}],"line":27},"4":{"loc":{"start":{"line":49,"column":0},"end":{"line":55,"column":1}},"type":"if","locations":[{"start":{"line":49,"column":0},"end":{"line":55,"column":1}},{"start":{},"end":{}}],"line":49},"5":{"loc":{"start":{"line":57,"column":0},"end":{"line":63,"column":1}},"type":"if","locations":[{"start":{"line":57,"column":0},"end":{"line":63,"column":1}},{"start":{},"end":{}}],"line":57},"6":{"loc":{"start":{"line":81,"column":0},"end":{"line":87,"column":1}},"type":"if","locations":[{"start":{"line":81,"column":0},"end":{"line":87,"column":1}},{"start":{},"end":{}}],"line":81},"7":{"loc":{"start":{"line":89,"column":0},"end":{"line":95,"column":1}},"type":"if","locations":[{"start":{"line":89,"column":0},"end":{"line":95,"column":1}},{"start":{},"end":{}}],"line":89},"8":{"loc":{"start":{"line":103,"column":0},"end":{"line":109,"column":1}},"type":"if","locations":[{"start":{"line":103,"column":0},"end":{"line":109,"column":1}},{"start":{},"end":{}}],"line":103},"9":{"loc":{"start":{"line":111,"column":0},"end":{"line":117,"column":1}},"type":"if","locations":[{"start":{"line":111,"column":0},"end":{"line":117,"column":1}},{"start":{},"end":{}}],"line":111},"10":{"loc":{"start":{"line":138,"column":2},"end":{"line":140,"column":3}},"type":"if","locations":[{"start":{"line":138,"column":2},"end":{"line":140,"column":3}},{"start":{},"end":{}}],"line":138},"11":{"loc":{"start":{"line":141,"column":9},"end":{"line":141,"column":50}},"type":"cond-expr","locations":[{"start":{"line":141,"column":39},"end":{"line":141,"column":43}},{"start":{"line":141,"column":46},"end":{"line":141,"column":50}}],"line":141},"12":{"loc":{"start":{"line":146,"column":2},"end":{"line":149,"column":3}},"type":"if","locations":[{"start":{"line":146,"column":2},"end":{"line":149,"column":3}},{"start":{},"end":{}}],"line":146},"13":{"loc":{"start":{"line":146,"column":6},"end":{"line":146,"column":32}},"type":"binary-expr","locations":[{"start":{"line":146,"column":6},"end":{"line":146,"column":12}},{"start":{"line":146,"column":16},"end":{"line":146,"column":32}}],"line":146},"14":{"loc":{"start":{"line":153,"column":2},"end":{"line":156,"column":3}},"type":"if","locations":[{"start":{"line":153,"column":2},"end":{"line":156,"column":3}},{"start":{},"end":{}}],"line":153},"15":{"loc":{"start":{"line":165,"column":21},"end":{"line":165,"column":40}},"type":"binary-expr","locations":[{"start":{"line":165,"column":21},"end":{"line":165,"column":34}},{"start":{"line":165,"column":38},"end":{"line":165,"column":40}}],"line":165},"16":{"loc":{"start":{"line":178,"column":2},"end":{"line":181,"column":3}},"type":"if","locations":[{"start":{"line":178,"column":2},"end":{"line":181,"column":3}},{"start":{},"end":{}}],"line":178},"17":{"loc":{"start":{"line":187,"column":6},"end":{"line":187,"column":67}},"type":"binary-expr","locations":[{"start":{"line":187,"column":6},"end":{"line":187,"column":44}},{"start":{"line":187,"column":48},"end":{"line":187,"column":67}}],"line":187},"18":{"loc":{"start":{"line":189,"column":6},"end":{"line":189,"column":71}},"type":"binary-expr","locations":[{"start":{"line":189,"column":6},"end":{"line":189,"column":47}},{"start":{"line":189,"column":51},"end":{"line":189,"column":71}}],"line":189},"19":{"loc":{"start":{"line":190,"column":24},"end":{"line":190,"column":69}},"type":"binary-expr","locations":[{"start":{"line":190,"column":24},"end":{"line":190,"column":63}},{"start":{"line":190,"column":67},"end":{"line":190,"column":69}}],"line":190},"20":{"loc":{"start":{"line":207,"column":0},"end":{"line":223,"column":1}},"type":"if","locations":[{"start":{"line":207,"column":0},"end":{"line":223,"column":1}},{"start":{},"end":{}}],"line":207},"21":{"loc":{"start":{"line":219,"column":4},"end":{"line":221,"column":5}},"type":"if","locations":[{"start":{"line":219,"column":4},"end":{"line":221,"column":5}},{"start":{},"end":{}}],"line":219}},"s":{"0":91,"1":91,"2":91,"3":216,"4":216,"5":216,"6":8,"7":8,"8":8,"9":91,"10":91,"11":91,"12":216,"13":216,"14":216,"15":8,"16":8,"17":8,"18":91,"19":91,"20":91,"21":91,"22":18,"23":2,"24":91,"25":91,"26":18,"27":1,"28":2,"29":2,"30":1,"31":1,"32":91,"33":91,"34":91,"35":91,"36":18,"37":1,"38":1,"39":1,"40":91,"41":18,"42":1,"43":1,"44":1,"45":91,"46":91,"47":91,"48":91,"49":14,"50":1,"51":1,"52":1,"53":91,"54":14,"55":1,"56":1,"57":1,"58":91,"59":91,"60":91,"61":32,"62":32,"63":32,"64":4,"65":3,"66":3,"67":3,"68":2,"69":1,"70":4,"71":1,"72":1,"73":3,"74":3,"75":1,"76":1,"77":2,"78":2,"79":2,"80":2,"81":2,"82":2,"83":0,"84":3,"85":3,"86":1,"87":1,"88":2,"89":2,"90":4,"91":4,"92":4,"93":4,"94":4,"95":4,"96":1,"97":1,"98":4,"99":2,"100":91,"101":32,"102":4,"103":4,"104":32,"105":78,"106":78},"f":{"0":216,"1":8,"2":8,"3":216,"4":8,"5":8,"6":18,"7":2,"8":18,"9":1,"10":2,"11":1,"12":1,"13":1,"14":1,"15":1,"16":32,"17":32,"18":4,"19":3,"20":4,"21":3,"22":4,"23":1,"24":4,"25":78},"b":{"0":[91,0],"1":[216,0],"2":[91,0],"3":[216,0],"4":[91,0],"5":[91,0],"6":[18,73],"7":[18,73],"8":[14,77],"9":[14,77],"10":[2,1],"11":[0,1],"12":[1,3],"13":[4,4],"14":[1,2],"15":[2,0],"16":[1,2],"17":[4,0],"18":[4,0],"19":[4,0],"20":[32,59],"21":[78,0]},"_coverageSchema":"1a1c01bbd47fc00a2c39e90264f33305004495a9","hash":"bffcf3fd41e2784bdbd390a4583fbf9cf62a10f6"}
}
