{"total": {"lines":{"total":3756,"covered":687,"skipped":0,"pct":18.29},"statements":{"total":3976,"covered":745,"skipped":0,"pct":18.73},"functions":{"total":776,"covered":92,"skipped":0,"pct":11.85},"branches":{"total":2327,"covered":71,"skipped":0,"pct":3.05},"branchesTrue":{"total":0,"covered":0,"skipped":0,"pct":100}}
,"D:/Java/MyOwnProjects/TruthSeekersOffice/dist/js/cabinet.js": {"lines":{"total":0,"covered":0,"skipped":0,"pct":0},"functions":{"total":0,"covered":0,"skipped":0,"pct":0},"statements":{"total":0,"covered":0,"skipped":0,"pct":0},"branches":{"total":0,"covered":0,"skipped":0,"pct":0}}
,"D:/Java/MyOwnProjects/TruthSeekersOffice/dist/js/initFragments.js": {"lines":{"total":0,"covered":0,"skipped":0,"pct":0},"functions":{"total":0,"covered":0,"skipped":0,"pct":0},"statements":{"total":0,"covered":0,"skipped":0,"pct":0},"branches":{"total":0,"covered":0,"skipped":0,"pct":0}}
,"D:/Java/MyOwnProjects/TruthSeekersOffice/dist/js/main.js": {"lines":{"total":0,"covered":0,"skipped":0,"pct":0},"functions":{"total":0,"covered":0,"skipped":0,"pct":0},"statements":{"total":0,"covered":0,"skipped":0,"pct":0},"branches":{"total":0,"covered":0,"skipped":0,"pct":0}}
,"D:\\Java\\MyOwnProjects\\TruthSeekersOffice\\js\\cabinet.js": {"lines":{"total":469,"covered":19,"skipped":0,"pct":4.05},"functions":{"total":67,"covered":2,"skipped":0,"pct":2.98},"statements":{"total":483,"covered":20,"skipped":0,"pct":4.14},"branches":{"total":164,"covered":5,"skipped":0,"pct":3.04}}
,"D:\\Java\\MyOwnProjects\\TruthSeekersOffice\\js\\cssVariables.js": {"lines":{"total":4,"covered":4,"skipped":0,"pct":100},"functions":{"total":0,"covered":0,"skipped":0,"pct":100},"statements":{"total":4,"covered":4,"skipped":0,"pct":100},"branches":{"total":0,"covered":0,"skipped":0,"pct":100}}
,"D:\\Java\\MyOwnProjects\\TruthSeekersOffice\\js\\initFragments.js": {"lines":{"total":83,"covered":45,"skipped":0,"pct":54.21},"functions":{"total":23,"covered":6,"skipped":0,"pct":26.08},"statements":{"total":83,"covered":45,"skipped":0,"pct":54.21},"branches":{"total":20,"covered":5,"skipped":0,"pct":25}}
,"D:\\Java\\MyOwnProjects\\TruthSeekersOffice\\js\\luxon.js": {"lines":{"total":3044,"covered":482,"skipped":0,"pct":15.83},"functions":{"total":634,"covered":40,"skipped":0,"pct":6.3},"statements":{"total":3192,"covered":495,"skipped":0,"pct":15.5},"branches":{"total":2055,"covered":19,"skipped":0,"pct":0.92}}
,"D:\\Java\\MyOwnProjects\\TruthSeekersOffice\\js\\main.js": {"lines":{"total":156,"covered":137,"skipped":0,"pct":87.82},"functions":{"total":52,"covered":44,"skipped":0,"pct":84.61},"statements":{"total":214,"covered":181,"skipped":0,"pct":84.57},"branches":{"total":88,"covered":42,"skipped":0,"pct":47.72}}
}
