{"total": {"lines":{"total":3707,"covered":609,"skipped":0,"pct":16.42},"statements":{"total":3870,"covered":623,"skipped":0,"pct":16.09},"functions":{"total":750,"covered":64,"skipped":0,"pct":8.53},"branches":{"total":2283,"covered":41,"skipped":0,"pct":1.79},"branchesTrue":{"total":0,"covered":0,"skipped":0,"pct":"Unknown"}}
,"D:\\Java\\MyOwnProjects\\TruthSeekersOffice\\js\\cabinet.js": {"lines":{"total":469,"covered":19,"skipped":0,"pct":4.05},"functions":{"total":67,"covered":2,"skipped":0,"pct":2.98},"statements":{"total":483,"covered":20,"skipped":0,"pct":4.14},"branches":{"total":164,"covered":5,"skipped":0,"pct":3.04}}
,"D:\\Java\\MyOwnProjects\\TruthSeekersOffice\\js\\cssVariables.js": {"lines":{"total":4,"covered":4,"skipped":0,"pct":100},"functions":{"total":0,"covered":0,"skipped":0,"pct":100},"statements":{"total":4,"covered":4,"skipped":0,"pct":100},"branches":{"total":0,"covered":0,"skipped":0,"pct":100}}
,"D:\\Java\\MyOwnProjects\\TruthSeekersOffice\\js\\initFragments.js": {"lines":{"total":83,"covered":45,"skipped":0,"pct":54.21},"functions":{"total":23,"covered":6,"skipped":0,"pct":26.08},"statements":{"total":83,"covered":45,"skipped":0,"pct":54.21},"branches":{"total":20,"covered":5,"skipped":0,"pct":25}}
,"D:\\Java\\MyOwnProjects\\TruthSeekersOffice\\js\\luxon.js": {"lines":{"total":3044,"covered":482,"skipped":0,"pct":15.83},"functions":{"total":634,"covered":40,"skipped":0,"pct":6.3},"statements":{"total":3192,"covered":495,"skipped":0,"pct":15.5},"branches":{"total":2055,"covered":19,"skipped":0,"pct":0.92}}
,"D:\\Java\\MyOwnProjects\\TruthSeekersOffice\\js\\main.js": {"lines":{"total":107,"covered":59,"skipped":0,"pct":55.14},"functions":{"total":26,"covered":16,"skipped":0,"pct":61.53},"statements":{"total":108,"covered":59,"skipped":0,"pct":54.62},"branches":{"total":44,"covered":12,"skipped":0,"pct":27.27}}
}
