TN:
SF:js\cabinet.js
FN:6,(anonymous_0)
FN:11,(anonymous_1)
FN:21,showOrHideSidebarContent
FN:60,(anonymous_3)
FN:66,(anonymous_4)
FN:126,(anonymous_5)
FN:147,(anonymous_6)
FN:155,(anonymous_7)
FN:166,(anonymous_8)
FN:167,(anonymous_9)
FN:219,findActiveSidebarMenuTitleById
FN:232,findActiveSidebarMenuByTitleId
FN:245,changeVisibilityOfSubMenuItems
FN:298,(anonymous_13)
FN:308,(anonymous_14)
FN:333,(anonymous_15)
FN:334,(anonymous_16)
FN:340,(anonymous_17)
FN:358,(anonymous_18)
FN:359,(anonymous_19)
FN:369,(anonymous_20)
FN:370,(anonymous_21)
FN:382,(anonymous_22)
FN:383,(anonymous_23)
FN:393,(anonymous_24)
FN:417,(anonymous_25)
FN:418,(anonymous_26)
FN:435,tblMultiSlctService
FN:442,(anonymous_28)
FN:458,(anonymous_29)
FN:493,(anonymous_30)
FN:499,(anonymous_31)
FN:528,showOrHideTblDeleteAllBtn
FN:544,getTblNameById
FN:549,addNewRow
FN:554,(anonymous_35)
FN:561,(anonymous_36)
FN:571,getRowFromTable
FN:578,(anonymous_38)
FN:598,searchTable
FN:617,(anonymous_40)
FN:624,(anonymous_41)
FN:631,(anonymous_42)
FN:646,(anonymous_43)
FN:661,(anonymous_44)
FN:680,(anonymous_45)
FN:691,(anonymous_46)
FN:712,(anonymous_47)
FN:729,(anonymous_48)
FN:739,searchQueryInTbl
FN:773,getSelectedOption
FN:786,getQueryFromInputField
FN:793,addSearchResultNumber
FN:810,addOrRemoveHighlightInTbl
FN:822,(anonymous_54)
FN:840,(anonymous_55)
FN:860,(anonymous_56)
FN:869,(anonymous_57)
FN:885,showOrHideSearchResultContainer
FN:902,showOrHideWarningSelectWindow
FN:915,showModalWillEditInformation
FN:942,getModalWillEditInformationByTblId
FN:948,convertDateForEditForm
FN:954,convertDateForTbl
FN:960,changeModalEditInformationHeight
FN:965,(anonymous_65)
FN:974,setTblRowValuesFromInputFields
FNF:67
FNH:2
FNDA:8,(anonymous_0)
FNDA:0,(anonymous_1)
FNDA:0,showOrHideSidebarContent
FNDA:0,(anonymous_3)
FNDA:0,(anonymous_4)
FNDA:0,(anonymous_5)
FNDA:0,(anonymous_6)
FNDA:0,(anonymous_7)
FNDA:0,(anonymous_8)
FNDA:0,(anonymous_9)
FNDA:0,findActiveSidebarMenuTitleById
FNDA:0,findActiveSidebarMenuByTitleId
FNDA:0,changeVisibilityOfSubMenuItems
FNDA:0,(anonymous_13)
FNDA:0,(anonymous_14)
FNDA:0,(anonymous_15)
FNDA:0,(anonymous_16)
FNDA:0,(anonymous_17)
FNDA:0,(anonymous_18)
FNDA:0,(anonymous_19)
FNDA:0,(anonymous_20)
FNDA:0,(anonymous_21)
FNDA:0,(anonymous_22)
FNDA:0,(anonymous_23)
FNDA:0,(anonymous_24)
FNDA:0,(anonymous_25)
FNDA:0,(anonymous_26)
FNDA:0,tblMultiSlctService
FNDA:0,(anonymous_28)
FNDA:0,(anonymous_29)
FNDA:0,(anonymous_30)
FNDA:0,(anonymous_31)
FNDA:0,showOrHideTblDeleteAllBtn
FNDA:0,getTblNameById
FNDA:0,addNewRow
FNDA:0,(anonymous_35)
FNDA:0,(anonymous_36)
FNDA:0,getRowFromTable
FNDA:0,(anonymous_38)
FNDA:0,searchTable
FNDA:0,(anonymous_40)
FNDA:0,(anonymous_41)
FNDA:0,(anonymous_42)
FNDA:0,(anonymous_43)
FNDA:0,(anonymous_44)
FNDA:0,(anonymous_45)
FNDA:0,(anonymous_46)
FNDA:0,(anonymous_47)
FNDA:0,(anonymous_48)
FNDA:0,searchQueryInTbl
FNDA:0,getSelectedOption
FNDA:0,getQueryFromInputField
FNDA:0,addSearchResultNumber
FNDA:0,addOrRemoveHighlightInTbl
FNDA:0,(anonymous_54)
FNDA:0,(anonymous_55)
FNDA:0,(anonymous_56)
FNDA:0,(anonymous_57)
FNDA:0,showOrHideSearchResultContainer
FNDA:0,showOrHideWarningSelectWindow
FNDA:0,showModalWillEditInformation
FNDA:0,getModalWillEditInformationByTblId
FNDA:0,convertDateForEditForm
FNDA:0,convertDateForTbl
FNDA:8,changeModalEditInformationHeight
FNDA:0,(anonymous_65)
FNDA:0,setTblRowValuesFromInputFields
DA:6,8
DA:7,8
DA:8,8
DA:10,8
DA:11,8
DA:12,0
DA:13,0
DA:19,8
DA:23,0
DA:25,0
DA:27,0
DA:33,0
DA:34,0
DA:35,0
DA:37,0
DA:38,0
DA:44,0
DA:45,0
DA:46,0
DA:48,0
DA:53,8
DA:54,8
DA:55,8
DA:56,8
DA:59,8
DA:60,0
DA:62,0
DA:63,0
DA:66,0
DA:67,0
DA:68,0
DA:69,0
DA:74,0
DA:75,0
DA:76,0
DA:80,0
DA:81,0
DA:84,0
DA:90,0
DA:94,0
DA:96,0
DA:97,0
DA:99,0
DA:101,0
DA:103,0
DA:104,0
DA:106,0
DA:107,0
DA:110,0
DA:116,0
DA:117,0
DA:119,0
DA:120,0
DA:124,0
DA:126,0
DA:128,0
DA:130,0
DA:131,0
DA:132,0
DA:135,0
DA:136,0
DA:137,0
DA:142,0
DA:143,0
DA:144,0
DA:147,0
DA:149,0
DA:150,0
DA:151,0
DA:155,0
DA:156,0
DA:157,0
DA:164,8
DA:165,8
DA:166,0
DA:167,0
DA:169,0
DA:173,0
DA:174,0
DA:177,0
DA:178,0
DA:179,0
DA:182,0
DA:185,0
DA:193,0
DA:194,0
DA:195,0
DA:198,0
DA:199,0
DA:201,0
DA:202,0
DA:207,0
DA:209,0
DA:210,0
DA:213,0
DA:221,0
DA:223,0
DA:224,0
DA:225,0
DA:228,0
DA:234,0
DA:236,0
DA:237,0
DA:238,0
DA:241,0
DA:246,0
DA:247,0
DA:248,0
DA:249,0
DA:251,0
DA:252,0
DA:253,0
DA:254,0
DA:255,0
DA:256,0
DA:257,0
DA:259,0
DA:260,0
DA:261,0
DA:263,0
DA:264,0
DA:265,0
DA:266,0
DA:267,0
DA:268,0
DA:270,0
DA:271,0
DA:272,0
DA:274,0
DA:275,0
DA:276,0
DA:277,0
DA:280,0
DA:281,0
DA:282,0
DA:291,8
DA:293,8
DA:294,0
DA:297,0
DA:298,0
DA:299,0
DA:300,0
DA:301,0
DA:305,0
DA:307,0
DA:308,0
DA:309,0
DA:312,0
DA:314,0
DA:319,0
DA:320,0
DA:324,0
DA:330,0
DA:332,0
DA:333,0
DA:334,0
DA:335,0
DA:336,0
DA:337,0
DA:340,0
DA:341,0
DA:342,0
DA:347,0
DA:348,0
DA:354,0
DA:356,0
DA:358,0
DA:359,0
DA:360,0
DA:366,0
DA:368,0
DA:369,0
DA:370,0
DA:371,0
DA:373,0
DA:379,0
DA:381,0
DA:382,0
DA:383,0
DA:384,0
DA:385,0
DA:386,0
DA:387,0
DA:388,0
DA:389,0
DA:391,0
DA:393,0
DA:394,0
DA:395,0
DA:396,0
DA:400,0
DA:401,0
DA:402,0
DA:403,0
DA:404,0
DA:406,0
DA:408,0
DA:414,0
DA:416,0
DA:417,0
DA:418,0
DA:419,0
DA:420,0
DA:421,0
DA:422,0
DA:424,0
DA:437,0
DA:438,0
DA:441,0
DA:442,0
DA:443,0
DA:444,0
DA:445,0
DA:446,0
DA:447,0
DA:448,0
DA:449,0
DA:450,0
DA:458,0
DA:460,0
DA:461,0
DA:464,0
DA:465,0
DA:467,0
DA:469,0
DA:471,0
DA:472,0
DA:474,0
DA:475,0
DA:477,0
DA:479,0
DA:480,0
DA:482,0
DA:483,0
DA:493,0
DA:494,0
DA:495,0
DA:499,0
DA:500,0
DA:501,0
DA:503,0
DA:504,0
DA:506,0
DA:507,0
DA:511,0
DA:512,0
DA:514,0
DA:529,0
DA:530,0
DA:532,0
DA:533,0
DA:534,0
DA:535,0
DA:537,0
DA:538,0
DA:539,0
DA:545,0
DA:550,0
DA:552,0
DA:554,0
DA:555,0
DA:557,0
DA:559,0
DA:561,0
DA:562,0
DA:563,0
DA:566,0
DA:572,0
DA:573,0
DA:574,0
DA:575,0
DA:576,0
DA:578,0
DA:579,0
DA:580,0
DA:583,0
DA:584,0
DA:585,0
DA:586,0
DA:589,0
DA:590,0
DA:591,0
DA:594,0
DA:599,0
DA:600,0
DA:601,0
DA:604,0
DA:605,0
DA:606,0
DA:607,0
DA:608,0
DA:609,0
DA:610,0
DA:612,0
DA:613,0
DA:614,0
DA:617,0
DA:618,0
DA:619,0
DA:621,0
DA:624,0
DA:625,0
DA:626,0
DA:631,0
DA:632,0
DA:635,0
DA:636,0
DA:637,0
DA:639,0
DA:640,0
DA:642,0
DA:646,0
DA:647,0
DA:650,0
DA:651,0
DA:652,0
DA:654,0
DA:655,0
DA:657,0
DA:661,0
DA:662,0
DA:663,0
DA:666,0
DA:667,0
DA:668,0
DA:670,0
DA:671,0
DA:673,0
DA:674,0
DA:680,0
DA:681,0
DA:682,0
DA:683,0
DA:684,0
DA:685,0
DA:686,0
DA:691,0
DA:692,0
DA:693,0
DA:694,0
DA:695,0
DA:696,0
DA:697,0
DA:699,0
DA:701,0
DA:702,0
DA:704,0
DA:705,0
DA:706,0
DA:707,0
DA:712,0
DA:713,0
DA:714,0
DA:716,0
DA:717,0
DA:719,0
DA:721,0
DA:722,0
DA:723,0
DA:724,0
DA:725,0
DA:729,0
DA:730,0
DA:731,0
DA:732,0
DA:733,0
DA:734,0
DA:740,0
DA:742,0
DA:744,0
DA:747,0
DA:748,0
DA:751,0
DA:756,0
DA:759,0
DA:760,0
DA:761,0
DA:762,0
DA:766,0
DA:767,0
DA:774,0
DA:775,0
DA:776,0
DA:787,0
DA:789,0
DA:794,0
DA:796,0
DA:798,0
DA:799,0
DA:801,0
DA:804,0
DA:808,8
DA:809,8
DA:811,0
DA:812,0
DA:815,0
DA:816,0
DA:818,0
DA:819,0
DA:821,0
DA:822,0
DA:823,0
DA:824,0
DA:825,0
DA:826,0
DA:827,0
DA:831,0
DA:832,0
DA:840,0
DA:841,0
DA:848,0
DA:849,0
DA:852,0
DA:853,0
DA:855,0
DA:859,0
DA:860,0
DA:861,0
DA:865,0
DA:869,0
DA:870,0
DA:875,0
DA:877,0
DA:886,0
DA:887,0
DA:888,0
DA:889,0
DA:891,0
DA:892,0
DA:893,0
DA:894,0
DA:896,0
DA:897,0
DA:898,0
DA:903,0
DA:904,0
DA:905,0
DA:906,0
DA:907,0
DA:909,0
DA:910,0
DA:916,0
DA:917,0
DA:918,0
DA:920,0
DA:921,0
DA:923,0
DA:926,0
DA:930,0
DA:933,0
DA:935,0
DA:936,0
DA:938,0
DA:943,0
DA:944,0
DA:949,0
DA:950,0
DA:955,0
DA:956,0
DA:961,8
DA:963,8
DA:965,0
DA:966,0
DA:967,0
DA:970,0
DA:975,0
DA:976,0
DA:977,0
DA:979,0
LF:469
LH:19
BRDA:10,0,0,8
BRDA:10,0,1,0
BRDA:25,1,0,0
BRDA:25,1,1,0
BRDA:33,2,0,0
BRDA:33,2,1,0
BRDA:34,3,0,0
BRDA:34,3,1,0
BRDA:37,4,0,0
BRDA:37,4,1,0
BRDA:59,5,0,0
BRDA:59,5,1,8
BRDA:74,6,0,0
BRDA:74,6,1,0
BRDA:80,7,0,0
BRDA:80,7,1,0
BRDA:96,8,0,0
BRDA:96,8,1,0
BRDA:101,9,0,0
BRDA:101,9,1,0
BRDA:107,10,0,0
BRDA:107,10,1,0
BRDA:117,11,0,0
BRDA:117,11,1,0
BRDA:124,12,0,0
BRDA:124,12,1,0
BRDA:130,13,0,0
BRDA:130,13,1,0
BRDA:131,14,0,0
BRDA:131,14,1,0
BRDA:136,15,0,0
BRDA:136,15,1,0
BRDA:136,16,0,0
BRDA:136,16,1,0
BRDA:149,17,0,0
BRDA:149,17,1,0
BRDA:149,18,0,0
BRDA:149,18,1,0
BRDA:165,19,0,0
BRDA:165,19,1,8
BRDA:177,20,0,0
BRDA:177,20,1,0
BRDA:178,21,0,0
BRDA:178,21,1,0
BRDA:193,22,0,0
BRDA:193,22,1,0
BRDA:194,23,0,0
BRDA:194,23,1,0
BRDA:198,24,0,0
BRDA:198,24,1,0
BRDA:201,25,0,0
BRDA:201,25,1,0
BRDA:224,26,0,0
BRDA:224,26,1,0
BRDA:237,27,0,0
BRDA:237,27,1,0
BRDA:252,28,0,0
BRDA:252,28,1,0
BRDA:253,29,0,0
BRDA:253,29,1,0
BRDA:263,30,0,0
BRDA:263,30,1,0
BRDA:264,31,0,0
BRDA:264,31,1,0
BRDA:293,32,0,0
BRDA:293,32,1,8
BRDA:297,33,0,0
BRDA:297,33,1,0
BRDA:314,34,0,0
BRDA:314,34,1,0
BRDA:315,35,0,0
BRDA:315,35,1,0
BRDA:320,36,0,0
BRDA:320,36,1,0
BRDA:321,37,0,0
BRDA:321,37,1,0
BRDA:332,38,0,0
BRDA:332,38,1,0
BRDA:341,39,0,0
BRDA:341,39,1,0
BRDA:347,40,0,0
BRDA:347,40,1,0
BRDA:356,41,0,0
BRDA:356,41,1,0
BRDA:368,42,0,0
BRDA:368,42,1,0
BRDA:381,43,0,0
BRDA:381,43,1,0
BRDA:394,44,0,0
BRDA:394,44,1,0
BRDA:400,45,0,0
BRDA:400,45,1,0
BRDA:416,46,0,0
BRDA:416,46,1,0
BRDA:420,47,0,0
BRDA:420,47,1,0
BRDA:441,48,0,0
BRDA:441,48,1,0
BRDA:460,49,0,0
BRDA:460,49,1,0
BRDA:467,50,0,0
BRDA:467,50,1,0
BRDA:475,51,0,0
BRDA:475,51,1,0
BRDA:494,52,0,0
BRDA:494,52,1,0
BRDA:500,53,0,0
BRDA:500,53,1,0
BRDA:503,54,0,0
BRDA:503,54,1,0
BRDA:506,55,0,0
BRDA:506,55,1,0
BRDA:511,56,0,0
BRDA:511,56,1,0
BRDA:532,57,0,0
BRDA:532,57,1,0
BRDA:579,58,0,0
BRDA:579,58,1,0
BRDA:590,59,0,0
BRDA:590,59,1,0
BRDA:625,60,0,0
BRDA:625,60,1,0
BRDA:662,61,0,0
BRDA:662,61,1,0
BRDA:673,62,0,0
BRDA:673,62,1,0
BRDA:681,63,0,0
BRDA:681,63,1,0
BRDA:696,64,0,0
BRDA:696,64,1,0
BRDA:704,65,0,0
BRDA:704,65,1,0
BRDA:704,66,0,0
BRDA:704,66,1,0
BRDA:716,67,0,0
BRDA:716,67,1,0
BRDA:742,68,0,0
BRDA:742,68,1,0
BRDA:747,69,0,0
BRDA:747,69,1,0
BRDA:762,70,0,0
BRDA:762,70,1,0
BRDA:763,71,0,0
BRDA:763,71,1,0
BRDA:798,72,0,0
BRDA:798,72,1,0
BRDA:816,73,0,0
BRDA:816,73,1,0
BRDA:818,74,0,0
BRDA:818,74,1,0
BRDA:819,75,0,0
BRDA:819,75,1,0
BRDA:823,76,0,0
BRDA:823,76,1,0
BRDA:852,77,0,0
BRDA:852,77,1,0
BRDA:891,78,0,0
BRDA:891,78,1,0
BRDA:905,79,0,0
BRDA:905,79,1,0
BRDA:963,80,0,8
BRDA:963,80,1,0
BRDA:976,81,0,0
BRDA:976,81,1,0
BRF:164
BRH:5
end_of_record
TN:
SF:js\cssVariables.js
FNF:0
FNH:0
DA:2,16
DA:3,16
DA:6,16
DA:10,16
LF:4
LH:4
BRF:0
BRH:0
end_of_record
TN:
SF:js\initFragments.js
FN:6,(anonymous_0)
FN:7,(anonymous_1)
FN:11,(anonymous_2)
FN:15,(anonymous_3)
FN:16,(anonymous_4)
FN:20,(anonymous_5)
FN:23,initHeaderJS
FN:27,(anonymous_7)
FN:30,(anonymous_8)
FN:34,(anonymous_9)
FN:37,(anonymous_10)
FN:41,changeLogoColor
FN:57,(anonymous_12)
FN:79,(anonymous_13)
FN:101,(anonymous_14)
FN:107,(anonymous_15)
FN:119,(anonymous_16)
FN:123,(anonymous_17)
FN:140,(anonymous_18)
FN:148,(anonymous_19)
FN:159,(anonymous_20)
FN:167,(anonymous_21)
FN:176,initFooterJS
FNF:23
FNH:6
FNDA:8,(anonymous_0)
FNDA:8,(anonymous_1)
FNDA:0,(anonymous_2)
FNDA:8,(anonymous_3)
FNDA:8,(anonymous_4)
FNDA:0,(anonymous_5)
FNDA:8,initHeaderJS
FNDA:0,(anonymous_7)
FNDA:0,(anonymous_8)
FNDA:0,(anonymous_9)
FNDA:0,(anonymous_10)
FNDA:0,changeLogoColor
FNDA:0,(anonymous_12)
FNDA:0,(anonymous_13)
FNDA:0,(anonymous_14)
FNDA:0,(anonymous_15)
FNDA:0,(anonymous_16)
FNDA:0,(anonymous_17)
FNDA:0,(anonymous_18)
FNDA:0,(anonymous_19)
FNDA:0,(anonymous_20)
FNDA:0,(anonymous_21)
FNDA:8,initFooterJS
DA:5,8
DA:6,8
DA:8,8
DA:9,8
DA:11,0
DA:14,8
DA:15,8
DA:17,8
DA:18,8
DA:20,0
DA:25,8
DA:26,8
DA:27,8
DA:28,0
DA:30,8
DA:31,0
DA:34,8
DA:35,0
DA:37,8
DA:38,0
DA:42,0
DA:43,0
DA:44,0
DA:45,0
DA:46,0
DA:47,0
DA:49,0
DA:50,0
DA:55,8
DA:57,8
DA:58,0
DA:65,8
DA:68,8
DA:69,8
DA:70,8
DA:73,8
DA:74,8
DA:78,8
DA:79,8
DA:80,0
DA:82,0
DA:83,0
DA:84,0
DA:86,0
DA:90,0
DA:91,0
DA:92,0
DA:94,0
DA:100,8
DA:101,8
DA:102,0
DA:106,8
DA:107,8
DA:108,0
DA:116,8
DA:117,8
DA:119,8
DA:120,0
DA:123,8
DA:124,0
DA:131,8
DA:132,8
DA:135,8
DA:140,8
DA:141,0
DA:142,0
DA:144,0
DA:148,8
DA:149,0
DA:154,8
DA:155,8
DA:156,8
DA:158,8
DA:159,8
DA:160,0
DA:161,0
DA:162,0
DA:166,8
DA:167,8
DA:168,0
DA:169,0
DA:170,0
DA:177,8
LF:83
LH:45
BRDA:44,0,0,0
BRDA:44,0,1,0
BRDA:78,1,0,8
BRDA:78,1,1,0
BRDA:80,2,0,0
BRDA:80,2,1,0
BRDA:82,3,0,0
BRDA:82,3,1,0
BRDA:90,4,0,0
BRDA:90,4,1,0
BRDA:100,5,0,8
BRDA:100,5,1,0
BRDA:106,6,0,8
BRDA:106,6,1,0
BRDA:141,7,0,0
BRDA:141,7,1,0
BRDA:158,8,0,8
BRDA:158,8,1,0
BRDA:166,9,0,8
BRDA:166,9,1,0
BRF:20
BRH:5
end_of_record
TN:
SF:js\main.js
FN:10,(anonymous_0)
FN:15,(anonymous_1)
FN:21,editPersonalInfomation
FN:29,(anonymous_3)
FN:34,(anonymous_4)
FN:40,cancelEditedProfileInfo
FN:53,(anonymous_6)
FN:54,(anonymous_7)
FN:61,(anonymous_8)
FN:62,(anonymous_9)
FN:68,showSeekerDetailInformation
FN:73,hideSeekerDetailInformation
FN:85,(anonymous_12)
FN:93,(anonymous_13)
FN:107,(anonymous_14)
FN:115,(anonymous_15)
FN:129,debounce
FN:130,(anonymous_17)
FN:132,(anonymous_18)
FN:137,detectLanguage
FN:148,fetchCitySuggestions
FN:178,displaySuggestions
FN:188,(anonymous_22)
FN:199,(anonymous_23)
FN:214,(anonymous_24)
FN:221,(anonymous_25)
FNF:26
FNH:26
FNDA:72,(anonymous_0)
FNDA:8,(anonymous_1)
FNDA:8,editPersonalInfomation
FNDA:72,(anonymous_3)
FNDA:8,(anonymous_4)
FNDA:8,cancelEditedProfileInfo
FNDA:6,(anonymous_6)
FNDA:2,(anonymous_7)
FNDA:6,(anonymous_8)
FNDA:1,(anonymous_9)
FNDA:2,showSeekerDetailInformation
FNDA:1,hideSeekerDetailInformation
FNDA:1,(anonymous_12)
FNDA:1,(anonymous_13)
FNDA:2,(anonymous_14)
FNDA:2,(anonymous_15)
FNDA:10,debounce
FNDA:64,(anonymous_17)
FNDA:8,(anonymous_18)
FNDA:6,detectLanguage
FNDA:8,fetchCitySuggestions
FNDA:6,displaySuggestions
FNDA:8,(anonymous_22)
FNDA:1,(anonymous_23)
FNDA:8,(anonymous_24)
FNDA:35,(anonymous_25)
DA:7,10
DA:9,10
DA:10,10
DA:11,72
DA:12,72
DA:15,72
DA:16,8
DA:22,8
DA:23,8
DA:26,10
DA:28,10
DA:29,10
DA:30,72
DA:31,72
DA:34,72
DA:35,8
DA:41,8
DA:42,8
DA:45,10
DA:48,10
DA:52,10
DA:53,10
DA:54,6
DA:55,2
DA:60,10
DA:61,10
DA:62,6
DA:63,1
DA:69,2
DA:71,2
DA:74,1
DA:76,1
DA:80,10
DA:81,10
DA:82,10
DA:84,10
DA:85,6
DA:86,1
DA:87,1
DA:88,1
DA:92,10
DA:93,6
DA:94,1
DA:95,1
DA:96,1
DA:102,10
DA:103,10
DA:104,10
DA:106,10
DA:107,4
DA:108,2
DA:109,2
DA:110,2
DA:114,10
DA:115,4
DA:116,2
DA:117,2
DA:118,2
DA:122,10
DA:123,10
DA:125,10
DA:130,10
DA:131,64
DA:132,64
DA:138,6
DA:139,6
DA:141,6
DA:142,4
DA:144,2
DA:149,8
DA:150,2
DA:151,2
DA:154,6
DA:156,6
DA:157,2
DA:158,2
DA:161,4
DA:162,4
DA:167,4
DA:168,4
DA:170,4
DA:171,4
DA:173,0
DA:179,6
DA:181,6
DA:182,2
DA:183,2
DA:186,4
DA:188,4
DA:190,8
DA:192,8
DA:193,8
DA:195,8
DA:196,8
DA:199,8
DA:200,1
DA:201,1
DA:204,8
DA:207,4
DA:210,10
DA:212,10
DA:215,8
DA:216,8
DA:221,10
DA:222,35
DA:223,35
LF:106
LH:105
BRDA:9,0,0,10
BRDA:9,0,1,0
BRDA:11,1,0,72
BRDA:11,1,1,0
BRDA:28,2,0,10
BRDA:28,2,1,0
BRDA:30,3,0,72
BRDA:30,3,1,0
BRDA:52,4,0,10
BRDA:52,4,1,0
BRDA:60,5,0,10
BRDA:60,5,1,0
BRDA:84,6,0,6
BRDA:84,6,1,4
BRDA:92,7,0,6
BRDA:92,7,1,4
BRDA:106,8,0,4
BRDA:106,8,1,6
BRDA:114,9,0,4
BRDA:114,9,1,6
BRDA:141,10,0,4
BRDA:141,10,1,2
BRDA:144,11,0,0
BRDA:144,11,1,2
BRDA:149,12,0,2
BRDA:149,12,1,6
BRDA:149,13,0,8
BRDA:149,13,1,8
BRDA:156,14,0,2
BRDA:156,14,1,4
BRDA:168,15,0,4
BRDA:168,15,1,0
BRDA:181,16,0,2
BRDA:181,16,1,4
BRDA:190,17,0,8
BRDA:190,17,1,0
BRDA:192,18,0,8
BRDA:192,18,1,0
BRDA:193,19,0,8
BRDA:193,19,1,0
BRDA:210,20,0,10
BRDA:210,20,1,0
BRDA:222,21,0,35
BRDA:222,21,1,0
BRF:44
BRH:31
end_of_record
