TN:
SF:src\js\cabinet.js
FN:1,(anonymous_0)
FN:7,(anonymous_1)
FN:20,showOrHideSidebarContent
FN:58,(anonymous_3)
FN:64,(anonymous_4)
FN:124,(anonymous_5)
FN:145,(anonymous_6)
FN:153,(anonymous_7)
FN:164,(anonymous_8)
FN:165,(anonymous_9)
FN:214,findActiveSidebarMenuTitleById
FN:227,findActiveSidebarMenuByTitleId
FN:240,changeVisibilityOfSubMenuItems
FN:301,(anonymous_13)
FN:302,(anonymous_14)
FN:318,(anonymous_15)
FN:327,(anonymous_16)
FN:328,(anonymous_17)
FN:354,(anonymous_18)
FN:355,(anonymous_19)
FN:365,(anonymous_20)
FN:366,(anonymous_21)
FN:380,(anonymous_22)
FN:381,(anonymous_23)
FN:390,(anonymous_24)
FN:391,(anonymous_25)
FN:401,tabsService
FN:404,(anonymous_27)
FN:410,(anonymous_28)
FN:411,(anonymous_29)
FN:428,toggleContentFormat
FN:441,deleteAllDataFromCntContainer
FN:456,(anonymous_32)
FN:471,(anonymous_33)
FN:498,initTableServices
FN:512,(anonymous_35)
FN:525,isTable
FN:534,tblMultiSlctService
FN:554,(anonymous_38)
FN:597,(anonymous_39)
FN:605,(anonymous_40)
FN:644,showOrHideTblDeleteAllBtn
FN:659,getContentNameById
FN:664,addNewRowToTblService
FN:672,(anonymous_44)
FN:680,(anonymous_45)
FN:690,getRowFromTable
FN:696,(anonymous_47)
FN:716,searchTable
FN:737,(anonymous_49)
FN:744,(anonymous_50)
FN:752,(anonymous_51)
FN:768,(anonymous_52)
FN:783,(anonymous_53)
FN:800,(anonymous_54)
FN:811,(anonymous_55)
FN:830,(anonymous_56)
FN:847,(anonymous_57)
FN:857,searchQueryInTbl
FN:901,getSelectedOption
FN:914,getQueryFromInputField
FN:922,addSearchResultNumber
FN:939,addOrRemoveHighlightInTbl
FN:950,(anonymous_63)
FN:968,(anonymous_64)
FN:988,(anonymous_65)
FN:997,(anonymous_66)
FN:1013,showOrHideSearchResultContainer
FN:1031,showOrHideWarningSelectWindow
FN:1048,(anonymous_69)
FN:1068,(anonymous_70)
FN:1104,showModalWillEditInformation
FN:1135,closeModalWillEditInformation
FN:1150,getModalWillEditElementByContentId
FN:1156,convertDateForEditForm
FN:1162,convertDateForTbl
FN:1168,changeModalEditInformationHeight
FN:1173,(anonymous_77)
FN:1175,(anonymous_78)
FN:1184,setTableRowValuesFromInputFields
FN:1195,tblPaggination
FN:1215,showOrHidePagginationContainer
FN:1241,tblOffsetService
FN:1252,(anonymous_83)
FN:1262,initTitleService
FN:1275,titleMultiSlctService
FN:1296,(anonymous_86)
FN:1345,(anonymous_87)
FN:1353,(anonymous_88)
FN:1385,showOrHideTitleDeleteAllBtn
FN:1399,titlePaggination
FN:1420,titleOffsetService
FN:1431,(anonymous_92)
FN:1438,addNewDataToTitleService
FN:1446,(anonymous_94)
FN:1454,(anonymous_95)
FN:1464,getDataFromTitle
FN:1472,(anonymous_97)
FN:1492,setTitleItemValuesFromInputFields
FNF:99
FNH:42
FNDA:64,(anonymous_0)
FNDA:64,(anonymous_1)
FNDA:2,showOrHideSidebarContent
FNDA:48,(anonymous_3)
FNDA:0,(anonymous_4)
FNDA:2,(anonymous_5)
FNDA:0,(anonymous_6)
FNDA:2,(anonymous_7)
FNDA:152,(anonymous_8)
FNDA:2,(anonymous_9)
FNDA:2,findActiveSidebarMenuTitleById
FNDA:0,findActiveSidebarMenuByTitleId
FNDA:4,changeVisibilityOfSubMenuItems
FNDA:80,(anonymous_13)
FNDA:0,(anonymous_14)
FNDA:0,(anonymous_15)
FNDA:80,(anonymous_16)
FNDA:0,(anonymous_17)
FNDA:0,(anonymous_18)
FNDA:0,(anonymous_19)
FNDA:80,(anonymous_20)
FNDA:0,(anonymous_21)
FNDA:80,(anonymous_22)
FNDA:0,(anonymous_23)
FNDA:0,(anonymous_24)
FNDA:0,(anonymous_25)
FNDA:8,tabsService
FNDA:168,(anonymous_27)
FNDA:16,(anonymous_28)
FNDA:0,(anonymous_29)
FNDA:0,toggleContentFormat
FNDA:16,deleteAllDataFromCntContainer
FNDA:2,(anonymous_32)
FNDA:10,(anonymous_33)
FNDA:8,initTableServices
FNDA:0,(anonymous_35)
FNDA:16,isTable
FNDA:8,tblMultiSlctService
FNDA:6,(anonymous_38)
FNDA:40,(anonymous_39)
FNDA:2,(anonymous_40)
FNDA:7,showOrHideTblDeleteAllBtn
FNDA:0,getContentNameById
FNDA:8,addNewRowToTblService
FNDA:0,(anonymous_44)
FNDA:0,(anonymous_45)
FNDA:0,getRowFromTable
FNDA:0,(anonymous_47)
FNDA:8,searchTable
FNDA:24,(anonymous_49)
FNDA:0,(anonymous_50)
FNDA:0,(anonymous_51)
FNDA:0,(anonymous_52)
FNDA:0,(anonymous_53)
FNDA:0,(anonymous_54)
FNDA:0,(anonymous_55)
FNDA:0,(anonymous_56)
FNDA:0,(anonymous_57)
FNDA:0,searchQueryInTbl
FNDA:0,getSelectedOption
FNDA:0,getQueryFromInputField
FNDA:0,addSearchResultNumber
FNDA:0,addOrRemoveHighlightInTbl
FNDA:0,(anonymous_63)
FNDA:0,(anonymous_64)
FNDA:0,(anonymous_65)
FNDA:0,(anonymous_66)
FNDA:0,showOrHideSearchResultContainer
FNDA:0,showOrHideWarningSelectWindow
FNDA:0,(anonymous_69)
FNDA:0,(anonymous_70)
FNDA:0,showModalWillEditInformation
FNDA:0,closeModalWillEditInformation
FNDA:0,getModalWillEditElementByContentId
FNDA:0,convertDateForEditForm
FNDA:0,convertDateForTbl
FNDA:64,changeModalEditInformationHeight
FNDA:7,(anonymous_77)
FNDA:6,(anonymous_78)
FNDA:0,setTableRowValuesFromInputFields
FNDA:8,tblPaggination
FNDA:18,showOrHidePagginationContainer
FNDA:8,tblOffsetService
FNDA:0,(anonymous_83)
FNDA:8,initTitleService
FNDA:8,titleMultiSlctService
FNDA:0,(anonymous_86)
FNDA:40,(anonymous_87)
FNDA:0,(anonymous_88)
FNDA:0,showOrHideTitleDeleteAllBtn
FNDA:8,titlePaggination
FNDA:8,titleOffsetService
FNDA:0,(anonymous_92)
FNDA:8,addNewDataToTitleService
FNDA:0,(anonymous_94)
FNDA:0,(anonymous_95)
FNDA:0,getDataFromTitle
FNDA:0,(anonymous_97)
FNDA:0,setTitleItemValuesFromInputFields
DA:1,64
DA:2,64
DA:7,64
DA:8,64
DA:9,64
DA:11,64
DA:12,0
DA:14,0
DA:18,64
DA:22,2
DA:24,2
DA:26,2
DA:32,2
DA:33,0
DA:34,0
DA:36,0
DA:37,0
DA:43,2
DA:44,2
DA:46,2
DA:51,64
DA:52,64
DA:53,64
DA:54,64
DA:57,64
DA:58,8
DA:60,48
DA:61,48
DA:64,48
DA:65,0
DA:66,0
DA:67,0
DA:72,0
DA:73,0
DA:77,0
DA:78,0
DA:79,0
DA:82,0
DA:88,0
DA:92,0
DA:94,0
DA:95,0
DA:97,0
DA:99,0
DA:102,0
DA:103,0
DA:105,0
DA:106,0
DA:108,0
DA:114,48
DA:115,80
DA:117,32
DA:118,32
DA:122,48
DA:124,32
DA:126,2
DA:128,2
DA:129,0
DA:130,0
DA:133,0
DA:134,0
DA:135,0
DA:140,2
DA:141,2
DA:142,2
DA:145,32
DA:147,0
DA:148,0
DA:149,0
DA:153,32
DA:154,2
DA:155,2
DA:162,64
DA:163,64
DA:164,8
DA:165,152
DA:167,2
DA:171,2
DA:172,2
DA:175,2
DA:176,0
DA:177,0
DA:180,0
DA:183,0
DA:188,2
DA:189,0
DA:190,0
DA:193,2
DA:194,2
DA:196,2
DA:197,2
DA:202,2
DA:204,2
DA:205,2
DA:208,2
DA:216,2
DA:218,2
DA:219,4
DA:220,2
DA:223,2
DA:229,0
DA:231,0
DA:232,0
DA:233,0
DA:236,0
DA:241,4
DA:242,4
DA:243,4
DA:244,4
DA:246,4
DA:247,24
DA:248,12
DA:249,10
DA:250,10
DA:251,10
DA:252,10
DA:254,2
DA:255,2
DA:256,2
DA:258,2
DA:259,2
DA:260,2
DA:261,2
DA:264,12
DA:265,12
DA:266,12
DA:273,64
DA:275,64
DA:276,8
DA:277,8
DA:279,8
DA:281,8
DA:283,8
DA:284,8
DA:285,8
DA:290,8
DA:292,8
DA:293,8
DA:298,8
DA:300,8
DA:301,8
DA:302,80
DA:303,0
DA:304,0
DA:308,0
DA:315,8
DA:317,8
DA:318,8
DA:319,0
DA:324,8
DA:326,8
DA:327,8
DA:328,80
DA:330,0
DA:332,0
DA:333,0
DA:334,0
DA:336,0
DA:337,0
DA:340,0
DA:341,0
DA:343,0
DA:350,8
DA:351,8
DA:353,8
DA:354,0
DA:355,0
DA:356,0
DA:357,0
DA:358,0
DA:359,0
DA:364,8
DA:365,8
DA:366,80
DA:367,0
DA:368,0
DA:369,0
DA:370,0
DA:376,8
DA:377,8
DA:379,8
DA:380,8
DA:381,80
DA:382,0
DA:383,0
DA:384,0
DA:389,8
DA:390,0
DA:391,0
DA:392,0
DA:393,0
DA:394,0
DA:402,8
DA:404,8
DA:405,168
DA:406,168
DA:407,168
DA:409,168
DA:410,168
DA:411,16
DA:412,0
DA:413,0
DA:414,0
DA:415,0
DA:418,0
DA:420,0
DA:429,0
DA:430,0
DA:432,0
DA:433,0
DA:434,0
DA:436,0
DA:437,0
DA:444,16
DA:445,8
DA:450,8
DA:455,16
DA:456,16
DA:457,2
DA:461,2
DA:462,2
DA:463,2
DA:464,2
DA:466,0
DA:467,0
DA:471,2
DA:472,10
DA:473,7
DA:478,2
DA:479,1
DA:481,2
DA:483,2
DA:484,2
DA:485,1
DA:487,0
DA:488,0
DA:499,8
DA:500,8
DA:502,8
DA:503,8
DA:504,8
DA:505,8
DA:506,8
DA:509,8
DA:511,8
DA:512,40
DA:513,0
DA:516,0
DA:518,0
DA:519,0
DA:526,16
DA:536,8
DA:537,8
DA:538,8
DA:541,8
DA:542,8
DA:543,8
DA:545,8
DA:546,8
DA:554,8
DA:555,6
DA:556,6
DA:558,6
DA:559,2
DA:562,2
DA:563,10
DA:565,4
DA:567,1
DA:568,5
DA:569,5
DA:570,5
DA:571,5
DA:574,1
DA:575,1
DA:577,3
DA:579,3
DA:580,15
DA:581,15
DA:582,15
DA:583,15
DA:585,3
DA:586,3
DA:596,8
DA:597,8
DA:598,40
DA:599,40
DA:600,0
DA:601,0
DA:605,40
DA:606,2
DA:608,2
DA:609,0
DA:611,2
DA:612,2
DA:613,2
DA:615,0
DA:616,0
DA:617,0
DA:619,0
DA:623,2
DA:624,0
DA:628,2
DA:629,1
DA:631,1
DA:645,7
DA:646,7
DA:647,7
DA:649,7
DA:650,7
DA:651,2
DA:653,5
DA:660,0
DA:665,8
DA:666,8
DA:668,8
DA:669,8
DA:671,8
DA:672,8
DA:673,0
DA:675,0
DA:676,0
DA:678,0
DA:680,0
DA:681,0
DA:684,0
DA:691,0
DA:692,0
DA:693,0
DA:694,0
DA:696,0
DA:697,0
DA:698,0
DA:701,0
DA:702,0
DA:703,0
DA:704,0
DA:707,0
DA:708,0
DA:709,0
DA:712,0
DA:717,8
DA:718,8
DA:720,8
DA:721,8
DA:724,8
DA:725,8
DA:726,8
DA:727,8
DA:728,8
DA:729,8
DA:730,8
DA:731,8
DA:732,8
DA:733,8
DA:734,8
DA:737,8
DA:738,24
DA:739,24
DA:741,24
DA:744,8
DA:745,0
DA:746,0
DA:750,8
DA:752,8
DA:753,0
DA:756,0
DA:757,0
DA:758,0
DA:760,0
DA:761,0
DA:763,0
DA:768,8
DA:769,0
DA:772,0
DA:773,0
DA:774,0
DA:776,0
DA:777,0
DA:779,0
DA:783,8
DA:784,0
DA:785,0
DA:788,0
DA:789,0
DA:790,0
DA:792,0
DA:793,0
DA:795,0
DA:800,8
DA:801,0
DA:802,0
DA:803,0
DA:804,0
DA:805,0
DA:806,0
DA:811,8
DA:812,0
DA:813,0
DA:814,0
DA:815,0
DA:817,0
DA:819,0
DA:820,0
DA:822,0
DA:823,0
DA:824,0
DA:825,0
DA:830,8
DA:831,0
DA:832,0
DA:834,0
DA:835,0
DA:837,0
DA:839,0
DA:840,0
DA:841,0
DA:842,0
DA:843,0
DA:847,8
DA:848,0
DA:849,0
DA:850,0
DA:851,0
DA:852,0
DA:858,0
DA:860,0
DA:861,0
DA:865,0
DA:867,0
DA:869,0
DA:872,0
DA:873,0
DA:876,0
DA:881,0
DA:884,0
DA:885,0
DA:886,0
DA:887,0
DA:891,0
DA:892,0
DA:893,0
DA:895,0
DA:902,0
DA:903,0
DA:904,0
DA:915,0
DA:916,0
DA:918,0
DA:923,0
DA:924,0
DA:925,0
DA:927,0
DA:929,0
DA:930,0
DA:933,0
DA:937,64
DA:938,64
DA:940,0
DA:941,0
DA:943,0
DA:944,0
DA:946,0
DA:947,0
DA:949,0
DA:950,0
DA:951,0
DA:952,0
DA:953,0
DA:954,0
DA:955,0
DA:959,0
DA:960,0
DA:968,0
DA:969,0
DA:976,0
DA:977,0
DA:980,0
DA:981,0
DA:983,0
DA:987,0
DA:988,0
DA:989,0
DA:993,0
DA:997,0
DA:998,0
DA:1003,0
DA:1005,0
DA:1014,0
DA:1015,0
DA:1016,0
DA:1017,0
DA:1018,0
DA:1020,0
DA:1021,0
DA:1022,0
DA:1023,0
DA:1025,0
DA:1026,0
DA:1027,0
DA:1032,0
DA:1033,0
DA:1034,0
DA:1035,0
DA:1036,0
DA:1037,0
DA:1039,0
DA:1040,0
DA:1045,64
DA:1047,64
DA:1048,8
DA:1049,0
DA:1050,0
DA:1051,0
DA:1052,0
DA:1053,0
DA:1054,0
DA:1057,0
DA:1058,0
DA:1060,0
DA:1066,0
DA:1068,0
DA:1069,0
DA:1070,0
DA:1071,0
DA:1075,0
DA:1076,0
DA:1077,0
DA:1078,0
DA:1079,0
DA:1080,0
DA:1082,0
DA:1085,0
DA:1087,0
DA:1088,0
DA:1089,0
DA:1090,0
DA:1093,0
DA:1094,0
DA:1096,0
DA:1099,0
DA:1107,0
DA:1108,0
DA:1110,0
DA:1112,0
DA:1113,0
DA:1115,0
DA:1116,0
DA:1118,0
DA:1121,0
DA:1125,0
DA:1128,0
DA:1130,0
DA:1131,0
DA:1132,0
DA:1136,0
DA:1138,0
DA:1139,0
DA:1140,0
DA:1142,0
DA:1143,0
DA:1146,0
DA:1151,0
DA:1152,0
DA:1157,0
DA:1158,0
DA:1163,0
DA:1164,0
DA:1169,64
DA:1171,64
DA:1173,8
DA:1174,7
DA:1175,7
DA:1176,6
DA:1180,8
DA:1185,0
DA:1186,0
DA:1187,0
DA:1189,0
DA:1196,8
DA:1197,8
DA:1198,8
DA:1202,8
DA:1204,8
DA:1205,8
DA:1209,8
DA:1210,8
DA:1211,8
DA:1216,18
DA:1217,18
DA:1218,18
DA:1222,18
DA:1223,10
DA:1224,10
DA:1228,8
DA:1229,8
DA:1232,18
DA:1233,16
DA:1234,16
DA:1236,2
DA:1237,2
DA:1242,8
DA:1243,8
DA:1246,8
DA:1247,8
DA:1251,8
DA:1252,24
DA:1253,0
DA:1263,8
DA:1265,8
DA:1266,8
DA:1267,8
DA:1268,8
DA:1277,8
DA:1278,8
DA:1281,8
DA:1282,8
DA:1283,8
DA:1287,8
DA:1288,8
DA:1296,8
DA:1297,0
DA:1298,0
DA:1300,0
DA:1301,0
DA:1304,0
DA:1305,0
DA:1307,0
DA:1309,0
DA:1311,0
DA:1312,0
DA:1315,0
DA:1316,0
DA:1319,0
DA:1320,0
DA:1322,0
DA:1324,0
DA:1326,0
DA:1327,0
DA:1330,0
DA:1331,0
DA:1333,0
DA:1334,0
DA:1344,8
DA:1345,8
DA:1346,40
DA:1347,40
DA:1348,0
DA:1349,0
DA:1353,40
DA:1354,0
DA:1355,0
DA:1356,0
DA:1358,0
DA:1359,0
DA:1360,0
DA:1362,0
DA:1363,0
DA:1364,0
DA:1366,0
DA:1370,0
DA:1371,0
DA:1375,0
DA:1376,0
DA:1378,0
DA:1386,0
DA:1387,0
DA:1389,0
DA:1390,0
DA:1391,0
DA:1393,0
DA:1400,8
DA:1401,8
DA:1402,8
DA:1405,8
DA:1409,8
DA:1410,8
DA:1414,8
DA:1415,8
DA:1416,8
DA:1421,8
DA:1422,8
DA:1425,8
DA:1426,8
DA:1430,8
DA:1431,24
DA:1432,0
DA:1439,8
DA:1441,8
DA:1443,8
DA:1445,8
DA:1446,8
DA:1447,0
DA:1449,0
DA:1450,0
DA:1452,0
DA:1454,0
DA:1455,0
DA:1458,0
DA:1465,0
DA:1466,0
DA:1469,0
DA:1470,0
DA:1472,0
DA:1473,0
DA:1474,0
DA:1477,0
DA:1478,0
DA:1481,0
DA:1482,0
DA:1485,0
DA:1486,0
DA:1488,0
DA:1493,0
DA:1494,0
DA:1495,0
DA:1496,0
DA:1498,0
LF:717
LH:318
BRDA:24,0,0,2
BRDA:24,0,1,0
BRDA:32,1,0,0
BRDA:32,1,1,2
BRDA:33,2,0,0
BRDA:33,2,1,0
BRDA:36,3,0,0
BRDA:36,3,1,0
BRDA:57,4,0,8
BRDA:57,4,1,56
BRDA:72,5,0,0
BRDA:72,5,1,0
BRDA:77,6,0,0
BRDA:77,6,1,0
BRDA:78,7,0,0
BRDA:78,7,1,0
BRDA:94,8,0,0
BRDA:94,8,1,0
BRDA:99,9,0,0
BRDA:99,9,1,0
BRDA:106,10,0,0
BRDA:106,10,1,0
BRDA:115,11,0,32
BRDA:115,11,1,48
BRDA:122,12,0,32
BRDA:122,12,1,16
BRDA:128,13,0,0
BRDA:128,13,1,2
BRDA:129,14,0,0
BRDA:129,14,1,0
BRDA:134,15,0,0
BRDA:134,15,1,0
BRDA:134,16,0,0
BRDA:134,16,1,0
BRDA:147,17,0,0
BRDA:147,17,1,0
BRDA:147,18,0,0
BRDA:147,18,1,0
BRDA:163,19,0,8
BRDA:163,19,1,56
BRDA:175,20,0,0
BRDA:175,20,1,2
BRDA:176,21,0,0
BRDA:176,21,1,0
BRDA:188,22,0,0
BRDA:188,22,1,2
BRDA:189,23,0,0
BRDA:189,23,1,0
BRDA:193,24,0,2
BRDA:193,24,1,0
BRDA:196,25,0,2
BRDA:196,25,1,0
BRDA:219,26,0,2
BRDA:219,26,1,2
BRDA:232,27,0,0
BRDA:232,27,1,0
BRDA:247,28,0,12
BRDA:247,28,1,12
BRDA:248,29,0,10
BRDA:248,29,1,2
BRDA:275,30,0,8
BRDA:275,30,1,56
BRDA:281,31,0,8
BRDA:281,31,1,0
BRDA:284,32,0,8
BRDA:284,32,1,0
BRDA:290,33,0,8
BRDA:290,33,1,0
BRDA:300,34,0,8
BRDA:300,34,1,0
BRDA:303,35,0,0
BRDA:303,35,1,0
BRDA:317,36,0,8
BRDA:317,36,1,0
BRDA:326,37,0,8
BRDA:326,37,1,0
BRDA:332,38,0,0
BRDA:332,38,1,0
BRDA:340,39,0,0
BRDA:340,39,1,0
BRDA:353,40,0,0
BRDA:353,40,1,8
BRDA:364,41,0,8
BRDA:364,41,1,0
BRDA:379,42,0,8
BRDA:379,42,1,0
BRDA:389,43,0,0
BRDA:389,43,1,8
BRDA:405,44,0,168
BRDA:405,44,1,0
BRDA:409,45,0,168
BRDA:409,45,1,0
BRDA:412,46,0,0
BRDA:412,46,1,0
BRDA:414,47,0,0
BRDA:414,47,1,0
BRDA:432,48,0,0
BRDA:432,48,1,0
BRDA:444,49,0,8
BRDA:444,49,1,8
BRDA:455,50,0,16
BRDA:455,50,1,0
BRDA:461,51,0,2
BRDA:461,51,1,0
BRDA:472,52,0,7
BRDA:472,52,1,3
BRDA:478,53,0,1
BRDA:478,53,1,1
BRDA:483,54,0,2
BRDA:483,54,1,0
BRDA:484,55,0,1
BRDA:484,55,1,1
BRDA:487,56,0,0
BRDA:487,56,1,0
BRDA:518,57,0,0
BRDA:518,57,1,0
BRDA:526,58,0,8
BRDA:526,58,1,8
BRDA:541,59,0,8
BRDA:541,59,1,0
BRDA:558,60,0,2
BRDA:558,60,1,4
BRDA:565,61,0,1
BRDA:565,61,1,3
BRDA:574,62,0,1
BRDA:574,62,1,0
BRDA:577,63,0,3
BRDA:577,63,1,0
BRDA:599,64,0,0
BRDA:599,64,1,40
BRDA:608,65,0,0
BRDA:608,65,1,2
BRDA:611,66,0,2
BRDA:611,66,1,0
BRDA:615,67,0,0
BRDA:615,67,1,0
BRDA:623,68,0,0
BRDA:623,68,1,2
BRDA:628,69,0,1
BRDA:628,69,1,1
BRDA:649,70,0,7
BRDA:649,70,1,0
BRDA:650,71,0,2
BRDA:650,71,1,5
BRDA:671,72,0,8
BRDA:671,72,1,0
BRDA:697,73,0,0
BRDA:697,73,1,0
BRDA:708,74,0,0
BRDA:708,74,1,0
BRDA:745,75,0,0
BRDA:745,75,1,0
BRDA:750,76,0,8
BRDA:750,76,1,0
BRDA:784,77,0,0
BRDA:784,77,1,0
BRDA:801,78,0,0
BRDA:801,78,1,0
BRDA:814,79,0,0
BRDA:814,79,1,0
BRDA:822,80,0,0
BRDA:822,80,1,0
BRDA:822,81,0,0
BRDA:822,81,1,0
BRDA:834,82,0,0
BRDA:834,82,1,0
BRDA:865,83,0,0
BRDA:865,83,1,0
BRDA:872,84,0,0
BRDA:872,84,1,0
BRDA:887,85,0,0
BRDA:887,85,1,0
BRDA:888,86,0,0
BRDA:888,86,1,0
BRDA:929,87,0,0
BRDA:929,87,1,0
BRDA:944,88,0,0
BRDA:944,88,1,0
BRDA:946,89,0,0
BRDA:946,89,1,0
BRDA:947,90,0,0
BRDA:947,90,1,0
BRDA:951,91,0,0
BRDA:951,91,1,0
BRDA:980,92,0,0
BRDA:980,92,1,0
BRDA:1020,93,0,0
BRDA:1020,93,1,0
BRDA:1035,94,0,0
BRDA:1035,94,1,0
BRDA:1047,95,0,8
BRDA:1047,95,1,56
BRDA:1057,96,0,0
BRDA:1057,96,1,0
BRDA:1069,97,0,0
BRDA:1069,97,1,0
BRDA:1075,98,0,0
BRDA:1075,98,1,0
BRDA:1076,99,0,0
BRDA:1076,99,1,0
BRDA:1093,100,0,0
BRDA:1093,100,1,0
BRDA:1107,101,0,0
BRDA:1107,101,1,0
BRDA:1171,102,0,56
BRDA:1171,102,1,8
BRDA:1186,103,0,0
BRDA:1186,103,1,0
BRDA:1209,104,0,8
BRDA:1209,104,1,0
BRDA:1222,105,0,10
BRDA:1222,105,1,8
BRDA:1232,106,0,16
BRDA:1232,106,1,2
BRDA:1281,107,0,8
BRDA:1281,107,1,0
BRDA:1300,108,0,0
BRDA:1300,108,1,0
BRDA:1307,109,0,0
BRDA:1307,109,1,0
BRDA:1319,110,0,0
BRDA:1319,110,1,0
BRDA:1322,111,0,0
BRDA:1322,111,1,0
BRDA:1347,112,0,0
BRDA:1347,112,1,40
BRDA:1355,113,0,0
BRDA:1355,113,1,0
BRDA:1358,114,0,0
BRDA:1358,114,1,0
BRDA:1362,115,0,0
BRDA:1362,115,1,0
BRDA:1370,116,0,0
BRDA:1370,116,1,0
BRDA:1375,117,0,0
BRDA:1375,117,1,0
BRDA:1389,118,0,0
BRDA:1389,118,1,0
BRDA:1390,119,0,0
BRDA:1390,119,1,0
BRDA:1414,120,0,8
BRDA:1414,120,1,0
BRDA:1445,121,0,8
BRDA:1445,121,1,0
BRDA:1473,122,0,0
BRDA:1473,122,1,0
BRDA:1495,123,0,0
BRDA:1495,123,1,0
BRF:248
BRH:79
end_of_record
TN:
SF:src\js\initFragments.js
FN:3,(anonymous_0)
FN:4,(anonymous_1)
FN:8,(anonymous_2)
FN:12,(anonymous_3)
FN:13,(anonymous_4)
FN:17,(anonymous_5)
FN:20,initHeaderJS
FN:24,(anonymous_7)
FN:28,(anonymous_8)
FN:32,(anonymous_9)
FN:36,(anonymous_10)
FN:40,changeLogoColor
FN:55,(anonymous_12)
FN:77,(anonymous_13)
FN:99,(anonymous_14)
FN:105,(anonymous_15)
FN:140,(anonymous_16)
FN:148,(anonymous_17)
FN:159,(anonymous_18)
FN:167,(anonymous_19)
FN:176,initFooterJS
FNF:21
FNH:19
FNDA:64,(anonymous_0)
FNDA:60,(anonymous_1)
FNDA:0,(anonymous_2)
FNDA:64,(anonymous_3)
FNDA:60,(anonymous_4)
FNDA:0,(anonymous_5)
FNDA:60,initHeaderJS
FNDA:6,(anonymous_7)
FNDA:6,(anonymous_8)
FNDA:6,(anonymous_9)
FNDA:6,(anonymous_10)
FNDA:24,changeLogoColor
FNDA:18,(anonymous_12)
FNDA:54,(anonymous_13)
FNDA:6,(anonymous_14)
FNDA:6,(anonymous_15)
FNDA:18,(anonymous_16)
FNDA:6,(anonymous_17)
FNDA:6,(anonymous_18)
FNDA:6,(anonymous_19)
FNDA:60,initFooterJS
DA:2,64
DA:3,64
DA:5,60
DA:6,60
DA:8,0
DA:11,64
DA:12,64
DA:14,60
DA:15,60
DA:17,0
DA:22,60
DA:23,60
DA:24,60
DA:25,6
DA:28,60
DA:29,6
DA:32,60
DA:33,6
DA:36,60
DA:37,6
DA:41,24
DA:42,24
DA:43,24
DA:44,12
DA:45,12
DA:47,12
DA:48,12
DA:53,60
DA:55,60
DA:56,18
DA:63,60
DA:66,60
DA:67,60
DA:68,60
DA:71,60
DA:72,60
DA:76,60
DA:77,60
DA:78,54
DA:80,24
DA:81,6
DA:83,18
DA:84,18
DA:88,30
DA:89,6
DA:91,24
DA:92,24
DA:98,60
DA:99,60
DA:100,6
DA:104,60
DA:105,60
DA:106,6
DA:114,60
DA:115,60
DA:131,60
DA:132,60
DA:135,60
DA:140,60
DA:141,18
DA:142,6
DA:144,12
DA:148,60
DA:149,6
DA:154,60
DA:155,60
DA:156,60
DA:158,60
DA:159,60
DA:160,6
DA:161,6
DA:162,6
DA:166,60
DA:167,60
DA:168,6
DA:169,6
DA:170,6
DA:177,60
LF:78
LH:76
BRDA:43,0,0,12
BRDA:43,0,1,12
BRDA:76,1,0,60
BRDA:76,1,1,0
BRDA:78,2,0,24
BRDA:78,2,1,30
BRDA:80,3,0,6
BRDA:80,3,1,18
BRDA:88,4,0,6
BRDA:88,4,1,24
BRDA:98,5,0,60
BRDA:98,5,1,0
BRDA:104,6,0,60
BRDA:104,6,1,0
BRDA:141,7,0,6
BRDA:141,7,1,12
BRDA:158,8,0,60
BRDA:158,8,1,0
BRDA:166,9,0,60
BRDA:166,9,1,0
BRF:20
BRH:15
end_of_record
TN:
SF:src\js\main.js
FN:7,(anonymous_0)
FN:12,(anonymous_1)
FN:18,editPersonalInfomation
FN:26,(anonymous_3)
FN:31,(anonymous_4)
FN:37,cancelEditedProfileInfo
FN:50,(anonymous_6)
FN:51,(anonymous_7)
FN:58,(anonymous_8)
FN:59,(anonymous_9)
FN:65,showSeekerDetailInformation
FN:70,hideSeekerDetailInformation
FN:82,(anonymous_12)
FN:90,(anonymous_13)
FN:104,(anonymous_14)
FN:112,(anonymous_15)
FN:126,debounce
FN:127,(anonymous_17)
FN:129,(anonymous_18)
FN:134,detectLanguage
FN:145,fetchCitySuggestions
FN:175,displaySuggestions
FN:185,(anonymous_22)
FN:196,(anonymous_23)
FN:211,(anonymous_24)
FN:218,(anonymous_25)
FNF:26
FNH:26
FNDA:216,(anonymous_0)
FNDA:8,(anonymous_1)
FNDA:8,editPersonalInfomation
FNDA:216,(anonymous_3)
FNDA:8,(anonymous_4)
FNDA:8,cancelEditedProfileInfo
FNDA:18,(anonymous_6)
FNDA:2,(anonymous_7)
FNDA:18,(anonymous_8)
FNDA:1,(anonymous_9)
FNDA:2,showSeekerDetailInformation
FNDA:1,hideSeekerDetailInformation
FNDA:1,(anonymous_12)
FNDA:1,(anonymous_13)
FNDA:1,(anonymous_14)
FNDA:1,(anonymous_15)
FNDA:32,debounce
FNDA:32,(anonymous_17)
FNDA:4,(anonymous_18)
FNDA:3,detectLanguage
FNDA:4,fetchCitySuggestions
FNDA:3,displaySuggestions
FNDA:4,(anonymous_22)
FNDA:1,(anonymous_23)
FNDA:4,(anonymous_24)
FNDA:78,(anonymous_25)
DA:4,64
DA:6,64
DA:7,64
DA:8,216
DA:9,216
DA:12,216
DA:13,8
DA:19,8
DA:20,8
DA:23,64
DA:25,64
DA:26,64
DA:27,216
DA:28,216
DA:31,216
DA:32,8
DA:38,8
DA:39,8
DA:42,64
DA:45,64
DA:49,64
DA:50,64
DA:51,18
DA:52,2
DA:57,64
DA:58,64
DA:59,18
DA:60,1
DA:66,2
DA:68,2
DA:71,1
DA:73,1
DA:77,64
DA:78,64
DA:79,64
DA:81,64
DA:82,18
DA:83,1
DA:84,1
DA:85,1
DA:89,64
DA:90,18
DA:91,1
DA:92,1
DA:93,1
DA:99,64
DA:100,64
DA:101,64
DA:103,64
DA:104,14
DA:105,1
DA:106,1
DA:107,1
DA:111,64
DA:112,14
DA:113,1
DA:114,1
DA:115,1
DA:119,64
DA:120,64
DA:122,64
DA:127,32
DA:128,32
DA:129,32
DA:135,3
DA:136,3
DA:138,3
DA:139,2
DA:141,1
DA:146,4
DA:147,1
DA:148,1
DA:151,3
DA:153,3
DA:154,1
DA:155,1
DA:158,2
DA:159,2
DA:164,2
DA:165,2
DA:167,2
DA:168,2
DA:170,0
DA:176,3
DA:178,3
DA:179,1
DA:180,1
DA:183,2
DA:185,2
DA:187,4
DA:189,4
DA:190,4
DA:192,4
DA:193,4
DA:196,4
DA:197,1
DA:198,1
DA:201,4
DA:204,2
DA:207,64
DA:209,32
DA:212,4
DA:213,4
DA:218,32
DA:219,78
DA:220,78
LF:106
LH:105
BRDA:6,0,0,64
BRDA:6,0,1,0
BRDA:8,1,0,216
BRDA:8,1,1,0
BRDA:25,2,0,64
BRDA:25,2,1,0
BRDA:27,3,0,216
BRDA:27,3,1,0
BRDA:49,4,0,64
BRDA:49,4,1,0
BRDA:57,5,0,64
BRDA:57,5,1,0
BRDA:81,6,0,18
BRDA:81,6,1,46
BRDA:89,7,0,18
BRDA:89,7,1,46
BRDA:103,8,0,14
BRDA:103,8,1,50
BRDA:111,9,0,14
BRDA:111,9,1,50
BRDA:138,10,0,2
BRDA:138,10,1,1
BRDA:141,11,0,0
BRDA:141,11,1,1
BRDA:146,12,0,1
BRDA:146,12,1,3
BRDA:146,13,0,4
BRDA:146,13,1,4
BRDA:153,14,0,1
BRDA:153,14,1,2
BRDA:165,15,0,2
BRDA:165,15,1,0
BRDA:178,16,0,1
BRDA:178,16,1,2
BRDA:187,17,0,4
BRDA:187,17,1,0
BRDA:189,18,0,4
BRDA:189,18,1,0
BRDA:190,19,0,4
BRDA:190,19,1,0
BRDA:207,20,0,32
BRDA:207,20,1,32
BRDA:219,21,0,78
BRDA:219,21,1,0
BRF:44
BRH:32
end_of_record
